[2024-06-27T00:26:01.758+0000] {processor.py:161} INFO - Started process (PID=8049) to work on /opt/airflow/dags/creat_dag_with_python_operator.py
[2024-06-27T00:26:01.759+0000] {processor.py:830} INFO - Processing file /opt/airflow/dags/creat_dag_with_python_operator.py for tasks to queue
[2024-06-27T00:26:01.760+0000] {logging_mixin.py:188} INFO - [2024-06-27T00:26:01.759+0000] {dagbag.py:545} INFO - Filling up the DagBag from /opt/airflow/dags/creat_dag_with_python_operator.py
[2024-06-27T00:26:01.767+0000] {processor.py:840} INFO - DAG(s) 'create_dag_with_python_operator_v06' retrieved from /opt/airflow/dags/creat_dag_with_python_operator.py
[2024-06-27T00:26:01.782+0000] {logging_mixin.py:188} INFO - [2024-06-27T00:26:01.782+0000] {dag.py:3096} INFO - Sync 1 DAGs
[2024-06-27T00:26:01.792+0000] {logging_mixin.py:188} INFO - [2024-06-27T00:26:01.792+0000] {dag.py:3954} INFO - Setting next_dagrun for create_dag_with_python_operator_v06 to 2024-06-27 00:00:00+00:00, run_after=2024-06-28 00:00:00+00:00
[2024-06-27T00:26:01.799+0000] {processor.py:183} INFO - Processing /opt/airflow/dags/creat_dag_with_python_operator.py took 0.044 seconds
[2024-06-27T00:58:55.645+0000] {processor.py:161} INFO - Started process (PID=8067) to work on /opt/airflow/dags/creat_dag_with_python_operator.py
[2024-06-27T00:58:55.646+0000] {processor.py:830} INFO - Processing file /opt/airflow/dags/creat_dag_with_python_operator.py for tasks to queue
[2024-06-27T00:58:55.646+0000] {logging_mixin.py:188} INFO - [2024-06-27T00:58:55.646+0000] {dagbag.py:545} INFO - Filling up the DagBag from /opt/airflow/dags/creat_dag_with_python_operator.py
[2024-06-27T00:58:55.655+0000] {processor.py:840} INFO - DAG(s) 'create_dag_with_python_operator_v06' retrieved from /opt/airflow/dags/creat_dag_with_python_operator.py
[2024-06-27T00:58:55.671+0000] {logging_mixin.py:188} INFO - [2024-06-27T00:58:55.671+0000] {dag.py:3096} INFO - Sync 1 DAGs
[2024-06-27T00:58:55.681+0000] {logging_mixin.py:188} INFO - [2024-06-27T00:58:55.681+0000] {dag.py:3954} INFO - Setting next_dagrun for create_dag_with_python_operator_v06 to 2024-06-27 00:00:00+00:00, run_after=2024-06-28 00:00:00+00:00
[2024-06-27T00:58:55.745+0000] {processor.py:183} INFO - Processing /opt/airflow/dags/creat_dag_with_python_operator.py took 0.104 seconds
[2024-06-27T01:38:05.948+0000] {processor.py:161} INFO - Started process (PID=8083) to work on /opt/airflow/dags/creat_dag_with_python_operator.py
[2024-06-27T01:38:05.949+0000] {processor.py:830} INFO - Processing file /opt/airflow/dags/creat_dag_with_python_operator.py for tasks to queue
[2024-06-27T01:38:05.949+0000] {logging_mixin.py:188} INFO - [2024-06-27T01:38:05.949+0000] {dagbag.py:545} INFO - Filling up the DagBag from /opt/airflow/dags/creat_dag_with_python_operator.py
[2024-06-27T01:38:05.956+0000] {processor.py:840} INFO - DAG(s) 'create_dag_with_python_operator_v06' retrieved from /opt/airflow/dags/creat_dag_with_python_operator.py
[2024-06-27T01:38:05.970+0000] {logging_mixin.py:188} INFO - [2024-06-27T01:38:05.970+0000] {dag.py:3096} INFO - Sync 1 DAGs
[2024-06-27T01:38:05.979+0000] {logging_mixin.py:188} INFO - [2024-06-27T01:38:05.979+0000] {dag.py:3954} INFO - Setting next_dagrun for create_dag_with_python_operator_v06 to 2024-06-27 00:00:00+00:00, run_after=2024-06-28 00:00:00+00:00
[2024-06-27T01:38:05.985+0000] {processor.py:183} INFO - Processing /opt/airflow/dags/creat_dag_with_python_operator.py took 0.041 seconds
[2024-06-27T01:54:00.349+0000] {processor.py:161} INFO - Started process (PID=8099) to work on /opt/airflow/dags/creat_dag_with_python_operator.py
[2024-06-27T01:54:00.349+0000] {processor.py:830} INFO - Processing file /opt/airflow/dags/creat_dag_with_python_operator.py for tasks to queue
[2024-06-27T01:54:00.350+0000] {logging_mixin.py:188} INFO - [2024-06-27T01:54:00.350+0000] {dagbag.py:545} INFO - Filling up the DagBag from /opt/airflow/dags/creat_dag_with_python_operator.py
[2024-06-27T01:54:00.358+0000] {processor.py:840} INFO - DAG(s) 'create_dag_with_python_operator_v06' retrieved from /opt/airflow/dags/creat_dag_with_python_operator.py
[2024-06-27T01:54:00.371+0000] {logging_mixin.py:188} INFO - [2024-06-27T01:54:00.371+0000] {dag.py:3096} INFO - Sync 1 DAGs
[2024-06-27T01:54:00.380+0000] {logging_mixin.py:188} INFO - [2024-06-27T01:54:00.380+0000] {dag.py:3954} INFO - Setting next_dagrun for create_dag_with_python_operator_v06 to 2024-06-27 00:00:00+00:00, run_after=2024-06-28 00:00:00+00:00
[2024-06-27T01:54:00.387+0000] {processor.py:183} INFO - Processing /opt/airflow/dags/creat_dag_with_python_operator.py took 0.042 seconds
[2024-06-27T02:40:50.357+0000] {processor.py:161} INFO - Started process (PID=8115) to work on /opt/airflow/dags/creat_dag_with_python_operator.py
[2024-06-27T02:40:50.358+0000] {processor.py:830} INFO - Processing file /opt/airflow/dags/creat_dag_with_python_operator.py for tasks to queue
[2024-06-27T02:40:50.359+0000] {logging_mixin.py:188} INFO - [2024-06-27T02:40:50.358+0000] {dagbag.py:545} INFO - Filling up the DagBag from /opt/airflow/dags/creat_dag_with_python_operator.py
[2024-06-27T02:40:50.366+0000] {processor.py:840} INFO - DAG(s) 'create_dag_with_python_operator_v06' retrieved from /opt/airflow/dags/creat_dag_with_python_operator.py
[2024-06-27T02:40:50.379+0000] {logging_mixin.py:188} INFO - [2024-06-27T02:40:50.379+0000] {dag.py:3096} INFO - Sync 1 DAGs
[2024-06-27T02:40:50.388+0000] {logging_mixin.py:188} INFO - [2024-06-27T02:40:50.388+0000] {dag.py:3954} INFO - Setting next_dagrun for create_dag_with_python_operator_v06 to 2024-06-27 00:00:00+00:00, run_after=2024-06-28 00:00:00+00:00
[2024-06-27T02:40:50.395+0000] {processor.py:183} INFO - Processing /opt/airflow/dags/creat_dag_with_python_operator.py took 0.041 seconds
[2024-06-27T03:29:44.671+0000] {processor.py:161} INFO - Started process (PID=8131) to work on /opt/airflow/dags/creat_dag_with_python_operator.py
[2024-06-27T03:29:44.671+0000] {processor.py:830} INFO - Processing file /opt/airflow/dags/creat_dag_with_python_operator.py for tasks to queue
[2024-06-27T03:29:44.672+0000] {logging_mixin.py:188} INFO - [2024-06-27T03:29:44.672+0000] {dagbag.py:545} INFO - Filling up the DagBag from /opt/airflow/dags/creat_dag_with_python_operator.py
[2024-06-27T03:29:44.680+0000] {processor.py:840} INFO - DAG(s) 'create_dag_with_python_operator_v06' retrieved from /opt/airflow/dags/creat_dag_with_python_operator.py
[2024-06-27T03:29:44.694+0000] {logging_mixin.py:188} INFO - [2024-06-27T03:29:44.694+0000] {dag.py:3096} INFO - Sync 1 DAGs
[2024-06-27T03:29:44.703+0000] {logging_mixin.py:188} INFO - [2024-06-27T03:29:44.703+0000] {dag.py:3954} INFO - Setting next_dagrun for create_dag_with_python_operator_v06 to 2024-06-27 00:00:00+00:00, run_after=2024-06-28 00:00:00+00:00
[2024-06-27T03:29:44.710+0000] {processor.py:183} INFO - Processing /opt/airflow/dags/creat_dag_with_python_operator.py took 0.043 seconds
[2024-06-27T04:18:10.627+0000] {processor.py:161} INFO - Started process (PID=8147) to work on /opt/airflow/dags/creat_dag_with_python_operator.py
[2024-06-27T04:18:10.627+0000] {processor.py:830} INFO - Processing file /opt/airflow/dags/creat_dag_with_python_operator.py for tasks to queue
[2024-06-27T04:18:10.628+0000] {logging_mixin.py:188} INFO - [2024-06-27T04:18:10.628+0000] {dagbag.py:545} INFO - Filling up the DagBag from /opt/airflow/dags/creat_dag_with_python_operator.py
[2024-06-27T04:18:10.635+0000] {processor.py:840} INFO - DAG(s) 'create_dag_with_python_operator_v06' retrieved from /opt/airflow/dags/creat_dag_with_python_operator.py
[2024-06-27T04:18:10.648+0000] {logging_mixin.py:188} INFO - [2024-06-27T04:18:10.648+0000] {dag.py:3096} INFO - Sync 1 DAGs
[2024-06-27T04:18:10.657+0000] {logging_mixin.py:188} INFO - [2024-06-27T04:18:10.657+0000] {dag.py:3954} INFO - Setting next_dagrun for create_dag_with_python_operator_v06 to 2024-06-27 00:00:00+00:00, run_after=2024-06-28 00:00:00+00:00
[2024-06-27T04:18:10.664+0000] {processor.py:183} INFO - Processing /opt/airflow/dags/creat_dag_with_python_operator.py took 0.041 seconds
[2024-06-27T05:25:52.628+0000] {processor.py:161} INFO - Started process (PID=8163) to work on /opt/airflow/dags/creat_dag_with_python_operator.py
[2024-06-27T05:25:52.629+0000] {processor.py:830} INFO - Processing file /opt/airflow/dags/creat_dag_with_python_operator.py for tasks to queue
[2024-06-27T05:25:52.629+0000] {logging_mixin.py:188} INFO - [2024-06-27T05:25:52.629+0000] {dagbag.py:545} INFO - Filling up the DagBag from /opt/airflow/dags/creat_dag_with_python_operator.py
[2024-06-27T05:25:52.637+0000] {processor.py:840} INFO - DAG(s) 'create_dag_with_python_operator_v06' retrieved from /opt/airflow/dags/creat_dag_with_python_operator.py
[2024-06-27T05:25:52.650+0000] {logging_mixin.py:188} INFO - [2024-06-27T05:25:52.650+0000] {dag.py:3096} INFO - Sync 1 DAGs
[2024-06-27T05:25:52.660+0000] {logging_mixin.py:188} INFO - [2024-06-27T05:25:52.660+0000] {dag.py:3954} INFO - Setting next_dagrun for create_dag_with_python_operator_v06 to 2024-06-27 00:00:00+00:00, run_after=2024-06-28 00:00:00+00:00
[2024-06-27T05:25:52.666+0000] {processor.py:183} INFO - Processing /opt/airflow/dags/creat_dag_with_python_operator.py took 0.042 seconds
[2024-06-27T06:00:33.898+0000] {processor.py:161} INFO - Started process (PID=8179) to work on /opt/airflow/dags/creat_dag_with_python_operator.py
[2024-06-27T06:00:33.898+0000] {processor.py:830} INFO - Processing file /opt/airflow/dags/creat_dag_with_python_operator.py for tasks to queue
[2024-06-27T06:00:33.899+0000] {logging_mixin.py:188} INFO - [2024-06-27T06:00:33.899+0000] {dagbag.py:545} INFO - Filling up the DagBag from /opt/airflow/dags/creat_dag_with_python_operator.py
[2024-06-27T06:00:33.906+0000] {processor.py:840} INFO - DAG(s) 'create_dag_with_python_operator_v06' retrieved from /opt/airflow/dags/creat_dag_with_python_operator.py
[2024-06-27T06:00:33.918+0000] {logging_mixin.py:188} INFO - [2024-06-27T06:00:33.918+0000] {dag.py:3096} INFO - Sync 1 DAGs
[2024-06-27T06:00:33.927+0000] {logging_mixin.py:188} INFO - [2024-06-27T06:00:33.927+0000] {dag.py:3954} INFO - Setting next_dagrun for create_dag_with_python_operator_v06 to 2024-06-27 00:00:00+00:00, run_after=2024-06-28 00:00:00+00:00
[2024-06-27T06:00:33.933+0000] {processor.py:183} INFO - Processing /opt/airflow/dags/creat_dag_with_python_operator.py took 0.039 seconds
[2024-06-27T06:18:49.306+0000] {processor.py:161} INFO - Started process (PID=8194) to work on /opt/airflow/dags/creat_dag_with_python_operator.py
[2024-06-27T06:18:49.306+0000] {processor.py:830} INFO - Processing file /opt/airflow/dags/creat_dag_with_python_operator.py for tasks to queue
[2024-06-27T06:18:49.307+0000] {logging_mixin.py:188} INFO - [2024-06-27T06:18:49.307+0000] {dagbag.py:545} INFO - Filling up the DagBag from /opt/airflow/dags/creat_dag_with_python_operator.py
[2024-06-27T06:18:49.314+0000] {processor.py:840} INFO - DAG(s) 'create_dag_with_python_operator_v06' retrieved from /opt/airflow/dags/creat_dag_with_python_operator.py
[2024-06-27T06:18:49.328+0000] {logging_mixin.py:188} INFO - [2024-06-27T06:18:49.327+0000] {dag.py:3096} INFO - Sync 1 DAGs
[2024-06-27T06:18:49.337+0000] {logging_mixin.py:188} INFO - [2024-06-27T06:18:49.337+0000] {dag.py:3954} INFO - Setting next_dagrun for create_dag_with_python_operator_v06 to 2024-06-27 00:00:00+00:00, run_after=2024-06-28 00:00:00+00:00
[2024-06-27T06:18:49.344+0000] {processor.py:183} INFO - Processing /opt/airflow/dags/creat_dag_with_python_operator.py took 0.042 seconds
[2024-06-27T06:50:38.913+0000] {processor.py:161} INFO - Started process (PID=8210) to work on /opt/airflow/dags/creat_dag_with_python_operator.py
[2024-06-27T06:50:38.913+0000] {processor.py:830} INFO - Processing file /opt/airflow/dags/creat_dag_with_python_operator.py for tasks to queue
[2024-06-27T06:50:38.914+0000] {logging_mixin.py:188} INFO - [2024-06-27T06:50:38.914+0000] {dagbag.py:545} INFO - Filling up the DagBag from /opt/airflow/dags/creat_dag_with_python_operator.py
[2024-06-27T06:50:38.922+0000] {processor.py:840} INFO - DAG(s) 'create_dag_with_python_operator_v06' retrieved from /opt/airflow/dags/creat_dag_with_python_operator.py
[2024-06-27T06:50:38.935+0000] {logging_mixin.py:188} INFO - [2024-06-27T06:50:38.935+0000] {dag.py:3096} INFO - Sync 1 DAGs
[2024-06-27T06:50:38.943+0000] {logging_mixin.py:188} INFO - [2024-06-27T06:50:38.943+0000] {dag.py:3954} INFO - Setting next_dagrun for create_dag_with_python_operator_v06 to 2024-06-27 00:00:00+00:00, run_after=2024-06-28 00:00:00+00:00
[2024-06-27T06:50:38.950+0000] {processor.py:183} INFO - Processing /opt/airflow/dags/creat_dag_with_python_operator.py took 0.040 seconds
[2024-06-27T07:16:15.066+0000] {processor.py:161} INFO - Started process (PID=8226) to work on /opt/airflow/dags/creat_dag_with_python_operator.py
[2024-06-27T07:16:15.067+0000] {processor.py:830} INFO - Processing file /opt/airflow/dags/creat_dag_with_python_operator.py for tasks to queue
[2024-06-27T07:16:15.068+0000] {logging_mixin.py:188} INFO - [2024-06-27T07:16:15.068+0000] {dagbag.py:545} INFO - Filling up the DagBag from /opt/airflow/dags/creat_dag_with_python_operator.py
[2024-06-27T07:16:15.079+0000] {processor.py:840} INFO - DAG(s) 'create_dag_with_python_operator_v06' retrieved from /opt/airflow/dags/creat_dag_with_python_operator.py
[2024-06-27T07:16:15.091+0000] {logging_mixin.py:188} INFO - [2024-06-27T07:16:15.090+0000] {dag.py:3096} INFO - Sync 1 DAGs
[2024-06-27T07:16:15.099+0000] {logging_mixin.py:188} INFO - [2024-06-27T07:16:15.099+0000] {dag.py:3954} INFO - Setting next_dagrun for create_dag_with_python_operator_v06 to 2024-06-27 00:00:00+00:00, run_after=2024-06-28 00:00:00+00:00
[2024-06-27T07:16:15.107+0000] {processor.py:183} INFO - Processing /opt/airflow/dags/creat_dag_with_python_operator.py took 0.045 seconds
[2024-06-27T07:29:18.050+0000] {processor.py:161} INFO - Started process (PID=8242) to work on /opt/airflow/dags/creat_dag_with_python_operator.py
[2024-06-27T07:29:18.051+0000] {processor.py:830} INFO - Processing file /opt/airflow/dags/creat_dag_with_python_operator.py for tasks to queue
[2024-06-27T07:29:18.052+0000] {logging_mixin.py:188} INFO - [2024-06-27T07:29:18.051+0000] {dagbag.py:545} INFO - Filling up the DagBag from /opt/airflow/dags/creat_dag_with_python_operator.py
[2024-06-27T07:29:18.058+0000] {processor.py:840} INFO - DAG(s) 'create_dag_with_python_operator_v06' retrieved from /opt/airflow/dags/creat_dag_with_python_operator.py
[2024-06-27T07:29:18.071+0000] {logging_mixin.py:188} INFO - [2024-06-27T07:29:18.071+0000] {dag.py:3096} INFO - Sync 1 DAGs
[2024-06-27T07:29:18.080+0000] {logging_mixin.py:188} INFO - [2024-06-27T07:29:18.080+0000] {dag.py:3954} INFO - Setting next_dagrun for create_dag_with_python_operator_v06 to 2024-06-27 00:00:00+00:00, run_after=2024-06-28 00:00:00+00:00
[2024-06-27T07:29:18.087+0000] {processor.py:183} INFO - Processing /opt/airflow/dags/creat_dag_with_python_operator.py took 0.041 seconds
[2024-06-27T07:57:44.199+0000] {processor.py:161} INFO - Started process (PID=8258) to work on /opt/airflow/dags/creat_dag_with_python_operator.py
[2024-06-27T07:57:44.200+0000] {processor.py:830} INFO - Processing file /opt/airflow/dags/creat_dag_with_python_operator.py for tasks to queue
[2024-06-27T07:57:44.201+0000] {logging_mixin.py:188} INFO - [2024-06-27T07:57:44.200+0000] {dagbag.py:545} INFO - Filling up the DagBag from /opt/airflow/dags/creat_dag_with_python_operator.py
[2024-06-27T07:57:44.210+0000] {processor.py:840} INFO - DAG(s) 'create_dag_with_python_operator_v06' retrieved from /opt/airflow/dags/creat_dag_with_python_operator.py
[2024-06-27T07:57:44.226+0000] {logging_mixin.py:188} INFO - [2024-06-27T07:57:44.226+0000] {dag.py:3096} INFO - Sync 1 DAGs
[2024-06-27T07:57:44.237+0000] {logging_mixin.py:188} INFO - [2024-06-27T07:57:44.237+0000] {dag.py:3954} INFO - Setting next_dagrun for create_dag_with_python_operator_v06 to 2024-06-27 00:00:00+00:00, run_after=2024-06-28 00:00:00+00:00
[2024-06-27T07:57:44.244+0000] {processor.py:183} INFO - Processing /opt/airflow/dags/creat_dag_with_python_operator.py took 0.049 seconds
[2024-06-27T08:14:37.404+0000] {processor.py:161} INFO - Started process (PID=8274) to work on /opt/airflow/dags/creat_dag_with_python_operator.py
[2024-06-27T08:14:37.405+0000] {processor.py:830} INFO - Processing file /opt/airflow/dags/creat_dag_with_python_operator.py for tasks to queue
[2024-06-27T08:14:37.406+0000] {logging_mixin.py:188} INFO - [2024-06-27T08:14:37.405+0000] {dagbag.py:545} INFO - Filling up the DagBag from /opt/airflow/dags/creat_dag_with_python_operator.py
[2024-06-27T08:14:37.413+0000] {processor.py:840} INFO - DAG(s) 'create_dag_with_python_operator_v06' retrieved from /opt/airflow/dags/creat_dag_with_python_operator.py
[2024-06-27T08:14:37.426+0000] {logging_mixin.py:188} INFO - [2024-06-27T08:14:37.426+0000] {dag.py:3096} INFO - Sync 1 DAGs
[2024-06-27T08:14:37.435+0000] {logging_mixin.py:188} INFO - [2024-06-27T08:14:37.435+0000] {dag.py:3954} INFO - Setting next_dagrun for create_dag_with_python_operator_v06 to 2024-06-27 00:00:00+00:00, run_after=2024-06-28 00:00:00+00:00
[2024-06-27T08:14:37.442+0000] {processor.py:183} INFO - Processing /opt/airflow/dags/creat_dag_with_python_operator.py took 0.041 seconds
[2024-06-27T08:27:17.055+0000] {processor.py:161} INFO - Started process (PID=8290) to work on /opt/airflow/dags/creat_dag_with_python_operator.py
[2024-06-27T08:27:17.055+0000] {processor.py:830} INFO - Processing file /opt/airflow/dags/creat_dag_with_python_operator.py for tasks to queue
[2024-06-27T08:27:17.056+0000] {logging_mixin.py:188} INFO - [2024-06-27T08:27:17.056+0000] {dagbag.py:545} INFO - Filling up the DagBag from /opt/airflow/dags/creat_dag_with_python_operator.py
[2024-06-27T08:27:17.064+0000] {processor.py:840} INFO - DAG(s) 'create_dag_with_python_operator_v06' retrieved from /opt/airflow/dags/creat_dag_with_python_operator.py
[2024-06-27T08:27:17.077+0000] {logging_mixin.py:188} INFO - [2024-06-27T08:27:17.077+0000] {dag.py:3096} INFO - Sync 1 DAGs
[2024-06-27T08:27:17.086+0000] {logging_mixin.py:188} INFO - [2024-06-27T08:27:17.086+0000] {dag.py:3954} INFO - Setting next_dagrun for create_dag_with_python_operator_v06 to 2024-06-27 00:00:00+00:00, run_after=2024-06-28 00:00:00+00:00
[2024-06-27T08:27:17.093+0000] {processor.py:183} INFO - Processing /opt/airflow/dags/creat_dag_with_python_operator.py took 0.042 seconds
[2024-06-27T08:33:58.207+0000] {processor.py:161} INFO - Started process (PID=8306) to work on /opt/airflow/dags/creat_dag_with_python_operator.py
[2024-06-27T08:33:58.208+0000] {processor.py:830} INFO - Processing file /opt/airflow/dags/creat_dag_with_python_operator.py for tasks to queue
[2024-06-27T08:33:58.208+0000] {logging_mixin.py:188} INFO - [2024-06-27T08:33:58.208+0000] {dagbag.py:545} INFO - Filling up the DagBag from /opt/airflow/dags/creat_dag_with_python_operator.py
[2024-06-27T08:33:58.215+0000] {processor.py:840} INFO - DAG(s) 'create_dag_with_python_operator_v06' retrieved from /opt/airflow/dags/creat_dag_with_python_operator.py
[2024-06-27T08:33:58.229+0000] {logging_mixin.py:188} INFO - [2024-06-27T08:33:58.229+0000] {dag.py:3096} INFO - Sync 1 DAGs
[2024-06-27T08:33:58.238+0000] {logging_mixin.py:188} INFO - [2024-06-27T08:33:58.238+0000] {dag.py:3954} INFO - Setting next_dagrun for create_dag_with_python_operator_v06 to 2024-06-27 00:00:00+00:00, run_after=2024-06-28 00:00:00+00:00
[2024-06-27T08:33:58.245+0000] {processor.py:183} INFO - Processing /opt/airflow/dags/creat_dag_with_python_operator.py took 0.041 seconds
[2024-06-27T09:22:04.102+0000] {processor.py:161} INFO - Started process (PID=8322) to work on /opt/airflow/dags/creat_dag_with_python_operator.py
[2024-06-27T09:22:04.103+0000] {processor.py:830} INFO - Processing file /opt/airflow/dags/creat_dag_with_python_operator.py for tasks to queue
[2024-06-27T09:22:04.104+0000] {logging_mixin.py:188} INFO - [2024-06-27T09:22:04.103+0000] {dagbag.py:545} INFO - Filling up the DagBag from /opt/airflow/dags/creat_dag_with_python_operator.py
[2024-06-27T09:22:04.110+0000] {processor.py:840} INFO - DAG(s) 'create_dag_with_python_operator_v06' retrieved from /opt/airflow/dags/creat_dag_with_python_operator.py
[2024-06-27T09:22:04.121+0000] {logging_mixin.py:188} INFO - [2024-06-27T09:22:04.121+0000] {dag.py:3096} INFO - Sync 1 DAGs
[2024-06-27T09:22:04.129+0000] {logging_mixin.py:188} INFO - [2024-06-27T09:22:04.129+0000] {dag.py:3954} INFO - Setting next_dagrun for create_dag_with_python_operator_v06 to 2024-06-27 00:00:00+00:00, run_after=2024-06-28 00:00:00+00:00
[2024-06-27T09:22:04.136+0000] {processor.py:183} INFO - Processing /opt/airflow/dags/creat_dag_with_python_operator.py took 0.036 seconds
[2024-06-27T09:31:12.639+0000] {processor.py:161} INFO - Started process (PID=8338) to work on /opt/airflow/dags/creat_dag_with_python_operator.py
[2024-06-27T09:31:12.640+0000] {processor.py:830} INFO - Processing file /opt/airflow/dags/creat_dag_with_python_operator.py for tasks to queue
[2024-06-27T09:31:12.640+0000] {logging_mixin.py:188} INFO - [2024-06-27T09:31:12.640+0000] {dagbag.py:545} INFO - Filling up the DagBag from /opt/airflow/dags/creat_dag_with_python_operator.py
[2024-06-27T09:31:12.648+0000] {processor.py:840} INFO - DAG(s) 'create_dag_with_python_operator_v06' retrieved from /opt/airflow/dags/creat_dag_with_python_operator.py
[2024-06-27T09:31:12.662+0000] {logging_mixin.py:188} INFO - [2024-06-27T09:31:12.662+0000] {dag.py:3096} INFO - Sync 1 DAGs
[2024-06-27T09:31:12.671+0000] {logging_mixin.py:188} INFO - [2024-06-27T09:31:12.671+0000] {dag.py:3954} INFO - Setting next_dagrun for create_dag_with_python_operator_v06 to 2024-06-27 00:00:00+00:00, run_after=2024-06-28 00:00:00+00:00
[2024-06-27T09:31:12.678+0000] {processor.py:183} INFO - Processing /opt/airflow/dags/creat_dag_with_python_operator.py took 0.043 seconds
[2024-06-27T10:25:03.553+0000] {processor.py:161} INFO - Started process (PID=8354) to work on /opt/airflow/dags/creat_dag_with_python_operator.py
[2024-06-27T10:25:03.553+0000] {processor.py:830} INFO - Processing file /opt/airflow/dags/creat_dag_with_python_operator.py for tasks to queue
[2024-06-27T10:25:03.554+0000] {logging_mixin.py:188} INFO - [2024-06-27T10:25:03.554+0000] {dagbag.py:545} INFO - Filling up the DagBag from /opt/airflow/dags/creat_dag_with_python_operator.py
[2024-06-27T10:25:03.561+0000] {processor.py:840} INFO - DAG(s) 'create_dag_with_python_operator_v06' retrieved from /opt/airflow/dags/creat_dag_with_python_operator.py
[2024-06-27T10:25:03.574+0000] {logging_mixin.py:188} INFO - [2024-06-27T10:25:03.573+0000] {dag.py:3096} INFO - Sync 1 DAGs
[2024-06-27T10:25:03.582+0000] {logging_mixin.py:188} INFO - [2024-06-27T10:25:03.582+0000] {dag.py:3954} INFO - Setting next_dagrun for create_dag_with_python_operator_v06 to 2024-06-27 00:00:00+00:00, run_after=2024-06-28 00:00:00+00:00
[2024-06-27T10:25:03.588+0000] {processor.py:183} INFO - Processing /opt/airflow/dags/creat_dag_with_python_operator.py took 0.038 seconds
[2024-06-27T10:32:14.618+0000] {processor.py:161} INFO - Started process (PID=8370) to work on /opt/airflow/dags/creat_dag_with_python_operator.py
[2024-06-27T10:32:14.619+0000] {processor.py:830} INFO - Processing file /opt/airflow/dags/creat_dag_with_python_operator.py for tasks to queue
[2024-06-27T10:32:14.619+0000] {logging_mixin.py:188} INFO - [2024-06-27T10:32:14.619+0000] {dagbag.py:545} INFO - Filling up the DagBag from /opt/airflow/dags/creat_dag_with_python_operator.py
[2024-06-27T10:32:14.627+0000] {processor.py:840} INFO - DAG(s) 'create_dag_with_python_operator_v06' retrieved from /opt/airflow/dags/creat_dag_with_python_operator.py
[2024-06-27T10:32:14.640+0000] {logging_mixin.py:188} INFO - [2024-06-27T10:32:14.640+0000] {dag.py:3096} INFO - Sync 1 DAGs
[2024-06-27T10:32:14.649+0000] {logging_mixin.py:188} INFO - [2024-06-27T10:32:14.649+0000] {dag.py:3954} INFO - Setting next_dagrun for create_dag_with_python_operator_v06 to 2024-06-27 00:00:00+00:00, run_after=2024-06-28 00:00:00+00:00
[2024-06-27T10:32:14.656+0000] {processor.py:183} INFO - Processing /opt/airflow/dags/creat_dag_with_python_operator.py took 0.042 seconds
[2024-06-27T11:11:01.036+0000] {processor.py:161} INFO - Started process (PID=8386) to work on /opt/airflow/dags/creat_dag_with_python_operator.py
[2024-06-27T11:11:01.037+0000] {processor.py:830} INFO - Processing file /opt/airflow/dags/creat_dag_with_python_operator.py for tasks to queue
[2024-06-27T11:11:01.037+0000] {logging_mixin.py:188} INFO - [2024-06-27T11:11:01.037+0000] {dagbag.py:545} INFO - Filling up the DagBag from /opt/airflow/dags/creat_dag_with_python_operator.py
[2024-06-27T11:11:01.044+0000] {processor.py:840} INFO - DAG(s) 'create_dag_with_python_operator_v06' retrieved from /opt/airflow/dags/creat_dag_with_python_operator.py
[2024-06-27T11:11:01.060+0000] {logging_mixin.py:188} INFO - [2024-06-27T11:11:01.060+0000] {dag.py:3096} INFO - Sync 1 DAGs
[2024-06-27T11:11:01.069+0000] {logging_mixin.py:188} INFO - [2024-06-27T11:11:01.069+0000] {dag.py:3954} INFO - Setting next_dagrun for create_dag_with_python_operator_v06 to 2024-06-27 00:00:00+00:00, run_after=2024-06-28 00:00:00+00:00
[2024-06-27T11:11:01.076+0000] {processor.py:183} INFO - Processing /opt/airflow/dags/creat_dag_with_python_operator.py took 0.044 seconds
[2024-06-27T11:16:16.924+0000] {processor.py:161} INFO - Started process (PID=8402) to work on /opt/airflow/dags/creat_dag_with_python_operator.py
[2024-06-27T11:16:16.924+0000] {processor.py:830} INFO - Processing file /opt/airflow/dags/creat_dag_with_python_operator.py for tasks to queue
[2024-06-27T11:16:16.925+0000] {logging_mixin.py:188} INFO - [2024-06-27T11:16:16.925+0000] {dagbag.py:545} INFO - Filling up the DagBag from /opt/airflow/dags/creat_dag_with_python_operator.py
[2024-06-27T11:16:16.932+0000] {processor.py:840} INFO - DAG(s) 'create_dag_with_python_operator_v06' retrieved from /opt/airflow/dags/creat_dag_with_python_operator.py
[2024-06-27T11:16:16.945+0000] {logging_mixin.py:188} INFO - [2024-06-27T11:16:16.945+0000] {dag.py:3096} INFO - Sync 1 DAGs
[2024-06-27T11:16:16.954+0000] {logging_mixin.py:188} INFO - [2024-06-27T11:16:16.954+0000] {dag.py:3954} INFO - Setting next_dagrun for create_dag_with_python_operator_v06 to 2024-06-27 00:00:00+00:00, run_after=2024-06-28 00:00:00+00:00
[2024-06-27T11:16:17.022+0000] {processor.py:183} INFO - Processing /opt/airflow/dags/creat_dag_with_python_operator.py took 0.101 seconds
[2024-06-27T12:05:56.684+0000] {processor.py:161} INFO - Started process (PID=8418) to work on /opt/airflow/dags/creat_dag_with_python_operator.py
[2024-06-27T12:05:56.685+0000] {processor.py:830} INFO - Processing file /opt/airflow/dags/creat_dag_with_python_operator.py for tasks to queue
[2024-06-27T12:05:56.686+0000] {logging_mixin.py:188} INFO - [2024-06-27T12:05:56.686+0000] {dagbag.py:545} INFO - Filling up the DagBag from /opt/airflow/dags/creat_dag_with_python_operator.py
[2024-06-27T12:05:56.692+0000] {processor.py:840} INFO - DAG(s) 'create_dag_with_python_operator_v06' retrieved from /opt/airflow/dags/creat_dag_with_python_operator.py
[2024-06-27T12:05:56.703+0000] {logging_mixin.py:188} INFO - [2024-06-27T12:05:56.703+0000] {dag.py:3096} INFO - Sync 1 DAGs
[2024-06-27T12:05:56.712+0000] {logging_mixin.py:188} INFO - [2024-06-27T12:05:56.712+0000] {dag.py:3954} INFO - Setting next_dagrun for create_dag_with_python_operator_v06 to 2024-06-27 00:00:00+00:00, run_after=2024-06-28 00:00:00+00:00
[2024-06-27T12:05:56.718+0000] {processor.py:183} INFO - Processing /opt/airflow/dags/creat_dag_with_python_operator.py took 0.037 seconds
[2024-06-27T12:24:44.795+0000] {processor.py:161} INFO - Started process (PID=8434) to work on /opt/airflow/dags/creat_dag_with_python_operator.py
[2024-06-27T12:24:44.795+0000] {processor.py:830} INFO - Processing file /opt/airflow/dags/creat_dag_with_python_operator.py for tasks to queue
[2024-06-27T12:24:44.796+0000] {logging_mixin.py:188} INFO - [2024-06-27T12:24:44.795+0000] {dagbag.py:545} INFO - Filling up the DagBag from /opt/airflow/dags/creat_dag_with_python_operator.py
[2024-06-27T12:24:44.802+0000] {processor.py:840} INFO - DAG(s) 'create_dag_with_python_operator_v06' retrieved from /opt/airflow/dags/creat_dag_with_python_operator.py
[2024-06-27T12:24:44.815+0000] {logging_mixin.py:188} INFO - [2024-06-27T12:24:44.815+0000] {dag.py:3096} INFO - Sync 1 DAGs
[2024-06-27T12:24:44.824+0000] {logging_mixin.py:188} INFO - [2024-06-27T12:24:44.824+0000] {dag.py:3954} INFO - Setting next_dagrun for create_dag_with_python_operator_v06 to 2024-06-27 00:00:00+00:00, run_after=2024-06-28 00:00:00+00:00
[2024-06-27T12:24:44.830+0000] {processor.py:183} INFO - Processing /opt/airflow/dags/creat_dag_with_python_operator.py took 0.039 seconds
[2024-06-27T13:06:07.726+0000] {processor.py:161} INFO - Started process (PID=8450) to work on /opt/airflow/dags/creat_dag_with_python_operator.py
[2024-06-27T13:06:07.726+0000] {processor.py:830} INFO - Processing file /opt/airflow/dags/creat_dag_with_python_operator.py for tasks to queue
[2024-06-27T13:06:07.727+0000] {logging_mixin.py:188} INFO - [2024-06-27T13:06:07.727+0000] {dagbag.py:545} INFO - Filling up the DagBag from /opt/airflow/dags/creat_dag_with_python_operator.py
[2024-06-27T13:06:07.734+0000] {processor.py:840} INFO - DAG(s) 'create_dag_with_python_operator_v06' retrieved from /opt/airflow/dags/creat_dag_with_python_operator.py
[2024-06-27T13:06:07.750+0000] {logging_mixin.py:188} INFO - [2024-06-27T13:06:07.749+0000] {dag.py:3096} INFO - Sync 1 DAGs
[2024-06-27T13:06:07.759+0000] {logging_mixin.py:188} INFO - [2024-06-27T13:06:07.759+0000] {dag.py:3954} INFO - Setting next_dagrun for create_dag_with_python_operator_v06 to 2024-06-27 00:00:00+00:00, run_after=2024-06-28 00:00:00+00:00
[2024-06-27T13:06:07.766+0000] {processor.py:183} INFO - Processing /opt/airflow/dags/creat_dag_with_python_operator.py took 0.043 seconds
[2024-06-27T13:53:11.666+0000] {processor.py:161} INFO - Started process (PID=8466) to work on /opt/airflow/dags/creat_dag_with_python_operator.py
[2024-06-27T13:53:11.667+0000] {processor.py:830} INFO - Processing file /opt/airflow/dags/creat_dag_with_python_operator.py for tasks to queue
[2024-06-27T13:53:11.668+0000] {logging_mixin.py:188} INFO - [2024-06-27T13:53:11.667+0000] {dagbag.py:545} INFO - Filling up the DagBag from /opt/airflow/dags/creat_dag_with_python_operator.py
[2024-06-27T13:53:11.675+0000] {processor.py:840} INFO - DAG(s) 'create_dag_with_python_operator_v06' retrieved from /opt/airflow/dags/creat_dag_with_python_operator.py
[2024-06-27T13:53:11.691+0000] {logging_mixin.py:188} INFO - [2024-06-27T13:53:11.690+0000] {dag.py:3096} INFO - Sync 1 DAGs
[2024-06-27T13:53:11.701+0000] {logging_mixin.py:188} INFO - [2024-06-27T13:53:11.701+0000] {dag.py:3954} INFO - Setting next_dagrun for create_dag_with_python_operator_v06 to 2024-06-27 00:00:00+00:00, run_after=2024-06-28 00:00:00+00:00
[2024-06-27T13:53:11.709+0000] {processor.py:183} INFO - Processing /opt/airflow/dags/creat_dag_with_python_operator.py took 0.046 seconds
[2024-06-27T14:27:02.991+0000] {processor.py:161} INFO - Started process (PID=8482) to work on /opt/airflow/dags/creat_dag_with_python_operator.py
[2024-06-27T14:27:02.992+0000] {processor.py:830} INFO - Processing file /opt/airflow/dags/creat_dag_with_python_operator.py for tasks to queue
[2024-06-27T14:27:02.993+0000] {logging_mixin.py:188} INFO - [2024-06-27T14:27:02.992+0000] {dagbag.py:545} INFO - Filling up the DagBag from /opt/airflow/dags/creat_dag_with_python_operator.py
[2024-06-27T14:27:03.001+0000] {processor.py:840} INFO - DAG(s) 'create_dag_with_python_operator_v06' retrieved from /opt/airflow/dags/creat_dag_with_python_operator.py
[2024-06-27T14:27:03.015+0000] {logging_mixin.py:188} INFO - [2024-06-27T14:27:03.015+0000] {dag.py:3096} INFO - Sync 1 DAGs
[2024-06-27T14:27:03.025+0000] {logging_mixin.py:188} INFO - [2024-06-27T14:27:03.025+0000] {dag.py:3954} INFO - Setting next_dagrun for create_dag_with_python_operator_v06 to 2024-06-27 00:00:00+00:00, run_after=2024-06-28 00:00:00+00:00
[2024-06-27T14:27:03.091+0000] {processor.py:183} INFO - Processing /opt/airflow/dags/creat_dag_with_python_operator.py took 0.104 seconds
[2024-06-27T14:57:43.646+0000] {processor.py:161} INFO - Started process (PID=8498) to work on /opt/airflow/dags/creat_dag_with_python_operator.py
[2024-06-27T14:57:43.646+0000] {processor.py:830} INFO - Processing file /opt/airflow/dags/creat_dag_with_python_operator.py for tasks to queue
[2024-06-27T14:57:43.647+0000] {logging_mixin.py:188} INFO - [2024-06-27T14:57:43.647+0000] {dagbag.py:545} INFO - Filling up the DagBag from /opt/airflow/dags/creat_dag_with_python_operator.py
[2024-06-27T14:57:43.654+0000] {processor.py:840} INFO - DAG(s) 'create_dag_with_python_operator_v06' retrieved from /opt/airflow/dags/creat_dag_with_python_operator.py
[2024-06-27T14:57:43.667+0000] {logging_mixin.py:188} INFO - [2024-06-27T14:57:43.667+0000] {dag.py:3096} INFO - Sync 1 DAGs
[2024-06-27T14:57:43.676+0000] {logging_mixin.py:188} INFO - [2024-06-27T14:57:43.676+0000] {dag.py:3954} INFO - Setting next_dagrun for create_dag_with_python_operator_v06 to 2024-06-27 00:00:00+00:00, run_after=2024-06-28 00:00:00+00:00
[2024-06-27T14:57:43.683+0000] {processor.py:183} INFO - Processing /opt/airflow/dags/creat_dag_with_python_operator.py took 0.041 seconds
[2024-06-27T15:25:21.151+0000] {processor.py:161} INFO - Started process (PID=8514) to work on /opt/airflow/dags/creat_dag_with_python_operator.py
[2024-06-27T15:25:21.152+0000] {processor.py:830} INFO - Processing file /opt/airflow/dags/creat_dag_with_python_operator.py for tasks to queue
[2024-06-27T15:25:21.153+0000] {logging_mixin.py:188} INFO - [2024-06-27T15:25:21.152+0000] {dagbag.py:545} INFO - Filling up the DagBag from /opt/airflow/dags/creat_dag_with_python_operator.py
[2024-06-27T15:25:21.160+0000] {processor.py:840} INFO - DAG(s) 'create_dag_with_python_operator_v06' retrieved from /opt/airflow/dags/creat_dag_with_python_operator.py
[2024-06-27T15:25:21.173+0000] {logging_mixin.py:188} INFO - [2024-06-27T15:25:21.173+0000] {dag.py:3096} INFO - Sync 1 DAGs
[2024-06-27T15:25:21.183+0000] {logging_mixin.py:188} INFO - [2024-06-27T15:25:21.183+0000] {dag.py:3954} INFO - Setting next_dagrun for create_dag_with_python_operator_v06 to 2024-06-27 00:00:00+00:00, run_after=2024-06-28 00:00:00+00:00
[2024-06-27T15:25:21.189+0000] {processor.py:183} INFO - Processing /opt/airflow/dags/creat_dag_with_python_operator.py took 0.042 seconds
[2024-06-27T16:26:13.937+0000] {processor.py:161} INFO - Started process (PID=8530) to work on /opt/airflow/dags/creat_dag_with_python_operator.py
[2024-06-27T16:26:13.938+0000] {processor.py:830} INFO - Processing file /opt/airflow/dags/creat_dag_with_python_operator.py for tasks to queue
[2024-06-27T16:26:13.938+0000] {logging_mixin.py:188} INFO - [2024-06-27T16:26:13.938+0000] {dagbag.py:545} INFO - Filling up the DagBag from /opt/airflow/dags/creat_dag_with_python_operator.py
[2024-06-27T16:26:13.945+0000] {processor.py:840} INFO - DAG(s) 'create_dag_with_python_operator_v06' retrieved from /opt/airflow/dags/creat_dag_with_python_operator.py
[2024-06-27T16:26:13.958+0000] {logging_mixin.py:188} INFO - [2024-06-27T16:26:13.958+0000] {dag.py:3096} INFO - Sync 1 DAGs
[2024-06-27T16:26:13.966+0000] {logging_mixin.py:188} INFO - [2024-06-27T16:26:13.966+0000] {dag.py:3954} INFO - Setting next_dagrun for create_dag_with_python_operator_v06 to 2024-06-27 00:00:00+00:00, run_after=2024-06-28 00:00:00+00:00
[2024-06-27T16:26:13.973+0000] {processor.py:183} INFO - Processing /opt/airflow/dags/creat_dag_with_python_operator.py took 0.039 seconds
[2024-06-27T16:48:38.861+0000] {processor.py:161} INFO - Started process (PID=8546) to work on /opt/airflow/dags/creat_dag_with_python_operator.py
[2024-06-27T16:48:38.861+0000] {processor.py:830} INFO - Processing file /opt/airflow/dags/creat_dag_with_python_operator.py for tasks to queue
[2024-06-27T16:48:38.862+0000] {logging_mixin.py:188} INFO - [2024-06-27T16:48:38.862+0000] {dagbag.py:545} INFO - Filling up the DagBag from /opt/airflow/dags/creat_dag_with_python_operator.py
[2024-06-27T16:48:38.870+0000] {processor.py:840} INFO - DAG(s) 'create_dag_with_python_operator_v06' retrieved from /opt/airflow/dags/creat_dag_with_python_operator.py
[2024-06-27T16:48:38.883+0000] {logging_mixin.py:188} INFO - [2024-06-27T16:48:38.883+0000] {dag.py:3096} INFO - Sync 1 DAGs
[2024-06-27T16:48:38.892+0000] {logging_mixin.py:188} INFO - [2024-06-27T16:48:38.892+0000] {dag.py:3954} INFO - Setting next_dagrun for create_dag_with_python_operator_v06 to 2024-06-27 00:00:00+00:00, run_after=2024-06-28 00:00:00+00:00
[2024-06-27T16:48:38.898+0000] {processor.py:183} INFO - Processing /opt/airflow/dags/creat_dag_with_python_operator.py took 0.042 seconds
[2024-06-27T17:38:04.555+0000] {processor.py:161} INFO - Started process (PID=8562) to work on /opt/airflow/dags/creat_dag_with_python_operator.py
[2024-06-27T17:38:04.556+0000] {processor.py:830} INFO - Processing file /opt/airflow/dags/creat_dag_with_python_operator.py for tasks to queue
[2024-06-27T17:38:04.557+0000] {logging_mixin.py:188} INFO - [2024-06-27T17:38:04.556+0000] {dagbag.py:545} INFO - Filling up the DagBag from /opt/airflow/dags/creat_dag_with_python_operator.py
[2024-06-27T17:38:04.565+0000] {processor.py:840} INFO - DAG(s) 'create_dag_with_python_operator_v06' retrieved from /opt/airflow/dags/creat_dag_with_python_operator.py
[2024-06-27T17:38:04.582+0000] {logging_mixin.py:188} INFO - [2024-06-27T17:38:04.582+0000] {dag.py:3096} INFO - Sync 1 DAGs
[2024-06-27T17:38:04.594+0000] {logging_mixin.py:188} INFO - [2024-06-27T17:38:04.594+0000] {dag.py:3954} INFO - Setting next_dagrun for create_dag_with_python_operator_v06 to 2024-06-27 00:00:00+00:00, run_after=2024-06-28 00:00:00+00:00
[2024-06-27T17:38:04.651+0000] {processor.py:183} INFO - Processing /opt/airflow/dags/creat_dag_with_python_operator.py took 0.100 seconds
[2024-06-27T18:20:50.664+0000] {processor.py:161} INFO - Started process (PID=8578) to work on /opt/airflow/dags/creat_dag_with_python_operator.py
[2024-06-27T18:20:50.665+0000] {processor.py:830} INFO - Processing file /opt/airflow/dags/creat_dag_with_python_operator.py for tasks to queue
[2024-06-27T18:20:50.665+0000] {logging_mixin.py:188} INFO - [2024-06-27T18:20:50.665+0000] {dagbag.py:545} INFO - Filling up the DagBag from /opt/airflow/dags/creat_dag_with_python_operator.py
[2024-06-27T18:20:50.672+0000] {processor.py:840} INFO - DAG(s) 'create_dag_with_python_operator_v06' retrieved from /opt/airflow/dags/creat_dag_with_python_operator.py
[2024-06-27T18:20:50.685+0000] {logging_mixin.py:188} INFO - [2024-06-27T18:20:50.685+0000] {dag.py:3096} INFO - Sync 1 DAGs
[2024-06-27T18:20:50.694+0000] {logging_mixin.py:188} INFO - [2024-06-27T18:20:50.694+0000] {dag.py:3954} INFO - Setting next_dagrun for create_dag_with_python_operator_v06 to 2024-06-27 00:00:00+00:00, run_after=2024-06-28 00:00:00+00:00
[2024-06-27T18:20:50.701+0000] {processor.py:183} INFO - Processing /opt/airflow/dags/creat_dag_with_python_operator.py took 0.040 seconds
[2024-06-27T18:40:14.965+0000] {processor.py:161} INFO - Started process (PID=8594) to work on /opt/airflow/dags/creat_dag_with_python_operator.py
[2024-06-27T18:40:14.966+0000] {processor.py:830} INFO - Processing file /opt/airflow/dags/creat_dag_with_python_operator.py for tasks to queue
[2024-06-27T18:40:14.967+0000] {logging_mixin.py:188} INFO - [2024-06-27T18:40:14.966+0000] {dagbag.py:545} INFO - Filling up the DagBag from /opt/airflow/dags/creat_dag_with_python_operator.py
[2024-06-27T18:40:14.974+0000] {processor.py:840} INFO - DAG(s) 'create_dag_with_python_operator_v06' retrieved from /opt/airflow/dags/creat_dag_with_python_operator.py
[2024-06-27T18:40:14.988+0000] {logging_mixin.py:188} INFO - [2024-06-27T18:40:14.988+0000] {dag.py:3096} INFO - Sync 1 DAGs
[2024-06-27T18:40:14.997+0000] {logging_mixin.py:188} INFO - [2024-06-27T18:40:14.997+0000] {dag.py:3954} INFO - Setting next_dagrun for create_dag_with_python_operator_v06 to 2024-06-27 00:00:00+00:00, run_after=2024-06-28 00:00:00+00:00
[2024-06-27T18:40:15.004+0000] {processor.py:183} INFO - Processing /opt/airflow/dags/creat_dag_with_python_operator.py took 0.042 seconds
[2024-06-27T18:52:24.080+0000] {processor.py:161} INFO - Started process (PID=8610) to work on /opt/airflow/dags/creat_dag_with_python_operator.py
[2024-06-27T18:52:24.081+0000] {processor.py:830} INFO - Processing file /opt/airflow/dags/creat_dag_with_python_operator.py for tasks to queue
[2024-06-27T18:52:24.082+0000] {logging_mixin.py:188} INFO - [2024-06-27T18:52:24.082+0000] {dagbag.py:545} INFO - Filling up the DagBag from /opt/airflow/dags/creat_dag_with_python_operator.py
[2024-06-27T18:52:24.091+0000] {processor.py:840} INFO - DAG(s) 'create_dag_with_python_operator_v06' retrieved from /opt/airflow/dags/creat_dag_with_python_operator.py
[2024-06-27T18:52:24.106+0000] {logging_mixin.py:188} INFO - [2024-06-27T18:52:24.105+0000] {dag.py:3096} INFO - Sync 1 DAGs
[2024-06-27T18:52:24.116+0000] {logging_mixin.py:188} INFO - [2024-06-27T18:52:24.115+0000] {dag.py:3954} INFO - Setting next_dagrun for create_dag_with_python_operator_v06 to 2024-06-27 00:00:00+00:00, run_after=2024-06-28 00:00:00+00:00
[2024-06-27T18:52:24.178+0000] {processor.py:183} INFO - Processing /opt/airflow/dags/creat_dag_with_python_operator.py took 0.101 seconds
[2024-06-27T19:18:48.294+0000] {processor.py:161} INFO - Started process (PID=8626) to work on /opt/airflow/dags/creat_dag_with_python_operator.py
[2024-06-27T19:18:48.294+0000] {processor.py:830} INFO - Processing file /opt/airflow/dags/creat_dag_with_python_operator.py for tasks to queue
[2024-06-27T19:18:48.295+0000] {logging_mixin.py:188} INFO - [2024-06-27T19:18:48.295+0000] {dagbag.py:545} INFO - Filling up the DagBag from /opt/airflow/dags/creat_dag_with_python_operator.py
[2024-06-27T19:18:48.302+0000] {processor.py:840} INFO - DAG(s) 'create_dag_with_python_operator_v06' retrieved from /opt/airflow/dags/creat_dag_with_python_operator.py
[2024-06-27T19:18:48.315+0000] {logging_mixin.py:188} INFO - [2024-06-27T19:18:48.315+0000] {dag.py:3096} INFO - Sync 1 DAGs
[2024-06-27T19:18:48.324+0000] {logging_mixin.py:188} INFO - [2024-06-27T19:18:48.324+0000] {dag.py:3954} INFO - Setting next_dagrun for create_dag_with_python_operator_v06 to 2024-06-27 00:00:00+00:00, run_after=2024-06-28 00:00:00+00:00
[2024-06-27T19:18:48.331+0000] {processor.py:183} INFO - Processing /opt/airflow/dags/creat_dag_with_python_operator.py took 0.041 seconds
[2024-06-27T19:57:54.771+0000] {processor.py:161} INFO - Started process (PID=8642) to work on /opt/airflow/dags/creat_dag_with_python_operator.py
[2024-06-27T19:57:54.771+0000] {processor.py:830} INFO - Processing file /opt/airflow/dags/creat_dag_with_python_operator.py for tasks to queue
[2024-06-27T19:57:54.773+0000] {logging_mixin.py:188} INFO - [2024-06-27T19:57:54.772+0000] {dagbag.py:545} INFO - Filling up the DagBag from /opt/airflow/dags/creat_dag_with_python_operator.py
[2024-06-27T19:57:54.780+0000] {processor.py:840} INFO - DAG(s) 'create_dag_with_python_operator_v06' retrieved from /opt/airflow/dags/creat_dag_with_python_operator.py
[2024-06-27T19:57:54.794+0000] {logging_mixin.py:188} INFO - [2024-06-27T19:57:54.794+0000] {dag.py:3096} INFO - Sync 1 DAGs
[2024-06-27T19:57:54.803+0000] {logging_mixin.py:188} INFO - [2024-06-27T19:57:54.803+0000] {dag.py:3954} INFO - Setting next_dagrun for create_dag_with_python_operator_v06 to 2024-06-27 00:00:00+00:00, run_after=2024-06-28 00:00:00+00:00
[2024-06-27T19:57:54.810+0000] {processor.py:183} INFO - Processing /opt/airflow/dags/creat_dag_with_python_operator.py took 0.043 seconds
[2024-06-27T20:08:54.683+0000] {processor.py:161} INFO - Started process (PID=8658) to work on /opt/airflow/dags/creat_dag_with_python_operator.py
[2024-06-27T20:08:54.684+0000] {processor.py:830} INFO - Processing file /opt/airflow/dags/creat_dag_with_python_operator.py for tasks to queue
[2024-06-27T20:08:54.684+0000] {logging_mixin.py:188} INFO - [2024-06-27T20:08:54.684+0000] {dagbag.py:545} INFO - Filling up the DagBag from /opt/airflow/dags/creat_dag_with_python_operator.py
[2024-06-27T20:08:54.692+0000] {processor.py:840} INFO - DAG(s) 'create_dag_with_python_operator_v06' retrieved from /opt/airflow/dags/creat_dag_with_python_operator.py
[2024-06-27T20:08:54.705+0000] {logging_mixin.py:188} INFO - [2024-06-27T20:08:54.705+0000] {dag.py:3096} INFO - Sync 1 DAGs
[2024-06-27T20:08:54.714+0000] {logging_mixin.py:188} INFO - [2024-06-27T20:08:54.714+0000] {dag.py:3954} INFO - Setting next_dagrun for create_dag_with_python_operator_v06 to 2024-06-27 00:00:00+00:00, run_after=2024-06-28 00:00:00+00:00
[2024-06-27T20:08:54.720+0000] {processor.py:183} INFO - Processing /opt/airflow/dags/creat_dag_with_python_operator.py took 0.041 seconds
[2024-06-27T20:27:35.101+0000] {processor.py:161} INFO - Started process (PID=8674) to work on /opt/airflow/dags/creat_dag_with_python_operator.py
[2024-06-27T20:27:35.101+0000] {processor.py:830} INFO - Processing file /opt/airflow/dags/creat_dag_with_python_operator.py for tasks to queue
[2024-06-27T20:27:35.102+0000] {logging_mixin.py:188} INFO - [2024-06-27T20:27:35.102+0000] {dagbag.py:545} INFO - Filling up the DagBag from /opt/airflow/dags/creat_dag_with_python_operator.py
[2024-06-27T20:27:35.109+0000] {processor.py:840} INFO - DAG(s) 'create_dag_with_python_operator_v06' retrieved from /opt/airflow/dags/creat_dag_with_python_operator.py
[2024-06-27T20:27:35.122+0000] {logging_mixin.py:188} INFO - [2024-06-27T20:27:35.122+0000] {dag.py:3096} INFO - Sync 1 DAGs
[2024-06-27T20:27:35.131+0000] {logging_mixin.py:188} INFO - [2024-06-27T20:27:35.131+0000] {dag.py:3954} INFO - Setting next_dagrun for create_dag_with_python_operator_v06 to 2024-06-27 00:00:00+00:00, run_after=2024-06-28 00:00:00+00:00
[2024-06-27T20:27:35.138+0000] {processor.py:183} INFO - Processing /opt/airflow/dags/creat_dag_with_python_operator.py took 0.042 seconds
[2024-06-27T21:00:01.986+0000] {processor.py:161} INFO - Started process (PID=8690) to work on /opt/airflow/dags/creat_dag_with_python_operator.py
[2024-06-27T21:00:01.987+0000] {processor.py:830} INFO - Processing file /opt/airflow/dags/creat_dag_with_python_operator.py for tasks to queue
[2024-06-27T21:00:01.987+0000] {logging_mixin.py:188} INFO - [2024-06-27T21:00:01.987+0000] {dagbag.py:545} INFO - Filling up the DagBag from /opt/airflow/dags/creat_dag_with_python_operator.py
[2024-06-27T21:00:01.995+0000] {processor.py:840} INFO - DAG(s) 'create_dag_with_python_operator_v06' retrieved from /opt/airflow/dags/creat_dag_with_python_operator.py
[2024-06-27T21:00:02.010+0000] {logging_mixin.py:188} INFO - [2024-06-27T21:00:02.009+0000] {dag.py:3096} INFO - Sync 1 DAGs
[2024-06-27T21:00:02.020+0000] {logging_mixin.py:188} INFO - [2024-06-27T21:00:02.019+0000] {dag.py:3954} INFO - Setting next_dagrun for create_dag_with_python_operator_v06 to 2024-06-27 00:00:00+00:00, run_after=2024-06-28 00:00:00+00:00
[2024-06-27T21:00:02.026+0000] {processor.py:183} INFO - Processing /opt/airflow/dags/creat_dag_with_python_operator.py took 0.043 seconds
[2024-06-27T21:18:11.386+0000] {processor.py:161} INFO - Started process (PID=8706) to work on /opt/airflow/dags/creat_dag_with_python_operator.py
[2024-06-27T21:18:11.387+0000] {processor.py:830} INFO - Processing file /opt/airflow/dags/creat_dag_with_python_operator.py for tasks to queue
[2024-06-27T21:18:11.387+0000] {logging_mixin.py:188} INFO - [2024-06-27T21:18:11.387+0000] {dagbag.py:545} INFO - Filling up the DagBag from /opt/airflow/dags/creat_dag_with_python_operator.py
[2024-06-27T21:18:11.394+0000] {processor.py:840} INFO - DAG(s) 'create_dag_with_python_operator_v06' retrieved from /opt/airflow/dags/creat_dag_with_python_operator.py
[2024-06-27T21:18:11.408+0000] {logging_mixin.py:188} INFO - [2024-06-27T21:18:11.408+0000] {dag.py:3096} INFO - Sync 1 DAGs
[2024-06-27T21:18:11.417+0000] {logging_mixin.py:188} INFO - [2024-06-27T21:18:11.417+0000] {dag.py:3954} INFO - Setting next_dagrun for create_dag_with_python_operator_v06 to 2024-06-27 00:00:00+00:00, run_after=2024-06-28 00:00:00+00:00
[2024-06-27T21:18:11.423+0000] {processor.py:183} INFO - Processing /opt/airflow/dags/creat_dag_with_python_operator.py took 0.041 seconds
[2024-06-27T21:43:16.339+0000] {processor.py:161} INFO - Started process (PID=8722) to work on /opt/airflow/dags/creat_dag_with_python_operator.py
[2024-06-27T21:43:16.340+0000] {processor.py:830} INFO - Processing file /opt/airflow/dags/creat_dag_with_python_operator.py for tasks to queue
[2024-06-27T21:43:16.341+0000] {logging_mixin.py:188} INFO - [2024-06-27T21:43:16.341+0000] {dagbag.py:545} INFO - Filling up the DagBag from /opt/airflow/dags/creat_dag_with_python_operator.py
[2024-06-27T21:43:16.349+0000] {processor.py:840} INFO - DAG(s) 'create_dag_with_python_operator_v06' retrieved from /opt/airflow/dags/creat_dag_with_python_operator.py
[2024-06-27T21:43:16.365+0000] {logging_mixin.py:188} INFO - [2024-06-27T21:43:16.365+0000] {dag.py:3096} INFO - Sync 1 DAGs
[2024-06-27T21:43:16.376+0000] {logging_mixin.py:188} INFO - [2024-06-27T21:43:16.376+0000] {dag.py:3954} INFO - Setting next_dagrun for create_dag_with_python_operator_v06 to 2024-06-27 00:00:00+00:00, run_after=2024-06-28 00:00:00+00:00
[2024-06-27T21:43:16.431+0000] {processor.py:183} INFO - Processing /opt/airflow/dags/creat_dag_with_python_operator.py took 0.096 seconds
[2024-06-27T22:07:37.376+0000] {processor.py:161} INFO - Started process (PID=8738) to work on /opt/airflow/dags/creat_dag_with_python_operator.py
[2024-06-27T22:07:37.377+0000] {processor.py:830} INFO - Processing file /opt/airflow/dags/creat_dag_with_python_operator.py for tasks to queue
[2024-06-27T22:07:37.377+0000] {logging_mixin.py:188} INFO - [2024-06-27T22:07:37.377+0000] {dagbag.py:545} INFO - Filling up the DagBag from /opt/airflow/dags/creat_dag_with_python_operator.py
[2024-06-27T22:07:37.385+0000] {processor.py:840} INFO - DAG(s) 'create_dag_with_python_operator_v06' retrieved from /opt/airflow/dags/creat_dag_with_python_operator.py
[2024-06-27T22:07:37.399+0000] {logging_mixin.py:188} INFO - [2024-06-27T22:07:37.399+0000] {dag.py:3096} INFO - Sync 1 DAGs
[2024-06-27T22:07:37.409+0000] {logging_mixin.py:188} INFO - [2024-06-27T22:07:37.409+0000] {dag.py:3954} INFO - Setting next_dagrun for create_dag_with_python_operator_v06 to 2024-06-27 00:00:00+00:00, run_after=2024-06-28 00:00:00+00:00
[2024-06-27T22:07:37.415+0000] {processor.py:183} INFO - Processing /opt/airflow/dags/creat_dag_with_python_operator.py took 0.042 seconds
[2024-06-27T22:08:39.054+0000] {processor.py:161} INFO - Started process (PID=8754) to work on /opt/airflow/dags/creat_dag_with_python_operator.py
[2024-06-27T22:08:39.055+0000] {processor.py:830} INFO - Processing file /opt/airflow/dags/creat_dag_with_python_operator.py for tasks to queue
[2024-06-27T22:08:39.055+0000] {logging_mixin.py:188} INFO - [2024-06-27T22:08:39.055+0000] {dagbag.py:545} INFO - Filling up the DagBag from /opt/airflow/dags/creat_dag_with_python_operator.py
[2024-06-27T22:08:39.062+0000] {processor.py:840} INFO - DAG(s) 'create_dag_with_python_operator_v06' retrieved from /opt/airflow/dags/creat_dag_with_python_operator.py
[2024-06-27T22:08:39.075+0000] {logging_mixin.py:188} INFO - [2024-06-27T22:08:39.075+0000] {dag.py:3096} INFO - Sync 1 DAGs
[2024-06-27T22:08:39.084+0000] {logging_mixin.py:188} INFO - [2024-06-27T22:08:39.084+0000] {dag.py:3954} INFO - Setting next_dagrun for create_dag_with_python_operator_v06 to 2024-06-27 00:00:00+00:00, run_after=2024-06-28 00:00:00+00:00
[2024-06-27T22:08:39.090+0000] {processor.py:183} INFO - Processing /opt/airflow/dags/creat_dag_with_python_operator.py took 0.039 seconds
[2024-06-27T22:09:31.082+0000] {processor.py:161} INFO - Started process (PID=8770) to work on /opt/airflow/dags/creat_dag_with_python_operator.py
[2024-06-27T22:09:31.083+0000] {processor.py:830} INFO - Processing file /opt/airflow/dags/creat_dag_with_python_operator.py for tasks to queue
[2024-06-27T22:09:31.084+0000] {logging_mixin.py:188} INFO - [2024-06-27T22:09:31.083+0000] {dagbag.py:545} INFO - Filling up the DagBag from /opt/airflow/dags/creat_dag_with_python_operator.py
[2024-06-27T22:09:31.092+0000] {processor.py:840} INFO - DAG(s) 'create_dag_with_python_operator_v06' retrieved from /opt/airflow/dags/creat_dag_with_python_operator.py
[2024-06-27T22:09:31.107+0000] {logging_mixin.py:188} INFO - [2024-06-27T22:09:31.107+0000] {dag.py:3096} INFO - Sync 1 DAGs
[2024-06-27T22:09:31.116+0000] {logging_mixin.py:188} INFO - [2024-06-27T22:09:31.116+0000] {dag.py:3954} INFO - Setting next_dagrun for create_dag_with_python_operator_v06 to 2024-06-27 00:00:00+00:00, run_after=2024-06-28 00:00:00+00:00
[2024-06-27T22:09:31.124+0000] {processor.py:183} INFO - Processing /opt/airflow/dags/creat_dag_with_python_operator.py took 0.047 seconds
[2024-06-27T22:11:25.862+0000] {processor.py:161} INFO - Started process (PID=8786) to work on /opt/airflow/dags/creat_dag_with_python_operator.py
[2024-06-27T22:11:25.863+0000] {processor.py:830} INFO - Processing file /opt/airflow/dags/creat_dag_with_python_operator.py for tasks to queue
[2024-06-27T22:11:25.864+0000] {logging_mixin.py:188} INFO - [2024-06-27T22:11:25.864+0000] {dagbag.py:545} INFO - Filling up the DagBag from /opt/airflow/dags/creat_dag_with_python_operator.py
[2024-06-27T22:11:25.872+0000] {processor.py:840} INFO - DAG(s) 'create_dag_with_python_operator_v06' retrieved from /opt/airflow/dags/creat_dag_with_python_operator.py
[2024-06-27T22:11:25.887+0000] {logging_mixin.py:188} INFO - [2024-06-27T22:11:25.887+0000] {dag.py:3096} INFO - Sync 1 DAGs
[2024-06-27T22:11:25.896+0000] {logging_mixin.py:188} INFO - [2024-06-27T22:11:25.896+0000] {dag.py:3954} INFO - Setting next_dagrun for create_dag_with_python_operator_v06 to 2024-06-27 00:00:00+00:00, run_after=2024-06-28 00:00:00+00:00
[2024-06-27T22:11:25.903+0000] {processor.py:183} INFO - Processing /opt/airflow/dags/creat_dag_with_python_operator.py took 0.045 seconds
[2024-06-27T22:27:28.617+0000] {processor.py:161} INFO - Started process (PID=8802) to work on /opt/airflow/dags/creat_dag_with_python_operator.py
[2024-06-27T22:27:28.617+0000] {processor.py:830} INFO - Processing file /opt/airflow/dags/creat_dag_with_python_operator.py for tasks to queue
[2024-06-27T22:27:28.618+0000] {logging_mixin.py:188} INFO - [2024-06-27T22:27:28.618+0000] {dagbag.py:545} INFO - Filling up the DagBag from /opt/airflow/dags/creat_dag_with_python_operator.py
[2024-06-27T22:27:28.626+0000] {processor.py:840} INFO - DAG(s) 'create_dag_with_python_operator_v06' retrieved from /opt/airflow/dags/creat_dag_with_python_operator.py
[2024-06-27T22:27:28.641+0000] {logging_mixin.py:188} INFO - [2024-06-27T22:27:28.641+0000] {dag.py:3096} INFO - Sync 1 DAGs
[2024-06-27T22:27:28.651+0000] {logging_mixin.py:188} INFO - [2024-06-27T22:27:28.651+0000] {dag.py:3954} INFO - Setting next_dagrun for create_dag_with_python_operator_v06 to 2024-06-27 00:00:00+00:00, run_after=2024-06-28 00:00:00+00:00
[2024-06-27T22:27:28.658+0000] {processor.py:183} INFO - Processing /opt/airflow/dags/creat_dag_with_python_operator.py took 0.045 seconds
[2024-06-27T23:16:15.716+0000] {processor.py:161} INFO - Started process (PID=8818) to work on /opt/airflow/dags/creat_dag_with_python_operator.py
[2024-06-27T23:16:15.717+0000] {processor.py:830} INFO - Processing file /opt/airflow/dags/creat_dag_with_python_operator.py for tasks to queue
[2024-06-27T23:16:15.717+0000] {logging_mixin.py:188} INFO - [2024-06-27T23:16:15.717+0000] {dagbag.py:545} INFO - Filling up the DagBag from /opt/airflow/dags/creat_dag_with_python_operator.py
[2024-06-27T23:16:15.723+0000] {processor.py:840} INFO - DAG(s) 'create_dag_with_python_operator_v06' retrieved from /opt/airflow/dags/creat_dag_with_python_operator.py
[2024-06-27T23:16:15.736+0000] {logging_mixin.py:188} INFO - [2024-06-27T23:16:15.735+0000] {dag.py:3096} INFO - Sync 1 DAGs
[2024-06-27T23:16:15.744+0000] {logging_mixin.py:188} INFO - [2024-06-27T23:16:15.744+0000] {dag.py:3954} INFO - Setting next_dagrun for create_dag_with_python_operator_v06 to 2024-06-27 00:00:00+00:00, run_after=2024-06-28 00:00:00+00:00
[2024-06-27T23:16:15.751+0000] {processor.py:183} INFO - Processing /opt/airflow/dags/creat_dag_with_python_operator.py took 0.038 seconds
