[2024-06-29T00:48:36.027+0000] {processor.py:161} INFO - Started process (PID=12100) to work on /opt/airflow/dags/creat_dag_with_python_operator.py
[2024-06-29T00:48:36.028+0000] {processor.py:830} INFO - Processing file /opt/airflow/dags/creat_dag_with_python_operator.py for tasks to queue
[2024-06-29T00:48:36.028+0000] {logging_mixin.py:188} INFO - [2024-06-29T00:48:36.028+0000] {dagbag.py:545} INFO - Filling up the DagBag from /opt/airflow/dags/creat_dag_with_python_operator.py
[2024-06-29T00:48:36.034+0000] {processor.py:840} INFO - DAG(s) 'create_dag_with_python_operator_v06' retrieved from /opt/airflow/dags/creat_dag_with_python_operator.py
[2024-06-29T00:48:36.045+0000] {logging_mixin.py:188} INFO - [2024-06-29T00:48:36.045+0000] {dag.py:3096} INFO - Sync 1 DAGs
[2024-06-29T00:48:36.053+0000] {logging_mixin.py:188} INFO - [2024-06-29T00:48:36.053+0000] {dag.py:3954} INFO - Setting next_dagrun for create_dag_with_python_operator_v06 to 2024-06-29 00:00:00+00:00, run_after=2024-06-30 00:00:00+00:00
[2024-06-29T00:48:36.059+0000] {processor.py:183} INFO - Processing /opt/airflow/dags/creat_dag_with_python_operator.py took 0.034 seconds
[2024-06-29T01:22:30.896+0000] {processor.py:161} INFO - Started process (PID=12118) to work on /opt/airflow/dags/creat_dag_with_python_operator.py
[2024-06-29T01:22:30.897+0000] {processor.py:830} INFO - Processing file /opt/airflow/dags/creat_dag_with_python_operator.py for tasks to queue
[2024-06-29T01:22:30.897+0000] {logging_mixin.py:188} INFO - [2024-06-29T01:22:30.897+0000] {dagbag.py:545} INFO - Filling up the DagBag from /opt/airflow/dags/creat_dag_with_python_operator.py
[2024-06-29T01:22:30.905+0000] {processor.py:840} INFO - DAG(s) 'create_dag_with_python_operator_v06' retrieved from /opt/airflow/dags/creat_dag_with_python_operator.py
[2024-06-29T01:22:30.919+0000] {logging_mixin.py:188} INFO - [2024-06-29T01:22:30.919+0000] {dag.py:3096} INFO - Sync 1 DAGs
[2024-06-29T01:22:30.927+0000] {logging_mixin.py:188} INFO - [2024-06-29T01:22:30.927+0000] {dag.py:3954} INFO - Setting next_dagrun for create_dag_with_python_operator_v06 to 2024-06-29 00:00:00+00:00, run_after=2024-06-30 00:00:00+00:00
[2024-06-29T01:22:30.933+0000] {processor.py:183} INFO - Processing /opt/airflow/dags/creat_dag_with_python_operator.py took 0.041 seconds
[2024-06-29T02:07:17.406+0000] {processor.py:161} INFO - Started process (PID=12134) to work on /opt/airflow/dags/creat_dag_with_python_operator.py
[2024-06-29T02:07:17.406+0000] {processor.py:830} INFO - Processing file /opt/airflow/dags/creat_dag_with_python_operator.py for tasks to queue
[2024-06-29T02:07:17.407+0000] {logging_mixin.py:188} INFO - [2024-06-29T02:07:17.407+0000] {dagbag.py:545} INFO - Filling up the DagBag from /opt/airflow/dags/creat_dag_with_python_operator.py
[2024-06-29T02:07:17.414+0000] {processor.py:840} INFO - DAG(s) 'create_dag_with_python_operator_v06' retrieved from /opt/airflow/dags/creat_dag_with_python_operator.py
[2024-06-29T02:07:17.427+0000] {logging_mixin.py:188} INFO - [2024-06-29T02:07:17.427+0000] {dag.py:3096} INFO - Sync 1 DAGs
[2024-06-29T02:07:17.436+0000] {logging_mixin.py:188} INFO - [2024-06-29T02:07:17.436+0000] {dag.py:3954} INFO - Setting next_dagrun for create_dag_with_python_operator_v06 to 2024-06-29 00:00:00+00:00, run_after=2024-06-30 00:00:00+00:00
[2024-06-29T02:07:17.443+0000] {processor.py:183} INFO - Processing /opt/airflow/dags/creat_dag_with_python_operator.py took 0.041 seconds
[2024-06-29T02:41:05.886+0000] {processor.py:161} INFO - Started process (PID=12150) to work on /opt/airflow/dags/creat_dag_with_python_operator.py
[2024-06-29T02:41:05.887+0000] {processor.py:830} INFO - Processing file /opt/airflow/dags/creat_dag_with_python_operator.py for tasks to queue
[2024-06-29T02:41:05.887+0000] {logging_mixin.py:188} INFO - [2024-06-29T02:41:05.887+0000] {dagbag.py:545} INFO - Filling up the DagBag from /opt/airflow/dags/creat_dag_with_python_operator.py
[2024-06-29T02:41:05.894+0000] {processor.py:840} INFO - DAG(s) 'create_dag_with_python_operator_v06' retrieved from /opt/airflow/dags/creat_dag_with_python_operator.py
[2024-06-29T02:41:05.907+0000] {logging_mixin.py:188} INFO - [2024-06-29T02:41:05.907+0000] {dag.py:3096} INFO - Sync 1 DAGs
[2024-06-29T02:41:05.916+0000] {logging_mixin.py:188} INFO - [2024-06-29T02:41:05.916+0000] {dag.py:3954} INFO - Setting next_dagrun for create_dag_with_python_operator_v06 to 2024-06-29 00:00:00+00:00, run_after=2024-06-30 00:00:00+00:00
[2024-06-29T02:41:05.923+0000] {processor.py:183} INFO - Processing /opt/airflow/dags/creat_dag_with_python_operator.py took 0.041 seconds
[2024-06-29T04:01:49.730+0000] {processor.py:161} INFO - Started process (PID=12166) to work on /opt/airflow/dags/creat_dag_with_python_operator.py
[2024-06-29T04:01:49.731+0000] {processor.py:830} INFO - Processing file /opt/airflow/dags/creat_dag_with_python_operator.py for tasks to queue
[2024-06-29T04:01:49.731+0000] {logging_mixin.py:188} INFO - [2024-06-29T04:01:49.731+0000] {dagbag.py:545} INFO - Filling up the DagBag from /opt/airflow/dags/creat_dag_with_python_operator.py
[2024-06-29T04:01:49.737+0000] {processor.py:840} INFO - DAG(s) 'create_dag_with_python_operator_v06' retrieved from /opt/airflow/dags/creat_dag_with_python_operator.py
[2024-06-29T04:01:49.750+0000] {logging_mixin.py:188} INFO - [2024-06-29T04:01:49.750+0000] {dag.py:3096} INFO - Sync 1 DAGs
[2024-06-29T04:01:49.759+0000] {logging_mixin.py:188} INFO - [2024-06-29T04:01:49.759+0000] {dag.py:3954} INFO - Setting next_dagrun for create_dag_with_python_operator_v06 to 2024-06-29 00:00:00+00:00, run_after=2024-06-30 00:00:00+00:00
[2024-06-29T04:01:49.766+0000] {processor.py:183} INFO - Processing /opt/airflow/dags/creat_dag_with_python_operator.py took 0.039 seconds
[2024-06-29T04:25:59.554+0000] {processor.py:161} INFO - Started process (PID=12181) to work on /opt/airflow/dags/creat_dag_with_python_operator.py
[2024-06-29T04:25:59.555+0000] {processor.py:830} INFO - Processing file /opt/airflow/dags/creat_dag_with_python_operator.py for tasks to queue
[2024-06-29T04:25:59.555+0000] {logging_mixin.py:188} INFO - [2024-06-29T04:25:59.555+0000] {dagbag.py:545} INFO - Filling up the DagBag from /opt/airflow/dags/creat_dag_with_python_operator.py
[2024-06-29T04:25:59.562+0000] {processor.py:840} INFO - DAG(s) 'create_dag_with_python_operator_v06' retrieved from /opt/airflow/dags/creat_dag_with_python_operator.py
[2024-06-29T04:25:59.576+0000] {logging_mixin.py:188} INFO - [2024-06-29T04:25:59.575+0000] {dag.py:3096} INFO - Sync 1 DAGs
[2024-06-29T04:25:59.584+0000] {logging_mixin.py:188} INFO - [2024-06-29T04:25:59.584+0000] {dag.py:3954} INFO - Setting next_dagrun for create_dag_with_python_operator_v06 to 2024-06-29 00:00:00+00:00, run_after=2024-06-30 00:00:00+00:00
[2024-06-29T04:25:59.591+0000] {processor.py:183} INFO - Processing /opt/airflow/dags/creat_dag_with_python_operator.py took 0.041 seconds
[2024-06-29T05:27:19.950+0000] {processor.py:161} INFO - Started process (PID=12197) to work on /opt/airflow/dags/creat_dag_with_python_operator.py
[2024-06-29T05:27:19.951+0000] {processor.py:830} INFO - Processing file /opt/airflow/dags/creat_dag_with_python_operator.py for tasks to queue
[2024-06-29T05:27:19.951+0000] {logging_mixin.py:188} INFO - [2024-06-29T05:27:19.951+0000] {dagbag.py:545} INFO - Filling up the DagBag from /opt/airflow/dags/creat_dag_with_python_operator.py
[2024-06-29T05:27:19.958+0000] {processor.py:840} INFO - DAG(s) 'create_dag_with_python_operator_v06' retrieved from /opt/airflow/dags/creat_dag_with_python_operator.py
[2024-06-29T05:27:19.970+0000] {logging_mixin.py:188} INFO - [2024-06-29T05:27:19.970+0000] {dag.py:3096} INFO - Sync 1 DAGs
[2024-06-29T05:27:19.978+0000] {logging_mixin.py:188} INFO - [2024-06-29T05:27:19.978+0000] {dag.py:3954} INFO - Setting next_dagrun for create_dag_with_python_operator_v06 to 2024-06-29 00:00:00+00:00, run_after=2024-06-30 00:00:00+00:00
[2024-06-29T05:27:19.984+0000] {processor.py:183} INFO - Processing /opt/airflow/dags/creat_dag_with_python_operator.py took 0.037 seconds
[2024-06-29T06:04:49.589+0000] {processor.py:161} INFO - Started process (PID=12213) to work on /opt/airflow/dags/creat_dag_with_python_operator.py
[2024-06-29T06:04:49.589+0000] {processor.py:830} INFO - Processing file /opt/airflow/dags/creat_dag_with_python_operator.py for tasks to queue
[2024-06-29T06:04:49.590+0000] {logging_mixin.py:188} INFO - [2024-06-29T06:04:49.590+0000] {dagbag.py:545} INFO - Filling up the DagBag from /opt/airflow/dags/creat_dag_with_python_operator.py
[2024-06-29T06:04:49.598+0000] {processor.py:840} INFO - DAG(s) 'create_dag_with_python_operator_v06' retrieved from /opt/airflow/dags/creat_dag_with_python_operator.py
[2024-06-29T06:04:49.613+0000] {logging_mixin.py:188} INFO - [2024-06-29T06:04:49.613+0000] {dag.py:3096} INFO - Sync 1 DAGs
[2024-06-29T06:04:49.622+0000] {logging_mixin.py:188} INFO - [2024-06-29T06:04:49.622+0000] {dag.py:3954} INFO - Setting next_dagrun for create_dag_with_python_operator_v06 to 2024-06-29 00:00:00+00:00, run_after=2024-06-30 00:00:00+00:00
[2024-06-29T06:04:49.629+0000] {processor.py:183} INFO - Processing /opt/airflow/dags/creat_dag_with_python_operator.py took 0.044 seconds
[2024-06-29T06:43:25.282+0000] {processor.py:161} INFO - Started process (PID=12229) to work on /opt/airflow/dags/creat_dag_with_python_operator.py
[2024-06-29T06:43:25.282+0000] {processor.py:830} INFO - Processing file /opt/airflow/dags/creat_dag_with_python_operator.py for tasks to queue
[2024-06-29T06:43:25.283+0000] {logging_mixin.py:188} INFO - [2024-06-29T06:43:25.283+0000] {dagbag.py:545} INFO - Filling up the DagBag from /opt/airflow/dags/creat_dag_with_python_operator.py
[2024-06-29T06:43:25.288+0000] {processor.py:840} INFO - DAG(s) 'create_dag_with_python_operator_v06' retrieved from /opt/airflow/dags/creat_dag_with_python_operator.py
[2024-06-29T06:43:25.300+0000] {logging_mixin.py:188} INFO - [2024-06-29T06:43:25.300+0000] {dag.py:3096} INFO - Sync 1 DAGs
[2024-06-29T06:43:25.308+0000] {logging_mixin.py:188} INFO - [2024-06-29T06:43:25.308+0000] {dag.py:3954} INFO - Setting next_dagrun for create_dag_with_python_operator_v06 to 2024-06-29 00:00:00+00:00, run_after=2024-06-30 00:00:00+00:00
[2024-06-29T06:43:25.315+0000] {processor.py:183} INFO - Processing /opt/airflow/dags/creat_dag_with_python_operator.py took 0.036 seconds
[2024-06-29T07:29:16.459+0000] {processor.py:161} INFO - Started process (PID=12245) to work on /opt/airflow/dags/creat_dag_with_python_operator.py
[2024-06-29T07:29:16.460+0000] {processor.py:830} INFO - Processing file /opt/airflow/dags/creat_dag_with_python_operator.py for tasks to queue
[2024-06-29T07:29:16.460+0000] {logging_mixin.py:188} INFO - [2024-06-29T07:29:16.460+0000] {dagbag.py:545} INFO - Filling up the DagBag from /opt/airflow/dags/creat_dag_with_python_operator.py
[2024-06-29T07:29:16.467+0000] {processor.py:840} INFO - DAG(s) 'create_dag_with_python_operator_v06' retrieved from /opt/airflow/dags/creat_dag_with_python_operator.py
[2024-06-29T07:29:16.480+0000] {logging_mixin.py:188} INFO - [2024-06-29T07:29:16.480+0000] {dag.py:3096} INFO - Sync 1 DAGs
[2024-06-29T07:29:16.489+0000] {logging_mixin.py:188} INFO - [2024-06-29T07:29:16.489+0000] {dag.py:3954} INFO - Setting next_dagrun for create_dag_with_python_operator_v06 to 2024-06-29 00:00:00+00:00, run_after=2024-06-30 00:00:00+00:00
[2024-06-29T07:29:16.495+0000] {processor.py:183} INFO - Processing /opt/airflow/dags/creat_dag_with_python_operator.py took 0.039 seconds
[2024-06-29T07:53:07.431+0000] {processor.py:161} INFO - Started process (PID=12261) to work on /opt/airflow/dags/creat_dag_with_python_operator.py
[2024-06-29T07:53:07.431+0000] {processor.py:830} INFO - Processing file /opt/airflow/dags/creat_dag_with_python_operator.py for tasks to queue
[2024-06-29T07:53:07.432+0000] {logging_mixin.py:188} INFO - [2024-06-29T07:53:07.432+0000] {dagbag.py:545} INFO - Filling up the DagBag from /opt/airflow/dags/creat_dag_with_python_operator.py
[2024-06-29T07:53:07.439+0000] {processor.py:840} INFO - DAG(s) 'create_dag_with_python_operator_v06' retrieved from /opt/airflow/dags/creat_dag_with_python_operator.py
[2024-06-29T07:53:07.452+0000] {logging_mixin.py:188} INFO - [2024-06-29T07:53:07.452+0000] {dag.py:3096} INFO - Sync 1 DAGs
[2024-06-29T07:53:07.461+0000] {logging_mixin.py:188} INFO - [2024-06-29T07:53:07.460+0000] {dag.py:3954} INFO - Setting next_dagrun for create_dag_with_python_operator_v06 to 2024-06-29 00:00:00+00:00, run_after=2024-06-30 00:00:00+00:00
[2024-06-29T07:53:07.467+0000] {processor.py:183} INFO - Processing /opt/airflow/dags/creat_dag_with_python_operator.py took 0.040 seconds
[2024-06-29T08:28:59.581+0000] {processor.py:161} INFO - Started process (PID=12277) to work on /opt/airflow/dags/creat_dag_with_python_operator.py
[2024-06-29T08:28:59.582+0000] {processor.py:830} INFO - Processing file /opt/airflow/dags/creat_dag_with_python_operator.py for tasks to queue
[2024-06-29T08:28:59.582+0000] {logging_mixin.py:188} INFO - [2024-06-29T08:28:59.582+0000] {dagbag.py:545} INFO - Filling up the DagBag from /opt/airflow/dags/creat_dag_with_python_operator.py
[2024-06-29T08:28:59.590+0000] {processor.py:840} INFO - DAG(s) 'create_dag_with_python_operator_v06' retrieved from /opt/airflow/dags/creat_dag_with_python_operator.py
[2024-06-29T08:28:59.604+0000] {logging_mixin.py:188} INFO - [2024-06-29T08:28:59.604+0000] {dag.py:3096} INFO - Sync 1 DAGs
[2024-06-29T08:28:59.612+0000] {logging_mixin.py:188} INFO - [2024-06-29T08:28:59.612+0000] {dag.py:3954} INFO - Setting next_dagrun for create_dag_with_python_operator_v06 to 2024-06-29 00:00:00+00:00, run_after=2024-06-30 00:00:00+00:00
[2024-06-29T08:28:59.619+0000] {processor.py:183} INFO - Processing /opt/airflow/dags/creat_dag_with_python_operator.py took 0.041 seconds
[2024-06-29T09:31:01.690+0000] {processor.py:161} INFO - Started process (PID=12293) to work on /opt/airflow/dags/creat_dag_with_python_operator.py
[2024-06-29T09:31:01.690+0000] {processor.py:830} INFO - Processing file /opt/airflow/dags/creat_dag_with_python_operator.py for tasks to queue
[2024-06-29T09:31:01.691+0000] {logging_mixin.py:188} INFO - [2024-06-29T09:31:01.691+0000] {dagbag.py:545} INFO - Filling up the DagBag from /opt/airflow/dags/creat_dag_with_python_operator.py
[2024-06-29T09:31:01.698+0000] {processor.py:840} INFO - DAG(s) 'create_dag_with_python_operator_v06' retrieved from /opt/airflow/dags/creat_dag_with_python_operator.py
[2024-06-29T09:31:01.711+0000] {logging_mixin.py:188} INFO - [2024-06-29T09:31:01.711+0000] {dag.py:3096} INFO - Sync 1 DAGs
[2024-06-29T09:31:01.720+0000] {logging_mixin.py:188} INFO - [2024-06-29T09:31:01.720+0000] {dag.py:3954} INFO - Setting next_dagrun for create_dag_with_python_operator_v06 to 2024-06-29 00:00:00+00:00, run_after=2024-06-30 00:00:00+00:00
[2024-06-29T09:31:01.727+0000] {processor.py:183} INFO - Processing /opt/airflow/dags/creat_dag_with_python_operator.py took 0.041 seconds
[2024-06-29T10:29:45.154+0000] {processor.py:161} INFO - Started process (PID=12309) to work on /opt/airflow/dags/creat_dag_with_python_operator.py
[2024-06-29T10:29:45.154+0000] {processor.py:830} INFO - Processing file /opt/airflow/dags/creat_dag_with_python_operator.py for tasks to queue
[2024-06-29T10:29:45.155+0000] {logging_mixin.py:188} INFO - [2024-06-29T10:29:45.155+0000] {dagbag.py:545} INFO - Filling up the DagBag from /opt/airflow/dags/creat_dag_with_python_operator.py
[2024-06-29T10:29:45.161+0000] {processor.py:840} INFO - DAG(s) 'create_dag_with_python_operator_v06' retrieved from /opt/airflow/dags/creat_dag_with_python_operator.py
[2024-06-29T10:29:45.172+0000] {logging_mixin.py:188} INFO - [2024-06-29T10:29:45.172+0000] {dag.py:3096} INFO - Sync 1 DAGs
[2024-06-29T10:29:45.179+0000] {logging_mixin.py:188} INFO - [2024-06-29T10:29:45.179+0000] {dag.py:3954} INFO - Setting next_dagrun for create_dag_with_python_operator_v06 to 2024-06-29 00:00:00+00:00, run_after=2024-06-30 00:00:00+00:00
[2024-06-29T10:29:45.186+0000] {processor.py:183} INFO - Processing /opt/airflow/dags/creat_dag_with_python_operator.py took 0.035 seconds
[2024-06-29T11:20:06.332+0000] {processor.py:161} INFO - Started process (PID=12325) to work on /opt/airflow/dags/creat_dag_with_python_operator.py
[2024-06-29T11:20:06.332+0000] {processor.py:830} INFO - Processing file /opt/airflow/dags/creat_dag_with_python_operator.py for tasks to queue
[2024-06-29T11:20:06.333+0000] {logging_mixin.py:188} INFO - [2024-06-29T11:20:06.333+0000] {dagbag.py:545} INFO - Filling up the DagBag from /opt/airflow/dags/creat_dag_with_python_operator.py
[2024-06-29T11:20:06.340+0000] {processor.py:840} INFO - DAG(s) 'create_dag_with_python_operator_v06' retrieved from /opt/airflow/dags/creat_dag_with_python_operator.py
[2024-06-29T11:20:06.352+0000] {logging_mixin.py:188} INFO - [2024-06-29T11:20:06.352+0000] {dag.py:3096} INFO - Sync 1 DAGs
[2024-06-29T11:20:06.361+0000] {logging_mixin.py:188} INFO - [2024-06-29T11:20:06.360+0000] {dag.py:3954} INFO - Setting next_dagrun for create_dag_with_python_operator_v06 to 2024-06-29 00:00:00+00:00, run_after=2024-06-30 00:00:00+00:00
[2024-06-29T11:20:06.367+0000] {processor.py:183} INFO - Processing /opt/airflow/dags/creat_dag_with_python_operator.py took 0.038 seconds
[2024-06-29T11:38:29.169+0000] {processor.py:161} INFO - Started process (PID=12341) to work on /opt/airflow/dags/creat_dag_with_python_operator.py
[2024-06-29T11:38:29.170+0000] {processor.py:830} INFO - Processing file /opt/airflow/dags/creat_dag_with_python_operator.py for tasks to queue
[2024-06-29T11:38:29.170+0000] {logging_mixin.py:188} INFO - [2024-06-29T11:38:29.170+0000] {dagbag.py:545} INFO - Filling up the DagBag from /opt/airflow/dags/creat_dag_with_python_operator.py
[2024-06-29T11:38:29.178+0000] {processor.py:840} INFO - DAG(s) 'create_dag_with_python_operator_v06' retrieved from /opt/airflow/dags/creat_dag_with_python_operator.py
[2024-06-29T11:38:29.191+0000] {logging_mixin.py:188} INFO - [2024-06-29T11:38:29.191+0000] {dag.py:3096} INFO - Sync 1 DAGs
[2024-06-29T11:38:29.200+0000] {logging_mixin.py:188} INFO - [2024-06-29T11:38:29.200+0000] {dag.py:3954} INFO - Setting next_dagrun for create_dag_with_python_operator_v06 to 2024-06-29 00:00:00+00:00, run_after=2024-06-30 00:00:00+00:00
[2024-06-29T11:38:29.206+0000] {processor.py:183} INFO - Processing /opt/airflow/dags/creat_dag_with_python_operator.py took 0.041 seconds
[2024-06-29T12:32:16.549+0000] {processor.py:161} INFO - Started process (PID=12356) to work on /opt/airflow/dags/creat_dag_with_python_operator.py
[2024-06-29T12:32:16.550+0000] {processor.py:830} INFO - Processing file /opt/airflow/dags/creat_dag_with_python_operator.py for tasks to queue
[2024-06-29T12:32:16.551+0000] {logging_mixin.py:188} INFO - [2024-06-29T12:32:16.551+0000] {dagbag.py:545} INFO - Filling up the DagBag from /opt/airflow/dags/creat_dag_with_python_operator.py
[2024-06-29T12:32:16.560+0000] {processor.py:840} INFO - DAG(s) 'create_dag_with_python_operator_v06' retrieved from /opt/airflow/dags/creat_dag_with_python_operator.py
[2024-06-29T12:32:16.576+0000] {logging_mixin.py:188} INFO - [2024-06-29T12:32:16.576+0000] {dag.py:3096} INFO - Sync 1 DAGs
[2024-06-29T12:32:16.585+0000] {logging_mixin.py:188} INFO - [2024-06-29T12:32:16.585+0000] {dag.py:3954} INFO - Setting next_dagrun for create_dag_with_python_operator_v06 to 2024-06-29 00:00:00+00:00, run_after=2024-06-30 00:00:00+00:00
[2024-06-29T12:32:16.592+0000] {processor.py:183} INFO - Processing /opt/airflow/dags/creat_dag_with_python_operator.py took 0.048 seconds
[2024-06-29T13:07:00.793+0000] {processor.py:161} INFO - Started process (PID=12372) to work on /opt/airflow/dags/creat_dag_with_python_operator.py
[2024-06-29T13:07:00.794+0000] {processor.py:830} INFO - Processing file /opt/airflow/dags/creat_dag_with_python_operator.py for tasks to queue
[2024-06-29T13:07:00.795+0000] {logging_mixin.py:188} INFO - [2024-06-29T13:07:00.795+0000] {dagbag.py:545} INFO - Filling up the DagBag from /opt/airflow/dags/creat_dag_with_python_operator.py
[2024-06-29T13:07:00.803+0000] {processor.py:840} INFO - DAG(s) 'create_dag_with_python_operator_v06' retrieved from /opt/airflow/dags/creat_dag_with_python_operator.py
[2024-06-29T13:07:00.819+0000] {logging_mixin.py:188} INFO - [2024-06-29T13:07:00.818+0000] {dag.py:3096} INFO - Sync 1 DAGs
[2024-06-29T13:07:00.828+0000] {logging_mixin.py:188} INFO - [2024-06-29T13:07:00.828+0000] {dag.py:3954} INFO - Setting next_dagrun for create_dag_with_python_operator_v06 to 2024-06-29 00:00:00+00:00, run_after=2024-06-30 00:00:00+00:00
[2024-06-29T13:07:00.837+0000] {processor.py:183} INFO - Processing /opt/airflow/dags/creat_dag_with_python_operator.py took 0.047 seconds
[2024-06-29T13:10:08.300+0000] {processor.py:161} INFO - Started process (PID=12388) to work on /opt/airflow/dags/creat_dag_with_python_operator.py
[2024-06-29T13:10:08.301+0000] {processor.py:830} INFO - Processing file /opt/airflow/dags/creat_dag_with_python_operator.py for tasks to queue
[2024-06-29T13:10:08.301+0000] {logging_mixin.py:188} INFO - [2024-06-29T13:10:08.301+0000] {dagbag.py:545} INFO - Filling up the DagBag from /opt/airflow/dags/creat_dag_with_python_operator.py
[2024-06-29T13:10:08.310+0000] {processor.py:840} INFO - DAG(s) 'create_dag_with_python_operator_v06' retrieved from /opt/airflow/dags/creat_dag_with_python_operator.py
[2024-06-29T13:10:08.324+0000] {logging_mixin.py:188} INFO - [2024-06-29T13:10:08.324+0000] {dag.py:3096} INFO - Sync 1 DAGs
[2024-06-29T13:10:08.334+0000] {logging_mixin.py:188} INFO - [2024-06-29T13:10:08.334+0000] {dag.py:3954} INFO - Setting next_dagrun for create_dag_with_python_operator_v06 to 2024-06-29 00:00:00+00:00, run_after=2024-06-30 00:00:00+00:00
[2024-06-29T13:10:08.341+0000] {processor.py:183} INFO - Processing /opt/airflow/dags/creat_dag_with_python_operator.py took 0.047 seconds
[2024-06-29T13:35:12.226+0000] {processor.py:161} INFO - Started process (PID=12404) to work on /opt/airflow/dags/creat_dag_with_python_operator.py
[2024-06-29T13:35:12.227+0000] {processor.py:830} INFO - Processing file /opt/airflow/dags/creat_dag_with_python_operator.py for tasks to queue
[2024-06-29T13:35:12.228+0000] {logging_mixin.py:188} INFO - [2024-06-29T13:35:12.228+0000] {dagbag.py:545} INFO - Filling up the DagBag from /opt/airflow/dags/creat_dag_with_python_operator.py
[2024-06-29T13:35:12.236+0000] {processor.py:840} INFO - DAG(s) 'create_dag_with_python_operator_v06' retrieved from /opt/airflow/dags/creat_dag_with_python_operator.py
[2024-06-29T13:35:12.250+0000] {logging_mixin.py:188} INFO - [2024-06-29T13:35:12.250+0000] {dag.py:3096} INFO - Sync 1 DAGs
[2024-06-29T13:35:12.259+0000] {logging_mixin.py:188} INFO - [2024-06-29T13:35:12.259+0000] {dag.py:3954} INFO - Setting next_dagrun for create_dag_with_python_operator_v06 to 2024-06-29 00:00:00+00:00, run_after=2024-06-30 00:00:00+00:00
[2024-06-29T13:35:12.266+0000] {processor.py:183} INFO - Processing /opt/airflow/dags/creat_dag_with_python_operator.py took 0.044 seconds
[2024-06-29T14:33:37.550+0000] {processor.py:161} INFO - Started process (PID=12420) to work on /opt/airflow/dags/creat_dag_with_python_operator.py
[2024-06-29T14:33:37.550+0000] {processor.py:830} INFO - Processing file /opt/airflow/dags/creat_dag_with_python_operator.py for tasks to queue
[2024-06-29T14:33:37.551+0000] {logging_mixin.py:188} INFO - [2024-06-29T14:33:37.550+0000] {dagbag.py:545} INFO - Filling up the DagBag from /opt/airflow/dags/creat_dag_with_python_operator.py
[2024-06-29T14:33:37.558+0000] {processor.py:840} INFO - DAG(s) 'create_dag_with_python_operator_v06' retrieved from /opt/airflow/dags/creat_dag_with_python_operator.py
[2024-06-29T14:33:37.572+0000] {logging_mixin.py:188} INFO - [2024-06-29T14:33:37.571+0000] {dag.py:3096} INFO - Sync 1 DAGs
[2024-06-29T14:33:37.581+0000] {logging_mixin.py:188} INFO - [2024-06-29T14:33:37.581+0000] {dag.py:3954} INFO - Setting next_dagrun for create_dag_with_python_operator_v06 to 2024-06-29 00:00:00+00:00, run_after=2024-06-30 00:00:00+00:00
[2024-06-29T14:33:37.588+0000] {processor.py:183} INFO - Processing /opt/airflow/dags/creat_dag_with_python_operator.py took 0.042 seconds
[2024-06-29T14:40:35.452+0000] {processor.py:161} INFO - Started process (PID=12436) to work on /opt/airflow/dags/creat_dag_with_python_operator.py
[2024-06-29T14:40:35.452+0000] {processor.py:830} INFO - Processing file /opt/airflow/dags/creat_dag_with_python_operator.py for tasks to queue
[2024-06-29T14:40:35.453+0000] {logging_mixin.py:188} INFO - [2024-06-29T14:40:35.453+0000] {dagbag.py:545} INFO - Filling up the DagBag from /opt/airflow/dags/creat_dag_with_python_operator.py
[2024-06-29T14:40:35.460+0000] {processor.py:840} INFO - DAG(s) 'create_dag_with_python_operator_v06' retrieved from /opt/airflow/dags/creat_dag_with_python_operator.py
[2024-06-29T14:40:35.473+0000] {logging_mixin.py:188} INFO - [2024-06-29T14:40:35.472+0000] {dag.py:3096} INFO - Sync 1 DAGs
[2024-06-29T14:40:35.480+0000] {logging_mixin.py:188} INFO - [2024-06-29T14:40:35.480+0000] {dag.py:3954} INFO - Setting next_dagrun for create_dag_with_python_operator_v06 to 2024-06-29 00:00:00+00:00, run_after=2024-06-30 00:00:00+00:00
[2024-06-29T14:40:35.487+0000] {processor.py:183} INFO - Processing /opt/airflow/dags/creat_dag_with_python_operator.py took 0.038 seconds
[2024-06-29T15:19:22.726+0000] {processor.py:161} INFO - Started process (PID=12452) to work on /opt/airflow/dags/creat_dag_with_python_operator.py
[2024-06-29T15:19:22.727+0000] {processor.py:830} INFO - Processing file /opt/airflow/dags/creat_dag_with_python_operator.py for tasks to queue
[2024-06-29T15:19:22.727+0000] {logging_mixin.py:188} INFO - [2024-06-29T15:19:22.727+0000] {dagbag.py:545} INFO - Filling up the DagBag from /opt/airflow/dags/creat_dag_with_python_operator.py
[2024-06-29T15:19:22.735+0000] {processor.py:840} INFO - DAG(s) 'create_dag_with_python_operator_v06' retrieved from /opt/airflow/dags/creat_dag_with_python_operator.py
[2024-06-29T15:19:22.747+0000] {logging_mixin.py:188} INFO - [2024-06-29T15:19:22.747+0000] {dag.py:3096} INFO - Sync 1 DAGs
[2024-06-29T15:19:22.756+0000] {logging_mixin.py:188} INFO - [2024-06-29T15:19:22.756+0000] {dag.py:3954} INFO - Setting next_dagrun for create_dag_with_python_operator_v06 to 2024-06-29 00:00:00+00:00, run_after=2024-06-30 00:00:00+00:00
[2024-06-29T15:19:22.763+0000] {processor.py:183} INFO - Processing /opt/airflow/dags/creat_dag_with_python_operator.py took 0.041 seconds
[2024-06-29T15:59:08.210+0000] {processor.py:161} INFO - Started process (PID=12468) to work on /opt/airflow/dags/creat_dag_with_python_operator.py
[2024-06-29T15:59:08.211+0000] {processor.py:830} INFO - Processing file /opt/airflow/dags/creat_dag_with_python_operator.py for tasks to queue
[2024-06-29T15:59:08.211+0000] {logging_mixin.py:188} INFO - [2024-06-29T15:59:08.211+0000] {dagbag.py:545} INFO - Filling up the DagBag from /opt/airflow/dags/creat_dag_with_python_operator.py
[2024-06-29T15:59:08.218+0000] {processor.py:840} INFO - DAG(s) 'create_dag_with_python_operator_v06' retrieved from /opt/airflow/dags/creat_dag_with_python_operator.py
[2024-06-29T15:59:08.231+0000] {logging_mixin.py:188} INFO - [2024-06-29T15:59:08.231+0000] {dag.py:3096} INFO - Sync 1 DAGs
[2024-06-29T15:59:08.240+0000] {logging_mixin.py:188} INFO - [2024-06-29T15:59:08.240+0000] {dag.py:3954} INFO - Setting next_dagrun for create_dag_with_python_operator_v06 to 2024-06-29 00:00:00+00:00, run_after=2024-06-30 00:00:00+00:00
[2024-06-29T15:59:08.247+0000] {processor.py:183} INFO - Processing /opt/airflow/dags/creat_dag_with_python_operator.py took 0.040 seconds
[2024-06-29T16:08:23.618+0000] {processor.py:161} INFO - Started process (PID=12484) to work on /opt/airflow/dags/creat_dag_with_python_operator.py
[2024-06-29T16:08:23.619+0000] {processor.py:830} INFO - Processing file /opt/airflow/dags/creat_dag_with_python_operator.py for tasks to queue
[2024-06-29T16:08:23.619+0000] {logging_mixin.py:188} INFO - [2024-06-29T16:08:23.619+0000] {dagbag.py:545} INFO - Filling up the DagBag from /opt/airflow/dags/creat_dag_with_python_operator.py
[2024-06-29T16:08:23.626+0000] {processor.py:840} INFO - DAG(s) 'create_dag_with_python_operator_v06' retrieved from /opt/airflow/dags/creat_dag_with_python_operator.py
[2024-06-29T16:08:23.640+0000] {logging_mixin.py:188} INFO - [2024-06-29T16:08:23.640+0000] {dag.py:3096} INFO - Sync 1 DAGs
[2024-06-29T16:08:23.649+0000] {logging_mixin.py:188} INFO - [2024-06-29T16:08:23.648+0000] {dag.py:3954} INFO - Setting next_dagrun for create_dag_with_python_operator_v06 to 2024-06-29 00:00:00+00:00, run_after=2024-06-30 00:00:00+00:00
[2024-06-29T16:08:23.656+0000] {processor.py:183} INFO - Processing /opt/airflow/dags/creat_dag_with_python_operator.py took 0.042 seconds
[2024-06-29T16:20:33.184+0000] {processor.py:161} INFO - Started process (PID=12500) to work on /opt/airflow/dags/creat_dag_with_python_operator.py
[2024-06-29T16:20:33.185+0000] {processor.py:830} INFO - Processing file /opt/airflow/dags/creat_dag_with_python_operator.py for tasks to queue
[2024-06-29T16:20:33.185+0000] {logging_mixin.py:188} INFO - [2024-06-29T16:20:33.185+0000] {dagbag.py:545} INFO - Filling up the DagBag from /opt/airflow/dags/creat_dag_with_python_operator.py
[2024-06-29T16:20:33.193+0000] {processor.py:840} INFO - DAG(s) 'create_dag_with_python_operator_v06' retrieved from /opt/airflow/dags/creat_dag_with_python_operator.py
[2024-06-29T16:20:33.207+0000] {logging_mixin.py:188} INFO - [2024-06-29T16:20:33.207+0000] {dag.py:3096} INFO - Sync 1 DAGs
[2024-06-29T16:20:33.217+0000] {logging_mixin.py:188} INFO - [2024-06-29T16:20:33.217+0000] {dag.py:3954} INFO - Setting next_dagrun for create_dag_with_python_operator_v06 to 2024-06-29 00:00:00+00:00, run_after=2024-06-30 00:00:00+00:00
[2024-06-29T16:20:33.223+0000] {processor.py:183} INFO - Processing /opt/airflow/dags/creat_dag_with_python_operator.py took 0.042 seconds
[2024-06-29T16:56:16.938+0000] {processor.py:161} INFO - Started process (PID=12516) to work on /opt/airflow/dags/creat_dag_with_python_operator.py
[2024-06-29T16:56:16.938+0000] {processor.py:830} INFO - Processing file /opt/airflow/dags/creat_dag_with_python_operator.py for tasks to queue
[2024-06-29T16:56:16.939+0000] {logging_mixin.py:188} INFO - [2024-06-29T16:56:16.939+0000] {dagbag.py:545} INFO - Filling up the DagBag from /opt/airflow/dags/creat_dag_with_python_operator.py
[2024-06-29T16:56:16.946+0000] {processor.py:840} INFO - DAG(s) 'create_dag_with_python_operator_v06' retrieved from /opt/airflow/dags/creat_dag_with_python_operator.py
[2024-06-29T16:56:16.960+0000] {logging_mixin.py:188} INFO - [2024-06-29T16:56:16.960+0000] {dag.py:3096} INFO - Sync 1 DAGs
[2024-06-29T16:56:16.968+0000] {logging_mixin.py:188} INFO - [2024-06-29T16:56:16.968+0000] {dag.py:3954} INFO - Setting next_dagrun for create_dag_with_python_operator_v06 to 2024-06-29 00:00:00+00:00, run_after=2024-06-30 00:00:00+00:00
[2024-06-29T16:56:16.975+0000] {processor.py:183} INFO - Processing /opt/airflow/dags/creat_dag_with_python_operator.py took 0.041 seconds
[2024-06-29T17:02:56.024+0000] {processor.py:161} INFO - Started process (PID=12532) to work on /opt/airflow/dags/creat_dag_with_python_operator.py
[2024-06-29T17:02:56.025+0000] {processor.py:830} INFO - Processing file /opt/airflow/dags/creat_dag_with_python_operator.py for tasks to queue
[2024-06-29T17:02:56.026+0000] {logging_mixin.py:188} INFO - [2024-06-29T17:02:56.025+0000] {dagbag.py:545} INFO - Filling up the DagBag from /opt/airflow/dags/creat_dag_with_python_operator.py
[2024-06-29T17:02:56.034+0000] {processor.py:840} INFO - DAG(s) 'create_dag_with_python_operator_v06' retrieved from /opt/airflow/dags/creat_dag_with_python_operator.py
[2024-06-29T17:02:56.047+0000] {logging_mixin.py:188} INFO - [2024-06-29T17:02:56.047+0000] {dag.py:3096} INFO - Sync 1 DAGs
[2024-06-29T17:02:56.056+0000] {logging_mixin.py:188} INFO - [2024-06-29T17:02:56.055+0000] {dag.py:3954} INFO - Setting next_dagrun for create_dag_with_python_operator_v06 to 2024-06-29 00:00:00+00:00, run_after=2024-06-30 00:00:00+00:00
[2024-06-29T17:02:56.062+0000] {processor.py:183} INFO - Processing /opt/airflow/dags/creat_dag_with_python_operator.py took 0.043 seconds
[2024-06-29T17:38:20.226+0000] {processor.py:161} INFO - Started process (PID=12548) to work on /opt/airflow/dags/creat_dag_with_python_operator.py
[2024-06-29T17:38:20.226+0000] {processor.py:830} INFO - Processing file /opt/airflow/dags/creat_dag_with_python_operator.py for tasks to queue
[2024-06-29T17:38:20.227+0000] {logging_mixin.py:188} INFO - [2024-06-29T17:38:20.227+0000] {dagbag.py:545} INFO - Filling up the DagBag from /opt/airflow/dags/creat_dag_with_python_operator.py
[2024-06-29T17:38:20.234+0000] {processor.py:840} INFO - DAG(s) 'create_dag_with_python_operator_v06' retrieved from /opt/airflow/dags/creat_dag_with_python_operator.py
[2024-06-29T17:38:20.247+0000] {logging_mixin.py:188} INFO - [2024-06-29T17:38:20.247+0000] {dag.py:3096} INFO - Sync 1 DAGs
[2024-06-29T17:38:20.255+0000] {logging_mixin.py:188} INFO - [2024-06-29T17:38:20.255+0000] {dag.py:3954} INFO - Setting next_dagrun for create_dag_with_python_operator_v06 to 2024-06-29 00:00:00+00:00, run_after=2024-06-30 00:00:00+00:00
[2024-06-29T17:38:20.262+0000] {processor.py:183} INFO - Processing /opt/airflow/dags/creat_dag_with_python_operator.py took 0.040 seconds
[2024-06-29T18:38:51.811+0000] {processor.py:161} INFO - Started process (PID=12564) to work on /opt/airflow/dags/creat_dag_with_python_operator.py
[2024-06-29T18:38:51.811+0000] {processor.py:830} INFO - Processing file /opt/airflow/dags/creat_dag_with_python_operator.py for tasks to queue
[2024-06-29T18:38:51.811+0000] {logging_mixin.py:188} INFO - [2024-06-29T18:38:51.811+0000] {dagbag.py:545} INFO - Filling up the DagBag from /opt/airflow/dags/creat_dag_with_python_operator.py
[2024-06-29T18:38:51.817+0000] {processor.py:840} INFO - DAG(s) 'create_dag_with_python_operator_v06' retrieved from /opt/airflow/dags/creat_dag_with_python_operator.py
[2024-06-29T18:38:51.829+0000] {logging_mixin.py:188} INFO - [2024-06-29T18:38:51.829+0000] {dag.py:3096} INFO - Sync 1 DAGs
[2024-06-29T18:38:51.837+0000] {logging_mixin.py:188} INFO - [2024-06-29T18:38:51.837+0000] {dag.py:3954} INFO - Setting next_dagrun for create_dag_with_python_operator_v06 to 2024-06-29 00:00:00+00:00, run_after=2024-06-30 00:00:00+00:00
[2024-06-29T18:38:51.843+0000] {processor.py:183} INFO - Processing /opt/airflow/dags/creat_dag_with_python_operator.py took 0.035 seconds
[2024-06-29T19:08:00.829+0000] {processor.py:161} INFO - Started process (PID=12580) to work on /opt/airflow/dags/creat_dag_with_python_operator.py
[2024-06-29T19:08:00.829+0000] {processor.py:830} INFO - Processing file /opt/airflow/dags/creat_dag_with_python_operator.py for tasks to queue
[2024-06-29T19:08:00.830+0000] {logging_mixin.py:188} INFO - [2024-06-29T19:08:00.829+0000] {dagbag.py:545} INFO - Filling up the DagBag from /opt/airflow/dags/creat_dag_with_python_operator.py
[2024-06-29T19:08:00.835+0000] {processor.py:840} INFO - DAG(s) 'create_dag_with_python_operator_v06' retrieved from /opt/airflow/dags/creat_dag_with_python_operator.py
[2024-06-29T19:08:00.847+0000] {logging_mixin.py:188} INFO - [2024-06-29T19:08:00.847+0000] {dag.py:3096} INFO - Sync 1 DAGs
[2024-06-29T19:08:00.855+0000] {logging_mixin.py:188} INFO - [2024-06-29T19:08:00.855+0000] {dag.py:3954} INFO - Setting next_dagrun for create_dag_with_python_operator_v06 to 2024-06-29 00:00:00+00:00, run_after=2024-06-30 00:00:00+00:00
[2024-06-29T19:08:00.861+0000] {processor.py:183} INFO - Processing /opt/airflow/dags/creat_dag_with_python_operator.py took 0.036 seconds
[2024-06-29T19:51:06.339+0000] {processor.py:161} INFO - Started process (PID=12596) to work on /opt/airflow/dags/creat_dag_with_python_operator.py
[2024-06-29T19:51:06.339+0000] {processor.py:830} INFO - Processing file /opt/airflow/dags/creat_dag_with_python_operator.py for tasks to queue
[2024-06-29T19:51:06.340+0000] {logging_mixin.py:188} INFO - [2024-06-29T19:51:06.340+0000] {dagbag.py:545} INFO - Filling up the DagBag from /opt/airflow/dags/creat_dag_with_python_operator.py
[2024-06-29T19:51:06.347+0000] {processor.py:840} INFO - DAG(s) 'create_dag_with_python_operator_v06' retrieved from /opt/airflow/dags/creat_dag_with_python_operator.py
[2024-06-29T19:51:06.361+0000] {logging_mixin.py:188} INFO - [2024-06-29T19:51:06.360+0000] {dag.py:3096} INFO - Sync 1 DAGs
[2024-06-29T19:51:06.369+0000] {logging_mixin.py:188} INFO - [2024-06-29T19:51:06.369+0000] {dag.py:3954} INFO - Setting next_dagrun for create_dag_with_python_operator_v06 to 2024-06-29 00:00:00+00:00, run_after=2024-06-30 00:00:00+00:00
[2024-06-29T19:51:06.376+0000] {processor.py:183} INFO - Processing /opt/airflow/dags/creat_dag_with_python_operator.py took 0.040 seconds
[2024-06-29T20:24:35.141+0000] {processor.py:161} INFO - Started process (PID=12612) to work on /opt/airflow/dags/creat_dag_with_python_operator.py
[2024-06-29T20:24:35.142+0000] {processor.py:830} INFO - Processing file /opt/airflow/dags/creat_dag_with_python_operator.py for tasks to queue
[2024-06-29T20:24:35.143+0000] {logging_mixin.py:188} INFO - [2024-06-29T20:24:35.142+0000] {dagbag.py:545} INFO - Filling up the DagBag from /opt/airflow/dags/creat_dag_with_python_operator.py
[2024-06-29T20:24:35.150+0000] {processor.py:840} INFO - DAG(s) 'create_dag_with_python_operator_v06' retrieved from /opt/airflow/dags/creat_dag_with_python_operator.py
[2024-06-29T20:24:35.163+0000] {logging_mixin.py:188} INFO - [2024-06-29T20:24:35.163+0000] {dag.py:3096} INFO - Sync 1 DAGs
[2024-06-29T20:24:35.172+0000] {logging_mixin.py:188} INFO - [2024-06-29T20:24:35.172+0000] {dag.py:3954} INFO - Setting next_dagrun for create_dag_with_python_operator_v06 to 2024-06-29 00:00:00+00:00, run_after=2024-06-30 00:00:00+00:00
[2024-06-29T20:24:35.179+0000] {processor.py:183} INFO - Processing /opt/airflow/dags/creat_dag_with_python_operator.py took 0.041 seconds
[2024-06-29T21:25:26.985+0000] {processor.py:161} INFO - Started process (PID=12628) to work on /opt/airflow/dags/creat_dag_with_python_operator.py
[2024-06-29T21:25:26.985+0000] {processor.py:830} INFO - Processing file /opt/airflow/dags/creat_dag_with_python_operator.py for tasks to queue
[2024-06-29T21:25:26.986+0000] {logging_mixin.py:188} INFO - [2024-06-29T21:25:26.986+0000] {dagbag.py:545} INFO - Filling up the DagBag from /opt/airflow/dags/creat_dag_with_python_operator.py
[2024-06-29T21:25:26.993+0000] {processor.py:840} INFO - DAG(s) 'create_dag_with_python_operator_v06' retrieved from /opt/airflow/dags/creat_dag_with_python_operator.py
[2024-06-29T21:25:27.006+0000] {logging_mixin.py:188} INFO - [2024-06-29T21:25:27.006+0000] {dag.py:3096} INFO - Sync 1 DAGs
[2024-06-29T21:25:27.015+0000] {logging_mixin.py:188} INFO - [2024-06-29T21:25:27.015+0000] {dag.py:3954} INFO - Setting next_dagrun for create_dag_with_python_operator_v06 to 2024-06-29 00:00:00+00:00, run_after=2024-06-30 00:00:00+00:00
[2024-06-29T21:25:27.022+0000] {processor.py:183} INFO - Processing /opt/airflow/dags/creat_dag_with_python_operator.py took 0.040 seconds
[2024-06-29T21:29:23.400+0000] {processor.py:161} INFO - Started process (PID=12644) to work on /opt/airflow/dags/creat_dag_with_python_operator.py
[2024-06-29T21:29:23.401+0000] {processor.py:830} INFO - Processing file /opt/airflow/dags/creat_dag_with_python_operator.py for tasks to queue
[2024-06-29T21:29:23.401+0000] {logging_mixin.py:188} INFO - [2024-06-29T21:29:23.401+0000] {dagbag.py:545} INFO - Filling up the DagBag from /opt/airflow/dags/creat_dag_with_python_operator.py
[2024-06-29T21:29:23.410+0000] {processor.py:840} INFO - DAG(s) 'create_dag_with_python_operator_v06' retrieved from /opt/airflow/dags/creat_dag_with_python_operator.py
[2024-06-29T21:29:23.424+0000] {logging_mixin.py:188} INFO - [2024-06-29T21:29:23.423+0000] {dag.py:3096} INFO - Sync 1 DAGs
[2024-06-29T21:29:23.433+0000] {logging_mixin.py:188} INFO - [2024-06-29T21:29:23.433+0000] {dag.py:3954} INFO - Setting next_dagrun for create_dag_with_python_operator_v06 to 2024-06-29 00:00:00+00:00, run_after=2024-06-30 00:00:00+00:00
[2024-06-29T21:29:23.441+0000] {processor.py:183} INFO - Processing /opt/airflow/dags/creat_dag_with_python_operator.py took 0.047 seconds
[2024-06-29T21:45:54.534+0000] {processor.py:161} INFO - Started process (PID=12660) to work on /opt/airflow/dags/creat_dag_with_python_operator.py
[2024-06-29T21:45:54.535+0000] {processor.py:830} INFO - Processing file /opt/airflow/dags/creat_dag_with_python_operator.py for tasks to queue
[2024-06-29T21:45:54.535+0000] {logging_mixin.py:188} INFO - [2024-06-29T21:45:54.535+0000] {dagbag.py:545} INFO - Filling up the DagBag from /opt/airflow/dags/creat_dag_with_python_operator.py
[2024-06-29T21:45:54.543+0000] {processor.py:840} INFO - DAG(s) 'create_dag_with_python_operator_v06' retrieved from /opt/airflow/dags/creat_dag_with_python_operator.py
[2024-06-29T21:45:54.557+0000] {logging_mixin.py:188} INFO - [2024-06-29T21:45:54.556+0000] {dag.py:3096} INFO - Sync 1 DAGs
[2024-06-29T21:45:54.565+0000] {logging_mixin.py:188} INFO - [2024-06-29T21:45:54.565+0000] {dag.py:3954} INFO - Setting next_dagrun for create_dag_with_python_operator_v06 to 2024-06-29 00:00:00+00:00, run_after=2024-06-30 00:00:00+00:00
[2024-06-29T21:45:54.573+0000] {processor.py:183} INFO - Processing /opt/airflow/dags/creat_dag_with_python_operator.py took 0.043 seconds
[2024-06-29T22:26:26.299+0000] {processor.py:161} INFO - Started process (PID=12676) to work on /opt/airflow/dags/creat_dag_with_python_operator.py
[2024-06-29T22:26:26.299+0000] {processor.py:830} INFO - Processing file /opt/airflow/dags/creat_dag_with_python_operator.py for tasks to queue
[2024-06-29T22:26:26.300+0000] {logging_mixin.py:188} INFO - [2024-06-29T22:26:26.300+0000] {dagbag.py:545} INFO - Filling up the DagBag from /opt/airflow/dags/creat_dag_with_python_operator.py
[2024-06-29T22:26:26.307+0000] {processor.py:840} INFO - DAG(s) 'create_dag_with_python_operator_v06' retrieved from /opt/airflow/dags/creat_dag_with_python_operator.py
[2024-06-29T22:26:26.321+0000] {logging_mixin.py:188} INFO - [2024-06-29T22:26:26.321+0000] {dag.py:3096} INFO - Sync 1 DAGs
[2024-06-29T22:26:26.330+0000] {logging_mixin.py:188} INFO - [2024-06-29T22:26:26.330+0000] {dag.py:3954} INFO - Setting next_dagrun for create_dag_with_python_operator_v06 to 2024-06-29 00:00:00+00:00, run_after=2024-06-30 00:00:00+00:00
[2024-06-29T22:26:26.337+0000] {processor.py:183} INFO - Processing /opt/airflow/dags/creat_dag_with_python_operator.py took 0.042 seconds
