[2024-06-29T00:48:36.028+0000] {processor.py:161} INFO - Started process (PID=12103) to work on /opt/airflow/dags/first_example.py
[2024-06-29T00:48:36.028+0000] {processor.py:830} INFO - Processing file /opt/airflow/dags/first_example.py for tasks to queue
[2024-06-29T00:48:36.029+0000] {logging_mixin.py:188} INFO - [2024-06-29T00:48:36.029+0000] {dagbag.py:545} INFO - Filling up the DagBag from /opt/airflow/dags/first_example.py
[2024-06-29T00:48:36.034+0000] {processor.py:840} INFO - DAG(s) 'first_example_v3' retrieved from /opt/airflow/dags/first_example.py
[2024-06-29T00:48:36.045+0000] {logging_mixin.py:188} INFO - [2024-06-29T00:48:36.045+0000] {dag.py:3096} INFO - Sync 1 DAGs
[2024-06-29T00:48:36.053+0000] {logging_mixin.py:188} INFO - [2024-06-29T00:48:36.053+0000] {dag.py:3954} INFO - Setting next_dagrun for first_example_v3 to 2024-06-27 00:00:00+00:00, run_after=2024-06-28 00:00:00+00:00
[2024-06-29T00:48:36.059+0000] {processor.py:183} INFO - Processing /opt/airflow/dags/first_example.py took 0.033 seconds
[2024-06-29T01:22:30.898+0000] {processor.py:161} INFO - Started process (PID=12121) to work on /opt/airflow/dags/first_example.py
[2024-06-29T01:22:30.898+0000] {processor.py:830} INFO - Processing file /opt/airflow/dags/first_example.py for tasks to queue
[2024-06-29T01:22:30.899+0000] {logging_mixin.py:188} INFO - [2024-06-29T01:22:30.899+0000] {dagbag.py:545} INFO - Filling up the DagBag from /opt/airflow/dags/first_example.py
[2024-06-29T01:22:30.907+0000] {processor.py:840} INFO - DAG(s) 'first_example_v3' retrieved from /opt/airflow/dags/first_example.py
[2024-06-29T01:22:30.919+0000] {logging_mixin.py:188} INFO - [2024-06-29T01:22:30.919+0000] {dag.py:3096} INFO - Sync 1 DAGs
[2024-06-29T01:22:30.927+0000] {logging_mixin.py:188} INFO - [2024-06-29T01:22:30.927+0000] {dag.py:3954} INFO - Setting next_dagrun for first_example_v3 to 2024-06-27 00:00:00+00:00, run_after=2024-06-28 00:00:00+00:00
[2024-06-29T01:22:30.933+0000] {processor.py:183} INFO - Processing /opt/airflow/dags/first_example.py took 0.038 seconds
[2024-06-29T02:07:17.407+0000] {processor.py:161} INFO - Started process (PID=12137) to work on /opt/airflow/dags/first_example.py
[2024-06-29T02:07:17.407+0000] {processor.py:830} INFO - Processing file /opt/airflow/dags/first_example.py for tasks to queue
[2024-06-29T02:07:17.408+0000] {logging_mixin.py:188} INFO - [2024-06-29T02:07:17.408+0000] {dagbag.py:545} INFO - Filling up the DagBag from /opt/airflow/dags/first_example.py
[2024-06-29T02:07:17.414+0000] {processor.py:840} INFO - DAG(s) 'first_example_v3' retrieved from /opt/airflow/dags/first_example.py
[2024-06-29T02:07:17.427+0000] {logging_mixin.py:188} INFO - [2024-06-29T02:07:17.427+0000] {dag.py:3096} INFO - Sync 1 DAGs
[2024-06-29T02:07:17.436+0000] {logging_mixin.py:188} INFO - [2024-06-29T02:07:17.436+0000] {dag.py:3954} INFO - Setting next_dagrun for first_example_v3 to 2024-06-27 00:00:00+00:00, run_after=2024-06-28 00:00:00+00:00
[2024-06-29T02:07:17.443+0000] {processor.py:183} INFO - Processing /opt/airflow/dags/first_example.py took 0.039 seconds
[2024-06-29T02:41:05.887+0000] {processor.py:161} INFO - Started process (PID=12153) to work on /opt/airflow/dags/first_example.py
[2024-06-29T02:41:05.888+0000] {processor.py:830} INFO - Processing file /opt/airflow/dags/first_example.py for tasks to queue
[2024-06-29T02:41:05.888+0000] {logging_mixin.py:188} INFO - [2024-06-29T02:41:05.888+0000] {dagbag.py:545} INFO - Filling up the DagBag from /opt/airflow/dags/first_example.py
[2024-06-29T02:41:05.895+0000] {processor.py:840} INFO - DAG(s) 'first_example_v3' retrieved from /opt/airflow/dags/first_example.py
[2024-06-29T02:41:05.907+0000] {logging_mixin.py:188} INFO - [2024-06-29T02:41:05.907+0000] {dag.py:3096} INFO - Sync 1 DAGs
[2024-06-29T02:41:05.916+0000] {logging_mixin.py:188} INFO - [2024-06-29T02:41:05.916+0000] {dag.py:3954} INFO - Setting next_dagrun for first_example_v3 to 2024-06-27 00:00:00+00:00, run_after=2024-06-28 00:00:00+00:00
[2024-06-29T02:41:05.923+0000] {processor.py:183} INFO - Processing /opt/airflow/dags/first_example.py took 0.039 seconds
[2024-06-29T04:01:49.731+0000] {processor.py:161} INFO - Started process (PID=12169) to work on /opt/airflow/dags/first_example.py
[2024-06-29T04:01:49.731+0000] {processor.py:830} INFO - Processing file /opt/airflow/dags/first_example.py for tasks to queue
[2024-06-29T04:01:49.732+0000] {logging_mixin.py:188} INFO - [2024-06-29T04:01:49.731+0000] {dagbag.py:545} INFO - Filling up the DagBag from /opt/airflow/dags/first_example.py
[2024-06-29T04:01:49.737+0000] {processor.py:840} INFO - DAG(s) 'first_example_v3' retrieved from /opt/airflow/dags/first_example.py
[2024-06-29T04:01:49.750+0000] {logging_mixin.py:188} INFO - [2024-06-29T04:01:49.750+0000] {dag.py:3096} INFO - Sync 1 DAGs
[2024-06-29T04:01:49.759+0000] {logging_mixin.py:188} INFO - [2024-06-29T04:01:49.759+0000] {dag.py:3954} INFO - Setting next_dagrun for first_example_v3 to 2024-06-27 00:00:00+00:00, run_after=2024-06-28 00:00:00+00:00
[2024-06-29T04:01:49.767+0000] {processor.py:183} INFO - Processing /opt/airflow/dags/first_example.py took 0.038 seconds
[2024-06-29T04:25:59.555+0000] {processor.py:161} INFO - Started process (PID=12184) to work on /opt/airflow/dags/first_example.py
[2024-06-29T04:25:59.556+0000] {processor.py:830} INFO - Processing file /opt/airflow/dags/first_example.py for tasks to queue
[2024-06-29T04:25:59.556+0000] {logging_mixin.py:188} INFO - [2024-06-29T04:25:59.556+0000] {dagbag.py:545} INFO - Filling up the DagBag from /opt/airflow/dags/first_example.py
[2024-06-29T04:25:59.563+0000] {processor.py:840} INFO - DAG(s) 'first_example_v3' retrieved from /opt/airflow/dags/first_example.py
[2024-06-29T04:25:59.576+0000] {logging_mixin.py:188} INFO - [2024-06-29T04:25:59.576+0000] {dag.py:3096} INFO - Sync 1 DAGs
[2024-06-29T04:25:59.584+0000] {logging_mixin.py:188} INFO - [2024-06-29T04:25:59.584+0000] {dag.py:3954} INFO - Setting next_dagrun for first_example_v3 to 2024-06-27 00:00:00+00:00, run_after=2024-06-28 00:00:00+00:00
[2024-06-29T04:25:59.591+0000] {processor.py:183} INFO - Processing /opt/airflow/dags/first_example.py took 0.039 seconds
[2024-06-29T05:27:19.951+0000] {processor.py:161} INFO - Started process (PID=12200) to work on /opt/airflow/dags/first_example.py
[2024-06-29T05:27:19.952+0000] {processor.py:830} INFO - Processing file /opt/airflow/dags/first_example.py for tasks to queue
[2024-06-29T05:27:19.952+0000] {logging_mixin.py:188} INFO - [2024-06-29T05:27:19.952+0000] {dagbag.py:545} INFO - Filling up the DagBag from /opt/airflow/dags/first_example.py
[2024-06-29T05:27:19.958+0000] {processor.py:840} INFO - DAG(s) 'first_example_v3' retrieved from /opt/airflow/dags/first_example.py
[2024-06-29T05:27:19.970+0000] {logging_mixin.py:188} INFO - [2024-06-29T05:27:19.970+0000] {dag.py:3096} INFO - Sync 1 DAGs
[2024-06-29T05:27:19.978+0000] {logging_mixin.py:188} INFO - [2024-06-29T05:27:19.978+0000] {dag.py:3954} INFO - Setting next_dagrun for first_example_v3 to 2024-06-27 00:00:00+00:00, run_after=2024-06-28 00:00:00+00:00
[2024-06-29T05:27:19.984+0000] {processor.py:183} INFO - Processing /opt/airflow/dags/first_example.py took 0.036 seconds
[2024-06-29T06:04:49.590+0000] {processor.py:161} INFO - Started process (PID=12216) to work on /opt/airflow/dags/first_example.py
[2024-06-29T06:04:49.591+0000] {processor.py:830} INFO - Processing file /opt/airflow/dags/first_example.py for tasks to queue
[2024-06-29T06:04:49.591+0000] {logging_mixin.py:188} INFO - [2024-06-29T06:04:49.591+0000] {dagbag.py:545} INFO - Filling up the DagBag from /opt/airflow/dags/first_example.py
[2024-06-29T06:04:49.599+0000] {processor.py:840} INFO - DAG(s) 'first_example_v3' retrieved from /opt/airflow/dags/first_example.py
[2024-06-29T06:04:49.613+0000] {logging_mixin.py:188} INFO - [2024-06-29T06:04:49.613+0000] {dag.py:3096} INFO - Sync 1 DAGs
[2024-06-29T06:04:49.622+0000] {logging_mixin.py:188} INFO - [2024-06-29T06:04:49.622+0000] {dag.py:3954} INFO - Setting next_dagrun for first_example_v3 to 2024-06-27 00:00:00+00:00, run_after=2024-06-28 00:00:00+00:00
[2024-06-29T06:04:49.629+0000] {processor.py:183} INFO - Processing /opt/airflow/dags/first_example.py took 0.042 seconds
[2024-06-29T06:43:25.283+0000] {processor.py:161} INFO - Started process (PID=12232) to work on /opt/airflow/dags/first_example.py
[2024-06-29T06:43:25.283+0000] {processor.py:830} INFO - Processing file /opt/airflow/dags/first_example.py for tasks to queue
[2024-06-29T06:43:25.284+0000] {logging_mixin.py:188} INFO - [2024-06-29T06:43:25.284+0000] {dagbag.py:545} INFO - Filling up the DagBag from /opt/airflow/dags/first_example.py
[2024-06-29T06:43:25.289+0000] {processor.py:840} INFO - DAG(s) 'first_example_v3' retrieved from /opt/airflow/dags/first_example.py
[2024-06-29T06:43:25.300+0000] {logging_mixin.py:188} INFO - [2024-06-29T06:43:25.300+0000] {dag.py:3096} INFO - Sync 1 DAGs
[2024-06-29T06:43:25.308+0000] {logging_mixin.py:188} INFO - [2024-06-29T06:43:25.308+0000] {dag.py:3954} INFO - Setting next_dagrun for first_example_v3 to 2024-06-27 00:00:00+00:00, run_after=2024-06-28 00:00:00+00:00
[2024-06-29T06:43:25.315+0000] {processor.py:183} INFO - Processing /opt/airflow/dags/first_example.py took 0.034 seconds
[2024-06-29T07:29:16.461+0000] {processor.py:161} INFO - Started process (PID=12248) to work on /opt/airflow/dags/first_example.py
[2024-06-29T07:29:16.462+0000] {processor.py:830} INFO - Processing file /opt/airflow/dags/first_example.py for tasks to queue
[2024-06-29T07:29:16.462+0000] {logging_mixin.py:188} INFO - [2024-06-29T07:29:16.462+0000] {dagbag.py:545} INFO - Filling up the DagBag from /opt/airflow/dags/first_example.py
[2024-06-29T07:29:16.468+0000] {processor.py:840} INFO - DAG(s) 'first_example_v3' retrieved from /opt/airflow/dags/first_example.py
[2024-06-29T07:29:16.480+0000] {logging_mixin.py:188} INFO - [2024-06-29T07:29:16.480+0000] {dag.py:3096} INFO - Sync 1 DAGs
[2024-06-29T07:29:16.489+0000] {logging_mixin.py:188} INFO - [2024-06-29T07:29:16.489+0000] {dag.py:3954} INFO - Setting next_dagrun for first_example_v3 to 2024-06-27 00:00:00+00:00, run_after=2024-06-28 00:00:00+00:00
[2024-06-29T07:29:16.495+0000] {processor.py:183} INFO - Processing /opt/airflow/dags/first_example.py took 0.037 seconds
[2024-06-29T07:53:07.432+0000] {processor.py:161} INFO - Started process (PID=12264) to work on /opt/airflow/dags/first_example.py
[2024-06-29T07:53:07.432+0000] {processor.py:830} INFO - Processing file /opt/airflow/dags/first_example.py for tasks to queue
[2024-06-29T07:53:07.433+0000] {logging_mixin.py:188} INFO - [2024-06-29T07:53:07.433+0000] {dagbag.py:545} INFO - Filling up the DagBag from /opt/airflow/dags/first_example.py
[2024-06-29T07:53:07.439+0000] {processor.py:840} INFO - DAG(s) 'first_example_v3' retrieved from /opt/airflow/dags/first_example.py
[2024-06-29T07:53:07.452+0000] {logging_mixin.py:188} INFO - [2024-06-29T07:53:07.452+0000] {dag.py:3096} INFO - Sync 1 DAGs
[2024-06-29T07:53:07.460+0000] {logging_mixin.py:188} INFO - [2024-06-29T07:53:07.460+0000] {dag.py:3954} INFO - Setting next_dagrun for first_example_v3 to 2024-06-27 00:00:00+00:00, run_after=2024-06-28 00:00:00+00:00
[2024-06-29T07:53:07.467+0000] {processor.py:183} INFO - Processing /opt/airflow/dags/first_example.py took 0.038 seconds
[2024-06-29T08:28:59.583+0000] {processor.py:161} INFO - Started process (PID=12280) to work on /opt/airflow/dags/first_example.py
[2024-06-29T08:28:59.584+0000] {processor.py:830} INFO - Processing file /opt/airflow/dags/first_example.py for tasks to queue
[2024-06-29T08:28:59.584+0000] {logging_mixin.py:188} INFO - [2024-06-29T08:28:59.584+0000] {dagbag.py:545} INFO - Filling up the DagBag from /opt/airflow/dags/first_example.py
[2024-06-29T08:28:59.592+0000] {processor.py:840} INFO - DAG(s) 'first_example_v3' retrieved from /opt/airflow/dags/first_example.py
[2024-06-29T08:28:59.604+0000] {logging_mixin.py:188} INFO - [2024-06-29T08:28:59.604+0000] {dag.py:3096} INFO - Sync 1 DAGs
[2024-06-29T08:28:59.612+0000] {logging_mixin.py:188} INFO - [2024-06-29T08:28:59.612+0000] {dag.py:3954} INFO - Setting next_dagrun for first_example_v3 to 2024-06-27 00:00:00+00:00, run_after=2024-06-28 00:00:00+00:00
[2024-06-29T08:28:59.619+0000] {processor.py:183} INFO - Processing /opt/airflow/dags/first_example.py took 0.039 seconds
[2024-06-29T09:31:01.691+0000] {processor.py:161} INFO - Started process (PID=12296) to work on /opt/airflow/dags/first_example.py
[2024-06-29T09:31:01.692+0000] {processor.py:830} INFO - Processing file /opt/airflow/dags/first_example.py for tasks to queue
[2024-06-29T09:31:01.692+0000] {logging_mixin.py:188} INFO - [2024-06-29T09:31:01.692+0000] {dagbag.py:545} INFO - Filling up the DagBag from /opt/airflow/dags/first_example.py
[2024-06-29T09:31:01.698+0000] {processor.py:840} INFO - DAG(s) 'first_example_v3' retrieved from /opt/airflow/dags/first_example.py
[2024-06-29T09:31:01.711+0000] {logging_mixin.py:188} INFO - [2024-06-29T09:31:01.711+0000] {dag.py:3096} INFO - Sync 1 DAGs
[2024-06-29T09:31:01.720+0000] {logging_mixin.py:188} INFO - [2024-06-29T09:31:01.720+0000] {dag.py:3954} INFO - Setting next_dagrun for first_example_v3 to 2024-06-27 00:00:00+00:00, run_after=2024-06-28 00:00:00+00:00
[2024-06-29T09:31:01.727+0000] {processor.py:183} INFO - Processing /opt/airflow/dags/first_example.py took 0.039 seconds
[2024-06-29T10:29:45.155+0000] {processor.py:161} INFO - Started process (PID=12312) to work on /opt/airflow/dags/first_example.py
[2024-06-29T10:29:45.155+0000] {processor.py:830} INFO - Processing file /opt/airflow/dags/first_example.py for tasks to queue
[2024-06-29T10:29:45.156+0000] {logging_mixin.py:188} INFO - [2024-06-29T10:29:45.156+0000] {dagbag.py:545} INFO - Filling up the DagBag from /opt/airflow/dags/first_example.py
[2024-06-29T10:29:45.161+0000] {processor.py:840} INFO - DAG(s) 'first_example_v3' retrieved from /opt/airflow/dags/first_example.py
[2024-06-29T10:29:45.172+0000] {logging_mixin.py:188} INFO - [2024-06-29T10:29:45.172+0000] {dag.py:3096} INFO - Sync 1 DAGs
[2024-06-29T10:29:45.179+0000] {logging_mixin.py:188} INFO - [2024-06-29T10:29:45.179+0000] {dag.py:3954} INFO - Setting next_dagrun for first_example_v3 to 2024-06-27 00:00:00+00:00, run_after=2024-06-28 00:00:00+00:00
[2024-06-29T10:29:45.186+0000] {processor.py:183} INFO - Processing /opt/airflow/dags/first_example.py took 0.033 seconds
[2024-06-29T11:20:06.333+0000] {processor.py:161} INFO - Started process (PID=12328) to work on /opt/airflow/dags/first_example.py
[2024-06-29T11:20:06.334+0000] {processor.py:830} INFO - Processing file /opt/airflow/dags/first_example.py for tasks to queue
[2024-06-29T11:20:06.334+0000] {logging_mixin.py:188} INFO - [2024-06-29T11:20:06.334+0000] {dagbag.py:545} INFO - Filling up the DagBag from /opt/airflow/dags/first_example.py
[2024-06-29T11:20:06.340+0000] {processor.py:840} INFO - DAG(s) 'first_example_v3' retrieved from /opt/airflow/dags/first_example.py
[2024-06-29T11:20:06.352+0000] {logging_mixin.py:188} INFO - [2024-06-29T11:20:06.352+0000] {dag.py:3096} INFO - Sync 1 DAGs
[2024-06-29T11:20:06.360+0000] {logging_mixin.py:188} INFO - [2024-06-29T11:20:06.360+0000] {dag.py:3954} INFO - Setting next_dagrun for first_example_v3 to 2024-06-27 00:00:00+00:00, run_after=2024-06-28 00:00:00+00:00
[2024-06-29T11:20:06.367+0000] {processor.py:183} INFO - Processing /opt/airflow/dags/first_example.py took 0.036 seconds
[2024-06-29T11:38:29.170+0000] {processor.py:161} INFO - Started process (PID=12344) to work on /opt/airflow/dags/first_example.py
[2024-06-29T11:38:29.170+0000] {processor.py:830} INFO - Processing file /opt/airflow/dags/first_example.py for tasks to queue
[2024-06-29T11:38:29.171+0000] {logging_mixin.py:188} INFO - [2024-06-29T11:38:29.171+0000] {dagbag.py:545} INFO - Filling up the DagBag from /opt/airflow/dags/first_example.py
[2024-06-29T11:38:29.178+0000] {processor.py:840} INFO - DAG(s) 'first_example_v3' retrieved from /opt/airflow/dags/first_example.py
[2024-06-29T11:38:29.191+0000] {logging_mixin.py:188} INFO - [2024-06-29T11:38:29.191+0000] {dag.py:3096} INFO - Sync 1 DAGs
[2024-06-29T11:38:29.200+0000] {logging_mixin.py:188} INFO - [2024-06-29T11:38:29.200+0000] {dag.py:3954} INFO - Setting next_dagrun for first_example_v3 to 2024-06-27 00:00:00+00:00, run_after=2024-06-28 00:00:00+00:00
[2024-06-29T11:38:29.206+0000] {processor.py:183} INFO - Processing /opt/airflow/dags/first_example.py took 0.040 seconds
[2024-06-29T12:32:16.551+0000] {processor.py:161} INFO - Started process (PID=12359) to work on /opt/airflow/dags/first_example.py
[2024-06-29T12:32:16.552+0000] {processor.py:830} INFO - Processing file /opt/airflow/dags/first_example.py for tasks to queue
[2024-06-29T12:32:16.553+0000] {logging_mixin.py:188} INFO - [2024-06-29T12:32:16.553+0000] {dagbag.py:545} INFO - Filling up the DagBag from /opt/airflow/dags/first_example.py
[2024-06-29T12:32:16.561+0000] {processor.py:840} INFO - DAG(s) 'first_example_v3' retrieved from /opt/airflow/dags/first_example.py
[2024-06-29T12:32:16.576+0000] {logging_mixin.py:188} INFO - [2024-06-29T12:32:16.576+0000] {dag.py:3096} INFO - Sync 1 DAGs
[2024-06-29T12:32:16.585+0000] {logging_mixin.py:188} INFO - [2024-06-29T12:32:16.585+0000] {dag.py:3954} INFO - Setting next_dagrun for first_example_v3 to 2024-06-27 00:00:00+00:00, run_after=2024-06-28 00:00:00+00:00
[2024-06-29T12:32:16.592+0000] {processor.py:183} INFO - Processing /opt/airflow/dags/first_example.py took 0.045 seconds
[2024-06-29T13:07:00.796+0000] {processor.py:161} INFO - Started process (PID=12375) to work on /opt/airflow/dags/first_example.py
[2024-06-29T13:07:00.796+0000] {processor.py:830} INFO - Processing file /opt/airflow/dags/first_example.py for tasks to queue
[2024-06-29T13:07:00.797+0000] {logging_mixin.py:188} INFO - [2024-06-29T13:07:00.796+0000] {dagbag.py:545} INFO - Filling up the DagBag from /opt/airflow/dags/first_example.py
[2024-06-29T13:07:00.804+0000] {processor.py:840} INFO - DAG(s) 'first_example_v3' retrieved from /opt/airflow/dags/first_example.py
[2024-06-29T13:07:00.819+0000] {logging_mixin.py:188} INFO - [2024-06-29T13:07:00.818+0000] {dag.py:3096} INFO - Sync 1 DAGs
[2024-06-29T13:07:00.828+0000] {logging_mixin.py:188} INFO - [2024-06-29T13:07:00.828+0000] {dag.py:3954} INFO - Setting next_dagrun for first_example_v3 to 2024-06-27 00:00:00+00:00, run_after=2024-06-28 00:00:00+00:00
[2024-06-29T13:07:00.837+0000] {processor.py:183} INFO - Processing /opt/airflow/dags/first_example.py took 0.045 seconds
[2024-06-29T13:10:08.302+0000] {processor.py:161} INFO - Started process (PID=12391) to work on /opt/airflow/dags/first_example.py
[2024-06-29T13:10:08.303+0000] {processor.py:830} INFO - Processing file /opt/airflow/dags/first_example.py for tasks to queue
[2024-06-29T13:10:08.303+0000] {logging_mixin.py:188} INFO - [2024-06-29T13:10:08.303+0000] {dagbag.py:545} INFO - Filling up the DagBag from /opt/airflow/dags/first_example.py
[2024-06-29T13:10:08.311+0000] {processor.py:840} INFO - DAG(s) 'first_example_v3' retrieved from /opt/airflow/dags/first_example.py
[2024-06-29T13:10:08.324+0000] {logging_mixin.py:188} INFO - [2024-06-29T13:10:08.324+0000] {dag.py:3096} INFO - Sync 1 DAGs
[2024-06-29T13:10:08.334+0000] {logging_mixin.py:188} INFO - [2024-06-29T13:10:08.333+0000] {dag.py:3954} INFO - Setting next_dagrun for first_example_v3 to 2024-06-27 00:00:00+00:00, run_after=2024-06-28 00:00:00+00:00
[2024-06-29T13:10:08.341+0000] {processor.py:183} INFO - Processing /opt/airflow/dags/first_example.py took 0.042 seconds
[2024-06-29T13:35:12.229+0000] {processor.py:161} INFO - Started process (PID=12407) to work on /opt/airflow/dags/first_example.py
[2024-06-29T13:35:12.230+0000] {processor.py:830} INFO - Processing file /opt/airflow/dags/first_example.py for tasks to queue
[2024-06-29T13:35:12.230+0000] {logging_mixin.py:188} INFO - [2024-06-29T13:35:12.230+0000] {dagbag.py:545} INFO - Filling up the DagBag from /opt/airflow/dags/first_example.py
[2024-06-29T13:35:12.238+0000] {processor.py:840} INFO - DAG(s) 'first_example_v3' retrieved from /opt/airflow/dags/first_example.py
[2024-06-29T13:35:12.250+0000] {logging_mixin.py:188} INFO - [2024-06-29T13:35:12.250+0000] {dag.py:3096} INFO - Sync 1 DAGs
[2024-06-29T13:35:12.259+0000] {logging_mixin.py:188} INFO - [2024-06-29T13:35:12.259+0000] {dag.py:3954} INFO - Setting next_dagrun for first_example_v3 to 2024-06-27 00:00:00+00:00, run_after=2024-06-28 00:00:00+00:00
[2024-06-29T13:35:12.266+0000] {processor.py:183} INFO - Processing /opt/airflow/dags/first_example.py took 0.041 seconds
[2024-06-29T14:33:37.551+0000] {processor.py:161} INFO - Started process (PID=12423) to work on /opt/airflow/dags/first_example.py
[2024-06-29T14:33:37.552+0000] {processor.py:830} INFO - Processing file /opt/airflow/dags/first_example.py for tasks to queue
[2024-06-29T14:33:37.552+0000] {logging_mixin.py:188} INFO - [2024-06-29T14:33:37.552+0000] {dagbag.py:545} INFO - Filling up the DagBag from /opt/airflow/dags/first_example.py
[2024-06-29T14:33:37.559+0000] {processor.py:840} INFO - DAG(s) 'first_example_v3' retrieved from /opt/airflow/dags/first_example.py
[2024-06-29T14:33:37.572+0000] {logging_mixin.py:188} INFO - [2024-06-29T14:33:37.571+0000] {dag.py:3096} INFO - Sync 1 DAGs
[2024-06-29T14:33:37.581+0000] {logging_mixin.py:188} INFO - [2024-06-29T14:33:37.581+0000] {dag.py:3954} INFO - Setting next_dagrun for first_example_v3 to 2024-06-27 00:00:00+00:00, run_after=2024-06-28 00:00:00+00:00
[2024-06-29T14:33:37.588+0000] {processor.py:183} INFO - Processing /opt/airflow/dags/first_example.py took 0.039 seconds
[2024-06-29T14:40:35.454+0000] {processor.py:161} INFO - Started process (PID=12439) to work on /opt/airflow/dags/first_example.py
[2024-06-29T14:40:35.454+0000] {processor.py:830} INFO - Processing file /opt/airflow/dags/first_example.py for tasks to queue
[2024-06-29T14:40:35.455+0000] {logging_mixin.py:188} INFO - [2024-06-29T14:40:35.455+0000] {dagbag.py:545} INFO - Filling up the DagBag from /opt/airflow/dags/first_example.py
[2024-06-29T14:40:35.461+0000] {processor.py:840} INFO - DAG(s) 'first_example_v3' retrieved from /opt/airflow/dags/first_example.py
[2024-06-29T14:40:35.473+0000] {logging_mixin.py:188} INFO - [2024-06-29T14:40:35.472+0000] {dag.py:3096} INFO - Sync 1 DAGs
[2024-06-29T14:40:35.480+0000] {logging_mixin.py:188} INFO - [2024-06-29T14:40:35.480+0000] {dag.py:3954} INFO - Setting next_dagrun for first_example_v3 to 2024-06-27 00:00:00+00:00, run_after=2024-06-28 00:00:00+00:00
[2024-06-29T14:40:35.487+0000] {processor.py:183} INFO - Processing /opt/airflow/dags/first_example.py took 0.036 seconds
[2024-06-29T15:19:22.728+0000] {processor.py:161} INFO - Started process (PID=12455) to work on /opt/airflow/dags/first_example.py
[2024-06-29T15:19:22.728+0000] {processor.py:830} INFO - Processing file /opt/airflow/dags/first_example.py for tasks to queue
[2024-06-29T15:19:22.729+0000] {logging_mixin.py:188} INFO - [2024-06-29T15:19:22.728+0000] {dagbag.py:545} INFO - Filling up the DagBag from /opt/airflow/dags/first_example.py
[2024-06-29T15:19:22.735+0000] {processor.py:840} INFO - DAG(s) 'first_example_v3' retrieved from /opt/airflow/dags/first_example.py
[2024-06-29T15:19:22.747+0000] {logging_mixin.py:188} INFO - [2024-06-29T15:19:22.747+0000] {dag.py:3096} INFO - Sync 1 DAGs
[2024-06-29T15:19:22.756+0000] {logging_mixin.py:188} INFO - [2024-06-29T15:19:22.756+0000] {dag.py:3954} INFO - Setting next_dagrun for first_example_v3 to 2024-06-27 00:00:00+00:00, run_after=2024-06-28 00:00:00+00:00
[2024-06-29T15:19:22.763+0000] {processor.py:183} INFO - Processing /opt/airflow/dags/first_example.py took 0.038 seconds
[2024-06-29T15:59:08.211+0000] {processor.py:161} INFO - Started process (PID=12471) to work on /opt/airflow/dags/first_example.py
[2024-06-29T15:59:08.212+0000] {processor.py:830} INFO - Processing file /opt/airflow/dags/first_example.py for tasks to queue
[2024-06-29T15:59:08.212+0000] {logging_mixin.py:188} INFO - [2024-06-29T15:59:08.212+0000] {dagbag.py:545} INFO - Filling up the DagBag from /opt/airflow/dags/first_example.py
[2024-06-29T15:59:08.219+0000] {processor.py:840} INFO - DAG(s) 'first_example_v3' retrieved from /opt/airflow/dags/first_example.py
[2024-06-29T15:59:08.231+0000] {logging_mixin.py:188} INFO - [2024-06-29T15:59:08.231+0000] {dag.py:3096} INFO - Sync 1 DAGs
[2024-06-29T15:59:08.240+0000] {logging_mixin.py:188} INFO - [2024-06-29T15:59:08.240+0000] {dag.py:3954} INFO - Setting next_dagrun for first_example_v3 to 2024-06-27 00:00:00+00:00, run_after=2024-06-28 00:00:00+00:00
[2024-06-29T15:59:08.246+0000] {processor.py:183} INFO - Processing /opt/airflow/dags/first_example.py took 0.038 seconds
[2024-06-29T16:08:23.619+0000] {processor.py:161} INFO - Started process (PID=12487) to work on /opt/airflow/dags/first_example.py
[2024-06-29T16:08:23.620+0000] {processor.py:830} INFO - Processing file /opt/airflow/dags/first_example.py for tasks to queue
[2024-06-29T16:08:23.620+0000] {logging_mixin.py:188} INFO - [2024-06-29T16:08:23.620+0000] {dagbag.py:545} INFO - Filling up the DagBag from /opt/airflow/dags/first_example.py
[2024-06-29T16:08:23.627+0000] {processor.py:840} INFO - DAG(s) 'first_example_v3' retrieved from /opt/airflow/dags/first_example.py
[2024-06-29T16:08:23.640+0000] {logging_mixin.py:188} INFO - [2024-06-29T16:08:23.640+0000] {dag.py:3096} INFO - Sync 1 DAGs
[2024-06-29T16:08:23.648+0000] {logging_mixin.py:188} INFO - [2024-06-29T16:08:23.648+0000] {dag.py:3954} INFO - Setting next_dagrun for first_example_v3 to 2024-06-27 00:00:00+00:00, run_after=2024-06-28 00:00:00+00:00
[2024-06-29T16:08:23.656+0000] {processor.py:183} INFO - Processing /opt/airflow/dags/first_example.py took 0.040 seconds
[2024-06-29T16:20:33.186+0000] {processor.py:161} INFO - Started process (PID=12503) to work on /opt/airflow/dags/first_example.py
[2024-06-29T16:20:33.187+0000] {processor.py:830} INFO - Processing file /opt/airflow/dags/first_example.py for tasks to queue
[2024-06-29T16:20:33.187+0000] {logging_mixin.py:188} INFO - [2024-06-29T16:20:33.187+0000] {dagbag.py:545} INFO - Filling up the DagBag from /opt/airflow/dags/first_example.py
[2024-06-29T16:20:33.194+0000] {processor.py:840} INFO - DAG(s) 'first_example_v3' retrieved from /opt/airflow/dags/first_example.py
[2024-06-29T16:20:33.208+0000] {logging_mixin.py:188} INFO - [2024-06-29T16:20:33.208+0000] {dag.py:3096} INFO - Sync 1 DAGs
[2024-06-29T16:20:33.217+0000] {logging_mixin.py:188} INFO - [2024-06-29T16:20:33.217+0000] {dag.py:3954} INFO - Setting next_dagrun for first_example_v3 to 2024-06-27 00:00:00+00:00, run_after=2024-06-28 00:00:00+00:00
[2024-06-29T16:20:33.223+0000] {processor.py:183} INFO - Processing /opt/airflow/dags/first_example.py took 0.040 seconds
[2024-06-29T16:56:16.939+0000] {processor.py:161} INFO - Started process (PID=12519) to work on /opt/airflow/dags/first_example.py
[2024-06-29T16:56:16.940+0000] {processor.py:830} INFO - Processing file /opt/airflow/dags/first_example.py for tasks to queue
[2024-06-29T16:56:16.940+0000] {logging_mixin.py:188} INFO - [2024-06-29T16:56:16.940+0000] {dagbag.py:545} INFO - Filling up the DagBag from /opt/airflow/dags/first_example.py
[2024-06-29T16:56:16.947+0000] {processor.py:840} INFO - DAG(s) 'first_example_v3' retrieved from /opt/airflow/dags/first_example.py
[2024-06-29T16:56:16.960+0000] {logging_mixin.py:188} INFO - [2024-06-29T16:56:16.960+0000] {dag.py:3096} INFO - Sync 1 DAGs
[2024-06-29T16:56:16.968+0000] {logging_mixin.py:188} INFO - [2024-06-29T16:56:16.968+0000] {dag.py:3954} INFO - Setting next_dagrun for first_example_v3 to 2024-06-27 00:00:00+00:00, run_after=2024-06-28 00:00:00+00:00
[2024-06-29T16:56:16.975+0000] {processor.py:183} INFO - Processing /opt/airflow/dags/first_example.py took 0.038 seconds
[2024-06-29T17:02:56.026+0000] {processor.py:161} INFO - Started process (PID=12535) to work on /opt/airflow/dags/first_example.py
[2024-06-29T17:02:56.026+0000] {processor.py:830} INFO - Processing file /opt/airflow/dags/first_example.py for tasks to queue
[2024-06-29T17:02:56.027+0000] {logging_mixin.py:188} INFO - [2024-06-29T17:02:56.027+0000] {dagbag.py:545} INFO - Filling up the DagBag from /opt/airflow/dags/first_example.py
[2024-06-29T17:02:56.034+0000] {processor.py:840} INFO - DAG(s) 'first_example_v3' retrieved from /opt/airflow/dags/first_example.py
[2024-06-29T17:02:56.047+0000] {logging_mixin.py:188} INFO - [2024-06-29T17:02:56.047+0000] {dag.py:3096} INFO - Sync 1 DAGs
[2024-06-29T17:02:56.055+0000] {logging_mixin.py:188} INFO - [2024-06-29T17:02:56.055+0000] {dag.py:3954} INFO - Setting next_dagrun for first_example_v3 to 2024-06-27 00:00:00+00:00, run_after=2024-06-28 00:00:00+00:00
[2024-06-29T17:02:56.062+0000] {processor.py:183} INFO - Processing /opt/airflow/dags/first_example.py took 0.040 seconds
[2024-06-29T17:38:20.227+0000] {processor.py:161} INFO - Started process (PID=12551) to work on /opt/airflow/dags/first_example.py
[2024-06-29T17:38:20.228+0000] {processor.py:830} INFO - Processing file /opt/airflow/dags/first_example.py for tasks to queue
[2024-06-29T17:38:20.228+0000] {logging_mixin.py:188} INFO - [2024-06-29T17:38:20.228+0000] {dagbag.py:545} INFO - Filling up the DagBag from /opt/airflow/dags/first_example.py
[2024-06-29T17:38:20.234+0000] {processor.py:840} INFO - DAG(s) 'first_example_v3' retrieved from /opt/airflow/dags/first_example.py
[2024-06-29T17:38:20.247+0000] {logging_mixin.py:188} INFO - [2024-06-29T17:38:20.247+0000] {dag.py:3096} INFO - Sync 1 DAGs
[2024-06-29T17:38:20.255+0000] {logging_mixin.py:188} INFO - [2024-06-29T17:38:20.255+0000] {dag.py:3954} INFO - Setting next_dagrun for first_example_v3 to 2024-06-27 00:00:00+00:00, run_after=2024-06-28 00:00:00+00:00
[2024-06-29T17:38:20.262+0000] {processor.py:183} INFO - Processing /opt/airflow/dags/first_example.py took 0.037 seconds
[2024-06-29T18:38:51.812+0000] {processor.py:161} INFO - Started process (PID=12567) to work on /opt/airflow/dags/first_example.py
[2024-06-29T18:38:51.812+0000] {processor.py:830} INFO - Processing file /opt/airflow/dags/first_example.py for tasks to queue
[2024-06-29T18:38:51.813+0000] {logging_mixin.py:188} INFO - [2024-06-29T18:38:51.813+0000] {dagbag.py:545} INFO - Filling up the DagBag from /opt/airflow/dags/first_example.py
[2024-06-29T18:38:51.818+0000] {processor.py:840} INFO - DAG(s) 'first_example_v3' retrieved from /opt/airflow/dags/first_example.py
[2024-06-29T18:38:51.829+0000] {logging_mixin.py:188} INFO - [2024-06-29T18:38:51.829+0000] {dag.py:3096} INFO - Sync 1 DAGs
[2024-06-29T18:38:51.837+0000] {logging_mixin.py:188} INFO - [2024-06-29T18:38:51.837+0000] {dag.py:3954} INFO - Setting next_dagrun for first_example_v3 to 2024-06-27 00:00:00+00:00, run_after=2024-06-28 00:00:00+00:00
[2024-06-29T18:38:51.843+0000] {processor.py:183} INFO - Processing /opt/airflow/dags/first_example.py took 0.034 seconds
[2024-06-29T19:08:00.830+0000] {processor.py:161} INFO - Started process (PID=12583) to work on /opt/airflow/dags/first_example.py
[2024-06-29T19:08:00.831+0000] {processor.py:830} INFO - Processing file /opt/airflow/dags/first_example.py for tasks to queue
[2024-06-29T19:08:00.831+0000] {logging_mixin.py:188} INFO - [2024-06-29T19:08:00.831+0000] {dagbag.py:545} INFO - Filling up the DagBag from /opt/airflow/dags/first_example.py
[2024-06-29T19:08:00.836+0000] {processor.py:840} INFO - DAG(s) 'first_example_v3' retrieved from /opt/airflow/dags/first_example.py
[2024-06-29T19:08:00.847+0000] {logging_mixin.py:188} INFO - [2024-06-29T19:08:00.847+0000] {dag.py:3096} INFO - Sync 1 DAGs
[2024-06-29T19:08:00.855+0000] {logging_mixin.py:188} INFO - [2024-06-29T19:08:00.855+0000] {dag.py:3954} INFO - Setting next_dagrun for first_example_v3 to 2024-06-27 00:00:00+00:00, run_after=2024-06-28 00:00:00+00:00
[2024-06-29T19:08:00.861+0000] {processor.py:183} INFO - Processing /opt/airflow/dags/first_example.py took 0.034 seconds
[2024-06-29T19:51:06.340+0000] {processor.py:161} INFO - Started process (PID=12599) to work on /opt/airflow/dags/first_example.py
[2024-06-29T19:51:06.341+0000] {processor.py:830} INFO - Processing file /opt/airflow/dags/first_example.py for tasks to queue
[2024-06-29T19:51:06.341+0000] {logging_mixin.py:188} INFO - [2024-06-29T19:51:06.341+0000] {dagbag.py:545} INFO - Filling up the DagBag from /opt/airflow/dags/first_example.py
[2024-06-29T19:51:06.348+0000] {processor.py:840} INFO - DAG(s) 'first_example_v3' retrieved from /opt/airflow/dags/first_example.py
[2024-06-29T19:51:06.361+0000] {logging_mixin.py:188} INFO - [2024-06-29T19:51:06.360+0000] {dag.py:3096} INFO - Sync 1 DAGs
[2024-06-29T19:51:06.369+0000] {logging_mixin.py:188} INFO - [2024-06-29T19:51:06.369+0000] {dag.py:3954} INFO - Setting next_dagrun for first_example_v3 to 2024-06-27 00:00:00+00:00, run_after=2024-06-28 00:00:00+00:00
[2024-06-29T19:51:06.376+0000] {processor.py:183} INFO - Processing /opt/airflow/dags/first_example.py took 0.038 seconds
[2024-06-29T20:24:35.143+0000] {processor.py:161} INFO - Started process (PID=12615) to work on /opt/airflow/dags/first_example.py
[2024-06-29T20:24:35.143+0000] {processor.py:830} INFO - Processing file /opt/airflow/dags/first_example.py for tasks to queue
[2024-06-29T20:24:35.144+0000] {logging_mixin.py:188} INFO - [2024-06-29T20:24:35.143+0000] {dagbag.py:545} INFO - Filling up the DagBag from /opt/airflow/dags/first_example.py
[2024-06-29T20:24:35.150+0000] {processor.py:840} INFO - DAG(s) 'first_example_v3' retrieved from /opt/airflow/dags/first_example.py
[2024-06-29T20:24:35.163+0000] {logging_mixin.py:188} INFO - [2024-06-29T20:24:35.163+0000] {dag.py:3096} INFO - Sync 1 DAGs
[2024-06-29T20:24:35.172+0000] {logging_mixin.py:188} INFO - [2024-06-29T20:24:35.172+0000] {dag.py:3954} INFO - Setting next_dagrun for first_example_v3 to 2024-06-27 00:00:00+00:00, run_after=2024-06-28 00:00:00+00:00
[2024-06-29T20:24:35.178+0000] {processor.py:183} INFO - Processing /opt/airflow/dags/first_example.py took 0.039 seconds
[2024-06-29T21:25:26.986+0000] {processor.py:161} INFO - Started process (PID=12631) to work on /opt/airflow/dags/first_example.py
[2024-06-29T21:25:26.987+0000] {processor.py:830} INFO - Processing file /opt/airflow/dags/first_example.py for tasks to queue
[2024-06-29T21:25:26.987+0000] {logging_mixin.py:188} INFO - [2024-06-29T21:25:26.987+0000] {dagbag.py:545} INFO - Filling up the DagBag from /opt/airflow/dags/first_example.py
[2024-06-29T21:25:26.994+0000] {processor.py:840} INFO - DAG(s) 'first_example_v3' retrieved from /opt/airflow/dags/first_example.py
[2024-06-29T21:25:27.006+0000] {logging_mixin.py:188} INFO - [2024-06-29T21:25:27.006+0000] {dag.py:3096} INFO - Sync 1 DAGs
[2024-06-29T21:25:27.015+0000] {logging_mixin.py:188} INFO - [2024-06-29T21:25:27.015+0000] {dag.py:3954} INFO - Setting next_dagrun for first_example_v3 to 2024-06-27 00:00:00+00:00, run_after=2024-06-28 00:00:00+00:00
[2024-06-29T21:25:27.022+0000] {processor.py:183} INFO - Processing /opt/airflow/dags/first_example.py took 0.038 seconds
[2024-06-29T21:29:23.402+0000] {processor.py:161} INFO - Started process (PID=12647) to work on /opt/airflow/dags/first_example.py
[2024-06-29T21:29:23.403+0000] {processor.py:830} INFO - Processing file /opt/airflow/dags/first_example.py for tasks to queue
[2024-06-29T21:29:23.403+0000] {logging_mixin.py:188} INFO - [2024-06-29T21:29:23.403+0000] {dagbag.py:545} INFO - Filling up the DagBag from /opt/airflow/dags/first_example.py
[2024-06-29T21:29:23.411+0000] {processor.py:840} INFO - DAG(s) 'first_example_v3' retrieved from /opt/airflow/dags/first_example.py
[2024-06-29T21:29:23.424+0000] {logging_mixin.py:188} INFO - [2024-06-29T21:29:23.423+0000] {dag.py:3096} INFO - Sync 1 DAGs
[2024-06-29T21:29:23.432+0000] {logging_mixin.py:188} INFO - [2024-06-29T21:29:23.432+0000] {dag.py:3954} INFO - Setting next_dagrun for first_example_v3 to 2024-06-27 00:00:00+00:00, run_after=2024-06-28 00:00:00+00:00
[2024-06-29T21:29:23.441+0000] {processor.py:183} INFO - Processing /opt/airflow/dags/first_example.py took 0.042 seconds
[2024-06-29T21:45:54.535+0000] {processor.py:161} INFO - Started process (PID=12663) to work on /opt/airflow/dags/first_example.py
[2024-06-29T21:45:54.536+0000] {processor.py:830} INFO - Processing file /opt/airflow/dags/first_example.py for tasks to queue
[2024-06-29T21:45:54.537+0000] {logging_mixin.py:188} INFO - [2024-06-29T21:45:54.536+0000] {dagbag.py:545} INFO - Filling up the DagBag from /opt/airflow/dags/first_example.py
[2024-06-29T21:45:54.543+0000] {processor.py:840} INFO - DAG(s) 'first_example_v3' retrieved from /opt/airflow/dags/first_example.py
[2024-06-29T21:45:54.557+0000] {logging_mixin.py:188} INFO - [2024-06-29T21:45:54.556+0000] {dag.py:3096} INFO - Sync 1 DAGs
[2024-06-29T21:45:54.565+0000] {logging_mixin.py:188} INFO - [2024-06-29T21:45:54.565+0000] {dag.py:3954} INFO - Setting next_dagrun for first_example_v3 to 2024-06-27 00:00:00+00:00, run_after=2024-06-28 00:00:00+00:00
[2024-06-29T21:45:54.573+0000] {processor.py:183} INFO - Processing /opt/airflow/dags/first_example.py took 0.040 seconds
[2024-06-29T22:26:26.300+0000] {processor.py:161} INFO - Started process (PID=12679) to work on /opt/airflow/dags/first_example.py
[2024-06-29T22:26:26.301+0000] {processor.py:830} INFO - Processing file /opt/airflow/dags/first_example.py for tasks to queue
[2024-06-29T22:26:26.301+0000] {logging_mixin.py:188} INFO - [2024-06-29T22:26:26.301+0000] {dagbag.py:545} INFO - Filling up the DagBag from /opt/airflow/dags/first_example.py
[2024-06-29T22:26:26.307+0000] {processor.py:840} INFO - DAG(s) 'first_example_v3' retrieved from /opt/airflow/dags/first_example.py
[2024-06-29T22:26:26.321+0000] {logging_mixin.py:188} INFO - [2024-06-29T22:26:26.321+0000] {dag.py:3096} INFO - Sync 1 DAGs
[2024-06-29T22:26:26.330+0000] {logging_mixin.py:188} INFO - [2024-06-29T22:26:26.330+0000] {dag.py:3954} INFO - Setting next_dagrun for first_example_v3 to 2024-06-27 00:00:00+00:00, run_after=2024-06-28 00:00:00+00:00
[2024-06-29T22:26:26.337+0000] {processor.py:183} INFO - Processing /opt/airflow/dags/first_example.py took 0.039 seconds
