[2024-06-26T17:48:20.930+0000] {local_task_job_runner.py:120} INFO - ::group::Pre task execution logs
[2024-06-26T17:48:20.943+0000] {taskinstance.py:2076} INFO - Dependencies all met for dep_context=non-requeueable deps ti=<TaskInstance: example_bash_operator.runme_1 manual__2024-06-26T17:48:18+00:00 [queued]>
[2024-06-26T17:48:20.947+0000] {taskinstance.py:2076} INFO - Dependencies all met for dep_context=requeueable deps ti=<TaskInstance: example_bash_operator.runme_1 manual__2024-06-26T17:48:18+00:00 [queued]>
[2024-06-26T17:48:20.947+0000] {taskinstance.py:2306} INFO - Starting attempt 1 of 1
[2024-06-26T17:48:20.953+0000] {taskinstance.py:2330} INFO - Executing <Task(BashOperator): runme_1> on 2024-06-26 17:48:18+00:00
[2024-06-26T17:48:20.957+0000] {standard_task_runner.py:90} INFO - Running: ['***', 'tasks', 'run', 'example_bash_operator', 'runme_1', 'manual__2024-06-26T17:48:18+00:00', '--job-id', '10', '--raw', '--subdir', '/home/***/.local/lib/python3.12/site-packages/***/example_dags/example_bash_operator.py', '--cfg-path', '/tmp/tmp9z2rp4l9']
[2024-06-26T17:48:20.959+0000] {standard_task_runner.py:91} INFO - Job 10: Subtask runme_1
[2024-06-26T17:48:20.959+0000] {logging_mixin.py:188} WARNING - /home/***/.local/lib/python3.12/site-packages/***/task/task_runner/standard_task_runner.py:61 DeprecationWarning: This process (pid=4123) is multi-threaded, use of fork() may lead to deadlocks in the child.
[2024-06-26T17:48:20.959+0000] {standard_task_runner.py:63} INFO - Started process 4133 to run task
[2024-06-26T17:48:20.984+0000] {task_command.py:426} INFO - Running <TaskInstance: example_bash_operator.runme_1 manual__2024-06-26T17:48:18+00:00 [running]> on host cb801614a36e
[2024-06-26T17:48:21.023+0000] {taskinstance.py:2648} INFO - Exporting env vars: AIRFLOW_CTX_DAG_OWNER='***' AIRFLOW_CTX_DAG_ID='example_bash_operator' AIRFLOW_CTX_TASK_ID='runme_1' AIRFLOW_CTX_EXECUTION_DATE='2024-06-26T17:48:18+00:00' AIRFLOW_CTX_TRY_NUMBER='1' AIRFLOW_CTX_DAG_RUN_ID='manual__2024-06-26T17:48:18+00:00'
[2024-06-26T17:48:21.024+0000] {taskinstance.py:430} INFO - ::endgroup::
[2024-06-26T17:48:21.025+0000] {subprocess.py:63} INFO - Tmp dir root location: /tmp
[2024-06-26T17:48:21.025+0000] {subprocess.py:75} INFO - Running command: ['/usr/bin/bash', '-c', 'echo "example_bash_operator__runme_1__20240626" && sleep 1']
[2024-06-26T17:48:21.030+0000] {subprocess.py:86} INFO - Output:
[2024-06-26T17:48:21.031+0000] {subprocess.py:93} INFO - example_bash_operator__runme_1__20240626
[2024-06-26T17:48:22.038+0000] {subprocess.py:97} INFO - Command exited with return code 0
[2024-06-26T17:48:22.042+0000] {taskinstance.py:441} INFO - ::group::Post task execution logs
[2024-06-26T17:48:22.065+0000] {taskinstance.py:1206} INFO - Marking task as SUCCESS. dag_id=example_bash_operator, task_id=runme_1, run_id=manual__2024-06-26T17:48:18+00:00, execution_date=20240626T174818, start_date=20240626T174820, end_date=20240626T174822
[2024-06-26T17:48:22.094+0000] {local_task_job_runner.py:240} INFO - Task exited with return code 0
[2024-06-26T17:48:22.103+0000] {taskinstance.py:3503} INFO - 0 downstream tasks scheduled from follow-on schedule check
[2024-06-26T17:48:22.104+0000] {local_task_job_runner.py:222} INFO - ::endgroup::
