[2024-06-26T17:48:20.937+0000] {local_task_job_runner.py:120} INFO - ::group::Pre task execution logs
[2024-06-26T17:48:20.950+0000] {taskinstance.py:2076} INFO - Dependencies all met for dep_context=non-requeueable deps ti=<TaskInstance: example_bash_operator.runme_0 manual__2024-06-26T17:48:18+00:00 [queued]>
[2024-06-26T17:48:20.954+0000] {taskinstance.py:2076} INFO - Dependencies all met for dep_context=requeueable deps ti=<TaskInstance: example_bash_operator.runme_0 manual__2024-06-26T17:48:18+00:00 [queued]>
[2024-06-26T17:48:20.957+0000] {taskinstance.py:2306} INFO - Starting attempt 1 of 1
[2024-06-26T17:48:20.963+0000] {taskinstance.py:2330} INFO - Executing <Task(BashOperator): runme_0> on 2024-06-26 17:48:18+00:00
[2024-06-26T17:48:20.967+0000] {standard_task_runner.py:90} INFO - Running: ['***', 'tasks', 'run', 'example_bash_operator', 'runme_0', 'manual__2024-06-26T17:48:18+00:00', '--job-id', '11', '--raw', '--subdir', '/home/***/.local/lib/python3.12/site-packages/***/example_dags/example_bash_operator.py', '--cfg-path', '/tmp/tmpv1a_vlbe']
[2024-06-26T17:48:20.969+0000] {logging_mixin.py:188} WARNING - /home/***/.local/lib/python3.12/site-packages/***/task/task_runner/standard_task_runner.py:61 DeprecationWarning: This process (pid=4124) is multi-threaded, use of fork() may lead to deadlocks in the child.
[2024-06-26T17:48:20.970+0000] {standard_task_runner.py:91} INFO - Job 11: Subtask runme_0
[2024-06-26T17:48:20.970+0000] {standard_task_runner.py:63} INFO - Started process 4137 to run task
[2024-06-26T17:48:20.995+0000] {task_command.py:426} INFO - Running <TaskInstance: example_bash_operator.runme_0 manual__2024-06-26T17:48:18+00:00 [running]> on host cb801614a36e
[2024-06-26T17:48:21.032+0000] {taskinstance.py:2648} INFO - Exporting env vars: AIRFLOW_CTX_DAG_OWNER='***' AIRFLOW_CTX_DAG_ID='example_bash_operator' AIRFLOW_CTX_TASK_ID='runme_0' AIRFLOW_CTX_EXECUTION_DATE='2024-06-26T17:48:18+00:00' AIRFLOW_CTX_TRY_NUMBER='1' AIRFLOW_CTX_DAG_RUN_ID='manual__2024-06-26T17:48:18+00:00'
[2024-06-26T17:48:21.034+0000] {taskinstance.py:430} INFO - ::endgroup::
[2024-06-26T17:48:21.034+0000] {subprocess.py:63} INFO - Tmp dir root location: /tmp
[2024-06-26T17:48:21.034+0000] {subprocess.py:75} INFO - Running command: ['/usr/bin/bash', '-c', 'echo "example_bash_operator__runme_0__20240626" && sleep 1']
[2024-06-26T17:48:21.039+0000] {subprocess.py:86} INFO - Output:
[2024-06-26T17:48:21.039+0000] {subprocess.py:93} INFO - example_bash_operator__runme_0__20240626
[2024-06-26T17:48:22.046+0000] {subprocess.py:97} INFO - Command exited with return code 0
[2024-06-26T17:48:22.048+0000] {taskinstance.py:441} INFO - ::group::Post task execution logs
[2024-06-26T17:48:22.065+0000] {taskinstance.py:1206} INFO - Marking task as SUCCESS. dag_id=example_bash_operator, task_id=runme_0, run_id=manual__2024-06-26T17:48:18+00:00, execution_date=20240626T174818, start_date=20240626T174820, end_date=20240626T174822
[2024-06-26T17:48:22.079+0000] {local_task_job_runner.py:240} INFO - Task exited with return code 0
[2024-06-26T17:48:22.090+0000] {taskinstance.py:3503} INFO - 1 downstream tasks scheduled from follow-on schedule check
[2024-06-26T17:48:22.091+0000] {local_task_job_runner.py:222} INFO - ::endgroup::
