[2024-06-28T00:12:13.835+0000] {processor.py:161} INFO - Started process (PID=8834) to work on /opt/airflow/dags/creat_dag_with_python_operator.py
[2024-06-28T00:12:13.836+0000] {processor.py:830} INFO - Processing file /opt/airflow/dags/creat_dag_with_python_operator.py for tasks to queue
[2024-06-28T00:12:13.836+0000] {logging_mixin.py:188} INFO - [2024-06-28T00:12:13.836+0000] {dagbag.py:545} INFO - Filling up the DagBag from /opt/airflow/dags/creat_dag_with_python_operator.py
[2024-06-28T00:12:13.842+0000] {processor.py:840} INFO - DAG(s) 'create_dag_with_python_operator_v06' retrieved from /opt/airflow/dags/creat_dag_with_python_operator.py
[2024-06-28T00:12:13.853+0000] {logging_mixin.py:188} INFO - [2024-06-28T00:12:13.853+0000] {dag.py:3096} INFO - Sync 1 DAGs
[2024-06-28T00:12:13.861+0000] {logging_mixin.py:188} INFO - [2024-06-28T00:12:13.861+0000] {dag.py:3954} INFO - Setting next_dagrun for create_dag_with_python_operator_v06 to 2024-06-27 00:00:00+00:00, run_after=2024-06-28 00:00:00+00:00
[2024-06-28T00:12:13.868+0000] {processor.py:183} INFO - Processing /opt/airflow/dags/creat_dag_with_python_operator.py took 0.034 seconds
[2024-06-28T01:01:54.968+0000] {processor.py:161} INFO - Started process (PID=8856) to work on /opt/airflow/dags/creat_dag_with_python_operator.py
[2024-06-28T01:01:54.969+0000] {processor.py:830} INFO - Processing file /opt/airflow/dags/creat_dag_with_python_operator.py for tasks to queue
[2024-06-28T01:01:54.969+0000] {logging_mixin.py:188} INFO - [2024-06-28T01:01:54.969+0000] {dagbag.py:545} INFO - Filling up the DagBag from /opt/airflow/dags/creat_dag_with_python_operator.py
[2024-06-28T01:01:54.977+0000] {processor.py:840} INFO - DAG(s) 'create_dag_with_python_operator_v06' retrieved from /opt/airflow/dags/creat_dag_with_python_operator.py
[2024-06-28T01:01:54.990+0000] {logging_mixin.py:188} INFO - [2024-06-28T01:01:54.990+0000] {dag.py:3096} INFO - Sync 1 DAGs
[2024-06-28T01:01:54.999+0000] {logging_mixin.py:188} INFO - [2024-06-28T01:01:54.999+0000] {dag.py:3954} INFO - Setting next_dagrun for create_dag_with_python_operator_v06 to 2024-06-28 00:00:00+00:00, run_after=2024-06-29 00:00:00+00:00
[2024-06-28T01:01:55.006+0000] {processor.py:183} INFO - Processing /opt/airflow/dags/creat_dag_with_python_operator.py took 0.040 seconds
[2024-06-28T02:07:56.365+0000] {processor.py:161} INFO - Started process (PID=8872) to work on /opt/airflow/dags/creat_dag_with_python_operator.py
[2024-06-28T02:07:56.366+0000] {processor.py:830} INFO - Processing file /opt/airflow/dags/creat_dag_with_python_operator.py for tasks to queue
[2024-06-28T02:07:56.366+0000] {logging_mixin.py:188} INFO - [2024-06-28T02:07:56.366+0000] {dagbag.py:545} INFO - Filling up the DagBag from /opt/airflow/dags/creat_dag_with_python_operator.py
[2024-06-28T02:07:56.373+0000] {processor.py:840} INFO - DAG(s) 'create_dag_with_python_operator_v06' retrieved from /opt/airflow/dags/creat_dag_with_python_operator.py
[2024-06-28T02:07:56.386+0000] {logging_mixin.py:188} INFO - [2024-06-28T02:07:56.386+0000] {dag.py:3096} INFO - Sync 1 DAGs
[2024-06-28T02:07:56.396+0000] {logging_mixin.py:188} INFO - [2024-06-28T02:07:56.396+0000] {dag.py:3954} INFO - Setting next_dagrun for create_dag_with_python_operator_v06 to 2024-06-28 00:00:00+00:00, run_after=2024-06-29 00:00:00+00:00
[2024-06-28T02:07:56.403+0000] {processor.py:183} INFO - Processing /opt/airflow/dags/creat_dag_with_python_operator.py took 0.041 seconds
[2024-06-28T02:36:51.406+0000] {processor.py:161} INFO - Started process (PID=8888) to work on /opt/airflow/dags/creat_dag_with_python_operator.py
[2024-06-28T02:36:51.406+0000] {processor.py:830} INFO - Processing file /opt/airflow/dags/creat_dag_with_python_operator.py for tasks to queue
[2024-06-28T02:36:51.407+0000] {logging_mixin.py:188} INFO - [2024-06-28T02:36:51.407+0000] {dagbag.py:545} INFO - Filling up the DagBag from /opt/airflow/dags/creat_dag_with_python_operator.py
[2024-06-28T02:36:51.415+0000] {processor.py:840} INFO - DAG(s) 'create_dag_with_python_operator_v06' retrieved from /opt/airflow/dags/creat_dag_with_python_operator.py
[2024-06-28T02:36:51.429+0000] {logging_mixin.py:188} INFO - [2024-06-28T02:36:51.429+0000] {dag.py:3096} INFO - Sync 1 DAGs
[2024-06-28T02:36:51.439+0000] {logging_mixin.py:188} INFO - [2024-06-28T02:36:51.439+0000] {dag.py:3954} INFO - Setting next_dagrun for create_dag_with_python_operator_v06 to 2024-06-28 00:00:00+00:00, run_after=2024-06-29 00:00:00+00:00
[2024-06-28T02:36:51.446+0000] {processor.py:183} INFO - Processing /opt/airflow/dags/creat_dag_with_python_operator.py took 0.044 seconds
[2024-06-28T03:25:24.623+0000] {processor.py:161} INFO - Started process (PID=8904) to work on /opt/airflow/dags/creat_dag_with_python_operator.py
[2024-06-28T03:25:24.623+0000] {processor.py:830} INFO - Processing file /opt/airflow/dags/creat_dag_with_python_operator.py for tasks to queue
[2024-06-28T03:25:24.624+0000] {logging_mixin.py:188} INFO - [2024-06-28T03:25:24.623+0000] {dagbag.py:545} INFO - Filling up the DagBag from /opt/airflow/dags/creat_dag_with_python_operator.py
[2024-06-28T03:25:24.631+0000] {processor.py:840} INFO - DAG(s) 'create_dag_with_python_operator_v06' retrieved from /opt/airflow/dags/creat_dag_with_python_operator.py
[2024-06-28T03:25:24.645+0000] {logging_mixin.py:188} INFO - [2024-06-28T03:25:24.645+0000] {dag.py:3096} INFO - Sync 1 DAGs
[2024-06-28T03:25:24.654+0000] {logging_mixin.py:188} INFO - [2024-06-28T03:25:24.654+0000] {dag.py:3954} INFO - Setting next_dagrun for create_dag_with_python_operator_v06 to 2024-06-28 00:00:00+00:00, run_after=2024-06-29 00:00:00+00:00
[2024-06-28T03:25:24.661+0000] {processor.py:183} INFO - Processing /opt/airflow/dags/creat_dag_with_python_operator.py took 0.042 seconds
[2024-06-28T04:13:22.488+0000] {processor.py:161} INFO - Started process (PID=8920) to work on /opt/airflow/dags/creat_dag_with_python_operator.py
[2024-06-28T04:13:22.490+0000] {processor.py:830} INFO - Processing file /opt/airflow/dags/creat_dag_with_python_operator.py for tasks to queue
[2024-06-28T04:13:22.490+0000] {logging_mixin.py:188} INFO - [2024-06-28T04:13:22.490+0000] {dagbag.py:545} INFO - Filling up the DagBag from /opt/airflow/dags/creat_dag_with_python_operator.py
[2024-06-28T04:13:22.498+0000] {processor.py:840} INFO - DAG(s) 'create_dag_with_python_operator_v06' retrieved from /opt/airflow/dags/creat_dag_with_python_operator.py
[2024-06-28T04:13:22.513+0000] {logging_mixin.py:188} INFO - [2024-06-28T04:13:22.513+0000] {dag.py:3096} INFO - Sync 1 DAGs
[2024-06-28T04:13:22.523+0000] {logging_mixin.py:188} INFO - [2024-06-28T04:13:22.522+0000] {dag.py:3954} INFO - Setting next_dagrun for create_dag_with_python_operator_v06 to 2024-06-28 00:00:00+00:00, run_after=2024-06-29 00:00:00+00:00
[2024-06-28T04:13:22.529+0000] {processor.py:183} INFO - Processing /opt/airflow/dags/creat_dag_with_python_operator.py took 0.045 seconds
[2024-06-28T04:28:54.119+0000] {processor.py:161} INFO - Started process (PID=8936) to work on /opt/airflow/dags/creat_dag_with_python_operator.py
[2024-06-28T04:28:54.119+0000] {processor.py:830} INFO - Processing file /opt/airflow/dags/creat_dag_with_python_operator.py for tasks to queue
[2024-06-28T04:28:54.120+0000] {logging_mixin.py:188} INFO - [2024-06-28T04:28:54.120+0000] {dagbag.py:545} INFO - Filling up the DagBag from /opt/airflow/dags/creat_dag_with_python_operator.py
[2024-06-28T04:28:54.127+0000] {processor.py:840} INFO - DAG(s) 'create_dag_with_python_operator_v06' retrieved from /opt/airflow/dags/creat_dag_with_python_operator.py
[2024-06-28T04:28:54.140+0000] {logging_mixin.py:188} INFO - [2024-06-28T04:28:54.140+0000] {dag.py:3096} INFO - Sync 1 DAGs
[2024-06-28T04:28:54.149+0000] {logging_mixin.py:188} INFO - [2024-06-28T04:28:54.149+0000] {dag.py:3954} INFO - Setting next_dagrun for create_dag_with_python_operator_v06 to 2024-06-28 00:00:00+00:00, run_after=2024-06-29 00:00:00+00:00
[2024-06-28T04:28:54.156+0000] {processor.py:183} INFO - Processing /opt/airflow/dags/creat_dag_with_python_operator.py took 0.042 seconds
[2024-06-28T05:26:32.810+0000] {processor.py:161} INFO - Started process (PID=8952) to work on /opt/airflow/dags/creat_dag_with_python_operator.py
[2024-06-28T05:26:32.811+0000] {processor.py:830} INFO - Processing file /opt/airflow/dags/creat_dag_with_python_operator.py for tasks to queue
[2024-06-28T05:26:32.811+0000] {logging_mixin.py:188} INFO - [2024-06-28T05:26:32.811+0000] {dagbag.py:545} INFO - Filling up the DagBag from /opt/airflow/dags/creat_dag_with_python_operator.py
[2024-06-28T05:26:32.819+0000] {processor.py:840} INFO - DAG(s) 'create_dag_with_python_operator_v06' retrieved from /opt/airflow/dags/creat_dag_with_python_operator.py
[2024-06-28T05:26:32.833+0000] {logging_mixin.py:188} INFO - [2024-06-28T05:26:32.833+0000] {dag.py:3096} INFO - Sync 1 DAGs
[2024-06-28T05:26:32.842+0000] {logging_mixin.py:188} INFO - [2024-06-28T05:26:32.842+0000] {dag.py:3954} INFO - Setting next_dagrun for create_dag_with_python_operator_v06 to 2024-06-28 00:00:00+00:00, run_after=2024-06-29 00:00:00+00:00
[2024-06-28T05:26:32.849+0000] {processor.py:183} INFO - Processing /opt/airflow/dags/creat_dag_with_python_operator.py took 0.043 seconds
[2024-06-28T05:52:28.069+0000] {processor.py:161} INFO - Started process (PID=8968) to work on /opt/airflow/dags/creat_dag_with_python_operator.py
[2024-06-28T05:52:28.070+0000] {processor.py:830} INFO - Processing file /opt/airflow/dags/creat_dag_with_python_operator.py for tasks to queue
[2024-06-28T05:52:28.070+0000] {logging_mixin.py:188} INFO - [2024-06-28T05:52:28.070+0000] {dagbag.py:545} INFO - Filling up the DagBag from /opt/airflow/dags/creat_dag_with_python_operator.py
[2024-06-28T05:52:28.078+0000] {processor.py:840} INFO - DAG(s) 'create_dag_with_python_operator_v06' retrieved from /opt/airflow/dags/creat_dag_with_python_operator.py
[2024-06-28T05:52:28.091+0000] {logging_mixin.py:188} INFO - [2024-06-28T05:52:28.091+0000] {dag.py:3096} INFO - Sync 1 DAGs
[2024-06-28T05:52:28.101+0000] {logging_mixin.py:188} INFO - [2024-06-28T05:52:28.100+0000] {dag.py:3954} INFO - Setting next_dagrun for create_dag_with_python_operator_v06 to 2024-06-28 00:00:00+00:00, run_after=2024-06-29 00:00:00+00:00
[2024-06-28T05:52:28.107+0000] {processor.py:183} INFO - Processing /opt/airflow/dags/creat_dag_with_python_operator.py took 0.041 seconds
[2024-06-28T06:06:59.142+0000] {processor.py:161} INFO - Started process (PID=8984) to work on /opt/airflow/dags/creat_dag_with_python_operator.py
[2024-06-28T06:06:59.143+0000] {processor.py:830} INFO - Processing file /opt/airflow/dags/creat_dag_with_python_operator.py for tasks to queue
[2024-06-28T06:06:59.143+0000] {logging_mixin.py:188} INFO - [2024-06-28T06:06:59.143+0000] {dagbag.py:545} INFO - Filling up the DagBag from /opt/airflow/dags/creat_dag_with_python_operator.py
[2024-06-28T06:06:59.153+0000] {processor.py:840} INFO - DAG(s) 'create_dag_with_python_operator_v06' retrieved from /opt/airflow/dags/creat_dag_with_python_operator.py
[2024-06-28T06:06:59.168+0000] {logging_mixin.py:188} INFO - [2024-06-28T06:06:59.168+0000] {dag.py:3096} INFO - Sync 1 DAGs
[2024-06-28T06:06:59.177+0000] {logging_mixin.py:188} INFO - [2024-06-28T06:06:59.177+0000] {dag.py:3954} INFO - Setting next_dagrun for create_dag_with_python_operator_v06 to 2024-06-28 00:00:00+00:00, run_after=2024-06-29 00:00:00+00:00
[2024-06-28T06:06:59.184+0000] {processor.py:183} INFO - Processing /opt/airflow/dags/creat_dag_with_python_operator.py took 0.047 seconds
[2024-06-28T06:10:39.799+0000] {processor.py:161} INFO - Started process (PID=9000) to work on /opt/airflow/dags/creat_dag_with_python_operator.py
[2024-06-28T06:10:39.800+0000] {processor.py:830} INFO - Processing file /opt/airflow/dags/creat_dag_with_python_operator.py for tasks to queue
[2024-06-28T06:10:39.800+0000] {logging_mixin.py:188} INFO - [2024-06-28T06:10:39.800+0000] {dagbag.py:545} INFO - Filling up the DagBag from /opt/airflow/dags/creat_dag_with_python_operator.py
[2024-06-28T06:10:39.809+0000] {processor.py:840} INFO - DAG(s) 'create_dag_with_python_operator_v06' retrieved from /opt/airflow/dags/creat_dag_with_python_operator.py
[2024-06-28T06:10:39.825+0000] {logging_mixin.py:188} INFO - [2024-06-28T06:10:39.825+0000] {dag.py:3096} INFO - Sync 1 DAGs
[2024-06-28T06:10:39.835+0000] {logging_mixin.py:188} INFO - [2024-06-28T06:10:39.835+0000] {dag.py:3954} INFO - Setting next_dagrun for create_dag_with_python_operator_v06 to 2024-06-28 00:00:00+00:00, run_after=2024-06-29 00:00:00+00:00
[2024-06-28T06:10:39.842+0000] {processor.py:183} INFO - Processing /opt/airflow/dags/creat_dag_with_python_operator.py took 0.049 seconds
[2024-06-28T06:11:10.123+0000] {processor.py:161} INFO - Started process (PID=9016) to work on /opt/airflow/dags/creat_dag_with_python_operator.py
[2024-06-28T06:11:10.124+0000] {processor.py:830} INFO - Processing file /opt/airflow/dags/creat_dag_with_python_operator.py for tasks to queue
[2024-06-28T06:11:10.125+0000] {logging_mixin.py:188} INFO - [2024-06-28T06:11:10.124+0000] {dagbag.py:545} INFO - Filling up the DagBag from /opt/airflow/dags/creat_dag_with_python_operator.py
[2024-06-28T06:11:10.133+0000] {processor.py:840} INFO - DAG(s) 'create_dag_with_python_operator_v06' retrieved from /opt/airflow/dags/creat_dag_with_python_operator.py
[2024-06-28T06:11:10.147+0000] {logging_mixin.py:188} INFO - [2024-06-28T06:11:10.146+0000] {dag.py:3096} INFO - Sync 1 DAGs
[2024-06-28T06:11:10.156+0000] {logging_mixin.py:188} INFO - [2024-06-28T06:11:10.156+0000] {dag.py:3954} INFO - Setting next_dagrun for create_dag_with_python_operator_v06 to 2024-06-28 00:00:00+00:00, run_after=2024-06-29 00:00:00+00:00
[2024-06-28T06:11:10.162+0000] {processor.py:183} INFO - Processing /opt/airflow/dags/creat_dag_with_python_operator.py took 0.043 seconds
[2024-06-28T06:11:40.450+0000] {processor.py:161} INFO - Started process (PID=9032) to work on /opt/airflow/dags/creat_dag_with_python_operator.py
[2024-06-28T06:11:40.451+0000] {processor.py:830} INFO - Processing file /opt/airflow/dags/creat_dag_with_python_operator.py for tasks to queue
[2024-06-28T06:11:40.451+0000] {logging_mixin.py:188} INFO - [2024-06-28T06:11:40.451+0000] {dagbag.py:545} INFO - Filling up the DagBag from /opt/airflow/dags/creat_dag_with_python_operator.py
[2024-06-28T06:11:40.460+0000] {processor.py:840} INFO - DAG(s) 'create_dag_with_python_operator_v06' retrieved from /opt/airflow/dags/creat_dag_with_python_operator.py
[2024-06-28T06:11:40.475+0000] {logging_mixin.py:188} INFO - [2024-06-28T06:11:40.475+0000] {dag.py:3096} INFO - Sync 1 DAGs
[2024-06-28T06:11:40.484+0000] {logging_mixin.py:188} INFO - [2024-06-28T06:11:40.484+0000] {dag.py:3954} INFO - Setting next_dagrun for create_dag_with_python_operator_v06 to 2024-06-28 00:00:00+00:00, run_after=2024-06-29 00:00:00+00:00
[2024-06-28T06:11:40.491+0000] {processor.py:183} INFO - Processing /opt/airflow/dags/creat_dag_with_python_operator.py took 0.047 seconds
[2024-06-28T06:12:10.794+0000] {processor.py:161} INFO - Started process (PID=9048) to work on /opt/airflow/dags/creat_dag_with_python_operator.py
[2024-06-28T06:12:10.795+0000] {processor.py:830} INFO - Processing file /opt/airflow/dags/creat_dag_with_python_operator.py for tasks to queue
[2024-06-28T06:12:10.795+0000] {logging_mixin.py:188} INFO - [2024-06-28T06:12:10.795+0000] {dagbag.py:545} INFO - Filling up the DagBag from /opt/airflow/dags/creat_dag_with_python_operator.py
[2024-06-28T06:12:10.804+0000] {processor.py:840} INFO - DAG(s) 'create_dag_with_python_operator_v06' retrieved from /opt/airflow/dags/creat_dag_with_python_operator.py
[2024-06-28T06:12:10.818+0000] {logging_mixin.py:188} INFO - [2024-06-28T06:12:10.818+0000] {dag.py:3096} INFO - Sync 1 DAGs
[2024-06-28T06:12:10.828+0000] {logging_mixin.py:188} INFO - [2024-06-28T06:12:10.828+0000] {dag.py:3954} INFO - Setting next_dagrun for create_dag_with_python_operator_v06 to 2024-06-28 00:00:00+00:00, run_after=2024-06-29 00:00:00+00:00
[2024-06-28T06:12:10.836+0000] {processor.py:183} INFO - Processing /opt/airflow/dags/creat_dag_with_python_operator.py took 0.046 seconds
[2024-06-28T06:12:41.151+0000] {processor.py:161} INFO - Started process (PID=9064) to work on /opt/airflow/dags/creat_dag_with_python_operator.py
[2024-06-28T06:12:41.152+0000] {processor.py:830} INFO - Processing file /opt/airflow/dags/creat_dag_with_python_operator.py for tasks to queue
[2024-06-28T06:12:41.153+0000] {logging_mixin.py:188} INFO - [2024-06-28T06:12:41.153+0000] {dagbag.py:545} INFO - Filling up the DagBag from /opt/airflow/dags/creat_dag_with_python_operator.py
[2024-06-28T06:12:41.162+0000] {processor.py:840} INFO - DAG(s) 'create_dag_with_python_operator_v06' retrieved from /opt/airflow/dags/creat_dag_with_python_operator.py
[2024-06-28T06:12:41.177+0000] {logging_mixin.py:188} INFO - [2024-06-28T06:12:41.177+0000] {dag.py:3096} INFO - Sync 1 DAGs
[2024-06-28T06:12:41.188+0000] {logging_mixin.py:188} INFO - [2024-06-28T06:12:41.188+0000] {dag.py:3954} INFO - Setting next_dagrun for create_dag_with_python_operator_v06 to 2024-06-28 00:00:00+00:00, run_after=2024-06-29 00:00:00+00:00
[2024-06-28T06:12:41.195+0000] {processor.py:183} INFO - Processing /opt/airflow/dags/creat_dag_with_python_operator.py took 0.048 seconds
[2024-06-28T06:13:11.527+0000] {processor.py:161} INFO - Started process (PID=9080) to work on /opt/airflow/dags/creat_dag_with_python_operator.py
[2024-06-28T06:13:11.528+0000] {processor.py:830} INFO - Processing file /opt/airflow/dags/creat_dag_with_python_operator.py for tasks to queue
[2024-06-28T06:13:11.528+0000] {logging_mixin.py:188} INFO - [2024-06-28T06:13:11.528+0000] {dagbag.py:545} INFO - Filling up the DagBag from /opt/airflow/dags/creat_dag_with_python_operator.py
[2024-06-28T06:13:11.537+0000] {processor.py:840} INFO - DAG(s) 'create_dag_with_python_operator_v06' retrieved from /opt/airflow/dags/creat_dag_with_python_operator.py
[2024-06-28T06:13:11.552+0000] {logging_mixin.py:188} INFO - [2024-06-28T06:13:11.551+0000] {dag.py:3096} INFO - Sync 1 DAGs
[2024-06-28T06:13:11.561+0000] {logging_mixin.py:188} INFO - [2024-06-28T06:13:11.561+0000] {dag.py:3954} INFO - Setting next_dagrun for create_dag_with_python_operator_v06 to 2024-06-28 00:00:00+00:00, run_after=2024-06-29 00:00:00+00:00
[2024-06-28T06:13:11.569+0000] {processor.py:183} INFO - Processing /opt/airflow/dags/creat_dag_with_python_operator.py took 0.046 seconds
[2024-06-28T06:13:41.932+0000] {processor.py:161} INFO - Started process (PID=9096) to work on /opt/airflow/dags/creat_dag_with_python_operator.py
[2024-06-28T06:13:41.933+0000] {processor.py:830} INFO - Processing file /opt/airflow/dags/creat_dag_with_python_operator.py for tasks to queue
[2024-06-28T06:13:41.934+0000] {logging_mixin.py:188} INFO - [2024-06-28T06:13:41.933+0000] {dagbag.py:545} INFO - Filling up the DagBag from /opt/airflow/dags/creat_dag_with_python_operator.py
[2024-06-28T06:13:41.942+0000] {processor.py:840} INFO - DAG(s) 'create_dag_with_python_operator_v06' retrieved from /opt/airflow/dags/creat_dag_with_python_operator.py
[2024-06-28T06:13:41.957+0000] {logging_mixin.py:188} INFO - [2024-06-28T06:13:41.957+0000] {dag.py:3096} INFO - Sync 1 DAGs
[2024-06-28T06:13:41.966+0000] {logging_mixin.py:188} INFO - [2024-06-28T06:13:41.966+0000] {dag.py:3954} INFO - Setting next_dagrun for create_dag_with_python_operator_v06 to 2024-06-28 00:00:00+00:00, run_after=2024-06-29 00:00:00+00:00
[2024-06-28T06:13:41.973+0000] {processor.py:183} INFO - Processing /opt/airflow/dags/creat_dag_with_python_operator.py took 0.046 seconds
[2024-06-28T06:14:12.293+0000] {processor.py:161} INFO - Started process (PID=9112) to work on /opt/airflow/dags/creat_dag_with_python_operator.py
[2024-06-28T06:14:12.294+0000] {processor.py:830} INFO - Processing file /opt/airflow/dags/creat_dag_with_python_operator.py for tasks to queue
[2024-06-28T06:14:12.294+0000] {logging_mixin.py:188} INFO - [2024-06-28T06:14:12.294+0000] {dagbag.py:545} INFO - Filling up the DagBag from /opt/airflow/dags/creat_dag_with_python_operator.py
[2024-06-28T06:14:12.302+0000] {processor.py:840} INFO - DAG(s) 'create_dag_with_python_operator_v06' retrieved from /opt/airflow/dags/creat_dag_with_python_operator.py
[2024-06-28T06:14:12.314+0000] {logging_mixin.py:188} INFO - [2024-06-28T06:14:12.314+0000] {dag.py:3096} INFO - Sync 1 DAGs
[2024-06-28T06:14:12.323+0000] {logging_mixin.py:188} INFO - [2024-06-28T06:14:12.322+0000] {dag.py:3954} INFO - Setting next_dagrun for create_dag_with_python_operator_v06 to 2024-06-28 00:00:00+00:00, run_after=2024-06-29 00:00:00+00:00
[2024-06-28T06:14:12.329+0000] {processor.py:183} INFO - Processing /opt/airflow/dags/creat_dag_with_python_operator.py took 0.039 seconds
[2024-06-28T06:14:42.655+0000] {processor.py:161} INFO - Started process (PID=9128) to work on /opt/airflow/dags/creat_dag_with_python_operator.py
[2024-06-28T06:14:42.656+0000] {processor.py:830} INFO - Processing file /opt/airflow/dags/creat_dag_with_python_operator.py for tasks to queue
[2024-06-28T06:14:42.656+0000] {logging_mixin.py:188} INFO - [2024-06-28T06:14:42.656+0000] {dagbag.py:545} INFO - Filling up the DagBag from /opt/airflow/dags/creat_dag_with_python_operator.py
[2024-06-28T06:14:42.665+0000] {processor.py:840} INFO - DAG(s) 'create_dag_with_python_operator_v06' retrieved from /opt/airflow/dags/creat_dag_with_python_operator.py
[2024-06-28T06:14:42.680+0000] {logging_mixin.py:188} INFO - [2024-06-28T06:14:42.679+0000] {dag.py:3096} INFO - Sync 1 DAGs
[2024-06-28T06:14:42.689+0000] {logging_mixin.py:188} INFO - [2024-06-28T06:14:42.689+0000] {dag.py:3954} INFO - Setting next_dagrun for create_dag_with_python_operator_v06 to 2024-06-28 00:00:00+00:00, run_after=2024-06-29 00:00:00+00:00
[2024-06-28T06:14:42.696+0000] {processor.py:183} INFO - Processing /opt/airflow/dags/creat_dag_with_python_operator.py took 0.047 seconds
[2024-06-28T06:15:13.011+0000] {processor.py:161} INFO - Started process (PID=9144) to work on /opt/airflow/dags/creat_dag_with_python_operator.py
[2024-06-28T06:15:13.012+0000] {processor.py:830} INFO - Processing file /opt/airflow/dags/creat_dag_with_python_operator.py for tasks to queue
[2024-06-28T06:15:13.013+0000] {logging_mixin.py:188} INFO - [2024-06-28T06:15:13.012+0000] {dagbag.py:545} INFO - Filling up the DagBag from /opt/airflow/dags/creat_dag_with_python_operator.py
[2024-06-28T06:15:13.021+0000] {processor.py:840} INFO - DAG(s) 'create_dag_with_python_operator_v06' retrieved from /opt/airflow/dags/creat_dag_with_python_operator.py
[2024-06-28T06:15:13.036+0000] {logging_mixin.py:188} INFO - [2024-06-28T06:15:13.036+0000] {dag.py:3096} INFO - Sync 1 DAGs
[2024-06-28T06:15:13.046+0000] {logging_mixin.py:188} INFO - [2024-06-28T06:15:13.046+0000] {dag.py:3954} INFO - Setting next_dagrun for create_dag_with_python_operator_v06 to 2024-06-28 00:00:00+00:00, run_after=2024-06-29 00:00:00+00:00
[2024-06-28T06:15:13.054+0000] {processor.py:183} INFO - Processing /opt/airflow/dags/creat_dag_with_python_operator.py took 0.048 seconds
[2024-06-28T06:15:43.346+0000] {processor.py:161} INFO - Started process (PID=9160) to work on /opt/airflow/dags/creat_dag_with_python_operator.py
[2024-06-28T06:15:43.347+0000] {processor.py:830} INFO - Processing file /opt/airflow/dags/creat_dag_with_python_operator.py for tasks to queue
[2024-06-28T06:15:43.347+0000] {logging_mixin.py:188} INFO - [2024-06-28T06:15:43.347+0000] {dagbag.py:545} INFO - Filling up the DagBag from /opt/airflow/dags/creat_dag_with_python_operator.py
[2024-06-28T06:15:43.355+0000] {processor.py:840} INFO - DAG(s) 'create_dag_with_python_operator_v06' retrieved from /opt/airflow/dags/creat_dag_with_python_operator.py
[2024-06-28T06:15:43.368+0000] {logging_mixin.py:188} INFO - [2024-06-28T06:15:43.368+0000] {dag.py:3096} INFO - Sync 1 DAGs
[2024-06-28T06:15:43.377+0000] {logging_mixin.py:188} INFO - [2024-06-28T06:15:43.377+0000] {dag.py:3954} INFO - Setting next_dagrun for create_dag_with_python_operator_v06 to 2024-06-28 00:00:00+00:00, run_after=2024-06-29 00:00:00+00:00
[2024-06-28T06:15:43.384+0000] {processor.py:183} INFO - Processing /opt/airflow/dags/creat_dag_with_python_operator.py took 0.041 seconds
[2024-06-28T06:16:13.693+0000] {processor.py:161} INFO - Started process (PID=9176) to work on /opt/airflow/dags/creat_dag_with_python_operator.py
[2024-06-28T06:16:13.694+0000] {processor.py:830} INFO - Processing file /opt/airflow/dags/creat_dag_with_python_operator.py for tasks to queue
[2024-06-28T06:16:13.695+0000] {logging_mixin.py:188} INFO - [2024-06-28T06:16:13.694+0000] {dagbag.py:545} INFO - Filling up the DagBag from /opt/airflow/dags/creat_dag_with_python_operator.py
[2024-06-28T06:16:13.703+0000] {processor.py:840} INFO - DAG(s) 'create_dag_with_python_operator_v06' retrieved from /opt/airflow/dags/creat_dag_with_python_operator.py
[2024-06-28T06:16:13.718+0000] {logging_mixin.py:188} INFO - [2024-06-28T06:16:13.718+0000] {dag.py:3096} INFO - Sync 1 DAGs
[2024-06-28T06:16:13.727+0000] {logging_mixin.py:188} INFO - [2024-06-28T06:16:13.727+0000] {dag.py:3954} INFO - Setting next_dagrun for create_dag_with_python_operator_v06 to 2024-06-28 00:00:00+00:00, run_after=2024-06-29 00:00:00+00:00
[2024-06-28T06:16:13.734+0000] {processor.py:183} INFO - Processing /opt/airflow/dags/creat_dag_with_python_operator.py took 0.046 seconds
[2024-06-28T06:16:44.062+0000] {processor.py:161} INFO - Started process (PID=9192) to work on /opt/airflow/dags/creat_dag_with_python_operator.py
[2024-06-28T06:16:44.063+0000] {processor.py:830} INFO - Processing file /opt/airflow/dags/creat_dag_with_python_operator.py for tasks to queue
[2024-06-28T06:16:44.064+0000] {logging_mixin.py:188} INFO - [2024-06-28T06:16:44.063+0000] {dagbag.py:545} INFO - Filling up the DagBag from /opt/airflow/dags/creat_dag_with_python_operator.py
[2024-06-28T06:16:44.072+0000] {processor.py:840} INFO - DAG(s) 'create_dag_with_python_operator_v06' retrieved from /opt/airflow/dags/creat_dag_with_python_operator.py
[2024-06-28T06:16:44.087+0000] {logging_mixin.py:188} INFO - [2024-06-28T06:16:44.087+0000] {dag.py:3096} INFO - Sync 1 DAGs
[2024-06-28T06:16:44.096+0000] {logging_mixin.py:188} INFO - [2024-06-28T06:16:44.096+0000] {dag.py:3954} INFO - Setting next_dagrun for create_dag_with_python_operator_v06 to 2024-06-28 00:00:00+00:00, run_after=2024-06-29 00:00:00+00:00
[2024-06-28T06:16:44.104+0000] {processor.py:183} INFO - Processing /opt/airflow/dags/creat_dag_with_python_operator.py took 0.047 seconds
[2024-06-28T06:17:14.411+0000] {processor.py:161} INFO - Started process (PID=9208) to work on /opt/airflow/dags/creat_dag_with_python_operator.py
[2024-06-28T06:17:14.412+0000] {processor.py:830} INFO - Processing file /opt/airflow/dags/creat_dag_with_python_operator.py for tasks to queue
[2024-06-28T06:17:14.413+0000] {logging_mixin.py:188} INFO - [2024-06-28T06:17:14.413+0000] {dagbag.py:545} INFO - Filling up the DagBag from /opt/airflow/dags/creat_dag_with_python_operator.py
[2024-06-28T06:17:14.421+0000] {processor.py:840} INFO - DAG(s) 'create_dag_with_python_operator_v06' retrieved from /opt/airflow/dags/creat_dag_with_python_operator.py
[2024-06-28T06:17:14.436+0000] {logging_mixin.py:188} INFO - [2024-06-28T06:17:14.436+0000] {dag.py:3096} INFO - Sync 1 DAGs
[2024-06-28T06:17:14.445+0000] {logging_mixin.py:188} INFO - [2024-06-28T06:17:14.445+0000] {dag.py:3954} INFO - Setting next_dagrun for create_dag_with_python_operator_v06 to 2024-06-28 00:00:00+00:00, run_after=2024-06-29 00:00:00+00:00
[2024-06-28T06:17:14.452+0000] {processor.py:183} INFO - Processing /opt/airflow/dags/creat_dag_with_python_operator.py took 0.046 seconds
[2024-06-28T06:17:44.778+0000] {processor.py:161} INFO - Started process (PID=9224) to work on /opt/airflow/dags/creat_dag_with_python_operator.py
[2024-06-28T06:17:44.778+0000] {processor.py:830} INFO - Processing file /opt/airflow/dags/creat_dag_with_python_operator.py for tasks to queue
[2024-06-28T06:17:44.779+0000] {logging_mixin.py:188} INFO - [2024-06-28T06:17:44.779+0000] {dagbag.py:545} INFO - Filling up the DagBag from /opt/airflow/dags/creat_dag_with_python_operator.py
[2024-06-28T06:17:44.787+0000] {processor.py:840} INFO - DAG(s) 'create_dag_with_python_operator_v06' retrieved from /opt/airflow/dags/creat_dag_with_python_operator.py
[2024-06-28T06:17:44.801+0000] {logging_mixin.py:188} INFO - [2024-06-28T06:17:44.801+0000] {dag.py:3096} INFO - Sync 1 DAGs
[2024-06-28T06:17:44.811+0000] {logging_mixin.py:188} INFO - [2024-06-28T06:17:44.811+0000] {dag.py:3954} INFO - Setting next_dagrun for create_dag_with_python_operator_v06 to 2024-06-28 00:00:00+00:00, run_after=2024-06-29 00:00:00+00:00
[2024-06-28T06:17:44.818+0000] {processor.py:183} INFO - Processing /opt/airflow/dags/creat_dag_with_python_operator.py took 0.044 seconds
[2024-06-28T06:18:15.140+0000] {processor.py:161} INFO - Started process (PID=9240) to work on /opt/airflow/dags/creat_dag_with_python_operator.py
[2024-06-28T06:18:15.141+0000] {processor.py:830} INFO - Processing file /opt/airflow/dags/creat_dag_with_python_operator.py for tasks to queue
[2024-06-28T06:18:15.142+0000] {logging_mixin.py:188} INFO - [2024-06-28T06:18:15.141+0000] {dagbag.py:545} INFO - Filling up the DagBag from /opt/airflow/dags/creat_dag_with_python_operator.py
[2024-06-28T06:18:15.150+0000] {processor.py:840} INFO - DAG(s) 'create_dag_with_python_operator_v06' retrieved from /opt/airflow/dags/creat_dag_with_python_operator.py
[2024-06-28T06:18:15.165+0000] {logging_mixin.py:188} INFO - [2024-06-28T06:18:15.164+0000] {dag.py:3096} INFO - Sync 1 DAGs
[2024-06-28T06:18:15.175+0000] {logging_mixin.py:188} INFO - [2024-06-28T06:18:15.175+0000] {dag.py:3954} INFO - Setting next_dagrun for create_dag_with_python_operator_v06 to 2024-06-28 00:00:00+00:00, run_after=2024-06-29 00:00:00+00:00
[2024-06-28T06:18:15.182+0000] {processor.py:183} INFO - Processing /opt/airflow/dags/creat_dag_with_python_operator.py took 0.047 seconds
[2024-06-28T06:18:45.509+0000] {processor.py:161} INFO - Started process (PID=9256) to work on /opt/airflow/dags/creat_dag_with_python_operator.py
[2024-06-28T06:18:45.510+0000] {processor.py:830} INFO - Processing file /opt/airflow/dags/creat_dag_with_python_operator.py for tasks to queue
[2024-06-28T06:18:45.511+0000] {logging_mixin.py:188} INFO - [2024-06-28T06:18:45.511+0000] {dagbag.py:545} INFO - Filling up the DagBag from /opt/airflow/dags/creat_dag_with_python_operator.py
[2024-06-28T06:18:45.520+0000] {processor.py:840} INFO - DAG(s) 'create_dag_with_python_operator_v06' retrieved from /opt/airflow/dags/creat_dag_with_python_operator.py
[2024-06-28T06:18:45.536+0000] {logging_mixin.py:188} INFO - [2024-06-28T06:18:45.535+0000] {dag.py:3096} INFO - Sync 1 DAGs
[2024-06-28T06:18:45.546+0000] {logging_mixin.py:188} INFO - [2024-06-28T06:18:45.546+0000] {dag.py:3954} INFO - Setting next_dagrun for create_dag_with_python_operator_v06 to 2024-06-28 00:00:00+00:00, run_after=2024-06-29 00:00:00+00:00
[2024-06-28T06:18:45.554+0000] {processor.py:183} INFO - Processing /opt/airflow/dags/creat_dag_with_python_operator.py took 0.049 seconds
[2024-06-28T06:19:15.869+0000] {processor.py:161} INFO - Started process (PID=9272) to work on /opt/airflow/dags/creat_dag_with_python_operator.py
[2024-06-28T06:19:15.870+0000] {processor.py:830} INFO - Processing file /opt/airflow/dags/creat_dag_with_python_operator.py for tasks to queue
[2024-06-28T06:19:15.870+0000] {logging_mixin.py:188} INFO - [2024-06-28T06:19:15.870+0000] {dagbag.py:545} INFO - Filling up the DagBag from /opt/airflow/dags/creat_dag_with_python_operator.py
[2024-06-28T06:19:15.879+0000] {processor.py:840} INFO - DAG(s) 'create_dag_with_python_operator_v06' retrieved from /opt/airflow/dags/creat_dag_with_python_operator.py
[2024-06-28T06:19:15.894+0000] {logging_mixin.py:188} INFO - [2024-06-28T06:19:15.894+0000] {dag.py:3096} INFO - Sync 1 DAGs
[2024-06-28T06:19:15.903+0000] {logging_mixin.py:188} INFO - [2024-06-28T06:19:15.903+0000] {dag.py:3954} INFO - Setting next_dagrun for create_dag_with_python_operator_v06 to 2024-06-28 00:00:00+00:00, run_after=2024-06-29 00:00:00+00:00
[2024-06-28T06:19:15.910+0000] {processor.py:183} INFO - Processing /opt/airflow/dags/creat_dag_with_python_operator.py took 0.047 seconds
[2024-06-28T06:19:46.250+0000] {processor.py:161} INFO - Started process (PID=9288) to work on /opt/airflow/dags/creat_dag_with_python_operator.py
[2024-06-28T06:19:46.251+0000] {processor.py:830} INFO - Processing file /opt/airflow/dags/creat_dag_with_python_operator.py for tasks to queue
[2024-06-28T06:19:46.252+0000] {logging_mixin.py:188} INFO - [2024-06-28T06:19:46.252+0000] {dagbag.py:545} INFO - Filling up the DagBag from /opt/airflow/dags/creat_dag_with_python_operator.py
[2024-06-28T06:19:46.261+0000] {processor.py:840} INFO - DAG(s) 'create_dag_with_python_operator_v06' retrieved from /opt/airflow/dags/creat_dag_with_python_operator.py
[2024-06-28T06:19:46.278+0000] {logging_mixin.py:188} INFO - [2024-06-28T06:19:46.277+0000] {dag.py:3096} INFO - Sync 1 DAGs
[2024-06-28T06:19:46.288+0000] {logging_mixin.py:188} INFO - [2024-06-28T06:19:46.288+0000] {dag.py:3954} INFO - Setting next_dagrun for create_dag_with_python_operator_v06 to 2024-06-28 00:00:00+00:00, run_after=2024-06-29 00:00:00+00:00
[2024-06-28T06:19:46.296+0000] {processor.py:183} INFO - Processing /opt/airflow/dags/creat_dag_with_python_operator.py took 0.049 seconds
[2024-06-28T06:20:16.598+0000] {processor.py:161} INFO - Started process (PID=9304) to work on /opt/airflow/dags/creat_dag_with_python_operator.py
[2024-06-28T06:20:16.599+0000] {processor.py:830} INFO - Processing file /opt/airflow/dags/creat_dag_with_python_operator.py for tasks to queue
[2024-06-28T06:20:16.599+0000] {logging_mixin.py:188} INFO - [2024-06-28T06:20:16.599+0000] {dagbag.py:545} INFO - Filling up the DagBag from /opt/airflow/dags/creat_dag_with_python_operator.py
[2024-06-28T06:20:16.608+0000] {processor.py:840} INFO - DAG(s) 'create_dag_with_python_operator_v06' retrieved from /opt/airflow/dags/creat_dag_with_python_operator.py
[2024-06-28T06:20:16.622+0000] {logging_mixin.py:188} INFO - [2024-06-28T06:20:16.622+0000] {dag.py:3096} INFO - Sync 1 DAGs
[2024-06-28T06:20:16.631+0000] {logging_mixin.py:188} INFO - [2024-06-28T06:20:16.631+0000] {dag.py:3954} INFO - Setting next_dagrun for create_dag_with_python_operator_v06 to 2024-06-28 00:00:00+00:00, run_after=2024-06-29 00:00:00+00:00
[2024-06-28T06:20:16.639+0000] {processor.py:183} INFO - Processing /opt/airflow/dags/creat_dag_with_python_operator.py took 0.046 seconds
[2024-06-28T06:20:46.912+0000] {processor.py:161} INFO - Started process (PID=9320) to work on /opt/airflow/dags/creat_dag_with_python_operator.py
[2024-06-28T06:20:46.913+0000] {processor.py:830} INFO - Processing file /opt/airflow/dags/creat_dag_with_python_operator.py for tasks to queue
[2024-06-28T06:20:46.913+0000] {logging_mixin.py:188} INFO - [2024-06-28T06:20:46.913+0000] {dagbag.py:545} INFO - Filling up the DagBag from /opt/airflow/dags/creat_dag_with_python_operator.py
[2024-06-28T06:20:46.922+0000] {processor.py:840} INFO - DAG(s) 'create_dag_with_python_operator_v06' retrieved from /opt/airflow/dags/creat_dag_with_python_operator.py
[2024-06-28T06:20:46.936+0000] {logging_mixin.py:188} INFO - [2024-06-28T06:20:46.936+0000] {dag.py:3096} INFO - Sync 1 DAGs
[2024-06-28T06:20:46.945+0000] {logging_mixin.py:188} INFO - [2024-06-28T06:20:46.945+0000] {dag.py:3954} INFO - Setting next_dagrun for create_dag_with_python_operator_v06 to 2024-06-28 00:00:00+00:00, run_after=2024-06-29 00:00:00+00:00
[2024-06-28T06:20:46.951+0000] {processor.py:183} INFO - Processing /opt/airflow/dags/creat_dag_with_python_operator.py took 0.044 seconds
[2024-06-28T06:21:17.224+0000] {processor.py:161} INFO - Started process (PID=9336) to work on /opt/airflow/dags/creat_dag_with_python_operator.py
[2024-06-28T06:21:17.224+0000] {processor.py:830} INFO - Processing file /opt/airflow/dags/creat_dag_with_python_operator.py for tasks to queue
[2024-06-28T06:21:17.225+0000] {logging_mixin.py:188} INFO - [2024-06-28T06:21:17.225+0000] {dagbag.py:545} INFO - Filling up the DagBag from /opt/airflow/dags/creat_dag_with_python_operator.py
[2024-06-28T06:21:17.233+0000] {processor.py:840} INFO - DAG(s) 'create_dag_with_python_operator_v06' retrieved from /opt/airflow/dags/creat_dag_with_python_operator.py
[2024-06-28T06:21:17.246+0000] {logging_mixin.py:188} INFO - [2024-06-28T06:21:17.246+0000] {dag.py:3096} INFO - Sync 1 DAGs
[2024-06-28T06:21:17.256+0000] {logging_mixin.py:188} INFO - [2024-06-28T06:21:17.256+0000] {dag.py:3954} INFO - Setting next_dagrun for create_dag_with_python_operator_v06 to 2024-06-28 00:00:00+00:00, run_after=2024-06-29 00:00:00+00:00
[2024-06-28T06:21:17.263+0000] {processor.py:183} INFO - Processing /opt/airflow/dags/creat_dag_with_python_operator.py took 0.043 seconds
[2024-06-28T06:21:47.577+0000] {processor.py:161} INFO - Started process (PID=9352) to work on /opt/airflow/dags/creat_dag_with_python_operator.py
[2024-06-28T06:21:47.578+0000] {processor.py:830} INFO - Processing file /opt/airflow/dags/creat_dag_with_python_operator.py for tasks to queue
[2024-06-28T06:21:47.579+0000] {logging_mixin.py:188} INFO - [2024-06-28T06:21:47.579+0000] {dagbag.py:545} INFO - Filling up the DagBag from /opt/airflow/dags/creat_dag_with_python_operator.py
[2024-06-28T06:21:47.587+0000] {processor.py:840} INFO - DAG(s) 'create_dag_with_python_operator_v06' retrieved from /opt/airflow/dags/creat_dag_with_python_operator.py
[2024-06-28T06:21:47.602+0000] {logging_mixin.py:188} INFO - [2024-06-28T06:21:47.602+0000] {dag.py:3096} INFO - Sync 1 DAGs
[2024-06-28T06:21:47.612+0000] {logging_mixin.py:188} INFO - [2024-06-28T06:21:47.612+0000] {dag.py:3954} INFO - Setting next_dagrun for create_dag_with_python_operator_v06 to 2024-06-28 00:00:00+00:00, run_after=2024-06-29 00:00:00+00:00
[2024-06-28T06:21:47.619+0000] {processor.py:183} INFO - Processing /opt/airflow/dags/creat_dag_with_python_operator.py took 0.047 seconds
[2024-06-28T06:22:17.950+0000] {processor.py:161} INFO - Started process (PID=9368) to work on /opt/airflow/dags/creat_dag_with_python_operator.py
[2024-06-28T06:22:17.951+0000] {processor.py:830} INFO - Processing file /opt/airflow/dags/creat_dag_with_python_operator.py for tasks to queue
[2024-06-28T06:22:17.952+0000] {logging_mixin.py:188} INFO - [2024-06-28T06:22:17.952+0000] {dagbag.py:545} INFO - Filling up the DagBag from /opt/airflow/dags/creat_dag_with_python_operator.py
[2024-06-28T06:22:17.961+0000] {processor.py:840} INFO - DAG(s) 'create_dag_with_python_operator_v06' retrieved from /opt/airflow/dags/creat_dag_with_python_operator.py
[2024-06-28T06:22:17.975+0000] {logging_mixin.py:188} INFO - [2024-06-28T06:22:17.975+0000] {dag.py:3096} INFO - Sync 1 DAGs
[2024-06-28T06:22:17.984+0000] {logging_mixin.py:188} INFO - [2024-06-28T06:22:17.984+0000] {dag.py:3954} INFO - Setting next_dagrun for create_dag_with_python_operator_v06 to 2024-06-28 00:00:00+00:00, run_after=2024-06-29 00:00:00+00:00
[2024-06-28T06:22:17.991+0000] {processor.py:183} INFO - Processing /opt/airflow/dags/creat_dag_with_python_operator.py took 0.046 seconds
[2024-06-28T06:22:48.301+0000] {processor.py:161} INFO - Started process (PID=9384) to work on /opt/airflow/dags/creat_dag_with_python_operator.py
[2024-06-28T06:22:48.302+0000] {processor.py:830} INFO - Processing file /opt/airflow/dags/creat_dag_with_python_operator.py for tasks to queue
[2024-06-28T06:22:48.303+0000] {logging_mixin.py:188} INFO - [2024-06-28T06:22:48.303+0000] {dagbag.py:545} INFO - Filling up the DagBag from /opt/airflow/dags/creat_dag_with_python_operator.py
[2024-06-28T06:22:48.312+0000] {processor.py:840} INFO - DAG(s) 'create_dag_with_python_operator_v06' retrieved from /opt/airflow/dags/creat_dag_with_python_operator.py
[2024-06-28T06:22:48.326+0000] {logging_mixin.py:188} INFO - [2024-06-28T06:22:48.326+0000] {dag.py:3096} INFO - Sync 1 DAGs
[2024-06-28T06:22:48.336+0000] {logging_mixin.py:188} INFO - [2024-06-28T06:22:48.336+0000] {dag.py:3954} INFO - Setting next_dagrun for create_dag_with_python_operator_v06 to 2024-06-28 00:00:00+00:00, run_after=2024-06-29 00:00:00+00:00
[2024-06-28T06:22:48.344+0000] {processor.py:183} INFO - Processing /opt/airflow/dags/creat_dag_with_python_operator.py took 0.046 seconds
[2024-06-28T06:23:18.620+0000] {processor.py:161} INFO - Started process (PID=9400) to work on /opt/airflow/dags/creat_dag_with_python_operator.py
[2024-06-28T06:23:18.620+0000] {processor.py:830} INFO - Processing file /opt/airflow/dags/creat_dag_with_python_operator.py for tasks to queue
[2024-06-28T06:23:18.621+0000] {logging_mixin.py:188} INFO - [2024-06-28T06:23:18.621+0000] {dagbag.py:545} INFO - Filling up the DagBag from /opt/airflow/dags/creat_dag_with_python_operator.py
[2024-06-28T06:23:18.629+0000] {processor.py:840} INFO - DAG(s) 'create_dag_with_python_operator_v06' retrieved from /opt/airflow/dags/creat_dag_with_python_operator.py
[2024-06-28T06:23:18.644+0000] {logging_mixin.py:188} INFO - [2024-06-28T06:23:18.643+0000] {dag.py:3096} INFO - Sync 1 DAGs
[2024-06-28T06:23:18.653+0000] {logging_mixin.py:188} INFO - [2024-06-28T06:23:18.653+0000] {dag.py:3954} INFO - Setting next_dagrun for create_dag_with_python_operator_v06 to 2024-06-28 00:00:00+00:00, run_after=2024-06-29 00:00:00+00:00
[2024-06-28T06:23:18.659+0000] {processor.py:183} INFO - Processing /opt/airflow/dags/creat_dag_with_python_operator.py took 0.044 seconds
[2024-06-28T06:23:49.011+0000] {processor.py:161} INFO - Started process (PID=9416) to work on /opt/airflow/dags/creat_dag_with_python_operator.py
[2024-06-28T06:23:49.012+0000] {processor.py:830} INFO - Processing file /opt/airflow/dags/creat_dag_with_python_operator.py for tasks to queue
[2024-06-28T06:23:49.012+0000] {logging_mixin.py:188} INFO - [2024-06-28T06:23:49.012+0000] {dagbag.py:545} INFO - Filling up the DagBag from /opt/airflow/dags/creat_dag_with_python_operator.py
[2024-06-28T06:23:49.020+0000] {processor.py:840} INFO - DAG(s) 'create_dag_with_python_operator_v06' retrieved from /opt/airflow/dags/creat_dag_with_python_operator.py
[2024-06-28T06:23:49.035+0000] {logging_mixin.py:188} INFO - [2024-06-28T06:23:49.034+0000] {dag.py:3096} INFO - Sync 1 DAGs
[2024-06-28T06:23:49.044+0000] {logging_mixin.py:188} INFO - [2024-06-28T06:23:49.043+0000] {dag.py:3954} INFO - Setting next_dagrun for create_dag_with_python_operator_v06 to 2024-06-28 00:00:00+00:00, run_after=2024-06-29 00:00:00+00:00
[2024-06-28T06:23:49.051+0000] {processor.py:183} INFO - Processing /opt/airflow/dags/creat_dag_with_python_operator.py took 0.044 seconds
[2024-06-28T06:24:19.351+0000] {processor.py:161} INFO - Started process (PID=9432) to work on /opt/airflow/dags/creat_dag_with_python_operator.py
[2024-06-28T06:24:19.352+0000] {processor.py:830} INFO - Processing file /opt/airflow/dags/creat_dag_with_python_operator.py for tasks to queue
[2024-06-28T06:24:19.352+0000] {logging_mixin.py:188} INFO - [2024-06-28T06:24:19.352+0000] {dagbag.py:545} INFO - Filling up the DagBag from /opt/airflow/dags/creat_dag_with_python_operator.py
[2024-06-28T06:24:19.358+0000] {processor.py:840} INFO - DAG(s) 'create_dag_with_python_operator_v06' retrieved from /opt/airflow/dags/creat_dag_with_python_operator.py
[2024-06-28T06:24:19.369+0000] {logging_mixin.py:188} INFO - [2024-06-28T06:24:19.369+0000] {dag.py:3096} INFO - Sync 1 DAGs
[2024-06-28T06:24:19.378+0000] {logging_mixin.py:188} INFO - [2024-06-28T06:24:19.378+0000] {dag.py:3954} INFO - Setting next_dagrun for create_dag_with_python_operator_v06 to 2024-06-28 00:00:00+00:00, run_after=2024-06-29 00:00:00+00:00
[2024-06-28T06:24:19.384+0000] {processor.py:183} INFO - Processing /opt/airflow/dags/creat_dag_with_python_operator.py took 0.036 seconds
[2024-06-28T06:24:49.741+0000] {processor.py:161} INFO - Started process (PID=9448) to work on /opt/airflow/dags/creat_dag_with_python_operator.py
[2024-06-28T06:24:49.742+0000] {processor.py:830} INFO - Processing file /opt/airflow/dags/creat_dag_with_python_operator.py for tasks to queue
[2024-06-28T06:24:49.742+0000] {logging_mixin.py:188} INFO - [2024-06-28T06:24:49.742+0000] {dagbag.py:545} INFO - Filling up the DagBag from /opt/airflow/dags/creat_dag_with_python_operator.py
[2024-06-28T06:24:49.751+0000] {processor.py:840} INFO - DAG(s) 'create_dag_with_python_operator_v06' retrieved from /opt/airflow/dags/creat_dag_with_python_operator.py
[2024-06-28T06:24:49.766+0000] {logging_mixin.py:188} INFO - [2024-06-28T06:24:49.766+0000] {dag.py:3096} INFO - Sync 1 DAGs
[2024-06-28T06:24:49.775+0000] {logging_mixin.py:188} INFO - [2024-06-28T06:24:49.775+0000] {dag.py:3954} INFO - Setting next_dagrun for create_dag_with_python_operator_v06 to 2024-06-28 00:00:00+00:00, run_after=2024-06-29 00:00:00+00:00
[2024-06-28T06:24:49.782+0000] {processor.py:183} INFO - Processing /opt/airflow/dags/creat_dag_with_python_operator.py took 0.047 seconds
[2024-06-28T06:25:20.093+0000] {processor.py:161} INFO - Started process (PID=9463) to work on /opt/airflow/dags/creat_dag_with_python_operator.py
[2024-06-28T06:25:20.093+0000] {processor.py:830} INFO - Processing file /opt/airflow/dags/creat_dag_with_python_operator.py for tasks to queue
[2024-06-28T06:25:20.094+0000] {logging_mixin.py:188} INFO - [2024-06-28T06:25:20.094+0000] {dagbag.py:545} INFO - Filling up the DagBag from /opt/airflow/dags/creat_dag_with_python_operator.py
[2024-06-28T06:25:20.102+0000] {processor.py:840} INFO - DAG(s) 'create_dag_with_python_operator_v06' retrieved from /opt/airflow/dags/creat_dag_with_python_operator.py
[2024-06-28T06:25:20.117+0000] {logging_mixin.py:188} INFO - [2024-06-28T06:25:20.117+0000] {dag.py:3096} INFO - Sync 1 DAGs
[2024-06-28T06:25:20.127+0000] {logging_mixin.py:188} INFO - [2024-06-28T06:25:20.127+0000] {dag.py:3954} INFO - Setting next_dagrun for create_dag_with_python_operator_v06 to 2024-06-28 00:00:00+00:00, run_after=2024-06-29 00:00:00+00:00
[2024-06-28T06:25:20.134+0000] {processor.py:183} INFO - Processing /opt/airflow/dags/creat_dag_with_python_operator.py took 0.046 seconds
