[2024-06-28T00:12:13.836+0000] {processor.py:161} INFO - Started process (PID=8837) to work on /opt/airflow/dags/first_example.py
[2024-06-28T00:12:13.836+0000] {processor.py:830} INFO - Processing file /opt/airflow/dags/first_example.py for tasks to queue
[2024-06-28T00:12:13.837+0000] {logging_mixin.py:188} INFO - [2024-06-28T00:12:13.836+0000] {dagbag.py:545} INFO - Filling up the DagBag from /opt/airflow/dags/first_example.py
[2024-06-28T00:12:13.842+0000] {processor.py:840} INFO - DAG(s) 'first_example_v3' retrieved from /opt/airflow/dags/first_example.py
[2024-06-28T00:12:13.853+0000] {logging_mixin.py:188} INFO - [2024-06-28T00:12:13.853+0000] {dag.py:3096} INFO - Sync 1 DAGs
[2024-06-28T00:12:13.861+0000] {logging_mixin.py:188} INFO - [2024-06-28T00:12:13.861+0000] {dag.py:3954} INFO - Setting next_dagrun for first_example_v3 to 2024-06-27 00:00:00+00:00, run_after=2024-06-28 00:00:00+00:00
[2024-06-28T00:12:13.868+0000] {processor.py:183} INFO - Processing /opt/airflow/dags/first_example.py took 0.034 seconds
[2024-06-28T01:01:54.970+0000] {processor.py:161} INFO - Started process (PID=8859) to work on /opt/airflow/dags/first_example.py
[2024-06-28T01:01:54.970+0000] {processor.py:830} INFO - Processing file /opt/airflow/dags/first_example.py for tasks to queue
[2024-06-28T01:01:54.971+0000] {logging_mixin.py:188} INFO - [2024-06-28T01:01:54.971+0000] {dagbag.py:545} INFO - Filling up the DagBag from /opt/airflow/dags/first_example.py
[2024-06-28T01:01:54.977+0000] {processor.py:840} INFO - DAG(s) 'first_example_v3' retrieved from /opt/airflow/dags/first_example.py
[2024-06-28T01:01:54.990+0000] {logging_mixin.py:188} INFO - [2024-06-28T01:01:54.990+0000] {dag.py:3096} INFO - Sync 1 DAGs
[2024-06-28T01:01:54.999+0000] {logging_mixin.py:188} INFO - [2024-06-28T01:01:54.999+0000] {dag.py:3954} INFO - Setting next_dagrun for first_example_v3 to 2024-06-27 00:00:00+00:00, run_after=2024-06-28 00:00:00+00:00
[2024-06-28T01:01:55.005+0000] {processor.py:183} INFO - Processing /opt/airflow/dags/first_example.py took 0.038 seconds
[2024-06-28T02:07:56.366+0000] {processor.py:161} INFO - Started process (PID=8875) to work on /opt/airflow/dags/first_example.py
[2024-06-28T02:07:56.367+0000] {processor.py:830} INFO - Processing file /opt/airflow/dags/first_example.py for tasks to queue
[2024-06-28T02:07:56.367+0000] {logging_mixin.py:188} INFO - [2024-06-28T02:07:56.367+0000] {dagbag.py:545} INFO - Filling up the DagBag from /opt/airflow/dags/first_example.py
[2024-06-28T02:07:56.374+0000] {processor.py:840} INFO - DAG(s) 'first_example_v3' retrieved from /opt/airflow/dags/first_example.py
[2024-06-28T02:07:56.386+0000] {logging_mixin.py:188} INFO - [2024-06-28T02:07:56.386+0000] {dag.py:3096} INFO - Sync 1 DAGs
[2024-06-28T02:07:56.396+0000] {logging_mixin.py:188} INFO - [2024-06-28T02:07:56.396+0000] {dag.py:3954} INFO - Setting next_dagrun for first_example_v3 to 2024-06-27 00:00:00+00:00, run_after=2024-06-28 00:00:00+00:00
[2024-06-28T02:07:56.403+0000] {processor.py:183} INFO - Processing /opt/airflow/dags/first_example.py took 0.039 seconds
[2024-06-28T02:36:51.407+0000] {processor.py:161} INFO - Started process (PID=8891) to work on /opt/airflow/dags/first_example.py
[2024-06-28T02:36:51.408+0000] {processor.py:830} INFO - Processing file /opt/airflow/dags/first_example.py for tasks to queue
[2024-06-28T02:36:51.409+0000] {logging_mixin.py:188} INFO - [2024-06-28T02:36:51.408+0000] {dagbag.py:545} INFO - Filling up the DagBag from /opt/airflow/dags/first_example.py
[2024-06-28T02:36:51.415+0000] {processor.py:840} INFO - DAG(s) 'first_example_v3' retrieved from /opt/airflow/dags/first_example.py
[2024-06-28T02:36:51.429+0000] {logging_mixin.py:188} INFO - [2024-06-28T02:36:51.429+0000] {dag.py:3096} INFO - Sync 1 DAGs
[2024-06-28T02:36:51.439+0000] {logging_mixin.py:188} INFO - [2024-06-28T02:36:51.439+0000] {dag.py:3954} INFO - Setting next_dagrun for first_example_v3 to 2024-06-27 00:00:00+00:00, run_after=2024-06-28 00:00:00+00:00
[2024-06-28T02:36:51.446+0000] {processor.py:183} INFO - Processing /opt/airflow/dags/first_example.py took 0.041 seconds
[2024-06-28T03:25:24.624+0000] {processor.py:161} INFO - Started process (PID=8907) to work on /opt/airflow/dags/first_example.py
[2024-06-28T03:25:24.625+0000] {processor.py:830} INFO - Processing file /opt/airflow/dags/first_example.py for tasks to queue
[2024-06-28T03:25:24.625+0000] {logging_mixin.py:188} INFO - [2024-06-28T03:25:24.625+0000] {dagbag.py:545} INFO - Filling up the DagBag from /opt/airflow/dags/first_example.py
[2024-06-28T03:25:24.632+0000] {processor.py:840} INFO - DAG(s) 'first_example_v3' retrieved from /opt/airflow/dags/first_example.py
[2024-06-28T03:25:24.645+0000] {logging_mixin.py:188} INFO - [2024-06-28T03:25:24.645+0000] {dag.py:3096} INFO - Sync 1 DAGs
[2024-06-28T03:25:24.654+0000] {logging_mixin.py:188} INFO - [2024-06-28T03:25:24.653+0000] {dag.py:3954} INFO - Setting next_dagrun for first_example_v3 to 2024-06-27 00:00:00+00:00, run_after=2024-06-28 00:00:00+00:00
[2024-06-28T03:25:24.661+0000] {processor.py:183} INFO - Processing /opt/airflow/dags/first_example.py took 0.040 seconds
[2024-06-28T04:13:22.492+0000] {processor.py:161} INFO - Started process (PID=8923) to work on /opt/airflow/dags/first_example.py
[2024-06-28T04:13:22.492+0000] {processor.py:830} INFO - Processing file /opt/airflow/dags/first_example.py for tasks to queue
[2024-06-28T04:13:22.493+0000] {logging_mixin.py:188} INFO - [2024-06-28T04:13:22.493+0000] {dagbag.py:545} INFO - Filling up the DagBag from /opt/airflow/dags/first_example.py
[2024-06-28T04:13:22.500+0000] {processor.py:840} INFO - DAG(s) 'first_example_v3' retrieved from /opt/airflow/dags/first_example.py
[2024-06-28T04:13:22.513+0000] {logging_mixin.py:188} INFO - [2024-06-28T04:13:22.513+0000] {dag.py:3096} INFO - Sync 1 DAGs
[2024-06-28T04:13:22.522+0000] {logging_mixin.py:188} INFO - [2024-06-28T04:13:22.522+0000] {dag.py:3954} INFO - Setting next_dagrun for first_example_v3 to 2024-06-27 00:00:00+00:00, run_after=2024-06-28 00:00:00+00:00
[2024-06-28T04:13:22.529+0000] {processor.py:183} INFO - Processing /opt/airflow/dags/first_example.py took 0.042 seconds
[2024-06-28T04:28:54.120+0000] {processor.py:161} INFO - Started process (PID=8939) to work on /opt/airflow/dags/first_example.py
[2024-06-28T04:28:54.121+0000] {processor.py:830} INFO - Processing file /opt/airflow/dags/first_example.py for tasks to queue
[2024-06-28T04:28:54.121+0000] {logging_mixin.py:188} INFO - [2024-06-28T04:28:54.121+0000] {dagbag.py:545} INFO - Filling up the DagBag from /opt/airflow/dags/first_example.py
[2024-06-28T04:28:54.127+0000] {processor.py:840} INFO - DAG(s) 'first_example_v3' retrieved from /opt/airflow/dags/first_example.py
[2024-06-28T04:28:54.140+0000] {logging_mixin.py:188} INFO - [2024-06-28T04:28:54.140+0000] {dag.py:3096} INFO - Sync 1 DAGs
[2024-06-28T04:28:54.149+0000] {logging_mixin.py:188} INFO - [2024-06-28T04:28:54.149+0000] {dag.py:3954} INFO - Setting next_dagrun for first_example_v3 to 2024-06-27 00:00:00+00:00, run_after=2024-06-28 00:00:00+00:00
[2024-06-28T04:28:54.156+0000] {processor.py:183} INFO - Processing /opt/airflow/dags/first_example.py took 0.039 seconds
[2024-06-28T05:26:32.812+0000] {processor.py:161} INFO - Started process (PID=8955) to work on /opt/airflow/dags/first_example.py
[2024-06-28T05:26:32.812+0000] {processor.py:830} INFO - Processing file /opt/airflow/dags/first_example.py for tasks to queue
[2024-06-28T05:26:32.813+0000] {logging_mixin.py:188} INFO - [2024-06-28T05:26:32.812+0000] {dagbag.py:545} INFO - Filling up the DagBag from /opt/airflow/dags/first_example.py
[2024-06-28T05:26:32.820+0000] {processor.py:840} INFO - DAG(s) 'first_example_v3' retrieved from /opt/airflow/dags/first_example.py
[2024-06-28T05:26:32.833+0000] {logging_mixin.py:188} INFO - [2024-06-28T05:26:32.833+0000] {dag.py:3096} INFO - Sync 1 DAGs
[2024-06-28T05:26:32.842+0000] {logging_mixin.py:188} INFO - [2024-06-28T05:26:32.842+0000] {dag.py:3954} INFO - Setting next_dagrun for first_example_v3 to 2024-06-27 00:00:00+00:00, run_after=2024-06-28 00:00:00+00:00
[2024-06-28T05:26:32.849+0000] {processor.py:183} INFO - Processing /opt/airflow/dags/first_example.py took 0.041 seconds
[2024-06-28T05:52:28.071+0000] {processor.py:161} INFO - Started process (PID=8971) to work on /opt/airflow/dags/first_example.py
[2024-06-28T05:52:28.071+0000] {processor.py:830} INFO - Processing file /opt/airflow/dags/first_example.py for tasks to queue
[2024-06-28T05:52:28.072+0000] {logging_mixin.py:188} INFO - [2024-06-28T05:52:28.072+0000] {dagbag.py:545} INFO - Filling up the DagBag from /opt/airflow/dags/first_example.py
[2024-06-28T05:52:28.078+0000] {processor.py:840} INFO - DAG(s) 'first_example_v3' retrieved from /opt/airflow/dags/first_example.py
[2024-06-28T05:52:28.091+0000] {logging_mixin.py:188} INFO - [2024-06-28T05:52:28.091+0000] {dag.py:3096} INFO - Sync 1 DAGs
[2024-06-28T05:52:28.100+0000] {logging_mixin.py:188} INFO - [2024-06-28T05:52:28.100+0000] {dag.py:3954} INFO - Setting next_dagrun for first_example_v3 to 2024-06-27 00:00:00+00:00, run_after=2024-06-28 00:00:00+00:00
[2024-06-28T05:52:28.107+0000] {processor.py:183} INFO - Processing /opt/airflow/dags/first_example.py took 0.039 seconds
[2024-06-28T06:06:59.144+0000] {processor.py:161} INFO - Started process (PID=8987) to work on /opt/airflow/dags/first_example.py
[2024-06-28T06:06:59.144+0000] {processor.py:830} INFO - Processing file /opt/airflow/dags/first_example.py for tasks to queue
[2024-06-28T06:06:59.145+0000] {logging_mixin.py:188} INFO - [2024-06-28T06:06:59.145+0000] {dagbag.py:545} INFO - Filling up the DagBag from /opt/airflow/dags/first_example.py
[2024-06-28T06:06:59.154+0000] {processor.py:840} INFO - DAG(s) 'first_example_v3' retrieved from /opt/airflow/dags/first_example.py
[2024-06-28T06:06:59.168+0000] {logging_mixin.py:188} INFO - [2024-06-28T06:06:59.168+0000] {dag.py:3096} INFO - Sync 1 DAGs
[2024-06-28T06:06:59.177+0000] {logging_mixin.py:188} INFO - [2024-06-28T06:06:59.177+0000] {dag.py:3954} INFO - Setting next_dagrun for first_example_v3 to 2024-06-27 00:00:00+00:00, run_after=2024-06-28 00:00:00+00:00
[2024-06-28T06:06:59.184+0000] {processor.py:183} INFO - Processing /opt/airflow/dags/first_example.py took 0.044 seconds
[2024-06-28T06:10:39.802+0000] {processor.py:161} INFO - Started process (PID=9003) to work on /opt/airflow/dags/first_example.py
[2024-06-28T06:10:39.802+0000] {processor.py:830} INFO - Processing file /opt/airflow/dags/first_example.py for tasks to queue
[2024-06-28T06:10:39.803+0000] {logging_mixin.py:188} INFO - [2024-06-28T06:10:39.803+0000] {dagbag.py:545} INFO - Filling up the DagBag from /opt/airflow/dags/first_example.py
[2024-06-28T06:10:39.811+0000] {processor.py:840} INFO - DAG(s) 'first_example_v3' retrieved from /opt/airflow/dags/first_example.py
[2024-06-28T06:10:39.826+0000] {logging_mixin.py:188} INFO - [2024-06-28T06:10:39.825+0000] {dag.py:3096} INFO - Sync 1 DAGs
[2024-06-28T06:10:39.835+0000] {logging_mixin.py:188} INFO - [2024-06-28T06:10:39.835+0000] {dag.py:3954} INFO - Setting next_dagrun for first_example_v3 to 2024-06-27 00:00:00+00:00, run_after=2024-06-28 00:00:00+00:00
[2024-06-28T06:10:39.843+0000] {processor.py:183} INFO - Processing /opt/airflow/dags/first_example.py took 0.045 seconds
[2024-06-28T06:11:10.125+0000] {processor.py:161} INFO - Started process (PID=9019) to work on /opt/airflow/dags/first_example.py
[2024-06-28T06:11:10.126+0000] {processor.py:830} INFO - Processing file /opt/airflow/dags/first_example.py for tasks to queue
[2024-06-28T06:11:10.127+0000] {logging_mixin.py:188} INFO - [2024-06-28T06:11:10.126+0000] {dagbag.py:545} INFO - Filling up the DagBag from /opt/airflow/dags/first_example.py
[2024-06-28T06:11:10.134+0000] {processor.py:840} INFO - DAG(s) 'first_example_v3' retrieved from /opt/airflow/dags/first_example.py
[2024-06-28T06:11:10.147+0000] {logging_mixin.py:188} INFO - [2024-06-28T06:11:10.146+0000] {dag.py:3096} INFO - Sync 1 DAGs
[2024-06-28T06:11:10.156+0000] {logging_mixin.py:188} INFO - [2024-06-28T06:11:10.156+0000] {dag.py:3954} INFO - Setting next_dagrun for first_example_v3 to 2024-06-27 00:00:00+00:00, run_after=2024-06-28 00:00:00+00:00
[2024-06-28T06:11:10.162+0000] {processor.py:183} INFO - Processing /opt/airflow/dags/first_example.py took 0.040 seconds
[2024-06-28T06:11:40.453+0000] {processor.py:161} INFO - Started process (PID=9035) to work on /opt/airflow/dags/first_example.py
[2024-06-28T06:11:40.454+0000] {processor.py:830} INFO - Processing file /opt/airflow/dags/first_example.py for tasks to queue
[2024-06-28T06:11:40.454+0000] {logging_mixin.py:188} INFO - [2024-06-28T06:11:40.454+0000] {dagbag.py:545} INFO - Filling up the DagBag from /opt/airflow/dags/first_example.py
[2024-06-28T06:11:40.462+0000] {processor.py:840} INFO - DAG(s) 'first_example_v3' retrieved from /opt/airflow/dags/first_example.py
[2024-06-28T06:11:40.475+0000] {logging_mixin.py:188} INFO - [2024-06-28T06:11:40.475+0000] {dag.py:3096} INFO - Sync 1 DAGs
[2024-06-28T06:11:40.484+0000] {logging_mixin.py:188} INFO - [2024-06-28T06:11:40.484+0000] {dag.py:3954} INFO - Setting next_dagrun for first_example_v3 to 2024-06-27 00:00:00+00:00, run_after=2024-06-28 00:00:00+00:00
[2024-06-28T06:11:40.491+0000] {processor.py:183} INFO - Processing /opt/airflow/dags/first_example.py took 0.041 seconds
[2024-06-28T06:12:10.796+0000] {processor.py:161} INFO - Started process (PID=9051) to work on /opt/airflow/dags/first_example.py
[2024-06-28T06:12:10.797+0000] {processor.py:830} INFO - Processing file /opt/airflow/dags/first_example.py for tasks to queue
[2024-06-28T06:12:10.798+0000] {logging_mixin.py:188} INFO - [2024-06-28T06:12:10.797+0000] {dagbag.py:545} INFO - Filling up the DagBag from /opt/airflow/dags/first_example.py
[2024-06-28T06:12:10.805+0000] {processor.py:840} INFO - DAG(s) 'first_example_v3' retrieved from /opt/airflow/dags/first_example.py
[2024-06-28T06:12:10.818+0000] {logging_mixin.py:188} INFO - [2024-06-28T06:12:10.818+0000] {dag.py:3096} INFO - Sync 1 DAGs
[2024-06-28T06:12:10.828+0000] {logging_mixin.py:188} INFO - [2024-06-28T06:12:10.828+0000] {dag.py:3954} INFO - Setting next_dagrun for first_example_v3 to 2024-06-27 00:00:00+00:00, run_after=2024-06-28 00:00:00+00:00
[2024-06-28T06:12:10.836+0000] {processor.py:183} INFO - Processing /opt/airflow/dags/first_example.py took 0.043 seconds
[2024-06-28T06:12:41.154+0000] {processor.py:161} INFO - Started process (PID=9067) to work on /opt/airflow/dags/first_example.py
[2024-06-28T06:12:41.154+0000] {processor.py:830} INFO - Processing file /opt/airflow/dags/first_example.py for tasks to queue
[2024-06-28T06:12:41.155+0000] {logging_mixin.py:188} INFO - [2024-06-28T06:12:41.155+0000] {dagbag.py:545} INFO - Filling up the DagBag from /opt/airflow/dags/first_example.py
[2024-06-28T06:12:41.163+0000] {processor.py:840} INFO - DAG(s) 'first_example_v3' retrieved from /opt/airflow/dags/first_example.py
[2024-06-28T06:12:41.177+0000] {logging_mixin.py:188} INFO - [2024-06-28T06:12:41.177+0000] {dag.py:3096} INFO - Sync 1 DAGs
[2024-06-28T06:12:41.188+0000] {logging_mixin.py:188} INFO - [2024-06-28T06:12:41.188+0000] {dag.py:3954} INFO - Setting next_dagrun for first_example_v3 to 2024-06-27 00:00:00+00:00, run_after=2024-06-28 00:00:00+00:00
[2024-06-28T06:12:41.195+0000] {processor.py:183} INFO - Processing /opt/airflow/dags/first_example.py took 0.045 seconds
[2024-06-28T06:13:11.529+0000] {processor.py:161} INFO - Started process (PID=9083) to work on /opt/airflow/dags/first_example.py
[2024-06-28T06:13:11.530+0000] {processor.py:830} INFO - Processing file /opt/airflow/dags/first_example.py for tasks to queue
[2024-06-28T06:13:11.530+0000] {logging_mixin.py:188} INFO - [2024-06-28T06:13:11.530+0000] {dagbag.py:545} INFO - Filling up the DagBag from /opt/airflow/dags/first_example.py
[2024-06-28T06:13:11.538+0000] {processor.py:840} INFO - DAG(s) 'first_example_v3' retrieved from /opt/airflow/dags/first_example.py
[2024-06-28T06:13:11.552+0000] {logging_mixin.py:188} INFO - [2024-06-28T06:13:11.551+0000] {dag.py:3096} INFO - Sync 1 DAGs
[2024-06-28T06:13:11.561+0000] {logging_mixin.py:188} INFO - [2024-06-28T06:13:11.561+0000] {dag.py:3954} INFO - Setting next_dagrun for first_example_v3 to 2024-06-27 00:00:00+00:00, run_after=2024-06-28 00:00:00+00:00
[2024-06-28T06:13:11.569+0000] {processor.py:183} INFO - Processing /opt/airflow/dags/first_example.py took 0.043 seconds
[2024-06-28T06:13:41.934+0000] {processor.py:161} INFO - Started process (PID=9099) to work on /opt/airflow/dags/first_example.py
[2024-06-28T06:13:41.935+0000] {processor.py:830} INFO - Processing file /opt/airflow/dags/first_example.py for tasks to queue
[2024-06-28T06:13:41.935+0000] {logging_mixin.py:188} INFO - [2024-06-28T06:13:41.935+0000] {dagbag.py:545} INFO - Filling up the DagBag from /opt/airflow/dags/first_example.py
[2024-06-28T06:13:41.943+0000] {processor.py:840} INFO - DAG(s) 'first_example_v3' retrieved from /opt/airflow/dags/first_example.py
[2024-06-28T06:13:41.957+0000] {logging_mixin.py:188} INFO - [2024-06-28T06:13:41.957+0000] {dag.py:3096} INFO - Sync 1 DAGs
[2024-06-28T06:13:41.966+0000] {logging_mixin.py:188} INFO - [2024-06-28T06:13:41.966+0000] {dag.py:3954} INFO - Setting next_dagrun for first_example_v3 to 2024-06-27 00:00:00+00:00, run_after=2024-06-28 00:00:00+00:00
[2024-06-28T06:13:41.973+0000] {processor.py:183} INFO - Processing /opt/airflow/dags/first_example.py took 0.043 seconds
[2024-06-28T06:14:12.295+0000] {processor.py:161} INFO - Started process (PID=9115) to work on /opt/airflow/dags/first_example.py
[2024-06-28T06:14:12.296+0000] {processor.py:830} INFO - Processing file /opt/airflow/dags/first_example.py for tasks to queue
[2024-06-28T06:14:12.296+0000] {logging_mixin.py:188} INFO - [2024-06-28T06:14:12.296+0000] {dagbag.py:545} INFO - Filling up the DagBag from /opt/airflow/dags/first_example.py
[2024-06-28T06:14:12.302+0000] {processor.py:840} INFO - DAG(s) 'first_example_v3' retrieved from /opt/airflow/dags/first_example.py
[2024-06-28T06:14:12.314+0000] {logging_mixin.py:188} INFO - [2024-06-28T06:14:12.314+0000] {dag.py:3096} INFO - Sync 1 DAGs
[2024-06-28T06:14:12.322+0000] {logging_mixin.py:188} INFO - [2024-06-28T06:14:12.322+0000] {dag.py:3954} INFO - Setting next_dagrun for first_example_v3 to 2024-06-27 00:00:00+00:00, run_after=2024-06-28 00:00:00+00:00
[2024-06-28T06:14:12.329+0000] {processor.py:183} INFO - Processing /opt/airflow/dags/first_example.py took 0.037 seconds
[2024-06-28T06:14:42.658+0000] {processor.py:161} INFO - Started process (PID=9131) to work on /opt/airflow/dags/first_example.py
[2024-06-28T06:14:42.659+0000] {processor.py:830} INFO - Processing file /opt/airflow/dags/first_example.py for tasks to queue
[2024-06-28T06:14:42.659+0000] {logging_mixin.py:188} INFO - [2024-06-28T06:14:42.659+0000] {dagbag.py:545} INFO - Filling up the DagBag from /opt/airflow/dags/first_example.py
[2024-06-28T06:14:42.667+0000] {processor.py:840} INFO - DAG(s) 'first_example_v3' retrieved from /opt/airflow/dags/first_example.py
[2024-06-28T06:14:42.680+0000] {logging_mixin.py:188} INFO - [2024-06-28T06:14:42.680+0000] {dag.py:3096} INFO - Sync 1 DAGs
[2024-06-28T06:14:42.689+0000] {logging_mixin.py:188} INFO - [2024-06-28T06:14:42.689+0000] {dag.py:3954} INFO - Setting next_dagrun for first_example_v3 to 2024-06-27 00:00:00+00:00, run_after=2024-06-28 00:00:00+00:00
[2024-06-28T06:14:42.695+0000] {processor.py:183} INFO - Processing /opt/airflow/dags/first_example.py took 0.041 seconds
[2024-06-28T06:15:13.013+0000] {processor.py:161} INFO - Started process (PID=9147) to work on /opt/airflow/dags/first_example.py
[2024-06-28T06:15:13.014+0000] {processor.py:830} INFO - Processing file /opt/airflow/dags/first_example.py for tasks to queue
[2024-06-28T06:15:13.015+0000] {logging_mixin.py:188} INFO - [2024-06-28T06:15:13.014+0000] {dagbag.py:545} INFO - Filling up the DagBag from /opt/airflow/dags/first_example.py
[2024-06-28T06:15:13.022+0000] {processor.py:840} INFO - DAG(s) 'first_example_v3' retrieved from /opt/airflow/dags/first_example.py
[2024-06-28T06:15:13.036+0000] {logging_mixin.py:188} INFO - [2024-06-28T06:15:13.036+0000] {dag.py:3096} INFO - Sync 1 DAGs
[2024-06-28T06:15:13.046+0000] {logging_mixin.py:188} INFO - [2024-06-28T06:15:13.046+0000] {dag.py:3954} INFO - Setting next_dagrun for first_example_v3 to 2024-06-27 00:00:00+00:00, run_after=2024-06-28 00:00:00+00:00
[2024-06-28T06:15:13.054+0000] {processor.py:183} INFO - Processing /opt/airflow/dags/first_example.py took 0.044 seconds
[2024-06-28T06:15:43.348+0000] {processor.py:161} INFO - Started process (PID=9163) to work on /opt/airflow/dags/first_example.py
[2024-06-28T06:15:43.348+0000] {processor.py:830} INFO - Processing file /opt/airflow/dags/first_example.py for tasks to queue
[2024-06-28T06:15:43.349+0000] {logging_mixin.py:188} INFO - [2024-06-28T06:15:43.348+0000] {dagbag.py:545} INFO - Filling up the DagBag from /opt/airflow/dags/first_example.py
[2024-06-28T06:15:43.355+0000] {processor.py:840} INFO - DAG(s) 'first_example_v3' retrieved from /opt/airflow/dags/first_example.py
[2024-06-28T06:15:43.368+0000] {logging_mixin.py:188} INFO - [2024-06-28T06:15:43.368+0000] {dag.py:3096} INFO - Sync 1 DAGs
[2024-06-28T06:15:43.377+0000] {logging_mixin.py:188} INFO - [2024-06-28T06:15:43.377+0000] {dag.py:3954} INFO - Setting next_dagrun for first_example_v3 to 2024-06-27 00:00:00+00:00, run_after=2024-06-28 00:00:00+00:00
[2024-06-28T06:15:43.384+0000] {processor.py:183} INFO - Processing /opt/airflow/dags/first_example.py took 0.039 seconds
[2024-06-28T06:16:13.695+0000] {processor.py:161} INFO - Started process (PID=9179) to work on /opt/airflow/dags/first_example.py
[2024-06-28T06:16:13.696+0000] {processor.py:830} INFO - Processing file /opt/airflow/dags/first_example.py for tasks to queue
[2024-06-28T06:16:13.697+0000] {logging_mixin.py:188} INFO - [2024-06-28T06:16:13.697+0000] {dagbag.py:545} INFO - Filling up the DagBag from /opt/airflow/dags/first_example.py
[2024-06-28T06:16:13.704+0000] {processor.py:840} INFO - DAG(s) 'first_example_v3' retrieved from /opt/airflow/dags/first_example.py
[2024-06-28T06:16:13.718+0000] {logging_mixin.py:188} INFO - [2024-06-28T06:16:13.718+0000] {dag.py:3096} INFO - Sync 1 DAGs
[2024-06-28T06:16:13.727+0000] {logging_mixin.py:188} INFO - [2024-06-28T06:16:13.727+0000] {dag.py:3954} INFO - Setting next_dagrun for first_example_v3 to 2024-06-27 00:00:00+00:00, run_after=2024-06-28 00:00:00+00:00
[2024-06-28T06:16:13.734+0000] {processor.py:183} INFO - Processing /opt/airflow/dags/first_example.py took 0.042 seconds
[2024-06-28T06:16:44.066+0000] {processor.py:161} INFO - Started process (PID=9195) to work on /opt/airflow/dags/first_example.py
[2024-06-28T06:16:44.066+0000] {processor.py:830} INFO - Processing file /opt/airflow/dags/first_example.py for tasks to queue
[2024-06-28T06:16:44.067+0000] {logging_mixin.py:188} INFO - [2024-06-28T06:16:44.067+0000] {dagbag.py:545} INFO - Filling up the DagBag from /opt/airflow/dags/first_example.py
[2024-06-28T06:16:44.074+0000] {processor.py:840} INFO - DAG(s) 'first_example_v3' retrieved from /opt/airflow/dags/first_example.py
[2024-06-28T06:16:44.087+0000] {logging_mixin.py:188} INFO - [2024-06-28T06:16:44.087+0000] {dag.py:3096} INFO - Sync 1 DAGs
[2024-06-28T06:16:44.096+0000] {logging_mixin.py:188} INFO - [2024-06-28T06:16:44.096+0000] {dag.py:3954} INFO - Setting next_dagrun for first_example_v3 to 2024-06-27 00:00:00+00:00, run_after=2024-06-28 00:00:00+00:00
[2024-06-28T06:16:44.103+0000] {processor.py:183} INFO - Processing /opt/airflow/dags/first_example.py took 0.041 seconds
[2024-06-28T06:17:14.415+0000] {processor.py:161} INFO - Started process (PID=9211) to work on /opt/airflow/dags/first_example.py
[2024-06-28T06:17:14.415+0000] {processor.py:830} INFO - Processing file /opt/airflow/dags/first_example.py for tasks to queue
[2024-06-28T06:17:14.416+0000] {logging_mixin.py:188} INFO - [2024-06-28T06:17:14.416+0000] {dagbag.py:545} INFO - Filling up the DagBag from /opt/airflow/dags/first_example.py
[2024-06-28T06:17:14.423+0000] {processor.py:840} INFO - DAG(s) 'first_example_v3' retrieved from /opt/airflow/dags/first_example.py
[2024-06-28T06:17:14.436+0000] {logging_mixin.py:188} INFO - [2024-06-28T06:17:14.436+0000] {dag.py:3096} INFO - Sync 1 DAGs
[2024-06-28T06:17:14.445+0000] {logging_mixin.py:188} INFO - [2024-06-28T06:17:14.445+0000] {dag.py:3954} INFO - Setting next_dagrun for first_example_v3 to 2024-06-27 00:00:00+00:00, run_after=2024-06-28 00:00:00+00:00
[2024-06-28T06:17:14.452+0000] {processor.py:183} INFO - Processing /opt/airflow/dags/first_example.py took 0.041 seconds
[2024-06-28T06:17:44.779+0000] {processor.py:161} INFO - Started process (PID=9227) to work on /opt/airflow/dags/first_example.py
[2024-06-28T06:17:44.780+0000] {processor.py:830} INFO - Processing file /opt/airflow/dags/first_example.py for tasks to queue
[2024-06-28T06:17:44.781+0000] {logging_mixin.py:188} INFO - [2024-06-28T06:17:44.781+0000] {dagbag.py:545} INFO - Filling up the DagBag from /opt/airflow/dags/first_example.py
[2024-06-28T06:17:44.788+0000] {processor.py:840} INFO - DAG(s) 'first_example_v3' retrieved from /opt/airflow/dags/first_example.py
[2024-06-28T06:17:44.801+0000] {logging_mixin.py:188} INFO - [2024-06-28T06:17:44.801+0000] {dag.py:3096} INFO - Sync 1 DAGs
[2024-06-28T06:17:44.811+0000] {logging_mixin.py:188} INFO - [2024-06-28T06:17:44.810+0000] {dag.py:3954} INFO - Setting next_dagrun for first_example_v3 to 2024-06-27 00:00:00+00:00, run_after=2024-06-28 00:00:00+00:00
[2024-06-28T06:17:44.818+0000] {processor.py:183} INFO - Processing /opt/airflow/dags/first_example.py took 0.042 seconds
[2024-06-28T06:18:15.143+0000] {processor.py:161} INFO - Started process (PID=9243) to work on /opt/airflow/dags/first_example.py
[2024-06-28T06:18:15.144+0000] {processor.py:830} INFO - Processing file /opt/airflow/dags/first_example.py for tasks to queue
[2024-06-28T06:18:15.144+0000] {logging_mixin.py:188} INFO - [2024-06-28T06:18:15.144+0000] {dagbag.py:545} INFO - Filling up the DagBag from /opt/airflow/dags/first_example.py
[2024-06-28T06:18:15.152+0000] {processor.py:840} INFO - DAG(s) 'first_example_v3' retrieved from /opt/airflow/dags/first_example.py
[2024-06-28T06:18:15.165+0000] {logging_mixin.py:188} INFO - [2024-06-28T06:18:15.164+0000] {dag.py:3096} INFO - Sync 1 DAGs
[2024-06-28T06:18:15.175+0000] {logging_mixin.py:188} INFO - [2024-06-28T06:18:15.175+0000] {dag.py:3954} INFO - Setting next_dagrun for first_example_v3 to 2024-06-27 00:00:00+00:00, run_after=2024-06-28 00:00:00+00:00
[2024-06-28T06:18:15.182+0000] {processor.py:183} INFO - Processing /opt/airflow/dags/first_example.py took 0.042 seconds
[2024-06-28T06:18:45.512+0000] {processor.py:161} INFO - Started process (PID=9259) to work on /opt/airflow/dags/first_example.py
[2024-06-28T06:18:45.512+0000] {processor.py:830} INFO - Processing file /opt/airflow/dags/first_example.py for tasks to queue
[2024-06-28T06:18:45.513+0000] {logging_mixin.py:188} INFO - [2024-06-28T06:18:45.512+0000] {dagbag.py:545} INFO - Filling up the DagBag from /opt/airflow/dags/first_example.py
[2024-06-28T06:18:45.521+0000] {processor.py:840} INFO - DAG(s) 'first_example_v3' retrieved from /opt/airflow/dags/first_example.py
[2024-06-28T06:18:45.536+0000] {logging_mixin.py:188} INFO - [2024-06-28T06:18:45.535+0000] {dag.py:3096} INFO - Sync 1 DAGs
[2024-06-28T06:18:45.546+0000] {logging_mixin.py:188} INFO - [2024-06-28T06:18:45.546+0000] {dag.py:3954} INFO - Setting next_dagrun for first_example_v3 to 2024-06-27 00:00:00+00:00, run_after=2024-06-28 00:00:00+00:00
[2024-06-28T06:18:45.554+0000] {processor.py:183} INFO - Processing /opt/airflow/dags/first_example.py took 0.046 seconds
[2024-06-28T06:19:15.872+0000] {processor.py:161} INFO - Started process (PID=9275) to work on /opt/airflow/dags/first_example.py
[2024-06-28T06:19:15.873+0000] {processor.py:830} INFO - Processing file /opt/airflow/dags/first_example.py for tasks to queue
[2024-06-28T06:19:15.873+0000] {logging_mixin.py:188} INFO - [2024-06-28T06:19:15.873+0000] {dagbag.py:545} INFO - Filling up the DagBag from /opt/airflow/dags/first_example.py
[2024-06-28T06:19:15.880+0000] {processor.py:840} INFO - DAG(s) 'first_example_v3' retrieved from /opt/airflow/dags/first_example.py
[2024-06-28T06:19:15.894+0000] {logging_mixin.py:188} INFO - [2024-06-28T06:19:15.894+0000] {dag.py:3096} INFO - Sync 1 DAGs
[2024-06-28T06:19:15.903+0000] {logging_mixin.py:188} INFO - [2024-06-28T06:19:15.903+0000] {dag.py:3954} INFO - Setting next_dagrun for first_example_v3 to 2024-06-27 00:00:00+00:00, run_after=2024-06-28 00:00:00+00:00
[2024-06-28T06:19:15.911+0000] {processor.py:183} INFO - Processing /opt/airflow/dags/first_example.py took 0.042 seconds
[2024-06-28T06:19:46.253+0000] {processor.py:161} INFO - Started process (PID=9291) to work on /opt/airflow/dags/first_example.py
[2024-06-28T06:19:46.254+0000] {processor.py:830} INFO - Processing file /opt/airflow/dags/first_example.py for tasks to queue
[2024-06-28T06:19:46.254+0000] {logging_mixin.py:188} INFO - [2024-06-28T06:19:46.254+0000] {dagbag.py:545} INFO - Filling up the DagBag from /opt/airflow/dags/first_example.py
[2024-06-28T06:19:46.263+0000] {processor.py:840} INFO - DAG(s) 'first_example_v3' retrieved from /opt/airflow/dags/first_example.py
[2024-06-28T06:19:46.278+0000] {logging_mixin.py:188} INFO - [2024-06-28T06:19:46.277+0000] {dag.py:3096} INFO - Sync 1 DAGs
[2024-06-28T06:19:46.288+0000] {logging_mixin.py:188} INFO - [2024-06-28T06:19:46.287+0000] {dag.py:3954} INFO - Setting next_dagrun for first_example_v3 to 2024-06-27 00:00:00+00:00, run_after=2024-06-28 00:00:00+00:00
[2024-06-28T06:19:46.296+0000] {processor.py:183} INFO - Processing /opt/airflow/dags/first_example.py took 0.046 seconds
[2024-06-28T06:20:16.599+0000] {processor.py:161} INFO - Started process (PID=9307) to work on /opt/airflow/dags/first_example.py
[2024-06-28T06:20:16.600+0000] {processor.py:830} INFO - Processing file /opt/airflow/dags/first_example.py for tasks to queue
[2024-06-28T06:20:16.600+0000] {logging_mixin.py:188} INFO - [2024-06-28T06:20:16.600+0000] {dagbag.py:545} INFO - Filling up the DagBag from /opt/airflow/dags/first_example.py
[2024-06-28T06:20:16.608+0000] {processor.py:840} INFO - DAG(s) 'first_example_v3' retrieved from /opt/airflow/dags/first_example.py
[2024-06-28T06:20:16.622+0000] {logging_mixin.py:188} INFO - [2024-06-28T06:20:16.622+0000] {dag.py:3096} INFO - Sync 1 DAGs
[2024-06-28T06:20:16.631+0000] {logging_mixin.py:188} INFO - [2024-06-28T06:20:16.631+0000] {dag.py:3954} INFO - Setting next_dagrun for first_example_v3 to 2024-06-27 00:00:00+00:00, run_after=2024-06-28 00:00:00+00:00
[2024-06-28T06:20:16.639+0000] {processor.py:183} INFO - Processing /opt/airflow/dags/first_example.py took 0.043 seconds
[2024-06-28T06:20:46.913+0000] {processor.py:161} INFO - Started process (PID=9323) to work on /opt/airflow/dags/first_example.py
[2024-06-28T06:20:46.914+0000] {processor.py:830} INFO - Processing file /opt/airflow/dags/first_example.py for tasks to queue
[2024-06-28T06:20:46.914+0000] {logging_mixin.py:188} INFO - [2024-06-28T06:20:46.914+0000] {dagbag.py:545} INFO - Filling up the DagBag from /opt/airflow/dags/first_example.py
[2024-06-28T06:20:46.922+0000] {processor.py:840} INFO - DAG(s) 'first_example_v3' retrieved from /opt/airflow/dags/first_example.py
[2024-06-28T06:20:46.936+0000] {logging_mixin.py:188} INFO - [2024-06-28T06:20:46.936+0000] {dag.py:3096} INFO - Sync 1 DAGs
[2024-06-28T06:20:46.945+0000] {logging_mixin.py:188} INFO - [2024-06-28T06:20:46.945+0000] {dag.py:3954} INFO - Setting next_dagrun for first_example_v3 to 2024-06-27 00:00:00+00:00, run_after=2024-06-28 00:00:00+00:00
[2024-06-28T06:20:46.952+0000] {processor.py:183} INFO - Processing /opt/airflow/dags/first_example.py took 0.042 seconds
[2024-06-28T06:21:17.225+0000] {processor.py:161} INFO - Started process (PID=9339) to work on /opt/airflow/dags/first_example.py
[2024-06-28T06:21:17.226+0000] {processor.py:830} INFO - Processing file /opt/airflow/dags/first_example.py for tasks to queue
[2024-06-28T06:21:17.226+0000] {logging_mixin.py:188} INFO - [2024-06-28T06:21:17.226+0000] {dagbag.py:545} INFO - Filling up the DagBag from /opt/airflow/dags/first_example.py
[2024-06-28T06:21:17.233+0000] {processor.py:840} INFO - DAG(s) 'first_example_v3' retrieved from /opt/airflow/dags/first_example.py
[2024-06-28T06:21:17.247+0000] {logging_mixin.py:188} INFO - [2024-06-28T06:21:17.246+0000] {dag.py:3096} INFO - Sync 1 DAGs
[2024-06-28T06:21:17.256+0000] {logging_mixin.py:188} INFO - [2024-06-28T06:21:17.256+0000] {dag.py:3954} INFO - Setting next_dagrun for first_example_v3 to 2024-06-27 00:00:00+00:00, run_after=2024-06-28 00:00:00+00:00
[2024-06-28T06:21:17.263+0000] {processor.py:183} INFO - Processing /opt/airflow/dags/first_example.py took 0.041 seconds
[2024-06-28T06:21:47.581+0000] {processor.py:161} INFO - Started process (PID=9355) to work on /opt/airflow/dags/first_example.py
[2024-06-28T06:21:47.581+0000] {processor.py:830} INFO - Processing file /opt/airflow/dags/first_example.py for tasks to queue
[2024-06-28T06:21:47.582+0000] {logging_mixin.py:188} INFO - [2024-06-28T06:21:47.582+0000] {dagbag.py:545} INFO - Filling up the DagBag from /opt/airflow/dags/first_example.py
[2024-06-28T06:21:47.589+0000] {processor.py:840} INFO - DAG(s) 'first_example_v3' retrieved from /opt/airflow/dags/first_example.py
[2024-06-28T06:21:47.602+0000] {logging_mixin.py:188} INFO - [2024-06-28T06:21:47.602+0000] {dag.py:3096} INFO - Sync 1 DAGs
[2024-06-28T06:21:47.612+0000] {logging_mixin.py:188} INFO - [2024-06-28T06:21:47.612+0000] {dag.py:3954} INFO - Setting next_dagrun for first_example_v3 to 2024-06-27 00:00:00+00:00, run_after=2024-06-28 00:00:00+00:00
[2024-06-28T06:21:47.618+0000] {processor.py:183} INFO - Processing /opt/airflow/dags/first_example.py took 0.042 seconds
[2024-06-28T06:22:17.954+0000] {processor.py:161} INFO - Started process (PID=9371) to work on /opt/airflow/dags/first_example.py
[2024-06-28T06:22:17.954+0000] {processor.py:830} INFO - Processing file /opt/airflow/dags/first_example.py for tasks to queue
[2024-06-28T06:22:17.955+0000] {logging_mixin.py:188} INFO - [2024-06-28T06:22:17.955+0000] {dagbag.py:545} INFO - Filling up the DagBag from /opt/airflow/dags/first_example.py
[2024-06-28T06:22:17.962+0000] {processor.py:840} INFO - DAG(s) 'first_example_v3' retrieved from /opt/airflow/dags/first_example.py
[2024-06-28T06:22:17.975+0000] {logging_mixin.py:188} INFO - [2024-06-28T06:22:17.975+0000] {dag.py:3096} INFO - Sync 1 DAGs
[2024-06-28T06:22:17.984+0000] {logging_mixin.py:188} INFO - [2024-06-28T06:22:17.984+0000] {dag.py:3954} INFO - Setting next_dagrun for first_example_v3 to 2024-06-27 00:00:00+00:00, run_after=2024-06-28 00:00:00+00:00
[2024-06-28T06:22:17.991+0000] {processor.py:183} INFO - Processing /opt/airflow/dags/first_example.py took 0.041 seconds
[2024-06-28T06:22:48.303+0000] {processor.py:161} INFO - Started process (PID=9387) to work on /opt/airflow/dags/first_example.py
[2024-06-28T06:22:48.304+0000] {processor.py:830} INFO - Processing file /opt/airflow/dags/first_example.py for tasks to queue
[2024-06-28T06:22:48.305+0000] {logging_mixin.py:188} INFO - [2024-06-28T06:22:48.304+0000] {dagbag.py:545} INFO - Filling up the DagBag from /opt/airflow/dags/first_example.py
[2024-06-28T06:22:48.312+0000] {processor.py:840} INFO - DAG(s) 'first_example_v3' retrieved from /opt/airflow/dags/first_example.py
[2024-06-28T06:22:48.326+0000] {logging_mixin.py:188} INFO - [2024-06-28T06:22:48.326+0000] {dag.py:3096} INFO - Sync 1 DAGs
[2024-06-28T06:22:48.336+0000] {logging_mixin.py:188} INFO - [2024-06-28T06:22:48.336+0000] {dag.py:3954} INFO - Setting next_dagrun for first_example_v3 to 2024-06-27 00:00:00+00:00, run_after=2024-06-28 00:00:00+00:00
[2024-06-28T06:22:48.344+0000] {processor.py:183} INFO - Processing /opt/airflow/dags/first_example.py took 0.043 seconds
[2024-06-28T06:23:18.622+0000] {processor.py:161} INFO - Started process (PID=9403) to work on /opt/airflow/dags/first_example.py
[2024-06-28T06:23:18.622+0000] {processor.py:830} INFO - Processing file /opt/airflow/dags/first_example.py for tasks to queue
[2024-06-28T06:23:18.623+0000] {logging_mixin.py:188} INFO - [2024-06-28T06:23:18.623+0000] {dagbag.py:545} INFO - Filling up the DagBag from /opt/airflow/dags/first_example.py
[2024-06-28T06:23:18.630+0000] {processor.py:840} INFO - DAG(s) 'first_example_v3' retrieved from /opt/airflow/dags/first_example.py
[2024-06-28T06:23:18.644+0000] {logging_mixin.py:188} INFO - [2024-06-28T06:23:18.644+0000] {dag.py:3096} INFO - Sync 1 DAGs
[2024-06-28T06:23:18.653+0000] {logging_mixin.py:188} INFO - [2024-06-28T06:23:18.653+0000] {dag.py:3954} INFO - Setting next_dagrun for first_example_v3 to 2024-06-27 00:00:00+00:00, run_after=2024-06-28 00:00:00+00:00
[2024-06-28T06:23:18.660+0000] {processor.py:183} INFO - Processing /opt/airflow/dags/first_example.py took 0.041 seconds
[2024-06-28T06:23:49.013+0000] {processor.py:161} INFO - Started process (PID=9419) to work on /opt/airflow/dags/first_example.py
[2024-06-28T06:23:49.014+0000] {processor.py:830} INFO - Processing file /opt/airflow/dags/first_example.py for tasks to queue
[2024-06-28T06:23:49.015+0000] {logging_mixin.py:188} INFO - [2024-06-28T06:23:49.014+0000] {dagbag.py:545} INFO - Filling up the DagBag from /opt/airflow/dags/first_example.py
[2024-06-28T06:23:49.022+0000] {processor.py:840} INFO - DAG(s) 'first_example_v3' retrieved from /opt/airflow/dags/first_example.py
[2024-06-28T06:23:49.035+0000] {logging_mixin.py:188} INFO - [2024-06-28T06:23:49.034+0000] {dag.py:3096} INFO - Sync 1 DAGs
[2024-06-28T06:23:49.043+0000] {logging_mixin.py:188} INFO - [2024-06-28T06:23:49.043+0000] {dag.py:3954} INFO - Setting next_dagrun for first_example_v3 to 2024-06-27 00:00:00+00:00, run_after=2024-06-28 00:00:00+00:00
[2024-06-28T06:23:49.051+0000] {processor.py:183} INFO - Processing /opt/airflow/dags/first_example.py took 0.041 seconds
[2024-06-28T06:24:19.352+0000] {processor.py:161} INFO - Started process (PID=9435) to work on /opt/airflow/dags/first_example.py
[2024-06-28T06:24:19.353+0000] {processor.py:830} INFO - Processing file /opt/airflow/dags/first_example.py for tasks to queue
[2024-06-28T06:24:19.353+0000] {logging_mixin.py:188} INFO - [2024-06-28T06:24:19.353+0000] {dagbag.py:545} INFO - Filling up the DagBag from /opt/airflow/dags/first_example.py
[2024-06-28T06:24:19.358+0000] {processor.py:840} INFO - DAG(s) 'first_example_v3' retrieved from /opt/airflow/dags/first_example.py
[2024-06-28T06:24:19.369+0000] {logging_mixin.py:188} INFO - [2024-06-28T06:24:19.369+0000] {dag.py:3096} INFO - Sync 1 DAGs
[2024-06-28T06:24:19.378+0000] {logging_mixin.py:188} INFO - [2024-06-28T06:24:19.378+0000] {dag.py:3954} INFO - Setting next_dagrun for first_example_v3 to 2024-06-27 00:00:00+00:00, run_after=2024-06-28 00:00:00+00:00
[2024-06-28T06:24:19.384+0000] {processor.py:183} INFO - Processing /opt/airflow/dags/first_example.py took 0.034 seconds
[2024-06-28T06:24:49.745+0000] {processor.py:161} INFO - Started process (PID=9451) to work on /opt/airflow/dags/first_example.py
[2024-06-28T06:24:49.745+0000] {processor.py:830} INFO - Processing file /opt/airflow/dags/first_example.py for tasks to queue
[2024-06-28T06:24:49.746+0000] {logging_mixin.py:188} INFO - [2024-06-28T06:24:49.745+0000] {dagbag.py:545} INFO - Filling up the DagBag from /opt/airflow/dags/first_example.py
[2024-06-28T06:24:49.753+0000] {processor.py:840} INFO - DAG(s) 'first_example_v3' retrieved from /opt/airflow/dags/first_example.py
[2024-06-28T06:24:49.766+0000] {logging_mixin.py:188} INFO - [2024-06-28T06:24:49.766+0000] {dag.py:3096} INFO - Sync 1 DAGs
[2024-06-28T06:24:49.775+0000] {logging_mixin.py:188} INFO - [2024-06-28T06:24:49.775+0000] {dag.py:3954} INFO - Setting next_dagrun for first_example_v3 to 2024-06-27 00:00:00+00:00, run_after=2024-06-28 00:00:00+00:00
[2024-06-28T06:24:49.782+0000] {processor.py:183} INFO - Processing /opt/airflow/dags/first_example.py took 0.042 seconds
[2024-06-28T06:25:20.095+0000] {processor.py:161} INFO - Started process (PID=9466) to work on /opt/airflow/dags/first_example.py
[2024-06-28T06:25:20.095+0000] {processor.py:830} INFO - Processing file /opt/airflow/dags/first_example.py for tasks to queue
[2024-06-28T06:25:20.096+0000] {logging_mixin.py:188} INFO - [2024-06-28T06:25:20.096+0000] {dagbag.py:545} INFO - Filling up the DagBag from /opt/airflow/dags/first_example.py
[2024-06-28T06:25:20.104+0000] {processor.py:840} INFO - DAG(s) 'first_example_v3' retrieved from /opt/airflow/dags/first_example.py
[2024-06-28T06:25:20.117+0000] {logging_mixin.py:188} INFO - [2024-06-28T06:25:20.117+0000] {dag.py:3096} INFO - Sync 1 DAGs
[2024-06-28T06:25:20.127+0000] {logging_mixin.py:188} INFO - [2024-06-28T06:25:20.127+0000] {dag.py:3954} INFO - Setting next_dagrun for first_example_v3 to 2024-06-27 00:00:00+00:00, run_after=2024-06-28 00:00:00+00:00
[2024-06-28T06:25:20.134+0000] {processor.py:183} INFO - Processing /opt/airflow/dags/first_example.py took 0.042 seconds
