[2024-06-26T22:39:44.156+0000] {local_task_job_runner.py:120} INFO - ::group::Pre task execution logs
[2024-06-26T22:39:44.168+0000] {taskinstance.py:2076} INFO - Dependencies all met for dep_context=non-requeueable deps ti=<TaskInstance: first_example_v3.third_task manual__2024-06-26T22:39:42.254279+00:00 [queued]>
[2024-06-26T22:39:44.171+0000] {taskinstance.py:2076} INFO - Dependencies all met for dep_context=requeueable deps ti=<TaskInstance: first_example_v3.third_task manual__2024-06-26T22:39:42.254279+00:00 [queued]>
[2024-06-26T22:39:44.171+0000] {taskinstance.py:2306} INFO - Starting attempt 1 of 6
[2024-06-26T22:39:44.176+0000] {taskinstance.py:2330} INFO - Executing <Task(BashOperator): third_task> on 2024-06-26 22:39:42.254279+00:00
[2024-06-26T22:39:44.179+0000] {standard_task_runner.py:90} INFO - Running: ['***', 'tasks', 'run', 'first_example_v3', 'third_task', 'manual__2024-06-26T22:39:42.254279+00:00', '--job-id', '17', '--raw', '--subdir', 'DAGS_FOLDER/first_example.py', '--cfg-path', '/tmp/tmpinvpm0ji']
[2024-06-26T22:39:44.180+0000] {standard_task_runner.py:91} INFO - Job 17: Subtask third_task
[2024-06-26T22:39:44.181+0000] {logging_mixin.py:188} WARNING - /home/***/.local/lib/python3.12/site-packages/***/task/task_runner/standard_task_runner.py:61 DeprecationWarning: This process (pid=6301) is multi-threaded, use of fork() may lead to deadlocks in the child.
[2024-06-26T22:39:44.181+0000] {standard_task_runner.py:63} INFO - Started process 6304 to run task
[2024-06-26T22:39:44.196+0000] {task_command.py:426} INFO - Running <TaskInstance: first_example_v3.third_task manual__2024-06-26T22:39:42.254279+00:00 [running]> on host 6f85ce718b3c
[2024-06-26T22:39:44.223+0000] {taskinstance.py:2648} INFO - Exporting env vars: AIRFLOW_CTX_DAG_OWNER='nash5657' AIRFLOW_CTX_DAG_ID='first_example_v3' AIRFLOW_CTX_TASK_ID='third_task' AIRFLOW_CTX_EXECUTION_DATE='2024-06-26T22:39:42.254279+00:00' AIRFLOW_CTX_TRY_NUMBER='1' AIRFLOW_CTX_DAG_RUN_ID='manual__2024-06-26T22:39:42.254279+00:00'
[2024-06-26T22:39:44.224+0000] {taskinstance.py:430} INFO - ::endgroup::
[2024-06-26T22:39:44.229+0000] {subprocess.py:63} INFO - Tmp dir root location: /tmp
[2024-06-26T22:39:44.229+0000] {subprocess.py:75} INFO - Running command: ['/usr/bin/bash', '-c', 'echo "I am the third task"']
[2024-06-26T22:39:44.232+0000] {subprocess.py:86} INFO - Output:
[2024-06-26T22:39:44.233+0000] {subprocess.py:93} INFO - I am the third task
[2024-06-26T22:39:44.233+0000] {subprocess.py:97} INFO - Command exited with return code 0
[2024-06-26T22:39:44.233+0000] {taskinstance.py:441} INFO - ::group::Post task execution logs
[2024-06-26T22:39:44.244+0000] {taskinstance.py:1206} INFO - Marking task as SUCCESS. dag_id=first_example_v3, task_id=third_task, run_id=manual__2024-06-26T22:39:42.254279+00:00, execution_date=20240626T223942, start_date=20240626T223944, end_date=20240626T223944
[2024-06-26T22:39:44.287+0000] {local_task_job_runner.py:240} INFO - Task exited with return code 0
[2024-06-26T22:39:44.294+0000] {taskinstance.py:3503} INFO - 0 downstream tasks scheduled from follow-on schedule check
[2024-06-26T22:39:44.295+0000] {local_task_job_runner.py:222} INFO - ::endgroup::
