[2024-06-26T22:39:43.082+0000] {local_task_job_runner.py:120} INFO - ::group::Pre task execution logs
[2024-06-26T22:39:43.093+0000] {taskinstance.py:2076} INFO - Dependencies all met for dep_context=non-requeueable deps ti=<TaskInstance: first_example_v3.first_task manual__2024-06-26T22:39:42.254279+00:00 [queued]>
[2024-06-26T22:39:43.096+0000] {taskinstance.py:2076} INFO - Dependencies all met for dep_context=requeueable deps ti=<TaskInstance: first_example_v3.first_task manual__2024-06-26T22:39:42.254279+00:00 [queued]>
[2024-06-26T22:39:43.096+0000] {taskinstance.py:2306} INFO - Starting attempt 1 of 6
[2024-06-26T22:39:43.100+0000] {taskinstance.py:2330} INFO - Executing <Task(BashOperator): first_task> on 2024-06-26 22:39:42.254279+00:00
[2024-06-26T22:39:43.103+0000] {standard_task_runner.py:90} INFO - Running: ['***', 'tasks', 'run', 'first_example_v3', 'first_task', 'manual__2024-06-26T22:39:42.254279+00:00', '--job-id', '16', '--raw', '--subdir', 'DAGS_FOLDER/first_example.py', '--cfg-path', '/tmp/tmpa8wkh3_6']
[2024-06-26T22:39:43.104+0000] {standard_task_runner.py:91} INFO - Job 16: Subtask first_task
[2024-06-26T22:39:43.105+0000] {logging_mixin.py:188} WARNING - /home/***/.local/lib/python3.12/site-packages/***/task/task_runner/standard_task_runner.py:61 DeprecationWarning: This process (pid=6298) is multi-threaded, use of fork() may lead to deadlocks in the child.
[2024-06-26T22:39:43.105+0000] {standard_task_runner.py:63} INFO - Started process 6299 to run task
[2024-06-26T22:39:43.118+0000] {task_command.py:426} INFO - Running <TaskInstance: first_example_v3.first_task manual__2024-06-26T22:39:42.254279+00:00 [running]> on host 6f85ce718b3c
[2024-06-26T22:39:43.144+0000] {taskinstance.py:2648} INFO - Exporting env vars: AIRFLOW_CTX_DAG_OWNER='nash5657' AIRFLOW_CTX_DAG_ID='first_example_v3' AIRFLOW_CTX_TASK_ID='first_task' AIRFLOW_CTX_EXECUTION_DATE='2024-06-26T22:39:42.254279+00:00' AIRFLOW_CTX_TRY_NUMBER='1' AIRFLOW_CTX_DAG_RUN_ID='manual__2024-06-26T22:39:42.254279+00:00'
[2024-06-26T22:39:43.144+0000] {taskinstance.py:430} INFO - ::endgroup::
[2024-06-26T22:39:43.149+0000] {subprocess.py:63} INFO - Tmp dir root location: /tmp
[2024-06-26T22:39:43.150+0000] {subprocess.py:75} INFO - Running command: ['/usr/bin/bash', '-c', 'echo "Hello World"']
[2024-06-26T22:39:43.152+0000] {subprocess.py:86} INFO - Output:
[2024-06-26T22:39:43.153+0000] {subprocess.py:93} INFO - Hello World
[2024-06-26T22:39:43.153+0000] {subprocess.py:97} INFO - Command exited with return code 0
[2024-06-26T22:39:43.153+0000] {taskinstance.py:441} INFO - ::group::Post task execution logs
[2024-06-26T22:39:43.162+0000] {taskinstance.py:1206} INFO - Marking task as SUCCESS. dag_id=first_example_v3, task_id=first_task, run_id=manual__2024-06-26T22:39:42.254279+00:00, execution_date=20240626T223942, start_date=20240626T223943, end_date=20240626T223943
[2024-06-26T22:39:43.172+0000] {local_task_job_runner.py:240} INFO - Task exited with return code 0
[2024-06-26T22:39:43.179+0000] {taskinstance.py:3503} INFO - 2 downstream tasks scheduled from follow-on schedule check
[2024-06-26T22:39:43.179+0000] {local_task_job_runner.py:222} INFO - ::endgroup::
