[2024-06-26T17:46:27.091+0000] {local_task_job_runner.py:120} INFO - ::group::Pre task execution logs
[2024-06-26T17:46:27.104+0000] {taskinstance.py:2076} INFO - Dependencies all met for dep_context=non-requeueable deps ti=<TaskInstance: example_bash_operator.also_run_this scheduled__2024-06-25T00:00:00+00:00 [queued]>
[2024-06-26T17:46:27.108+0000] {taskinstance.py:2076} INFO - Dependencies all met for dep_context=requeueable deps ti=<TaskInstance: example_bash_operator.also_run_this scheduled__2024-06-25T00:00:00+00:00 [queued]>
[2024-06-26T17:46:27.108+0000] {taskinstance.py:2306} INFO - Starting attempt 1 of 1
[2024-06-26T17:46:27.114+0000] {taskinstance.py:2330} INFO - Executing <Task(BashOperator): also_run_this> on 2024-06-25 00:00:00+00:00
[2024-06-26T17:46:27.118+0000] {standard_task_runner.py:90} INFO - Running: ['***', 'tasks', 'run', 'example_bash_operator', 'also_run_this', 'scheduled__2024-06-25T00:00:00+00:00', '--job-id', '5', '--raw', '--subdir', '/home/***/.local/lib/python3.12/site-packages/***/example_dags/example_bash_operator.py', '--cfg-path', '/tmp/tmp73dlbceu']
[2024-06-26T17:46:27.120+0000] {logging_mixin.py:188} WARNING - /home/***/.local/lib/python3.12/site-packages/***/task/task_runner/standard_task_runner.py:61 DeprecationWarning: This process (pid=3050) is multi-threaded, use of fork() may lead to deadlocks in the child.
[2024-06-26T17:46:27.121+0000] {standard_task_runner.py:91} INFO - Job 5: Subtask also_run_this
[2024-06-26T17:46:27.121+0000] {standard_task_runner.py:63} INFO - Started process 3063 to run task
[2024-06-26T17:46:27.147+0000] {task_command.py:426} INFO - Running <TaskInstance: example_bash_operator.also_run_this scheduled__2024-06-25T00:00:00+00:00 [running]> on host cb801614a36e
[2024-06-26T17:46:27.181+0000] {taskinstance.py:2648} INFO - Exporting env vars: AIRFLOW_CTX_DAG_OWNER='***' AIRFLOW_CTX_DAG_ID='example_bash_operator' AIRFLOW_CTX_TASK_ID='also_run_this' AIRFLOW_CTX_EXECUTION_DATE='2024-06-25T00:00:00+00:00' AIRFLOW_CTX_TRY_NUMBER='1' AIRFLOW_CTX_DAG_RUN_ID='scheduled__2024-06-25T00:00:00+00:00'
[2024-06-26T17:46:27.182+0000] {taskinstance.py:430} INFO - ::endgroup::
[2024-06-26T17:46:27.183+0000] {subprocess.py:63} INFO - Tmp dir root location: /tmp
[2024-06-26T17:46:27.183+0000] {subprocess.py:75} INFO - Running command: ['/usr/bin/bash', '-c', 'echo "ti_key=example_bash_operator__also_run_this__20240625"']
[2024-06-26T17:46:27.188+0000] {subprocess.py:86} INFO - Output:
[2024-06-26T17:46:27.189+0000] {subprocess.py:93} INFO - ti_key=example_bash_operator__also_run_this__20240625
[2024-06-26T17:46:27.189+0000] {subprocess.py:97} INFO - Command exited with return code 0
[2024-06-26T17:46:27.189+0000] {taskinstance.py:441} INFO - ::group::Post task execution logs
[2024-06-26T17:46:27.199+0000] {taskinstance.py:1206} INFO - Marking task as SUCCESS. dag_id=example_bash_operator, task_id=also_run_this, run_id=scheduled__2024-06-25T00:00:00+00:00, execution_date=20240625T000000, start_date=20240626T174627, end_date=20240626T174627
[2024-06-26T17:46:27.223+0000] {local_task_job_runner.py:240} INFO - Task exited with return code 0
[2024-06-26T17:46:27.227+0000] {local_task_job_runner.py:222} INFO - ::endgroup::
