[2024-06-30T00:06:37.323+0000] {processor.py:161} INFO - Started process (PID=12698) to work on /opt/airflow/dags/creat_dag_with_python_operator.py
[2024-06-30T00:06:37.323+0000] {processor.py:830} INFO - Processing file /opt/airflow/dags/creat_dag_with_python_operator.py for tasks to queue
[2024-06-30T00:06:37.324+0000] {logging_mixin.py:188} INFO - [2024-06-30T00:06:37.324+0000] {dagbag.py:545} INFO - Filling up the DagBag from /opt/airflow/dags/creat_dag_with_python_operator.py
[2024-06-30T00:06:37.330+0000] {processor.py:840} INFO - DAG(s) 'create_dag_with_python_operator_v06' retrieved from /opt/airflow/dags/creat_dag_with_python_operator.py
[2024-06-30T00:06:37.345+0000] {logging_mixin.py:188} INFO - [2024-06-30T00:06:37.345+0000] {dag.py:3096} INFO - Sync 1 DAGs
[2024-06-30T00:06:37.354+0000] {logging_mixin.py:188} INFO - [2024-06-30T00:06:37.354+0000] {dag.py:3954} INFO - Setting next_dagrun for create_dag_with_python_operator_v06 to 2024-06-30 00:00:00+00:00, run_after=2024-07-01 00:00:00+00:00
[2024-06-30T00:06:37.361+0000] {processor.py:183} INFO - Processing /opt/airflow/dags/creat_dag_with_python_operator.py took 0.040 seconds
[2024-06-30T01:09:05.639+0000] {processor.py:161} INFO - Started process (PID=12714) to work on /opt/airflow/dags/creat_dag_with_python_operator.py
[2024-06-30T01:09:05.640+0000] {processor.py:830} INFO - Processing file /opt/airflow/dags/creat_dag_with_python_operator.py for tasks to queue
[2024-06-30T01:09:05.640+0000] {logging_mixin.py:188} INFO - [2024-06-30T01:09:05.640+0000] {dagbag.py:545} INFO - Filling up the DagBag from /opt/airflow/dags/creat_dag_with_python_operator.py
[2024-06-30T01:09:05.646+0000] {processor.py:840} INFO - DAG(s) 'create_dag_with_python_operator_v06' retrieved from /opt/airflow/dags/creat_dag_with_python_operator.py
[2024-06-30T01:09:05.657+0000] {logging_mixin.py:188} INFO - [2024-06-30T01:09:05.657+0000] {dag.py:3096} INFO - Sync 1 DAGs
[2024-06-30T01:09:05.665+0000] {logging_mixin.py:188} INFO - [2024-06-30T01:09:05.665+0000] {dag.py:3954} INFO - Setting next_dagrun for create_dag_with_python_operator_v06 to 2024-06-30 00:00:00+00:00, run_after=2024-07-01 00:00:00+00:00
[2024-06-30T01:09:05.672+0000] {processor.py:183} INFO - Processing /opt/airflow/dags/creat_dag_with_python_operator.py took 0.035 seconds
[2024-06-30T01:43:56.901+0000] {processor.py:161} INFO - Started process (PID=12729) to work on /opt/airflow/dags/creat_dag_with_python_operator.py
[2024-06-30T01:43:56.902+0000] {processor.py:830} INFO - Processing file /opt/airflow/dags/creat_dag_with_python_operator.py for tasks to queue
[2024-06-30T01:43:56.902+0000] {logging_mixin.py:188} INFO - [2024-06-30T01:43:56.902+0000] {dagbag.py:545} INFO - Filling up the DagBag from /opt/airflow/dags/creat_dag_with_python_operator.py
[2024-06-30T01:43:56.910+0000] {processor.py:840} INFO - DAG(s) 'create_dag_with_python_operator_v06' retrieved from /opt/airflow/dags/creat_dag_with_python_operator.py
[2024-06-30T01:43:56.924+0000] {logging_mixin.py:188} INFO - [2024-06-30T01:43:56.924+0000] {dag.py:3096} INFO - Sync 1 DAGs
[2024-06-30T01:43:56.933+0000] {logging_mixin.py:188} INFO - [2024-06-30T01:43:56.933+0000] {dag.py:3954} INFO - Setting next_dagrun for create_dag_with_python_operator_v06 to 2024-06-30 00:00:00+00:00, run_after=2024-07-01 00:00:00+00:00
[2024-06-30T01:43:56.940+0000] {processor.py:183} INFO - Processing /opt/airflow/dags/creat_dag_with_python_operator.py took 0.042 seconds
[2024-06-30T02:23:00.955+0000] {processor.py:161} INFO - Started process (PID=12745) to work on /opt/airflow/dags/creat_dag_with_python_operator.py
[2024-06-30T02:23:00.955+0000] {processor.py:830} INFO - Processing file /opt/airflow/dags/creat_dag_with_python_operator.py for tasks to queue
[2024-06-30T02:23:00.956+0000] {logging_mixin.py:188} INFO - [2024-06-30T02:23:00.956+0000] {dagbag.py:545} INFO - Filling up the DagBag from /opt/airflow/dags/creat_dag_with_python_operator.py
[2024-06-30T02:23:00.965+0000] {processor.py:840} INFO - DAG(s) 'create_dag_with_python_operator_v06' retrieved from /opt/airflow/dags/creat_dag_with_python_operator.py
[2024-06-30T02:23:00.980+0000] {logging_mixin.py:188} INFO - [2024-06-30T02:23:00.979+0000] {dag.py:3096} INFO - Sync 1 DAGs
[2024-06-30T02:23:00.988+0000] {logging_mixin.py:188} INFO - [2024-06-30T02:23:00.988+0000] {dag.py:3954} INFO - Setting next_dagrun for create_dag_with_python_operator_v06 to 2024-06-30 00:00:00+00:00, run_after=2024-07-01 00:00:00+00:00
[2024-06-30T02:23:01.053+0000] {processor.py:183} INFO - Processing /opt/airflow/dags/creat_dag_with_python_operator.py took 0.102 seconds
[2024-06-30T03:14:52.646+0000] {processor.py:161} INFO - Started process (PID=12761) to work on /opt/airflow/dags/creat_dag_with_python_operator.py
[2024-06-30T03:14:52.646+0000] {processor.py:830} INFO - Processing file /opt/airflow/dags/creat_dag_with_python_operator.py for tasks to queue
[2024-06-30T03:14:52.647+0000] {logging_mixin.py:188} INFO - [2024-06-30T03:14:52.647+0000] {dagbag.py:545} INFO - Filling up the DagBag from /opt/airflow/dags/creat_dag_with_python_operator.py
[2024-06-30T03:14:52.655+0000] {processor.py:840} INFO - DAG(s) 'create_dag_with_python_operator_v06' retrieved from /opt/airflow/dags/creat_dag_with_python_operator.py
[2024-06-30T03:14:52.669+0000] {logging_mixin.py:188} INFO - [2024-06-30T03:14:52.669+0000] {dag.py:3096} INFO - Sync 1 DAGs
[2024-06-30T03:14:52.679+0000] {logging_mixin.py:188} INFO - [2024-06-30T03:14:52.678+0000] {dag.py:3954} INFO - Setting next_dagrun for create_dag_with_python_operator_v06 to 2024-06-30 00:00:00+00:00, run_after=2024-07-01 00:00:00+00:00
[2024-06-30T03:14:52.686+0000] {processor.py:183} INFO - Processing /opt/airflow/dags/creat_dag_with_python_operator.py took 0.043 seconds
[2024-06-30T03:19:56.764+0000] {processor.py:161} INFO - Started process (PID=12777) to work on /opt/airflow/dags/creat_dag_with_python_operator.py
[2024-06-30T03:19:56.765+0000] {processor.py:830} INFO - Processing file /opt/airflow/dags/creat_dag_with_python_operator.py for tasks to queue
[2024-06-30T03:19:56.765+0000] {logging_mixin.py:188} INFO - [2024-06-30T03:19:56.765+0000] {dagbag.py:545} INFO - Filling up the DagBag from /opt/airflow/dags/creat_dag_with_python_operator.py
[2024-06-30T03:19:56.772+0000] {processor.py:840} INFO - DAG(s) 'create_dag_with_python_operator_v06' retrieved from /opt/airflow/dags/creat_dag_with_python_operator.py
[2024-06-30T03:19:56.785+0000] {logging_mixin.py:188} INFO - [2024-06-30T03:19:56.785+0000] {dag.py:3096} INFO - Sync 1 DAGs
[2024-06-30T03:19:56.794+0000] {logging_mixin.py:188} INFO - [2024-06-30T03:19:56.794+0000] {dag.py:3954} INFO - Setting next_dagrun for create_dag_with_python_operator_v06 to 2024-06-30 00:00:00+00:00, run_after=2024-07-01 00:00:00+00:00
[2024-06-30T03:19:56.801+0000] {processor.py:183} INFO - Processing /opt/airflow/dags/creat_dag_with_python_operator.py took 0.041 seconds
[2024-06-30T04:24:07.739+0000] {processor.py:161} INFO - Started process (PID=12793) to work on /opt/airflow/dags/creat_dag_with_python_operator.py
[2024-06-30T04:24:07.740+0000] {processor.py:830} INFO - Processing file /opt/airflow/dags/creat_dag_with_python_operator.py for tasks to queue
[2024-06-30T04:24:07.741+0000] {logging_mixin.py:188} INFO - [2024-06-30T04:24:07.740+0000] {dagbag.py:545} INFO - Filling up the DagBag from /opt/airflow/dags/creat_dag_with_python_operator.py
[2024-06-30T04:24:07.748+0000] {processor.py:840} INFO - DAG(s) 'create_dag_with_python_operator_v06' retrieved from /opt/airflow/dags/creat_dag_with_python_operator.py
[2024-06-30T04:24:07.761+0000] {logging_mixin.py:188} INFO - [2024-06-30T04:24:07.761+0000] {dag.py:3096} INFO - Sync 1 DAGs
[2024-06-30T04:24:07.769+0000] {logging_mixin.py:188} INFO - [2024-06-30T04:24:07.769+0000] {dag.py:3954} INFO - Setting next_dagrun for create_dag_with_python_operator_v06 to 2024-06-30 00:00:00+00:00, run_after=2024-07-01 00:00:00+00:00
[2024-06-30T04:24:07.776+0000] {processor.py:183} INFO - Processing /opt/airflow/dags/creat_dag_with_python_operator.py took 0.040 seconds
[2024-06-30T05:24:26.067+0000] {processor.py:161} INFO - Started process (PID=12809) to work on /opt/airflow/dags/creat_dag_with_python_operator.py
[2024-06-30T05:24:26.068+0000] {processor.py:830} INFO - Processing file /opt/airflow/dags/creat_dag_with_python_operator.py for tasks to queue
[2024-06-30T05:24:26.068+0000] {logging_mixin.py:188} INFO - [2024-06-30T05:24:26.068+0000] {dagbag.py:545} INFO - Filling up the DagBag from /opt/airflow/dags/creat_dag_with_python_operator.py
[2024-06-30T05:24:26.075+0000] {processor.py:840} INFO - DAG(s) 'create_dag_with_python_operator_v06' retrieved from /opt/airflow/dags/creat_dag_with_python_operator.py
[2024-06-30T05:24:26.088+0000] {logging_mixin.py:188} INFO - [2024-06-30T05:24:26.088+0000] {dag.py:3096} INFO - Sync 1 DAGs
[2024-06-30T05:24:26.097+0000] {logging_mixin.py:188} INFO - [2024-06-30T05:24:26.097+0000] {dag.py:3954} INFO - Setting next_dagrun for create_dag_with_python_operator_v06 to 2024-06-30 00:00:00+00:00, run_after=2024-07-01 00:00:00+00:00
[2024-06-30T05:24:26.104+0000] {processor.py:183} INFO - Processing /opt/airflow/dags/creat_dag_with_python_operator.py took 0.040 seconds
[2024-06-30T06:18:33.183+0000] {processor.py:161} INFO - Started process (PID=12825) to work on /opt/airflow/dags/creat_dag_with_python_operator.py
[2024-06-30T06:18:33.184+0000] {processor.py:830} INFO - Processing file /opt/airflow/dags/creat_dag_with_python_operator.py for tasks to queue
[2024-06-30T06:18:33.184+0000] {logging_mixin.py:188} INFO - [2024-06-30T06:18:33.184+0000] {dagbag.py:545} INFO - Filling up the DagBag from /opt/airflow/dags/creat_dag_with_python_operator.py
[2024-06-30T06:18:33.192+0000] {processor.py:840} INFO - DAG(s) 'create_dag_with_python_operator_v06' retrieved from /opt/airflow/dags/creat_dag_with_python_operator.py
[2024-06-30T06:18:33.205+0000] {logging_mixin.py:188} INFO - [2024-06-30T06:18:33.205+0000] {dag.py:3096} INFO - Sync 1 DAGs
[2024-06-30T06:18:33.214+0000] {logging_mixin.py:188} INFO - [2024-06-30T06:18:33.214+0000] {dag.py:3954} INFO - Setting next_dagrun for create_dag_with_python_operator_v06 to 2024-06-30 00:00:00+00:00, run_after=2024-07-01 00:00:00+00:00
[2024-06-30T06:18:33.220+0000] {processor.py:183} INFO - Processing /opt/airflow/dags/creat_dag_with_python_operator.py took 0.041 seconds
[2024-06-30T07:00:27.990+0000] {processor.py:161} INFO - Started process (PID=12841) to work on /opt/airflow/dags/creat_dag_with_python_operator.py
[2024-06-30T07:00:27.991+0000] {processor.py:830} INFO - Processing file /opt/airflow/dags/creat_dag_with_python_operator.py for tasks to queue
[2024-06-30T07:00:27.991+0000] {logging_mixin.py:188} INFO - [2024-06-30T07:00:27.991+0000] {dagbag.py:545} INFO - Filling up the DagBag from /opt/airflow/dags/creat_dag_with_python_operator.py
[2024-06-30T07:00:27.997+0000] {processor.py:840} INFO - DAG(s) 'create_dag_with_python_operator_v06' retrieved from /opt/airflow/dags/creat_dag_with_python_operator.py
[2024-06-30T07:00:28.009+0000] {logging_mixin.py:188} INFO - [2024-06-30T07:00:28.009+0000] {dag.py:3096} INFO - Sync 1 DAGs
[2024-06-30T07:00:28.017+0000] {logging_mixin.py:188} INFO - [2024-06-30T07:00:28.017+0000] {dag.py:3954} INFO - Setting next_dagrun for create_dag_with_python_operator_v06 to 2024-06-30 00:00:00+00:00, run_after=2024-07-01 00:00:00+00:00
[2024-06-30T07:00:28.024+0000] {processor.py:183} INFO - Processing /opt/airflow/dags/creat_dag_with_python_operator.py took 0.037 seconds
[2024-06-30T07:34:30.302+0000] {processor.py:161} INFO - Started process (PID=12857) to work on /opt/airflow/dags/creat_dag_with_python_operator.py
[2024-06-30T07:34:30.303+0000] {processor.py:830} INFO - Processing file /opt/airflow/dags/creat_dag_with_python_operator.py for tasks to queue
[2024-06-30T07:34:30.304+0000] {logging_mixin.py:188} INFO - [2024-06-30T07:34:30.303+0000] {dagbag.py:545} INFO - Filling up the DagBag from /opt/airflow/dags/creat_dag_with_python_operator.py
[2024-06-30T07:34:30.311+0000] {processor.py:840} INFO - DAG(s) 'create_dag_with_python_operator_v06' retrieved from /opt/airflow/dags/creat_dag_with_python_operator.py
[2024-06-30T07:34:30.324+0000] {logging_mixin.py:188} INFO - [2024-06-30T07:34:30.323+0000] {dag.py:3096} INFO - Sync 1 DAGs
[2024-06-30T07:34:30.333+0000] {logging_mixin.py:188} INFO - [2024-06-30T07:34:30.333+0000] {dag.py:3954} INFO - Setting next_dagrun for create_dag_with_python_operator_v06 to 2024-06-30 00:00:00+00:00, run_after=2024-07-01 00:00:00+00:00
[2024-06-30T07:34:30.339+0000] {processor.py:183} INFO - Processing /opt/airflow/dags/creat_dag_with_python_operator.py took 0.041 seconds
[2024-06-30T08:24:36.039+0000] {processor.py:161} INFO - Started process (PID=12873) to work on /opt/airflow/dags/creat_dag_with_python_operator.py
[2024-06-30T08:24:36.039+0000] {processor.py:830} INFO - Processing file /opt/airflow/dags/creat_dag_with_python_operator.py for tasks to queue
[2024-06-30T08:24:36.040+0000] {logging_mixin.py:188} INFO - [2024-06-30T08:24:36.039+0000] {dagbag.py:545} INFO - Filling up the DagBag from /opt/airflow/dags/creat_dag_with_python_operator.py
[2024-06-30T08:24:36.045+0000] {processor.py:840} INFO - DAG(s) 'create_dag_with_python_operator_v06' retrieved from /opt/airflow/dags/creat_dag_with_python_operator.py
[2024-06-30T08:24:36.056+0000] {logging_mixin.py:188} INFO - [2024-06-30T08:24:36.056+0000] {dag.py:3096} INFO - Sync 1 DAGs
[2024-06-30T08:24:36.065+0000] {logging_mixin.py:188} INFO - [2024-06-30T08:24:36.065+0000] {dag.py:3954} INFO - Setting next_dagrun for create_dag_with_python_operator_v06 to 2024-06-30 00:00:00+00:00, run_after=2024-07-01 00:00:00+00:00
[2024-06-30T08:24:36.071+0000] {processor.py:183} INFO - Processing /opt/airflow/dags/creat_dag_with_python_operator.py took 0.035 seconds
[2024-06-30T08:47:58.713+0000] {processor.py:161} INFO - Started process (PID=12889) to work on /opt/airflow/dags/creat_dag_with_python_operator.py
[2024-06-30T08:47:58.714+0000] {processor.py:830} INFO - Processing file /opt/airflow/dags/creat_dag_with_python_operator.py for tasks to queue
[2024-06-30T08:47:58.714+0000] {logging_mixin.py:188} INFO - [2024-06-30T08:47:58.714+0000] {dagbag.py:545} INFO - Filling up the DagBag from /opt/airflow/dags/creat_dag_with_python_operator.py
[2024-06-30T08:47:58.722+0000] {processor.py:840} INFO - DAG(s) 'create_dag_with_python_operator_v06' retrieved from /opt/airflow/dags/creat_dag_with_python_operator.py
[2024-06-30T08:47:58.735+0000] {logging_mixin.py:188} INFO - [2024-06-30T08:47:58.735+0000] {dag.py:3096} INFO - Sync 1 DAGs
[2024-06-30T08:47:58.744+0000] {logging_mixin.py:188} INFO - [2024-06-30T08:47:58.744+0000] {dag.py:3954} INFO - Setting next_dagrun for create_dag_with_python_operator_v06 to 2024-06-30 00:00:00+00:00, run_after=2024-07-01 00:00:00+00:00
[2024-06-30T08:47:58.751+0000] {processor.py:183} INFO - Processing /opt/airflow/dags/creat_dag_with_python_operator.py took 0.041 seconds
[2024-06-30T09:16:41.080+0000] {processor.py:161} INFO - Started process (PID=12905) to work on /opt/airflow/dags/creat_dag_with_python_operator.py
[2024-06-30T09:16:41.080+0000] {processor.py:830} INFO - Processing file /opt/airflow/dags/creat_dag_with_python_operator.py for tasks to queue
[2024-06-30T09:16:41.081+0000] {logging_mixin.py:188} INFO - [2024-06-30T09:16:41.081+0000] {dagbag.py:545} INFO - Filling up the DagBag from /opt/airflow/dags/creat_dag_with_python_operator.py
[2024-06-30T09:16:41.088+0000] {processor.py:840} INFO - DAG(s) 'create_dag_with_python_operator_v06' retrieved from /opt/airflow/dags/creat_dag_with_python_operator.py
[2024-06-30T09:16:41.101+0000] {logging_mixin.py:188} INFO - [2024-06-30T09:16:41.101+0000] {dag.py:3096} INFO - Sync 1 DAGs
[2024-06-30T09:16:41.110+0000] {logging_mixin.py:188} INFO - [2024-06-30T09:16:41.110+0000] {dag.py:3954} INFO - Setting next_dagrun for create_dag_with_python_operator_v06 to 2024-06-30 00:00:00+00:00, run_after=2024-07-01 00:00:00+00:00
[2024-06-30T09:16:41.117+0000] {processor.py:183} INFO - Processing /opt/airflow/dags/creat_dag_with_python_operator.py took 0.041 seconds
[2024-06-30T10:18:37.727+0000] {processor.py:161} INFO - Started process (PID=12921) to work on /opt/airflow/dags/creat_dag_with_python_operator.py
[2024-06-30T10:18:37.728+0000] {processor.py:830} INFO - Processing file /opt/airflow/dags/creat_dag_with_python_operator.py for tasks to queue
[2024-06-30T10:18:37.728+0000] {logging_mixin.py:188} INFO - [2024-06-30T10:18:37.728+0000] {dagbag.py:545} INFO - Filling up the DagBag from /opt/airflow/dags/creat_dag_with_python_operator.py
[2024-06-30T10:18:37.735+0000] {processor.py:840} INFO - DAG(s) 'create_dag_with_python_operator_v06' retrieved from /opt/airflow/dags/creat_dag_with_python_operator.py
[2024-06-30T10:18:37.747+0000] {logging_mixin.py:188} INFO - [2024-06-30T10:18:37.747+0000] {dag.py:3096} INFO - Sync 1 DAGs
[2024-06-30T10:18:37.756+0000] {logging_mixin.py:188} INFO - [2024-06-30T10:18:37.756+0000] {dag.py:3954} INFO - Setting next_dagrun for create_dag_with_python_operator_v06 to 2024-06-30 00:00:00+00:00, run_after=2024-07-01 00:00:00+00:00
[2024-06-30T10:18:37.762+0000] {processor.py:183} INFO - Processing /opt/airflow/dags/creat_dag_with_python_operator.py took 0.038 seconds
[2024-06-30T11:29:42.426+0000] {processor.py:161} INFO - Started process (PID=12937) to work on /opt/airflow/dags/creat_dag_with_python_operator.py
[2024-06-30T11:29:42.427+0000] {processor.py:830} INFO - Processing file /opt/airflow/dags/creat_dag_with_python_operator.py for tasks to queue
[2024-06-30T11:29:42.428+0000] {logging_mixin.py:188} INFO - [2024-06-30T11:29:42.427+0000] {dagbag.py:545} INFO - Filling up the DagBag from /opt/airflow/dags/creat_dag_with_python_operator.py
[2024-06-30T11:29:42.438+0000] {processor.py:840} INFO - DAG(s) 'create_dag_with_python_operator_v06' retrieved from /opt/airflow/dags/creat_dag_with_python_operator.py
[2024-06-30T11:29:42.450+0000] {logging_mixin.py:188} INFO - [2024-06-30T11:29:42.450+0000] {dag.py:3096} INFO - Sync 1 DAGs
[2024-06-30T11:29:42.460+0000] {logging_mixin.py:188} INFO - [2024-06-30T11:29:42.459+0000] {dag.py:3954} INFO - Setting next_dagrun for create_dag_with_python_operator_v06 to 2024-06-30 00:00:00+00:00, run_after=2024-07-01 00:00:00+00:00
[2024-06-30T11:29:42.467+0000] {processor.py:183} INFO - Processing /opt/airflow/dags/creat_dag_with_python_operator.py took 0.045 seconds
[2024-06-30T12:30:48.216+0000] {processor.py:161} INFO - Started process (PID=12953) to work on /opt/airflow/dags/creat_dag_with_python_operator.py
[2024-06-30T12:30:48.216+0000] {processor.py:830} INFO - Processing file /opt/airflow/dags/creat_dag_with_python_operator.py for tasks to queue
[2024-06-30T12:30:48.217+0000] {logging_mixin.py:188} INFO - [2024-06-30T12:30:48.217+0000] {dagbag.py:545} INFO - Filling up the DagBag from /opt/airflow/dags/creat_dag_with_python_operator.py
[2024-06-30T12:30:48.225+0000] {processor.py:840} INFO - DAG(s) 'create_dag_with_python_operator_v06' retrieved from /opt/airflow/dags/creat_dag_with_python_operator.py
[2024-06-30T12:30:48.238+0000] {logging_mixin.py:188} INFO - [2024-06-30T12:30:48.238+0000] {dag.py:3096} INFO - Sync 1 DAGs
[2024-06-30T12:30:48.247+0000] {logging_mixin.py:188} INFO - [2024-06-30T12:30:48.247+0000] {dag.py:3954} INFO - Setting next_dagrun for create_dag_with_python_operator_v06 to 2024-06-30 00:00:00+00:00, run_after=2024-07-01 00:00:00+00:00
[2024-06-30T12:30:48.254+0000] {processor.py:183} INFO - Processing /opt/airflow/dags/creat_dag_with_python_operator.py took 0.042 seconds
[2024-06-30T13:45:24.035+0000] {processor.py:161} INFO - Started process (PID=12969) to work on /opt/airflow/dags/creat_dag_with_python_operator.py
[2024-06-30T13:45:24.036+0000] {processor.py:830} INFO - Processing file /opt/airflow/dags/creat_dag_with_python_operator.py for tasks to queue
[2024-06-30T13:45:24.036+0000] {logging_mixin.py:188} INFO - [2024-06-30T13:45:24.036+0000] {dagbag.py:545} INFO - Filling up the DagBag from /opt/airflow/dags/creat_dag_with_python_operator.py
[2024-06-30T13:45:24.044+0000] {processor.py:840} INFO - DAG(s) 'create_dag_with_python_operator_v06' retrieved from /opt/airflow/dags/creat_dag_with_python_operator.py
[2024-06-30T13:45:24.057+0000] {logging_mixin.py:188} INFO - [2024-06-30T13:45:24.057+0000] {dag.py:3096} INFO - Sync 1 DAGs
[2024-06-30T13:45:24.066+0000] {logging_mixin.py:188} INFO - [2024-06-30T13:45:24.066+0000] {dag.py:3954} INFO - Setting next_dagrun for create_dag_with_python_operator_v06 to 2024-06-30 00:00:00+00:00, run_after=2024-07-01 00:00:00+00:00
[2024-06-30T13:45:24.072+0000] {processor.py:183} INFO - Processing /opt/airflow/dags/creat_dag_with_python_operator.py took 0.041 seconds
[2024-06-30T14:08:24.210+0000] {processor.py:161} INFO - Started process (PID=12985) to work on /opt/airflow/dags/creat_dag_with_python_operator.py
[2024-06-30T14:08:24.211+0000] {processor.py:830} INFO - Processing file /opt/airflow/dags/creat_dag_with_python_operator.py for tasks to queue
[2024-06-30T14:08:24.211+0000] {logging_mixin.py:188} INFO - [2024-06-30T14:08:24.211+0000] {dagbag.py:545} INFO - Filling up the DagBag from /opt/airflow/dags/creat_dag_with_python_operator.py
[2024-06-30T14:08:24.219+0000] {processor.py:840} INFO - DAG(s) 'create_dag_with_python_operator_v06' retrieved from /opt/airflow/dags/creat_dag_with_python_operator.py
[2024-06-30T14:08:24.232+0000] {logging_mixin.py:188} INFO - [2024-06-30T14:08:24.232+0000] {dag.py:3096} INFO - Sync 1 DAGs
[2024-06-30T14:08:24.240+0000] {logging_mixin.py:188} INFO - [2024-06-30T14:08:24.240+0000] {dag.py:3954} INFO - Setting next_dagrun for create_dag_with_python_operator_v06 to 2024-06-30 00:00:00+00:00, run_after=2024-07-01 00:00:00+00:00
[2024-06-30T14:08:24.247+0000] {processor.py:183} INFO - Processing /opt/airflow/dags/creat_dag_with_python_operator.py took 0.041 seconds
[2024-06-30T14:28:45.806+0000] {processor.py:161} INFO - Started process (PID=13001) to work on /opt/airflow/dags/creat_dag_with_python_operator.py
[2024-06-30T14:28:45.807+0000] {processor.py:830} INFO - Processing file /opt/airflow/dags/creat_dag_with_python_operator.py for tasks to queue
[2024-06-30T14:28:45.808+0000] {logging_mixin.py:188} INFO - [2024-06-30T14:28:45.808+0000] {dagbag.py:545} INFO - Filling up the DagBag from /opt/airflow/dags/creat_dag_with_python_operator.py
[2024-06-30T14:28:45.817+0000] {processor.py:840} INFO - DAG(s) 'create_dag_with_python_operator_v06' retrieved from /opt/airflow/dags/creat_dag_with_python_operator.py
[2024-06-30T14:28:45.837+0000] {logging_mixin.py:188} INFO - [2024-06-30T14:28:45.837+0000] {dag.py:3096} INFO - Sync 1 DAGs
[2024-06-30T14:28:45.848+0000] {logging_mixin.py:188} INFO - [2024-06-30T14:28:45.848+0000] {dag.py:3954} INFO - Setting next_dagrun for create_dag_with_python_operator_v06 to 2024-06-30 00:00:00+00:00, run_after=2024-07-01 00:00:00+00:00
[2024-06-30T14:28:45.890+0000] {processor.py:183} INFO - Processing /opt/airflow/dags/creat_dag_with_python_operator.py took 0.088 seconds
[2024-06-30T15:33:44.879+0000] {processor.py:161} INFO - Started process (PID=13016) to work on /opt/airflow/dags/creat_dag_with_python_operator.py
[2024-06-30T15:33:44.879+0000] {processor.py:830} INFO - Processing file /opt/airflow/dags/creat_dag_with_python_operator.py for tasks to queue
[2024-06-30T15:33:44.880+0000] {logging_mixin.py:188} INFO - [2024-06-30T15:33:44.880+0000] {dagbag.py:545} INFO - Filling up the DagBag from /opt/airflow/dags/creat_dag_with_python_operator.py
[2024-06-30T15:33:44.886+0000] {processor.py:840} INFO - DAG(s) 'create_dag_with_python_operator_v06' retrieved from /opt/airflow/dags/creat_dag_with_python_operator.py
[2024-06-30T15:33:44.900+0000] {logging_mixin.py:188} INFO - [2024-06-30T15:33:44.899+0000] {dag.py:3096} INFO - Sync 1 DAGs
[2024-06-30T15:33:44.909+0000] {logging_mixin.py:188} INFO - [2024-06-30T15:33:44.908+0000] {dag.py:3954} INFO - Setting next_dagrun for create_dag_with_python_operator_v06 to 2024-06-30 00:00:00+00:00, run_after=2024-07-01 00:00:00+00:00
[2024-06-30T15:33:44.916+0000] {processor.py:183} INFO - Processing /opt/airflow/dags/creat_dag_with_python_operator.py took 0.041 seconds
[2024-06-30T16:45:07.754+0000] {processor.py:161} INFO - Started process (PID=13032) to work on /opt/airflow/dags/creat_dag_with_python_operator.py
[2024-06-30T16:45:07.754+0000] {processor.py:830} INFO - Processing file /opt/airflow/dags/creat_dag_with_python_operator.py for tasks to queue
[2024-06-30T16:45:07.755+0000] {logging_mixin.py:188} INFO - [2024-06-30T16:45:07.755+0000] {dagbag.py:545} INFO - Filling up the DagBag from /opt/airflow/dags/creat_dag_with_python_operator.py
[2024-06-30T16:45:07.762+0000] {processor.py:840} INFO - DAG(s) 'create_dag_with_python_operator_v06' retrieved from /opt/airflow/dags/creat_dag_with_python_operator.py
[2024-06-30T16:45:07.775+0000] {logging_mixin.py:188} INFO - [2024-06-30T16:45:07.775+0000] {dag.py:3096} INFO - Sync 1 DAGs
[2024-06-30T16:45:07.784+0000] {logging_mixin.py:188} INFO - [2024-06-30T16:45:07.784+0000] {dag.py:3954} INFO - Setting next_dagrun for create_dag_with_python_operator_v06 to 2024-06-30 00:00:00+00:00, run_after=2024-07-01 00:00:00+00:00
[2024-06-30T16:45:07.791+0000] {processor.py:183} INFO - Processing /opt/airflow/dags/creat_dag_with_python_operator.py took 0.041 seconds
[2024-06-30T18:08:41.861+0000] {processor.py:161} INFO - Started process (PID=13048) to work on /opt/airflow/dags/creat_dag_with_python_operator.py
[2024-06-30T18:08:41.862+0000] {processor.py:830} INFO - Processing file /opt/airflow/dags/creat_dag_with_python_operator.py for tasks to queue
[2024-06-30T18:08:41.862+0000] {logging_mixin.py:188} INFO - [2024-06-30T18:08:41.862+0000] {dagbag.py:545} INFO - Filling up the DagBag from /opt/airflow/dags/creat_dag_with_python_operator.py
[2024-06-30T18:08:41.870+0000] {processor.py:840} INFO - DAG(s) 'create_dag_with_python_operator_v06' retrieved from /opt/airflow/dags/creat_dag_with_python_operator.py
[2024-06-30T18:08:41.884+0000] {logging_mixin.py:188} INFO - [2024-06-30T18:08:41.884+0000] {dag.py:3096} INFO - Sync 1 DAGs
[2024-06-30T18:08:41.893+0000] {logging_mixin.py:188} INFO - [2024-06-30T18:08:41.893+0000] {dag.py:3954} INFO - Setting next_dagrun for create_dag_with_python_operator_v06 to 2024-06-30 00:00:00+00:00, run_after=2024-07-01 00:00:00+00:00
[2024-06-30T18:08:41.899+0000] {processor.py:183} INFO - Processing /opt/airflow/dags/creat_dag_with_python_operator.py took 0.042 seconds
[2024-06-30T19:25:54.939+0000] {processor.py:161} INFO - Started process (PID=13064) to work on /opt/airflow/dags/creat_dag_with_python_operator.py
[2024-06-30T19:25:54.940+0000] {processor.py:830} INFO - Processing file /opt/airflow/dags/creat_dag_with_python_operator.py for tasks to queue
[2024-06-30T19:25:54.941+0000] {logging_mixin.py:188} INFO - [2024-06-30T19:25:54.940+0000] {dagbag.py:545} INFO - Filling up the DagBag from /opt/airflow/dags/creat_dag_with_python_operator.py
[2024-06-30T19:25:54.949+0000] {processor.py:840} INFO - DAG(s) 'create_dag_with_python_operator_v06' retrieved from /opt/airflow/dags/creat_dag_with_python_operator.py
[2024-06-30T19:25:54.962+0000] {logging_mixin.py:188} INFO - [2024-06-30T19:25:54.962+0000] {dag.py:3096} INFO - Sync 1 DAGs
[2024-06-30T19:25:54.971+0000] {logging_mixin.py:188} INFO - [2024-06-30T19:25:54.971+0000] {dag.py:3954} INFO - Setting next_dagrun for create_dag_with_python_operator_v06 to 2024-06-30 00:00:00+00:00, run_after=2024-07-01 00:00:00+00:00
[2024-06-30T19:25:54.978+0000] {processor.py:183} INFO - Processing /opt/airflow/dags/creat_dag_with_python_operator.py took 0.044 seconds
[2024-06-30T20:38:46.913+0000] {processor.py:161} INFO - Started process (PID=13080) to work on /opt/airflow/dags/creat_dag_with_python_operator.py
[2024-06-30T20:38:46.914+0000] {processor.py:830} INFO - Processing file /opt/airflow/dags/creat_dag_with_python_operator.py for tasks to queue
[2024-06-30T20:38:46.914+0000] {logging_mixin.py:188} INFO - [2024-06-30T20:38:46.914+0000] {dagbag.py:545} INFO - Filling up the DagBag from /opt/airflow/dags/creat_dag_with_python_operator.py
[2024-06-30T20:38:46.921+0000] {processor.py:840} INFO - DAG(s) 'create_dag_with_python_operator_v06' retrieved from /opt/airflow/dags/creat_dag_with_python_operator.py
[2024-06-30T20:38:46.934+0000] {logging_mixin.py:188} INFO - [2024-06-30T20:38:46.934+0000] {dag.py:3096} INFO - Sync 1 DAGs
[2024-06-30T20:38:46.943+0000] {logging_mixin.py:188} INFO - [2024-06-30T20:38:46.943+0000] {dag.py:3954} INFO - Setting next_dagrun for create_dag_with_python_operator_v06 to 2024-06-30 00:00:00+00:00, run_after=2024-07-01 00:00:00+00:00
[2024-06-30T20:38:46.950+0000] {processor.py:183} INFO - Processing /opt/airflow/dags/creat_dag_with_python_operator.py took 0.041 seconds
[2024-06-30T22:14:23.766+0000] {processor.py:161} INFO - Started process (PID=13096) to work on /opt/airflow/dags/creat_dag_with_python_operator.py
[2024-06-30T22:14:23.766+0000] {processor.py:830} INFO - Processing file /opt/airflow/dags/creat_dag_with_python_operator.py for tasks to queue
[2024-06-30T22:14:23.767+0000] {logging_mixin.py:188} INFO - [2024-06-30T22:14:23.766+0000] {dagbag.py:545} INFO - Filling up the DagBag from /opt/airflow/dags/creat_dag_with_python_operator.py
[2024-06-30T22:14:23.773+0000] {processor.py:840} INFO - DAG(s) 'create_dag_with_python_operator_v06' retrieved from /opt/airflow/dags/creat_dag_with_python_operator.py
[2024-06-30T22:14:23.785+0000] {logging_mixin.py:188} INFO - [2024-06-30T22:14:23.785+0000] {dag.py:3096} INFO - Sync 1 DAGs
[2024-06-30T22:14:23.794+0000] {logging_mixin.py:188} INFO - [2024-06-30T22:14:23.794+0000] {dag.py:3954} INFO - Setting next_dagrun for create_dag_with_python_operator_v06 to 2024-06-30 00:00:00+00:00, run_after=2024-07-01 00:00:00+00:00
[2024-06-30T22:14:23.801+0000] {processor.py:183} INFO - Processing /opt/airflow/dags/creat_dag_with_python_operator.py took 0.038 seconds
[2024-06-30T22:19:13.872+0000] {processor.py:161} INFO - Started process (PID=13112) to work on /opt/airflow/dags/creat_dag_with_python_operator.py
[2024-06-30T22:19:13.872+0000] {processor.py:830} INFO - Processing file /opt/airflow/dags/creat_dag_with_python_operator.py for tasks to queue
[2024-06-30T22:19:13.873+0000] {logging_mixin.py:188} INFO - [2024-06-30T22:19:13.873+0000] {dagbag.py:545} INFO - Filling up the DagBag from /opt/airflow/dags/creat_dag_with_python_operator.py
[2024-06-30T22:19:13.882+0000] {processor.py:840} INFO - DAG(s) 'create_dag_with_python_operator_v06' retrieved from /opt/airflow/dags/creat_dag_with_python_operator.py
[2024-06-30T22:19:13.896+0000] {logging_mixin.py:188} INFO - [2024-06-30T22:19:13.896+0000] {dag.py:3096} INFO - Sync 1 DAGs
[2024-06-30T22:19:13.907+0000] {logging_mixin.py:188} INFO - [2024-06-30T22:19:13.907+0000] {dag.py:3954} INFO - Setting next_dagrun for create_dag_with_python_operator_v06 to 2024-06-30 00:00:00+00:00, run_after=2024-07-01 00:00:00+00:00
[2024-06-30T22:19:13.913+0000] {processor.py:183} INFO - Processing /opt/airflow/dags/creat_dag_with_python_operator.py took 0.046 seconds
[2024-06-30T22:26:47.068+0000] {processor.py:161} INFO - Started process (PID=13128) to work on /opt/airflow/dags/creat_dag_with_python_operator.py
[2024-06-30T22:26:47.069+0000] {processor.py:830} INFO - Processing file /opt/airflow/dags/creat_dag_with_python_operator.py for tasks to queue
[2024-06-30T22:26:47.069+0000] {logging_mixin.py:188} INFO - [2024-06-30T22:26:47.069+0000] {dagbag.py:545} INFO - Filling up the DagBag from /opt/airflow/dags/creat_dag_with_python_operator.py
[2024-06-30T22:26:47.077+0000] {processor.py:840} INFO - DAG(s) 'create_dag_with_python_operator_v06' retrieved from /opt/airflow/dags/creat_dag_with_python_operator.py
[2024-06-30T22:26:47.090+0000] {logging_mixin.py:188} INFO - [2024-06-30T22:26:47.090+0000] {dag.py:3096} INFO - Sync 1 DAGs
[2024-06-30T22:26:47.100+0000] {logging_mixin.py:188} INFO - [2024-06-30T22:26:47.100+0000] {dag.py:3954} INFO - Setting next_dagrun for create_dag_with_python_operator_v06 to 2024-06-30 00:00:00+00:00, run_after=2024-07-01 00:00:00+00:00
[2024-06-30T22:26:47.107+0000] {processor.py:183} INFO - Processing /opt/airflow/dags/creat_dag_with_python_operator.py took 0.042 seconds
[2024-06-30T22:28:32.365+0000] {processor.py:161} INFO - Started process (PID=13143) to work on /opt/airflow/dags/creat_dag_with_python_operator.py
[2024-06-30T22:28:32.366+0000] {processor.py:830} INFO - Processing file /opt/airflow/dags/creat_dag_with_python_operator.py for tasks to queue
[2024-06-30T22:28:32.366+0000] {logging_mixin.py:188} INFO - [2024-06-30T22:28:32.366+0000] {dagbag.py:545} INFO - Filling up the DagBag from /opt/airflow/dags/creat_dag_with_python_operator.py
[2024-06-30T22:28:32.375+0000] {processor.py:840} INFO - DAG(s) 'create_dag_with_python_operator_v06' retrieved from /opt/airflow/dags/creat_dag_with_python_operator.py
[2024-06-30T22:28:32.389+0000] {logging_mixin.py:188} INFO - [2024-06-30T22:28:32.389+0000] {dag.py:3096} INFO - Sync 1 DAGs
[2024-06-30T22:28:32.399+0000] {logging_mixin.py:188} INFO - [2024-06-30T22:28:32.399+0000] {dag.py:3954} INFO - Setting next_dagrun for create_dag_with_python_operator_v06 to 2024-06-30 00:00:00+00:00, run_after=2024-07-01 00:00:00+00:00
[2024-06-30T22:28:32.407+0000] {processor.py:183} INFO - Processing /opt/airflow/dags/creat_dag_with_python_operator.py took 0.047 seconds
[2024-06-30T22:32:28.836+0000] {processor.py:161} INFO - Started process (PID=13159) to work on /opt/airflow/dags/creat_dag_with_python_operator.py
[2024-06-30T22:32:28.837+0000] {processor.py:830} INFO - Processing file /opt/airflow/dags/creat_dag_with_python_operator.py for tasks to queue
[2024-06-30T22:32:28.837+0000] {logging_mixin.py:188} INFO - [2024-06-30T22:32:28.837+0000] {dagbag.py:545} INFO - Filling up the DagBag from /opt/airflow/dags/creat_dag_with_python_operator.py
[2024-06-30T22:32:28.845+0000] {processor.py:840} INFO - DAG(s) 'create_dag_with_python_operator_v06' retrieved from /opt/airflow/dags/creat_dag_with_python_operator.py
[2024-06-30T22:32:28.858+0000] {logging_mixin.py:188} INFO - [2024-06-30T22:32:28.858+0000] {dag.py:3096} INFO - Sync 1 DAGs
[2024-06-30T22:32:28.867+0000] {logging_mixin.py:188} INFO - [2024-06-30T22:32:28.867+0000] {dag.py:3954} INFO - Setting next_dagrun for create_dag_with_python_operator_v06 to 2024-06-30 00:00:00+00:00, run_after=2024-07-01 00:00:00+00:00
[2024-06-30T22:32:28.873+0000] {processor.py:183} INFO - Processing /opt/airflow/dags/creat_dag_with_python_operator.py took 0.041 seconds
[2024-06-30T23:29:08.808+0000] {processor.py:161} INFO - Started process (PID=13175) to work on /opt/airflow/dags/creat_dag_with_python_operator.py
[2024-06-30T23:29:08.809+0000] {processor.py:830} INFO - Processing file /opt/airflow/dags/creat_dag_with_python_operator.py for tasks to queue
[2024-06-30T23:29:08.809+0000] {logging_mixin.py:188} INFO - [2024-06-30T23:29:08.809+0000] {dagbag.py:545} INFO - Filling up the DagBag from /opt/airflow/dags/creat_dag_with_python_operator.py
[2024-06-30T23:29:08.816+0000] {processor.py:840} INFO - DAG(s) 'create_dag_with_python_operator_v06' retrieved from /opt/airflow/dags/creat_dag_with_python_operator.py
[2024-06-30T23:29:08.830+0000] {logging_mixin.py:188} INFO - [2024-06-30T23:29:08.830+0000] {dag.py:3096} INFO - Sync 1 DAGs
[2024-06-30T23:29:08.838+0000] {logging_mixin.py:188} INFO - [2024-06-30T23:29:08.838+0000] {dag.py:3954} INFO - Setting next_dagrun for create_dag_with_python_operator_v06 to 2024-06-30 00:00:00+00:00, run_after=2024-07-01 00:00:00+00:00
[2024-06-30T23:29:08.846+0000] {processor.py:183} INFO - Processing /opt/airflow/dags/creat_dag_with_python_operator.py took 0.041 seconds
