[2024-06-30T00:06:37.323+0000] {processor.py:161} INFO - Started process (PID=12701) to work on /opt/airflow/dags/first_example.py
[2024-06-30T00:06:37.323+0000] {processor.py:830} INFO - Processing file /opt/airflow/dags/first_example.py for tasks to queue
[2024-06-30T00:06:37.324+0000] {logging_mixin.py:188} INFO - [2024-06-30T00:06:37.324+0000] {dagbag.py:545} INFO - Filling up the DagBag from /opt/airflow/dags/first_example.py
[2024-06-30T00:06:37.330+0000] {processor.py:840} INFO - DAG(s) 'first_example_v3' retrieved from /opt/airflow/dags/first_example.py
[2024-06-30T00:06:37.346+0000] {logging_mixin.py:188} INFO - [2024-06-30T00:06:37.345+0000] {dag.py:3096} INFO - Sync 1 DAGs
[2024-06-30T00:06:37.354+0000] {logging_mixin.py:188} INFO - [2024-06-30T00:06:37.354+0000] {dag.py:3954} INFO - Setting next_dagrun for first_example_v3 to 2024-06-27 00:00:00+00:00, run_after=2024-06-28 00:00:00+00:00
[2024-06-30T00:06:37.361+0000] {processor.py:183} INFO - Processing /opt/airflow/dags/first_example.py took 0.041 seconds
[2024-06-30T01:09:05.640+0000] {processor.py:161} INFO - Started process (PID=12717) to work on /opt/airflow/dags/first_example.py
[2024-06-30T01:09:05.641+0000] {processor.py:830} INFO - Processing file /opt/airflow/dags/first_example.py for tasks to queue
[2024-06-30T01:09:05.641+0000] {logging_mixin.py:188} INFO - [2024-06-30T01:09:05.641+0000] {dagbag.py:545} INFO - Filling up the DagBag from /opt/airflow/dags/first_example.py
[2024-06-30T01:09:05.646+0000] {processor.py:840} INFO - DAG(s) 'first_example_v3' retrieved from /opt/airflow/dags/first_example.py
[2024-06-30T01:09:05.657+0000] {logging_mixin.py:188} INFO - [2024-06-30T01:09:05.657+0000] {dag.py:3096} INFO - Sync 1 DAGs
[2024-06-30T01:09:05.665+0000] {logging_mixin.py:188} INFO - [2024-06-30T01:09:05.665+0000] {dag.py:3954} INFO - Setting next_dagrun for first_example_v3 to 2024-06-27 00:00:00+00:00, run_after=2024-06-28 00:00:00+00:00
[2024-06-30T01:09:05.672+0000] {processor.py:183} INFO - Processing /opt/airflow/dags/first_example.py took 0.034 seconds
[2024-06-30T01:43:56.902+0000] {processor.py:161} INFO - Started process (PID=12732) to work on /opt/airflow/dags/first_example.py
[2024-06-30T01:43:56.903+0000] {processor.py:830} INFO - Processing file /opt/airflow/dags/first_example.py for tasks to queue
[2024-06-30T01:43:56.903+0000] {logging_mixin.py:188} INFO - [2024-06-30T01:43:56.903+0000] {dagbag.py:545} INFO - Filling up the DagBag from /opt/airflow/dags/first_example.py
[2024-06-30T01:43:56.911+0000] {processor.py:840} INFO - DAG(s) 'first_example_v3' retrieved from /opt/airflow/dags/first_example.py
[2024-06-30T01:43:56.924+0000] {logging_mixin.py:188} INFO - [2024-06-30T01:43:56.924+0000] {dag.py:3096} INFO - Sync 1 DAGs
[2024-06-30T01:43:56.933+0000] {logging_mixin.py:188} INFO - [2024-06-30T01:43:56.933+0000] {dag.py:3954} INFO - Setting next_dagrun for first_example_v3 to 2024-06-27 00:00:00+00:00, run_after=2024-06-28 00:00:00+00:00
[2024-06-30T01:43:56.940+0000] {processor.py:183} INFO - Processing /opt/airflow/dags/first_example.py took 0.040 seconds
[2024-06-30T02:23:00.957+0000] {processor.py:161} INFO - Started process (PID=12748) to work on /opt/airflow/dags/first_example.py
[2024-06-30T02:23:00.957+0000] {processor.py:830} INFO - Processing file /opt/airflow/dags/first_example.py for tasks to queue
[2024-06-30T02:23:00.958+0000] {logging_mixin.py:188} INFO - [2024-06-30T02:23:00.958+0000] {dagbag.py:545} INFO - Filling up the DagBag from /opt/airflow/dags/first_example.py
[2024-06-30T02:23:00.966+0000] {processor.py:840} INFO - DAG(s) 'first_example_v3' retrieved from /opt/airflow/dags/first_example.py
[2024-06-30T02:23:00.980+0000] {logging_mixin.py:188} INFO - [2024-06-30T02:23:00.979+0000] {dag.py:3096} INFO - Sync 1 DAGs
[2024-06-30T02:23:00.988+0000] {logging_mixin.py:188} INFO - [2024-06-30T02:23:00.988+0000] {dag.py:3954} INFO - Setting next_dagrun for first_example_v3 to 2024-06-27 00:00:00+00:00, run_after=2024-06-28 00:00:00+00:00
[2024-06-30T02:23:01.053+0000] {processor.py:183} INFO - Processing /opt/airflow/dags/first_example.py took 0.100 seconds
[2024-06-30T03:14:52.648+0000] {processor.py:161} INFO - Started process (PID=12764) to work on /opt/airflow/dags/first_example.py
[2024-06-30T03:14:52.649+0000] {processor.py:830} INFO - Processing file /opt/airflow/dags/first_example.py for tasks to queue
[2024-06-30T03:14:52.649+0000] {logging_mixin.py:188} INFO - [2024-06-30T03:14:52.649+0000] {dagbag.py:545} INFO - Filling up the DagBag from /opt/airflow/dags/first_example.py
[2024-06-30T03:14:52.656+0000] {processor.py:840} INFO - DAG(s) 'first_example_v3' retrieved from /opt/airflow/dags/first_example.py
[2024-06-30T03:14:52.669+0000] {logging_mixin.py:188} INFO - [2024-06-30T03:14:52.669+0000] {dag.py:3096} INFO - Sync 1 DAGs
[2024-06-30T03:14:52.678+0000] {logging_mixin.py:188} INFO - [2024-06-30T03:14:52.678+0000] {dag.py:3954} INFO - Setting next_dagrun for first_example_v3 to 2024-06-27 00:00:00+00:00, run_after=2024-06-28 00:00:00+00:00
[2024-06-30T03:14:52.686+0000] {processor.py:183} INFO - Processing /opt/airflow/dags/first_example.py took 0.041 seconds
[2024-06-30T03:19:56.766+0000] {processor.py:161} INFO - Started process (PID=12780) to work on /opt/airflow/dags/first_example.py
[2024-06-30T03:19:56.766+0000] {processor.py:830} INFO - Processing file /opt/airflow/dags/first_example.py for tasks to queue
[2024-06-30T03:19:56.767+0000] {logging_mixin.py:188} INFO - [2024-06-30T03:19:56.766+0000] {dagbag.py:545} INFO - Filling up the DagBag from /opt/airflow/dags/first_example.py
[2024-06-30T03:19:56.773+0000] {processor.py:840} INFO - DAG(s) 'first_example_v3' retrieved from /opt/airflow/dags/first_example.py
[2024-06-30T03:19:56.785+0000] {logging_mixin.py:188} INFO - [2024-06-30T03:19:56.785+0000] {dag.py:3096} INFO - Sync 1 DAGs
[2024-06-30T03:19:56.794+0000] {logging_mixin.py:188} INFO - [2024-06-30T03:19:56.794+0000] {dag.py:3954} INFO - Setting next_dagrun for first_example_v3 to 2024-06-27 00:00:00+00:00, run_after=2024-06-28 00:00:00+00:00
[2024-06-30T03:19:56.801+0000] {processor.py:183} INFO - Processing /opt/airflow/dags/first_example.py took 0.038 seconds
[2024-06-30T04:24:07.741+0000] {processor.py:161} INFO - Started process (PID=12796) to work on /opt/airflow/dags/first_example.py
[2024-06-30T04:24:07.742+0000] {processor.py:830} INFO - Processing file /opt/airflow/dags/first_example.py for tasks to queue
[2024-06-30T04:24:07.742+0000] {logging_mixin.py:188} INFO - [2024-06-30T04:24:07.742+0000] {dagbag.py:545} INFO - Filling up the DagBag from /opt/airflow/dags/first_example.py
[2024-06-30T04:24:07.748+0000] {processor.py:840} INFO - DAG(s) 'first_example_v3' retrieved from /opt/airflow/dags/first_example.py
[2024-06-30T04:24:07.761+0000] {logging_mixin.py:188} INFO - [2024-06-30T04:24:07.761+0000] {dag.py:3096} INFO - Sync 1 DAGs
[2024-06-30T04:24:07.769+0000] {logging_mixin.py:188} INFO - [2024-06-30T04:24:07.769+0000] {dag.py:3954} INFO - Setting next_dagrun for first_example_v3 to 2024-06-27 00:00:00+00:00, run_after=2024-06-28 00:00:00+00:00
[2024-06-30T04:24:07.776+0000] {processor.py:183} INFO - Processing /opt/airflow/dags/first_example.py took 0.038 seconds
[2024-06-30T05:24:26.069+0000] {processor.py:161} INFO - Started process (PID=12812) to work on /opt/airflow/dags/first_example.py
[2024-06-30T05:24:26.069+0000] {processor.py:830} INFO - Processing file /opt/airflow/dags/first_example.py for tasks to queue
[2024-06-30T05:24:26.070+0000] {logging_mixin.py:188} INFO - [2024-06-30T05:24:26.070+0000] {dagbag.py:545} INFO - Filling up the DagBag from /opt/airflow/dags/first_example.py
[2024-06-30T05:24:26.076+0000] {processor.py:840} INFO - DAG(s) 'first_example_v3' retrieved from /opt/airflow/dags/first_example.py
[2024-06-30T05:24:26.088+0000] {logging_mixin.py:188} INFO - [2024-06-30T05:24:26.088+0000] {dag.py:3096} INFO - Sync 1 DAGs
[2024-06-30T05:24:26.097+0000] {logging_mixin.py:188} INFO - [2024-06-30T05:24:26.097+0000] {dag.py:3954} INFO - Setting next_dagrun for first_example_v3 to 2024-06-27 00:00:00+00:00, run_after=2024-06-28 00:00:00+00:00
[2024-06-30T05:24:26.104+0000] {processor.py:183} INFO - Processing /opt/airflow/dags/first_example.py took 0.038 seconds
[2024-06-30T06:18:33.184+0000] {processor.py:161} INFO - Started process (PID=12828) to work on /opt/airflow/dags/first_example.py
[2024-06-30T06:18:33.184+0000] {processor.py:830} INFO - Processing file /opt/airflow/dags/first_example.py for tasks to queue
[2024-06-30T06:18:33.185+0000] {logging_mixin.py:188} INFO - [2024-06-30T06:18:33.185+0000] {dagbag.py:545} INFO - Filling up the DagBag from /opt/airflow/dags/first_example.py
[2024-06-30T06:18:33.192+0000] {processor.py:840} INFO - DAG(s) 'first_example_v3' retrieved from /opt/airflow/dags/first_example.py
[2024-06-30T06:18:33.205+0000] {logging_mixin.py:188} INFO - [2024-06-30T06:18:33.205+0000] {dag.py:3096} INFO - Sync 1 DAGs
[2024-06-30T06:18:33.214+0000] {logging_mixin.py:188} INFO - [2024-06-30T06:18:33.213+0000] {dag.py:3954} INFO - Setting next_dagrun for first_example_v3 to 2024-06-27 00:00:00+00:00, run_after=2024-06-28 00:00:00+00:00
[2024-06-30T06:18:33.220+0000] {processor.py:183} INFO - Processing /opt/airflow/dags/first_example.py took 0.039 seconds
[2024-06-30T07:00:27.992+0000] {processor.py:161} INFO - Started process (PID=12844) to work on /opt/airflow/dags/first_example.py
[2024-06-30T07:00:27.993+0000] {processor.py:830} INFO - Processing file /opt/airflow/dags/first_example.py for tasks to queue
[2024-06-30T07:00:27.994+0000] {logging_mixin.py:188} INFO - [2024-06-30T07:00:27.993+0000] {dagbag.py:545} INFO - Filling up the DagBag from /opt/airflow/dags/first_example.py
[2024-06-30T07:00:27.999+0000] {processor.py:840} INFO - DAG(s) 'first_example_v3' retrieved from /opt/airflow/dags/first_example.py
[2024-06-30T07:00:28.009+0000] {logging_mixin.py:188} INFO - [2024-06-30T07:00:28.009+0000] {dag.py:3096} INFO - Sync 1 DAGs
[2024-06-30T07:00:28.017+0000] {logging_mixin.py:188} INFO - [2024-06-30T07:00:28.017+0000] {dag.py:3954} INFO - Setting next_dagrun for first_example_v3 to 2024-06-27 00:00:00+00:00, run_after=2024-06-28 00:00:00+00:00
[2024-06-30T07:00:28.024+0000] {processor.py:183} INFO - Processing /opt/airflow/dags/first_example.py took 0.034 seconds
[2024-06-30T07:34:30.304+0000] {processor.py:161} INFO - Started process (PID=12860) to work on /opt/airflow/dags/first_example.py
[2024-06-30T07:34:30.304+0000] {processor.py:830} INFO - Processing file /opt/airflow/dags/first_example.py for tasks to queue
[2024-06-30T07:34:30.305+0000] {logging_mixin.py:188} INFO - [2024-06-30T07:34:30.305+0000] {dagbag.py:545} INFO - Filling up the DagBag from /opt/airflow/dags/first_example.py
[2024-06-30T07:34:30.311+0000] {processor.py:840} INFO - DAG(s) 'first_example_v3' retrieved from /opt/airflow/dags/first_example.py
[2024-06-30T07:34:30.324+0000] {logging_mixin.py:188} INFO - [2024-06-30T07:34:30.324+0000] {dag.py:3096} INFO - Sync 1 DAGs
[2024-06-30T07:34:30.333+0000] {logging_mixin.py:188} INFO - [2024-06-30T07:34:30.333+0000] {dag.py:3954} INFO - Setting next_dagrun for first_example_v3 to 2024-06-27 00:00:00+00:00, run_after=2024-06-28 00:00:00+00:00
[2024-06-30T07:34:30.340+0000] {processor.py:183} INFO - Processing /opt/airflow/dags/first_example.py took 0.038 seconds
[2024-06-30T08:24:36.040+0000] {processor.py:161} INFO - Started process (PID=12876) to work on /opt/airflow/dags/first_example.py
[2024-06-30T08:24:36.040+0000] {processor.py:830} INFO - Processing file /opt/airflow/dags/first_example.py for tasks to queue
[2024-06-30T08:24:36.040+0000] {logging_mixin.py:188} INFO - [2024-06-30T08:24:36.040+0000] {dagbag.py:545} INFO - Filling up the DagBag from /opt/airflow/dags/first_example.py
[2024-06-30T08:24:36.045+0000] {processor.py:840} INFO - DAG(s) 'first_example_v3' retrieved from /opt/airflow/dags/first_example.py
[2024-06-30T08:24:36.056+0000] {logging_mixin.py:188} INFO - [2024-06-30T08:24:36.056+0000] {dag.py:3096} INFO - Sync 1 DAGs
[2024-06-30T08:24:36.065+0000] {logging_mixin.py:188} INFO - [2024-06-30T08:24:36.065+0000] {dag.py:3954} INFO - Setting next_dagrun for first_example_v3 to 2024-06-27 00:00:00+00:00, run_after=2024-06-28 00:00:00+00:00
[2024-06-30T08:24:36.071+0000] {processor.py:183} INFO - Processing /opt/airflow/dags/first_example.py took 0.034 seconds
[2024-06-30T08:47:58.715+0000] {processor.py:161} INFO - Started process (PID=12892) to work on /opt/airflow/dags/first_example.py
[2024-06-30T08:47:58.715+0000] {processor.py:830} INFO - Processing file /opt/airflow/dags/first_example.py for tasks to queue
[2024-06-30T08:47:58.716+0000] {logging_mixin.py:188} INFO - [2024-06-30T08:47:58.716+0000] {dagbag.py:545} INFO - Filling up the DagBag from /opt/airflow/dags/first_example.py
[2024-06-30T08:47:58.723+0000] {processor.py:840} INFO - DAG(s) 'first_example_v3' retrieved from /opt/airflow/dags/first_example.py
[2024-06-30T08:47:58.735+0000] {logging_mixin.py:188} INFO - [2024-06-30T08:47:58.735+0000] {dag.py:3096} INFO - Sync 1 DAGs
[2024-06-30T08:47:58.744+0000] {logging_mixin.py:188} INFO - [2024-06-30T08:47:58.744+0000] {dag.py:3954} INFO - Setting next_dagrun for first_example_v3 to 2024-06-27 00:00:00+00:00, run_after=2024-06-28 00:00:00+00:00
[2024-06-30T08:47:58.751+0000] {processor.py:183} INFO - Processing /opt/airflow/dags/first_example.py took 0.039 seconds
[2024-06-30T09:16:41.081+0000] {processor.py:161} INFO - Started process (PID=12908) to work on /opt/airflow/dags/first_example.py
[2024-06-30T09:16:41.081+0000] {processor.py:830} INFO - Processing file /opt/airflow/dags/first_example.py for tasks to queue
[2024-06-30T09:16:41.082+0000] {logging_mixin.py:188} INFO - [2024-06-30T09:16:41.082+0000] {dagbag.py:545} INFO - Filling up the DagBag from /opt/airflow/dags/first_example.py
[2024-06-30T09:16:41.088+0000] {processor.py:840} INFO - DAG(s) 'first_example_v3' retrieved from /opt/airflow/dags/first_example.py
[2024-06-30T09:16:41.101+0000] {logging_mixin.py:188} INFO - [2024-06-30T09:16:41.101+0000] {dag.py:3096} INFO - Sync 1 DAGs
[2024-06-30T09:16:41.110+0000] {logging_mixin.py:188} INFO - [2024-06-30T09:16:41.110+0000] {dag.py:3954} INFO - Setting next_dagrun for first_example_v3 to 2024-06-27 00:00:00+00:00, run_after=2024-06-28 00:00:00+00:00
[2024-06-30T09:16:41.117+0000] {processor.py:183} INFO - Processing /opt/airflow/dags/first_example.py took 0.039 seconds
[2024-06-30T10:18:37.729+0000] {processor.py:161} INFO - Started process (PID=12924) to work on /opt/airflow/dags/first_example.py
[2024-06-30T10:18:37.729+0000] {processor.py:830} INFO - Processing file /opt/airflow/dags/first_example.py for tasks to queue
[2024-06-30T10:18:37.729+0000] {logging_mixin.py:188} INFO - [2024-06-30T10:18:37.729+0000] {dagbag.py:545} INFO - Filling up the DagBag from /opt/airflow/dags/first_example.py
[2024-06-30T10:18:37.736+0000] {processor.py:840} INFO - DAG(s) 'first_example_v3' retrieved from /opt/airflow/dags/first_example.py
[2024-06-30T10:18:37.747+0000] {logging_mixin.py:188} INFO - [2024-06-30T10:18:37.747+0000] {dag.py:3096} INFO - Sync 1 DAGs
[2024-06-30T10:18:37.756+0000] {logging_mixin.py:188} INFO - [2024-06-30T10:18:37.756+0000] {dag.py:3954} INFO - Setting next_dagrun for first_example_v3 to 2024-06-27 00:00:00+00:00, run_after=2024-06-28 00:00:00+00:00
[2024-06-30T10:18:37.762+0000] {processor.py:183} INFO - Processing /opt/airflow/dags/first_example.py took 0.036 seconds
[2024-06-30T11:29:42.428+0000] {processor.py:161} INFO - Started process (PID=12940) to work on /opt/airflow/dags/first_example.py
[2024-06-30T11:29:42.429+0000] {processor.py:830} INFO - Processing file /opt/airflow/dags/first_example.py for tasks to queue
[2024-06-30T11:29:42.430+0000] {logging_mixin.py:188} INFO - [2024-06-30T11:29:42.430+0000] {dagbag.py:545} INFO - Filling up the DagBag from /opt/airflow/dags/first_example.py
[2024-06-30T11:29:42.438+0000] {processor.py:840} INFO - DAG(s) 'first_example_v3' retrieved from /opt/airflow/dags/first_example.py
[2024-06-30T11:29:42.450+0000] {logging_mixin.py:188} INFO - [2024-06-30T11:29:42.450+0000] {dag.py:3096} INFO - Sync 1 DAGs
[2024-06-30T11:29:42.459+0000] {logging_mixin.py:188} INFO - [2024-06-30T11:29:42.459+0000] {dag.py:3954} INFO - Setting next_dagrun for first_example_v3 to 2024-06-27 00:00:00+00:00, run_after=2024-06-28 00:00:00+00:00
[2024-06-30T11:29:42.467+0000] {processor.py:183} INFO - Processing /opt/airflow/dags/first_example.py took 0.043 seconds
[2024-06-30T12:30:48.217+0000] {processor.py:161} INFO - Started process (PID=12956) to work on /opt/airflow/dags/first_example.py
[2024-06-30T12:30:48.218+0000] {processor.py:830} INFO - Processing file /opt/airflow/dags/first_example.py for tasks to queue
[2024-06-30T12:30:48.218+0000] {logging_mixin.py:188} INFO - [2024-06-30T12:30:48.218+0000] {dagbag.py:545} INFO - Filling up the DagBag from /opt/airflow/dags/first_example.py
[2024-06-30T12:30:48.226+0000] {processor.py:840} INFO - DAG(s) 'first_example_v3' retrieved from /opt/airflow/dags/first_example.py
[2024-06-30T12:30:48.238+0000] {logging_mixin.py:188} INFO - [2024-06-30T12:30:48.238+0000] {dag.py:3096} INFO - Sync 1 DAGs
[2024-06-30T12:30:48.247+0000] {logging_mixin.py:188} INFO - [2024-06-30T12:30:48.247+0000] {dag.py:3954} INFO - Setting next_dagrun for first_example_v3 to 2024-06-27 00:00:00+00:00, run_after=2024-06-28 00:00:00+00:00
[2024-06-30T12:30:48.254+0000] {processor.py:183} INFO - Processing /opt/airflow/dags/first_example.py took 0.039 seconds
[2024-06-30T13:45:24.037+0000] {processor.py:161} INFO - Started process (PID=12972) to work on /opt/airflow/dags/first_example.py
[2024-06-30T13:45:24.037+0000] {processor.py:830} INFO - Processing file /opt/airflow/dags/first_example.py for tasks to queue
[2024-06-30T13:45:24.038+0000] {logging_mixin.py:188} INFO - [2024-06-30T13:45:24.038+0000] {dagbag.py:545} INFO - Filling up the DagBag from /opt/airflow/dags/first_example.py
[2024-06-30T13:45:24.044+0000] {processor.py:840} INFO - DAG(s) 'first_example_v3' retrieved from /opt/airflow/dags/first_example.py
[2024-06-30T13:45:24.057+0000] {logging_mixin.py:188} INFO - [2024-06-30T13:45:24.057+0000] {dag.py:3096} INFO - Sync 1 DAGs
[2024-06-30T13:45:24.066+0000] {logging_mixin.py:188} INFO - [2024-06-30T13:45:24.066+0000] {dag.py:3954} INFO - Setting next_dagrun for first_example_v3 to 2024-06-27 00:00:00+00:00, run_after=2024-06-28 00:00:00+00:00
[2024-06-30T13:45:24.072+0000] {processor.py:183} INFO - Processing /opt/airflow/dags/first_example.py took 0.038 seconds
[2024-06-30T14:08:24.211+0000] {processor.py:161} INFO - Started process (PID=12988) to work on /opt/airflow/dags/first_example.py
[2024-06-30T14:08:24.212+0000] {processor.py:830} INFO - Processing file /opt/airflow/dags/first_example.py for tasks to queue
[2024-06-30T14:08:24.213+0000] {logging_mixin.py:188} INFO - [2024-06-30T14:08:24.212+0000] {dagbag.py:545} INFO - Filling up the DagBag from /opt/airflow/dags/first_example.py
[2024-06-30T14:08:24.219+0000] {processor.py:840} INFO - DAG(s) 'first_example_v3' retrieved from /opt/airflow/dags/first_example.py
[2024-06-30T14:08:24.232+0000] {logging_mixin.py:188} INFO - [2024-06-30T14:08:24.232+0000] {dag.py:3096} INFO - Sync 1 DAGs
[2024-06-30T14:08:24.240+0000] {logging_mixin.py:188} INFO - [2024-06-30T14:08:24.240+0000] {dag.py:3954} INFO - Setting next_dagrun for first_example_v3 to 2024-06-27 00:00:00+00:00, run_after=2024-06-28 00:00:00+00:00
[2024-06-30T14:08:24.247+0000] {processor.py:183} INFO - Processing /opt/airflow/dags/first_example.py took 0.039 seconds
[2024-06-30T14:28:45.808+0000] {processor.py:161} INFO - Started process (PID=13004) to work on /opt/airflow/dags/first_example.py
[2024-06-30T14:28:45.809+0000] {processor.py:830} INFO - Processing file /opt/airflow/dags/first_example.py for tasks to queue
[2024-06-30T14:28:45.809+0000] {logging_mixin.py:188} INFO - [2024-06-30T14:28:45.809+0000] {dagbag.py:545} INFO - Filling up the DagBag from /opt/airflow/dags/first_example.py
[2024-06-30T14:28:45.817+0000] {processor.py:840} INFO - DAG(s) 'first_example_v3' retrieved from /opt/airflow/dags/first_example.py
[2024-06-30T14:28:45.837+0000] {logging_mixin.py:188} INFO - [2024-06-30T14:28:45.837+0000] {dag.py:3096} INFO - Sync 1 DAGs
[2024-06-30T14:28:45.848+0000] {logging_mixin.py:188} INFO - [2024-06-30T14:28:45.848+0000] {dag.py:3954} INFO - Setting next_dagrun for first_example_v3 to 2024-06-27 00:00:00+00:00, run_after=2024-06-28 00:00:00+00:00
[2024-06-30T14:28:45.890+0000] {processor.py:183} INFO - Processing /opt/airflow/dags/first_example.py took 0.086 seconds
[2024-06-30T15:33:44.880+0000] {processor.py:161} INFO - Started process (PID=13019) to work on /opt/airflow/dags/first_example.py
[2024-06-30T15:33:44.881+0000] {processor.py:830} INFO - Processing file /opt/airflow/dags/first_example.py for tasks to queue
[2024-06-30T15:33:44.881+0000] {logging_mixin.py:188} INFO - [2024-06-30T15:33:44.881+0000] {dagbag.py:545} INFO - Filling up the DagBag from /opt/airflow/dags/first_example.py
[2024-06-30T15:33:44.887+0000] {processor.py:840} INFO - DAG(s) 'first_example_v3' retrieved from /opt/airflow/dags/first_example.py
[2024-06-30T15:33:44.900+0000] {logging_mixin.py:188} INFO - [2024-06-30T15:33:44.899+0000] {dag.py:3096} INFO - Sync 1 DAGs
[2024-06-30T15:33:44.908+0000] {logging_mixin.py:188} INFO - [2024-06-30T15:33:44.908+0000] {dag.py:3954} INFO - Setting next_dagrun for first_example_v3 to 2024-06-27 00:00:00+00:00, run_after=2024-06-28 00:00:00+00:00
[2024-06-30T15:33:44.916+0000] {processor.py:183} INFO - Processing /opt/airflow/dags/first_example.py took 0.038 seconds
[2024-06-30T16:45:07.755+0000] {processor.py:161} INFO - Started process (PID=13035) to work on /opt/airflow/dags/first_example.py
[2024-06-30T16:45:07.756+0000] {processor.py:830} INFO - Processing file /opt/airflow/dags/first_example.py for tasks to queue
[2024-06-30T16:45:07.756+0000] {logging_mixin.py:188} INFO - [2024-06-30T16:45:07.756+0000] {dagbag.py:545} INFO - Filling up the DagBag from /opt/airflow/dags/first_example.py
[2024-06-30T16:45:07.763+0000] {processor.py:840} INFO - DAG(s) 'first_example_v3' retrieved from /opt/airflow/dags/first_example.py
[2024-06-30T16:45:07.775+0000] {logging_mixin.py:188} INFO - [2024-06-30T16:45:07.775+0000] {dag.py:3096} INFO - Sync 1 DAGs
[2024-06-30T16:45:07.784+0000] {logging_mixin.py:188} INFO - [2024-06-30T16:45:07.784+0000] {dag.py:3954} INFO - Setting next_dagrun for first_example_v3 to 2024-06-27 00:00:00+00:00, run_after=2024-06-28 00:00:00+00:00
[2024-06-30T16:45:07.791+0000] {processor.py:183} INFO - Processing /opt/airflow/dags/first_example.py took 0.038 seconds
[2024-06-30T18:08:41.863+0000] {processor.py:161} INFO - Started process (PID=13051) to work on /opt/airflow/dags/first_example.py
[2024-06-30T18:08:41.863+0000] {processor.py:830} INFO - Processing file /opt/airflow/dags/first_example.py for tasks to queue
[2024-06-30T18:08:41.864+0000] {logging_mixin.py:188} INFO - [2024-06-30T18:08:41.864+0000] {dagbag.py:545} INFO - Filling up the DagBag from /opt/airflow/dags/first_example.py
[2024-06-30T18:08:41.871+0000] {processor.py:840} INFO - DAG(s) 'first_example_v3' retrieved from /opt/airflow/dags/first_example.py
[2024-06-30T18:08:41.884+0000] {logging_mixin.py:188} INFO - [2024-06-30T18:08:41.884+0000] {dag.py:3096} INFO - Sync 1 DAGs
[2024-06-30T18:08:41.893+0000] {logging_mixin.py:188} INFO - [2024-06-30T18:08:41.893+0000] {dag.py:3954} INFO - Setting next_dagrun for first_example_v3 to 2024-06-27 00:00:00+00:00, run_after=2024-06-28 00:00:00+00:00
[2024-06-30T18:08:41.899+0000] {processor.py:183} INFO - Processing /opt/airflow/dags/first_example.py took 0.039 seconds
[2024-06-30T19:25:54.941+0000] {processor.py:161} INFO - Started process (PID=13067) to work on /opt/airflow/dags/first_example.py
[2024-06-30T19:25:54.942+0000] {processor.py:830} INFO - Processing file /opt/airflow/dags/first_example.py for tasks to queue
[2024-06-30T19:25:54.943+0000] {logging_mixin.py:188} INFO - [2024-06-30T19:25:54.942+0000] {dagbag.py:545} INFO - Filling up the DagBag from /opt/airflow/dags/first_example.py
[2024-06-30T19:25:54.950+0000] {processor.py:840} INFO - DAG(s) 'first_example_v3' retrieved from /opt/airflow/dags/first_example.py
[2024-06-30T19:25:54.962+0000] {logging_mixin.py:188} INFO - [2024-06-30T19:25:54.962+0000] {dag.py:3096} INFO - Sync 1 DAGs
[2024-06-30T19:25:54.971+0000] {logging_mixin.py:188} INFO - [2024-06-30T19:25:54.971+0000] {dag.py:3954} INFO - Setting next_dagrun for first_example_v3 to 2024-06-27 00:00:00+00:00, run_after=2024-06-28 00:00:00+00:00
[2024-06-30T19:25:54.978+0000] {processor.py:183} INFO - Processing /opt/airflow/dags/first_example.py took 0.041 seconds
[2024-06-30T20:38:46.915+0000] {processor.py:161} INFO - Started process (PID=13083) to work on /opt/airflow/dags/first_example.py
[2024-06-30T20:38:46.915+0000] {processor.py:830} INFO - Processing file /opt/airflow/dags/first_example.py for tasks to queue
[2024-06-30T20:38:46.916+0000] {logging_mixin.py:188} INFO - [2024-06-30T20:38:46.916+0000] {dagbag.py:545} INFO - Filling up the DagBag from /opt/airflow/dags/first_example.py
[2024-06-30T20:38:46.922+0000] {processor.py:840} INFO - DAG(s) 'first_example_v3' retrieved from /opt/airflow/dags/first_example.py
[2024-06-30T20:38:46.934+0000] {logging_mixin.py:188} INFO - [2024-06-30T20:38:46.934+0000] {dag.py:3096} INFO - Sync 1 DAGs
[2024-06-30T20:38:46.943+0000] {logging_mixin.py:188} INFO - [2024-06-30T20:38:46.943+0000] {dag.py:3954} INFO - Setting next_dagrun for first_example_v3 to 2024-06-27 00:00:00+00:00, run_after=2024-06-28 00:00:00+00:00
[2024-06-30T20:38:46.950+0000] {processor.py:183} INFO - Processing /opt/airflow/dags/first_example.py took 0.038 seconds
[2024-06-30T22:14:23.767+0000] {processor.py:161} INFO - Started process (PID=13099) to work on /opt/airflow/dags/first_example.py
[2024-06-30T22:14:23.768+0000] {processor.py:830} INFO - Processing file /opt/airflow/dags/first_example.py for tasks to queue
[2024-06-30T22:14:23.768+0000] {logging_mixin.py:188} INFO - [2024-06-30T22:14:23.768+0000] {dagbag.py:545} INFO - Filling up the DagBag from /opt/airflow/dags/first_example.py
[2024-06-30T22:14:23.774+0000] {processor.py:840} INFO - DAG(s) 'first_example_v3' retrieved from /opt/airflow/dags/first_example.py
[2024-06-30T22:14:23.785+0000] {logging_mixin.py:188} INFO - [2024-06-30T22:14:23.785+0000] {dag.py:3096} INFO - Sync 1 DAGs
[2024-06-30T22:14:23.794+0000] {logging_mixin.py:188} INFO - [2024-06-30T22:14:23.794+0000] {dag.py:3954} INFO - Setting next_dagrun for first_example_v3 to 2024-06-27 00:00:00+00:00, run_after=2024-06-28 00:00:00+00:00
[2024-06-30T22:14:23.801+0000] {processor.py:183} INFO - Processing /opt/airflow/dags/first_example.py took 0.036 seconds
[2024-06-30T22:19:13.874+0000] {processor.py:161} INFO - Started process (PID=13115) to work on /opt/airflow/dags/first_example.py
[2024-06-30T22:19:13.875+0000] {processor.py:830} INFO - Processing file /opt/airflow/dags/first_example.py for tasks to queue
[2024-06-30T22:19:13.876+0000] {logging_mixin.py:188} INFO - [2024-06-30T22:19:13.875+0000] {dagbag.py:545} INFO - Filling up the DagBag from /opt/airflow/dags/first_example.py
[2024-06-30T22:19:13.883+0000] {processor.py:840} INFO - DAG(s) 'first_example_v3' retrieved from /opt/airflow/dags/first_example.py
[2024-06-30T22:19:13.896+0000] {logging_mixin.py:188} INFO - [2024-06-30T22:19:13.896+0000] {dag.py:3096} INFO - Sync 1 DAGs
[2024-06-30T22:19:13.907+0000] {logging_mixin.py:188} INFO - [2024-06-30T22:19:13.906+0000] {dag.py:3954} INFO - Setting next_dagrun for first_example_v3 to 2024-06-27 00:00:00+00:00, run_after=2024-06-28 00:00:00+00:00
[2024-06-30T22:19:13.913+0000] {processor.py:183} INFO - Processing /opt/airflow/dags/first_example.py took 0.043 seconds
[2024-06-30T22:26:47.070+0000] {processor.py:161} INFO - Started process (PID=13131) to work on /opt/airflow/dags/first_example.py
[2024-06-30T22:26:47.070+0000] {processor.py:830} INFO - Processing file /opt/airflow/dags/first_example.py for tasks to queue
[2024-06-30T22:26:47.071+0000] {logging_mixin.py:188} INFO - [2024-06-30T22:26:47.071+0000] {dagbag.py:545} INFO - Filling up the DagBag from /opt/airflow/dags/first_example.py
[2024-06-30T22:26:47.078+0000] {processor.py:840} INFO - DAG(s) 'first_example_v3' retrieved from /opt/airflow/dags/first_example.py
[2024-06-30T22:26:47.090+0000] {logging_mixin.py:188} INFO - [2024-06-30T22:26:47.090+0000] {dag.py:3096} INFO - Sync 1 DAGs
[2024-06-30T22:26:47.100+0000] {logging_mixin.py:188} INFO - [2024-06-30T22:26:47.100+0000] {dag.py:3954} INFO - Setting next_dagrun for first_example_v3 to 2024-06-27 00:00:00+00:00, run_after=2024-06-28 00:00:00+00:00
[2024-06-30T22:26:47.107+0000] {processor.py:183} INFO - Processing /opt/airflow/dags/first_example.py took 0.040 seconds
[2024-06-30T22:28:32.366+0000] {processor.py:161} INFO - Started process (PID=13146) to work on /opt/airflow/dags/first_example.py
[2024-06-30T22:28:32.367+0000] {processor.py:830} INFO - Processing file /opt/airflow/dags/first_example.py for tasks to queue
[2024-06-30T22:28:32.367+0000] {logging_mixin.py:188} INFO - [2024-06-30T22:28:32.367+0000] {dagbag.py:545} INFO - Filling up the DagBag from /opt/airflow/dags/first_example.py
[2024-06-30T22:28:32.375+0000] {processor.py:840} INFO - DAG(s) 'first_example_v3' retrieved from /opt/airflow/dags/first_example.py
[2024-06-30T22:28:32.389+0000] {logging_mixin.py:188} INFO - [2024-06-30T22:28:32.389+0000] {dag.py:3096} INFO - Sync 1 DAGs
[2024-06-30T22:28:32.398+0000] {logging_mixin.py:188} INFO - [2024-06-30T22:28:32.398+0000] {dag.py:3954} INFO - Setting next_dagrun for first_example_v3 to 2024-06-27 00:00:00+00:00, run_after=2024-06-28 00:00:00+00:00
[2024-06-30T22:28:32.407+0000] {processor.py:183} INFO - Processing /opt/airflow/dags/first_example.py took 0.045 seconds
[2024-06-30T22:32:28.837+0000] {processor.py:161} INFO - Started process (PID=13162) to work on /opt/airflow/dags/first_example.py
[2024-06-30T22:32:28.837+0000] {processor.py:830} INFO - Processing file /opt/airflow/dags/first_example.py for tasks to queue
[2024-06-30T22:32:28.838+0000] {logging_mixin.py:188} INFO - [2024-06-30T22:32:28.838+0000] {dagbag.py:545} INFO - Filling up the DagBag from /opt/airflow/dags/first_example.py
[2024-06-30T22:32:28.845+0000] {processor.py:840} INFO - DAG(s) 'first_example_v3' retrieved from /opt/airflow/dags/first_example.py
[2024-06-30T22:32:28.858+0000] {logging_mixin.py:188} INFO - [2024-06-30T22:32:28.858+0000] {dag.py:3096} INFO - Sync 1 DAGs
[2024-06-30T22:32:28.867+0000] {logging_mixin.py:188} INFO - [2024-06-30T22:32:28.867+0000] {dag.py:3954} INFO - Setting next_dagrun for first_example_v3 to 2024-06-27 00:00:00+00:00, run_after=2024-06-28 00:00:00+00:00
[2024-06-30T22:32:28.873+0000] {processor.py:183} INFO - Processing /opt/airflow/dags/first_example.py took 0.040 seconds
[2024-06-30T23:29:08.809+0000] {processor.py:161} INFO - Started process (PID=13178) to work on /opt/airflow/dags/first_example.py
[2024-06-30T23:29:08.809+0000] {processor.py:830} INFO - Processing file /opt/airflow/dags/first_example.py for tasks to queue
[2024-06-30T23:29:08.810+0000] {logging_mixin.py:188} INFO - [2024-06-30T23:29:08.810+0000] {dagbag.py:545} INFO - Filling up the DagBag from /opt/airflow/dags/first_example.py
[2024-06-30T23:29:08.816+0000] {processor.py:840} INFO - DAG(s) 'first_example_v3' retrieved from /opt/airflow/dags/first_example.py
[2024-06-30T23:29:08.830+0000] {logging_mixin.py:188} INFO - [2024-06-30T23:29:08.830+0000] {dag.py:3096} INFO - Sync 1 DAGs
[2024-06-30T23:29:08.838+0000] {logging_mixin.py:188} INFO - [2024-06-30T23:29:08.838+0000] {dag.py:3954} INFO - Setting next_dagrun for first_example_v3 to 2024-06-27 00:00:00+00:00, run_after=2024-06-28 00:00:00+00:00
[2024-06-30T23:29:08.845+0000] {processor.py:183} INFO - Processing /opt/airflow/dags/first_example.py took 0.039 seconds
