[2024-06-26T17:48:20.932+0000] {local_task_job_runner.py:120} INFO - ::group::Pre task execution logs
[2024-06-26T17:48:20.948+0000] {taskinstance.py:2076} INFO - Dependencies all met for dep_context=non-requeueable deps ti=<TaskInstance: example_bash_operator.runme_2 manual__2024-06-26T17:48:18+00:00 [queued]>
[2024-06-26T17:48:20.952+0000] {taskinstance.py:2076} INFO - Dependencies all met for dep_context=requeueable deps ti=<TaskInstance: example_bash_operator.runme_2 manual__2024-06-26T17:48:18+00:00 [queued]>
[2024-06-26T17:48:20.952+0000] {taskinstance.py:2306} INFO - Starting attempt 1 of 1
[2024-06-26T17:48:20.958+0000] {taskinstance.py:2330} INFO - Executing <Task(BashOperator): runme_2> on 2024-06-26 17:48:18+00:00
[2024-06-26T17:48:20.962+0000] {standard_task_runner.py:90} INFO - Running: ['***', 'tasks', 'run', 'example_bash_operator', 'runme_2', 'manual__2024-06-26T17:48:18+00:00', '--job-id', '13', '--raw', '--subdir', '/home/***/.local/lib/python3.12/site-packages/***/example_dags/example_bash_operator.py', '--cfg-path', '/tmp/tmpb1naecky']
[2024-06-26T17:48:20.964+0000] {standard_task_runner.py:91} INFO - Job 13: Subtask runme_2
[2024-06-26T17:48:20.964+0000] {logging_mixin.py:188} WARNING - /home/***/.local/lib/python3.12/site-packages/***/task/task_runner/standard_task_runner.py:61 DeprecationWarning: This process (pid=4125) is multi-threaded, use of fork() may lead to deadlocks in the child.
[2024-06-26T17:48:20.964+0000] {standard_task_runner.py:63} INFO - Started process 4136 to run task
[2024-06-26T17:48:20.989+0000] {task_command.py:426} INFO - Running <TaskInstance: example_bash_operator.runme_2 manual__2024-06-26T17:48:18+00:00 [running]> on host cb801614a36e
[2024-06-26T17:48:21.028+0000] {taskinstance.py:2648} INFO - Exporting env vars: AIRFLOW_CTX_DAG_OWNER='***' AIRFLOW_CTX_DAG_ID='example_bash_operator' AIRFLOW_CTX_TASK_ID='runme_2' AIRFLOW_CTX_EXECUTION_DATE='2024-06-26T17:48:18+00:00' AIRFLOW_CTX_TRY_NUMBER='1' AIRFLOW_CTX_DAG_RUN_ID='manual__2024-06-26T17:48:18+00:00'
[2024-06-26T17:48:21.029+0000] {taskinstance.py:430} INFO - ::endgroup::
[2024-06-26T17:48:21.030+0000] {subprocess.py:63} INFO - Tmp dir root location: /tmp
[2024-06-26T17:48:21.030+0000] {subprocess.py:75} INFO - Running command: ['/usr/bin/bash', '-c', 'echo "example_bash_operator__runme_2__20240626" && sleep 1']
[2024-06-26T17:48:21.034+0000] {subprocess.py:86} INFO - Output:
[2024-06-26T17:48:21.035+0000] {subprocess.py:93} INFO - example_bash_operator__runme_2__20240626
[2024-06-26T17:48:22.039+0000] {subprocess.py:97} INFO - Command exited with return code 0
[2024-06-26T17:48:22.042+0000] {taskinstance.py:441} INFO - ::group::Post task execution logs
[2024-06-26T17:48:22.065+0000] {taskinstance.py:1206} INFO - Marking task as SUCCESS. dag_id=example_bash_operator, task_id=runme_2, run_id=manual__2024-06-26T17:48:18+00:00, execution_date=20240626T174818, start_date=20240626T174820, end_date=20240626T174822
[2024-06-26T17:48:22.102+0000] {local_task_job_runner.py:240} INFO - Task exited with return code 0
[2024-06-26T17:48:22.110+0000] {taskinstance.py:3503} INFO - 0 downstream tasks scheduled from follow-on schedule check
[2024-06-26T17:48:22.111+0000] {local_task_job_runner.py:222} INFO - ::endgroup::
