[2024-06-26T17:41:11.727+0000] {processor.py:161} INFO - Started process (PID=259) to work on /home/airflow/.local/lib/python3.12/site-packages/airflow/example_dags/example_sensor_decorator.py
[2024-06-26T17:41:11.728+0000] {processor.py:830} INFO - Processing file /home/airflow/.local/lib/python3.12/site-packages/airflow/example_dags/example_sensor_decorator.py for tasks to queue
[2024-06-26T17:41:11.729+0000] {logging_mixin.py:188} INFO - [2024-06-26T17:41:11.728+0000] {dagbag.py:545} INFO - Filling up the DagBag from /home/airflow/.local/lib/python3.12/site-packages/airflow/example_dags/example_sensor_decorator.py
[2024-06-26T17:41:11.732+0000] {processor.py:840} INFO - DAG(s) 'example_sensor_decorator' retrieved from /home/airflow/.local/lib/python3.12/site-packages/airflow/example_dags/example_sensor_decorator.py
[2024-06-26T17:41:11.737+0000] {logging_mixin.py:188} INFO - [2024-06-26T17:41:11.737+0000] {dag.py:3096} INFO - Sync 1 DAGs
[2024-06-26T17:41:11.743+0000] {logging_mixin.py:188} INFO - [2024-06-26T17:41:11.742+0000] {dag.py:3954} INFO - Setting next_dagrun for example_sensor_decorator to None, run_after=None
[2024-06-26T17:41:11.750+0000] {processor.py:183} INFO - Processing /home/airflow/.local/lib/python3.12/site-packages/airflow/example_dags/example_sensor_decorator.py took 0.024 seconds
[2024-06-26T17:41:42.035+0000] {processor.py:161} INFO - Started process (PID=521) to work on /home/airflow/.local/lib/python3.12/site-packages/airflow/example_dags/example_sensor_decorator.py
[2024-06-26T17:41:42.036+0000] {processor.py:830} INFO - Processing file /home/airflow/.local/lib/python3.12/site-packages/airflow/example_dags/example_sensor_decorator.py for tasks to queue
[2024-06-26T17:41:42.036+0000] {logging_mixin.py:188} INFO - [2024-06-26T17:41:42.036+0000] {dagbag.py:545} INFO - Filling up the DagBag from /home/airflow/.local/lib/python3.12/site-packages/airflow/example_dags/example_sensor_decorator.py
[2024-06-26T17:41:42.039+0000] {processor.py:840} INFO - DAG(s) 'example_sensor_decorator' retrieved from /home/airflow/.local/lib/python3.12/site-packages/airflow/example_dags/example_sensor_decorator.py
[2024-06-26T17:41:42.075+0000] {logging_mixin.py:188} INFO - [2024-06-26T17:41:42.075+0000] {dag.py:3096} INFO - Sync 1 DAGs
[2024-06-26T17:41:42.079+0000] {logging_mixin.py:188} INFO - [2024-06-26T17:41:42.079+0000] {dag.py:3954} INFO - Setting next_dagrun for example_sensor_decorator to None, run_after=None
[2024-06-26T17:41:42.086+0000] {processor.py:183} INFO - Processing /home/airflow/.local/lib/python3.12/site-packages/airflow/example_dags/example_sensor_decorator.py took 0.053 seconds
[2024-06-26T17:42:12.837+0000] {processor.py:161} INFO - Started process (PID=783) to work on /home/airflow/.local/lib/python3.12/site-packages/airflow/example_dags/example_sensor_decorator.py
[2024-06-26T17:42:12.838+0000] {processor.py:830} INFO - Processing file /home/airflow/.local/lib/python3.12/site-packages/airflow/example_dags/example_sensor_decorator.py for tasks to queue
[2024-06-26T17:42:12.838+0000] {logging_mixin.py:188} INFO - [2024-06-26T17:42:12.838+0000] {dagbag.py:545} INFO - Filling up the DagBag from /home/airflow/.local/lib/python3.12/site-packages/airflow/example_dags/example_sensor_decorator.py
[2024-06-26T17:42:12.841+0000] {processor.py:840} INFO - DAG(s) 'example_sensor_decorator' retrieved from /home/airflow/.local/lib/python3.12/site-packages/airflow/example_dags/example_sensor_decorator.py
[2024-06-26T17:42:12.848+0000] {logging_mixin.py:188} INFO - [2024-06-26T17:42:12.848+0000] {dag.py:3096} INFO - Sync 1 DAGs
[2024-06-26T17:42:12.852+0000] {logging_mixin.py:188} INFO - [2024-06-26T17:42:12.852+0000] {dag.py:3954} INFO - Setting next_dagrun for example_sensor_decorator to None, run_after=None
[2024-06-26T17:42:12.858+0000] {processor.py:183} INFO - Processing /home/airflow/.local/lib/python3.12/site-packages/airflow/example_dags/example_sensor_decorator.py took 0.023 seconds
[2024-06-26T17:42:43.113+0000] {processor.py:161} INFO - Started process (PID=1045) to work on /home/airflow/.local/lib/python3.12/site-packages/airflow/example_dags/example_sensor_decorator.py
[2024-06-26T17:42:43.113+0000] {processor.py:830} INFO - Processing file /home/airflow/.local/lib/python3.12/site-packages/airflow/example_dags/example_sensor_decorator.py for tasks to queue
[2024-06-26T17:42:43.114+0000] {logging_mixin.py:188} INFO - [2024-06-26T17:42:43.114+0000] {dagbag.py:545} INFO - Filling up the DagBag from /home/airflow/.local/lib/python3.12/site-packages/airflow/example_dags/example_sensor_decorator.py
[2024-06-26T17:42:43.117+0000] {processor.py:840} INFO - DAG(s) 'example_sensor_decorator' retrieved from /home/airflow/.local/lib/python3.12/site-packages/airflow/example_dags/example_sensor_decorator.py
[2024-06-26T17:42:43.125+0000] {logging_mixin.py:188} INFO - [2024-06-26T17:42:43.125+0000] {dag.py:3096} INFO - Sync 1 DAGs
[2024-06-26T17:42:43.130+0000] {logging_mixin.py:188} INFO - [2024-06-26T17:42:43.130+0000] {dag.py:3954} INFO - Setting next_dagrun for example_sensor_decorator to None, run_after=None
[2024-06-26T17:42:43.137+0000] {processor.py:183} INFO - Processing /home/airflow/.local/lib/python3.12/site-packages/airflow/example_dags/example_sensor_decorator.py took 0.027 seconds
[2024-06-26T17:43:13.421+0000] {processor.py:161} INFO - Started process (PID=1305) to work on /home/airflow/.local/lib/python3.12/site-packages/airflow/example_dags/example_sensor_decorator.py
[2024-06-26T17:43:13.422+0000] {processor.py:830} INFO - Processing file /home/airflow/.local/lib/python3.12/site-packages/airflow/example_dags/example_sensor_decorator.py for tasks to queue
[2024-06-26T17:43:13.422+0000] {logging_mixin.py:188} INFO - [2024-06-26T17:43:13.422+0000] {dagbag.py:545} INFO - Filling up the DagBag from /home/airflow/.local/lib/python3.12/site-packages/airflow/example_dags/example_sensor_decorator.py
[2024-06-26T17:43:13.425+0000] {processor.py:840} INFO - DAG(s) 'example_sensor_decorator' retrieved from /home/airflow/.local/lib/python3.12/site-packages/airflow/example_dags/example_sensor_decorator.py
[2024-06-26T17:43:13.433+0000] {logging_mixin.py:188} INFO - [2024-06-26T17:43:13.433+0000] {dag.py:3096} INFO - Sync 1 DAGs
[2024-06-26T17:43:13.437+0000] {logging_mixin.py:188} INFO - [2024-06-26T17:43:13.437+0000] {dag.py:3954} INFO - Setting next_dagrun for example_sensor_decorator to None, run_after=None
[2024-06-26T17:43:13.444+0000] {processor.py:183} INFO - Processing /home/airflow/.local/lib/python3.12/site-packages/airflow/example_dags/example_sensor_decorator.py took 0.025 seconds
[2024-06-26T17:43:43.834+0000] {processor.py:161} INFO - Started process (PID=1567) to work on /home/airflow/.local/lib/python3.12/site-packages/airflow/example_dags/example_sensor_decorator.py
[2024-06-26T17:43:43.834+0000] {processor.py:830} INFO - Processing file /home/airflow/.local/lib/python3.12/site-packages/airflow/example_dags/example_sensor_decorator.py for tasks to queue
[2024-06-26T17:43:43.835+0000] {logging_mixin.py:188} INFO - [2024-06-26T17:43:43.835+0000] {dagbag.py:545} INFO - Filling up the DagBag from /home/airflow/.local/lib/python3.12/site-packages/airflow/example_dags/example_sensor_decorator.py
[2024-06-26T17:43:43.837+0000] {processor.py:840} INFO - DAG(s) 'example_sensor_decorator' retrieved from /home/airflow/.local/lib/python3.12/site-packages/airflow/example_dags/example_sensor_decorator.py
[2024-06-26T17:43:43.844+0000] {logging_mixin.py:188} INFO - [2024-06-26T17:43:43.844+0000] {dag.py:3096} INFO - Sync 1 DAGs
[2024-06-26T17:43:43.849+0000] {logging_mixin.py:188} INFO - [2024-06-26T17:43:43.849+0000] {dag.py:3954} INFO - Setting next_dagrun for example_sensor_decorator to None, run_after=None
[2024-06-26T17:43:43.855+0000] {processor.py:183} INFO - Processing /home/airflow/.local/lib/python3.12/site-packages/airflow/example_dags/example_sensor_decorator.py took 0.023 seconds
[2024-06-26T17:44:14.076+0000] {processor.py:161} INFO - Started process (PID=1829) to work on /home/airflow/.local/lib/python3.12/site-packages/airflow/example_dags/example_sensor_decorator.py
[2024-06-26T17:44:14.076+0000] {processor.py:830} INFO - Processing file /home/airflow/.local/lib/python3.12/site-packages/airflow/example_dags/example_sensor_decorator.py for tasks to queue
[2024-06-26T17:44:14.077+0000] {logging_mixin.py:188} INFO - [2024-06-26T17:44:14.077+0000] {dagbag.py:545} INFO - Filling up the DagBag from /home/airflow/.local/lib/python3.12/site-packages/airflow/example_dags/example_sensor_decorator.py
[2024-06-26T17:44:14.079+0000] {processor.py:840} INFO - DAG(s) 'example_sensor_decorator' retrieved from /home/airflow/.local/lib/python3.12/site-packages/airflow/example_dags/example_sensor_decorator.py
[2024-06-26T17:44:14.086+0000] {logging_mixin.py:188} INFO - [2024-06-26T17:44:14.086+0000] {dag.py:3096} INFO - Sync 1 DAGs
[2024-06-26T17:44:14.091+0000] {logging_mixin.py:188} INFO - [2024-06-26T17:44:14.091+0000] {dag.py:3954} INFO - Setting next_dagrun for example_sensor_decorator to None, run_after=None
[2024-06-26T17:44:14.098+0000] {processor.py:183} INFO - Processing /home/airflow/.local/lib/python3.12/site-packages/airflow/example_dags/example_sensor_decorator.py took 0.024 seconds
[2024-06-26T17:44:44.333+0000] {processor.py:161} INFO - Started process (PID=2093) to work on /home/airflow/.local/lib/python3.12/site-packages/airflow/example_dags/example_sensor_decorator.py
[2024-06-26T17:44:44.333+0000] {processor.py:830} INFO - Processing file /home/airflow/.local/lib/python3.12/site-packages/airflow/example_dags/example_sensor_decorator.py for tasks to queue
[2024-06-26T17:44:44.334+0000] {logging_mixin.py:188} INFO - [2024-06-26T17:44:44.334+0000] {dagbag.py:545} INFO - Filling up the DagBag from /home/airflow/.local/lib/python3.12/site-packages/airflow/example_dags/example_sensor_decorator.py
[2024-06-26T17:44:44.336+0000] {processor.py:840} INFO - DAG(s) 'example_sensor_decorator' retrieved from /home/airflow/.local/lib/python3.12/site-packages/airflow/example_dags/example_sensor_decorator.py
[2024-06-26T17:44:44.344+0000] {logging_mixin.py:188} INFO - [2024-06-26T17:44:44.344+0000] {dag.py:3096} INFO - Sync 1 DAGs
[2024-06-26T17:44:44.349+0000] {logging_mixin.py:188} INFO - [2024-06-26T17:44:44.349+0000] {dag.py:3954} INFO - Setting next_dagrun for example_sensor_decorator to None, run_after=None
[2024-06-26T17:44:44.356+0000] {processor.py:183} INFO - Processing /home/airflow/.local/lib/python3.12/site-packages/airflow/example_dags/example_sensor_decorator.py took 0.025 seconds
[2024-06-26T17:45:14.596+0000] {processor.py:161} INFO - Started process (PID=2353) to work on /home/airflow/.local/lib/python3.12/site-packages/airflow/example_dags/example_sensor_decorator.py
[2024-06-26T17:45:14.597+0000] {processor.py:830} INFO - Processing file /home/airflow/.local/lib/python3.12/site-packages/airflow/example_dags/example_sensor_decorator.py for tasks to queue
[2024-06-26T17:45:14.597+0000] {logging_mixin.py:188} INFO - [2024-06-26T17:45:14.597+0000] {dagbag.py:545} INFO - Filling up the DagBag from /home/airflow/.local/lib/python3.12/site-packages/airflow/example_dags/example_sensor_decorator.py
[2024-06-26T17:45:14.600+0000] {processor.py:840} INFO - DAG(s) 'example_sensor_decorator' retrieved from /home/airflow/.local/lib/python3.12/site-packages/airflow/example_dags/example_sensor_decorator.py
[2024-06-26T17:45:14.608+0000] {logging_mixin.py:188} INFO - [2024-06-26T17:45:14.608+0000] {dag.py:3096} INFO - Sync 1 DAGs
[2024-06-26T17:45:14.612+0000] {logging_mixin.py:188} INFO - [2024-06-26T17:45:14.612+0000] {dag.py:3954} INFO - Setting next_dagrun for example_sensor_decorator to None, run_after=None
[2024-06-26T17:45:14.619+0000] {processor.py:183} INFO - Processing /home/airflow/.local/lib/python3.12/site-packages/airflow/example_dags/example_sensor_decorator.py took 0.026 seconds
[2024-06-26T17:45:44.979+0000] {processor.py:161} INFO - Started process (PID=2617) to work on /home/airflow/.local/lib/python3.12/site-packages/airflow/example_dags/example_sensor_decorator.py
[2024-06-26T17:45:44.979+0000] {processor.py:830} INFO - Processing file /home/airflow/.local/lib/python3.12/site-packages/airflow/example_dags/example_sensor_decorator.py for tasks to queue
[2024-06-26T17:45:44.980+0000] {logging_mixin.py:188} INFO - [2024-06-26T17:45:44.980+0000] {dagbag.py:545} INFO - Filling up the DagBag from /home/airflow/.local/lib/python3.12/site-packages/airflow/example_dags/example_sensor_decorator.py
[2024-06-26T17:45:44.983+0000] {processor.py:840} INFO - DAG(s) 'example_sensor_decorator' retrieved from /home/airflow/.local/lib/python3.12/site-packages/airflow/example_dags/example_sensor_decorator.py
[2024-06-26T17:45:44.992+0000] {logging_mixin.py:188} INFO - [2024-06-26T17:45:44.992+0000] {dag.py:3096} INFO - Sync 1 DAGs
[2024-06-26T17:45:44.997+0000] {logging_mixin.py:188} INFO - [2024-06-26T17:45:44.997+0000] {dag.py:3954} INFO - Setting next_dagrun for example_sensor_decorator to None, run_after=None
[2024-06-26T17:45:45.005+0000] {processor.py:183} INFO - Processing /home/airflow/.local/lib/python3.12/site-packages/airflow/example_dags/example_sensor_decorator.py took 0.029 seconds
[2024-06-26T17:46:15.416+0000] {processor.py:161} INFO - Started process (PID=2879) to work on /home/airflow/.local/lib/python3.12/site-packages/airflow/example_dags/example_sensor_decorator.py
[2024-06-26T17:46:15.416+0000] {processor.py:830} INFO - Processing file /home/airflow/.local/lib/python3.12/site-packages/airflow/example_dags/example_sensor_decorator.py for tasks to queue
[2024-06-26T17:46:15.417+0000] {logging_mixin.py:188} INFO - [2024-06-26T17:46:15.417+0000] {dagbag.py:545} INFO - Filling up the DagBag from /home/airflow/.local/lib/python3.12/site-packages/airflow/example_dags/example_sensor_decorator.py
[2024-06-26T17:46:15.419+0000] {processor.py:840} INFO - DAG(s) 'example_sensor_decorator' retrieved from /home/airflow/.local/lib/python3.12/site-packages/airflow/example_dags/example_sensor_decorator.py
[2024-06-26T17:46:15.427+0000] {logging_mixin.py:188} INFO - [2024-06-26T17:46:15.427+0000] {dag.py:3096} INFO - Sync 1 DAGs
[2024-06-26T17:46:15.432+0000] {logging_mixin.py:188} INFO - [2024-06-26T17:46:15.432+0000] {dag.py:3954} INFO - Setting next_dagrun for example_sensor_decorator to None, run_after=None
[2024-06-26T17:46:15.438+0000] {processor.py:183} INFO - Processing /home/airflow/.local/lib/python3.12/site-packages/airflow/example_dags/example_sensor_decorator.py took 0.024 seconds
[2024-06-26T17:46:45.694+0000] {processor.py:161} INFO - Started process (PID=3164) to work on /home/airflow/.local/lib/python3.12/site-packages/airflow/example_dags/example_sensor_decorator.py
[2024-06-26T17:46:45.695+0000] {processor.py:830} INFO - Processing file /home/airflow/.local/lib/python3.12/site-packages/airflow/example_dags/example_sensor_decorator.py for tasks to queue
[2024-06-26T17:46:45.696+0000] {logging_mixin.py:188} INFO - [2024-06-26T17:46:45.695+0000] {dagbag.py:545} INFO - Filling up the DagBag from /home/airflow/.local/lib/python3.12/site-packages/airflow/example_dags/example_sensor_decorator.py
[2024-06-26T17:46:45.698+0000] {processor.py:840} INFO - DAG(s) 'example_sensor_decorator' retrieved from /home/airflow/.local/lib/python3.12/site-packages/airflow/example_dags/example_sensor_decorator.py
[2024-06-26T17:46:45.706+0000] {logging_mixin.py:188} INFO - [2024-06-26T17:46:45.706+0000] {dag.py:3096} INFO - Sync 1 DAGs
[2024-06-26T17:46:45.710+0000] {logging_mixin.py:188} INFO - [2024-06-26T17:46:45.710+0000] {dag.py:3954} INFO - Setting next_dagrun for example_sensor_decorator to None, run_after=None
[2024-06-26T17:46:45.716+0000] {processor.py:183} INFO - Processing /home/airflow/.local/lib/python3.12/site-packages/airflow/example_dags/example_sensor_decorator.py took 0.024 seconds
[2024-06-26T17:47:15.914+0000] {processor.py:161} INFO - Started process (PID=3426) to work on /home/airflow/.local/lib/python3.12/site-packages/airflow/example_dags/example_sensor_decorator.py
[2024-06-26T17:47:15.914+0000] {processor.py:830} INFO - Processing file /home/airflow/.local/lib/python3.12/site-packages/airflow/example_dags/example_sensor_decorator.py for tasks to queue
[2024-06-26T17:47:15.915+0000] {logging_mixin.py:188} INFO - [2024-06-26T17:47:15.915+0000] {dagbag.py:545} INFO - Filling up the DagBag from /home/airflow/.local/lib/python3.12/site-packages/airflow/example_dags/example_sensor_decorator.py
[2024-06-26T17:47:15.918+0000] {processor.py:840} INFO - DAG(s) 'example_sensor_decorator' retrieved from /home/airflow/.local/lib/python3.12/site-packages/airflow/example_dags/example_sensor_decorator.py
[2024-06-26T17:47:15.925+0000] {logging_mixin.py:188} INFO - [2024-06-26T17:47:15.925+0000] {dag.py:3096} INFO - Sync 1 DAGs
[2024-06-26T17:47:15.930+0000] {logging_mixin.py:188} INFO - [2024-06-26T17:47:15.930+0000] {dag.py:3954} INFO - Setting next_dagrun for example_sensor_decorator to None, run_after=None
[2024-06-26T17:47:15.936+0000] {processor.py:183} INFO - Processing /home/airflow/.local/lib/python3.12/site-packages/airflow/example_dags/example_sensor_decorator.py took 0.024 seconds
[2024-06-26T17:47:46.190+0000] {processor.py:161} INFO - Started process (PID=3688) to work on /home/airflow/.local/lib/python3.12/site-packages/airflow/example_dags/example_sensor_decorator.py
[2024-06-26T17:47:46.190+0000] {processor.py:830} INFO - Processing file /home/airflow/.local/lib/python3.12/site-packages/airflow/example_dags/example_sensor_decorator.py for tasks to queue
[2024-06-26T17:47:46.191+0000] {logging_mixin.py:188} INFO - [2024-06-26T17:47:46.191+0000] {dagbag.py:545} INFO - Filling up the DagBag from /home/airflow/.local/lib/python3.12/site-packages/airflow/example_dags/example_sensor_decorator.py
[2024-06-26T17:47:46.193+0000] {processor.py:840} INFO - DAG(s) 'example_sensor_decorator' retrieved from /home/airflow/.local/lib/python3.12/site-packages/airflow/example_dags/example_sensor_decorator.py
[2024-06-26T17:47:46.201+0000] {logging_mixin.py:188} INFO - [2024-06-26T17:47:46.201+0000] {dag.py:3096} INFO - Sync 1 DAGs
[2024-06-26T17:47:46.205+0000] {logging_mixin.py:188} INFO - [2024-06-26T17:47:46.205+0000] {dag.py:3954} INFO - Setting next_dagrun for example_sensor_decorator to None, run_after=None
[2024-06-26T17:47:46.211+0000] {processor.py:183} INFO - Processing /home/airflow/.local/lib/python3.12/site-packages/airflow/example_dags/example_sensor_decorator.py took 0.024 seconds
[2024-06-26T17:48:16.498+0000] {processor.py:161} INFO - Started process (PID=3950) to work on /home/airflow/.local/lib/python3.12/site-packages/airflow/example_dags/example_sensor_decorator.py
[2024-06-26T17:48:16.498+0000] {processor.py:830} INFO - Processing file /home/airflow/.local/lib/python3.12/site-packages/airflow/example_dags/example_sensor_decorator.py for tasks to queue
[2024-06-26T17:48:16.499+0000] {logging_mixin.py:188} INFO - [2024-06-26T17:48:16.499+0000] {dagbag.py:545} INFO - Filling up the DagBag from /home/airflow/.local/lib/python3.12/site-packages/airflow/example_dags/example_sensor_decorator.py
[2024-06-26T17:48:16.501+0000] {processor.py:840} INFO - DAG(s) 'example_sensor_decorator' retrieved from /home/airflow/.local/lib/python3.12/site-packages/airflow/example_dags/example_sensor_decorator.py
[2024-06-26T17:48:16.508+0000] {logging_mixin.py:188} INFO - [2024-06-26T17:48:16.508+0000] {dag.py:3096} INFO - Sync 1 DAGs
[2024-06-26T17:48:16.512+0000] {logging_mixin.py:188} INFO - [2024-06-26T17:48:16.512+0000] {dag.py:3954} INFO - Setting next_dagrun for example_sensor_decorator to None, run_after=None
[2024-06-26T17:48:16.519+0000] {processor.py:183} INFO - Processing /home/airflow/.local/lib/python3.12/site-packages/airflow/example_dags/example_sensor_decorator.py took 0.023 seconds
[2024-06-26T17:48:46.769+0000] {processor.py:161} INFO - Started process (PID=4237) to work on /home/airflow/.local/lib/python3.12/site-packages/airflow/example_dags/example_sensor_decorator.py
[2024-06-26T17:48:46.769+0000] {processor.py:830} INFO - Processing file /home/airflow/.local/lib/python3.12/site-packages/airflow/example_dags/example_sensor_decorator.py for tasks to queue
[2024-06-26T17:48:46.770+0000] {logging_mixin.py:188} INFO - [2024-06-26T17:48:46.770+0000] {dagbag.py:545} INFO - Filling up the DagBag from /home/airflow/.local/lib/python3.12/site-packages/airflow/example_dags/example_sensor_decorator.py
[2024-06-26T17:48:46.772+0000] {processor.py:840} INFO - DAG(s) 'example_sensor_decorator' retrieved from /home/airflow/.local/lib/python3.12/site-packages/airflow/example_dags/example_sensor_decorator.py
[2024-06-26T17:48:46.779+0000] {logging_mixin.py:188} INFO - [2024-06-26T17:48:46.779+0000] {dag.py:3096} INFO - Sync 1 DAGs
[2024-06-26T17:48:46.784+0000] {logging_mixin.py:188} INFO - [2024-06-26T17:48:46.784+0000] {dag.py:3954} INFO - Setting next_dagrun for example_sensor_decorator to None, run_after=None
[2024-06-26T17:48:46.790+0000] {processor.py:183} INFO - Processing /home/airflow/.local/lib/python3.12/site-packages/airflow/example_dags/example_sensor_decorator.py took 0.023 seconds
[2024-06-26T17:49:16.980+0000] {processor.py:161} INFO - Started process (PID=4499) to work on /home/airflow/.local/lib/python3.12/site-packages/airflow/example_dags/example_sensor_decorator.py
[2024-06-26T17:49:16.981+0000] {processor.py:830} INFO - Processing file /home/airflow/.local/lib/python3.12/site-packages/airflow/example_dags/example_sensor_decorator.py for tasks to queue
[2024-06-26T17:49:16.982+0000] {logging_mixin.py:188} INFO - [2024-06-26T17:49:16.982+0000] {dagbag.py:545} INFO - Filling up the DagBag from /home/airflow/.local/lib/python3.12/site-packages/airflow/example_dags/example_sensor_decorator.py
[2024-06-26T17:49:16.985+0000] {processor.py:840} INFO - DAG(s) 'example_sensor_decorator' retrieved from /home/airflow/.local/lib/python3.12/site-packages/airflow/example_dags/example_sensor_decorator.py
[2024-06-26T17:49:16.993+0000] {logging_mixin.py:188} INFO - [2024-06-26T17:49:16.993+0000] {dag.py:3096} INFO - Sync 1 DAGs
[2024-06-26T17:49:16.998+0000] {logging_mixin.py:188} INFO - [2024-06-26T17:49:16.998+0000] {dag.py:3954} INFO - Setting next_dagrun for example_sensor_decorator to None, run_after=None
[2024-06-26T17:49:17.004+0000] {processor.py:183} INFO - Processing /home/airflow/.local/lib/python3.12/site-packages/airflow/example_dags/example_sensor_decorator.py took 0.026 seconds
[2024-06-26T17:49:47.286+0000] {processor.py:161} INFO - Started process (PID=4761) to work on /home/airflow/.local/lib/python3.12/site-packages/airflow/example_dags/example_sensor_decorator.py
[2024-06-26T17:49:47.286+0000] {processor.py:830} INFO - Processing file /home/airflow/.local/lib/python3.12/site-packages/airflow/example_dags/example_sensor_decorator.py for tasks to queue
[2024-06-26T17:49:47.287+0000] {logging_mixin.py:188} INFO - [2024-06-26T17:49:47.287+0000] {dagbag.py:545} INFO - Filling up the DagBag from /home/airflow/.local/lib/python3.12/site-packages/airflow/example_dags/example_sensor_decorator.py
[2024-06-26T17:49:47.290+0000] {processor.py:840} INFO - DAG(s) 'example_sensor_decorator' retrieved from /home/airflow/.local/lib/python3.12/site-packages/airflow/example_dags/example_sensor_decorator.py
[2024-06-26T17:49:47.297+0000] {logging_mixin.py:188} INFO - [2024-06-26T17:49:47.297+0000] {dag.py:3096} INFO - Sync 1 DAGs
[2024-06-26T17:49:47.301+0000] {logging_mixin.py:188} INFO - [2024-06-26T17:49:47.301+0000] {dag.py:3954} INFO - Setting next_dagrun for example_sensor_decorator to None, run_after=None
[2024-06-26T17:49:47.308+0000] {processor.py:183} INFO - Processing /home/airflow/.local/lib/python3.12/site-packages/airflow/example_dags/example_sensor_decorator.py took 0.024 seconds
[2024-06-26T17:50:17.618+0000] {processor.py:161} INFO - Started process (PID=5023) to work on /home/airflow/.local/lib/python3.12/site-packages/airflow/example_dags/example_sensor_decorator.py
[2024-06-26T17:50:17.618+0000] {processor.py:830} INFO - Processing file /home/airflow/.local/lib/python3.12/site-packages/airflow/example_dags/example_sensor_decorator.py for tasks to queue
[2024-06-26T17:50:17.619+0000] {logging_mixin.py:188} INFO - [2024-06-26T17:50:17.619+0000] {dagbag.py:545} INFO - Filling up the DagBag from /home/airflow/.local/lib/python3.12/site-packages/airflow/example_dags/example_sensor_decorator.py
[2024-06-26T17:50:17.622+0000] {processor.py:840} INFO - DAG(s) 'example_sensor_decorator' retrieved from /home/airflow/.local/lib/python3.12/site-packages/airflow/example_dags/example_sensor_decorator.py
[2024-06-26T17:50:17.631+0000] {logging_mixin.py:188} INFO - [2024-06-26T17:50:17.631+0000] {dag.py:3096} INFO - Sync 1 DAGs
[2024-06-26T17:50:17.637+0000] {logging_mixin.py:188} INFO - [2024-06-26T17:50:17.637+0000] {dag.py:3954} INFO - Setting next_dagrun for example_sensor_decorator to None, run_after=None
[2024-06-26T17:50:17.645+0000] {processor.py:183} INFO - Processing /home/airflow/.local/lib/python3.12/site-packages/airflow/example_dags/example_sensor_decorator.py took 0.029 seconds
[2024-06-26T17:50:48.071+0000] {processor.py:161} INFO - Started process (PID=5287) to work on /home/airflow/.local/lib/python3.12/site-packages/airflow/example_dags/example_sensor_decorator.py
[2024-06-26T17:50:48.071+0000] {processor.py:830} INFO - Processing file /home/airflow/.local/lib/python3.12/site-packages/airflow/example_dags/example_sensor_decorator.py for tasks to queue
[2024-06-26T17:50:48.072+0000] {logging_mixin.py:188} INFO - [2024-06-26T17:50:48.071+0000] {dagbag.py:545} INFO - Filling up the DagBag from /home/airflow/.local/lib/python3.12/site-packages/airflow/example_dags/example_sensor_decorator.py
[2024-06-26T17:50:48.074+0000] {processor.py:840} INFO - DAG(s) 'example_sensor_decorator' retrieved from /home/airflow/.local/lib/python3.12/site-packages/airflow/example_dags/example_sensor_decorator.py
[2024-06-26T17:50:48.081+0000] {logging_mixin.py:188} INFO - [2024-06-26T17:50:48.081+0000] {dag.py:3096} INFO - Sync 1 DAGs
[2024-06-26T17:50:48.086+0000] {logging_mixin.py:188} INFO - [2024-06-26T17:50:48.086+0000] {dag.py:3954} INFO - Setting next_dagrun for example_sensor_decorator to None, run_after=None
[2024-06-26T17:50:48.092+0000] {processor.py:183} INFO - Processing /home/airflow/.local/lib/python3.12/site-packages/airflow/example_dags/example_sensor_decorator.py took 0.024 seconds
