[2024-06-26T17:41:12.155+0000] {processor.py:161} INFO - Started process (PID=354) to work on /home/airflow/.local/lib/python3.12/site-packages/airflow/example_dags/example_external_task_marker_dag.py
[2024-06-26T17:41:12.156+0000] {processor.py:830} INFO - Processing file /home/airflow/.local/lib/python3.12/site-packages/airflow/example_dags/example_external_task_marker_dag.py for tasks to queue
[2024-06-26T17:41:12.156+0000] {logging_mixin.py:188} INFO - [2024-06-26T17:41:12.156+0000] {dagbag.py:545} INFO - Filling up the DagBag from /home/airflow/.local/lib/python3.12/site-packages/airflow/example_dags/example_external_task_marker_dag.py
[2024-06-26T17:41:12.159+0000] {processor.py:840} INFO - DAG(s) 'example_external_task_marker_child', 'example_external_task_marker_parent' retrieved from /home/airflow/.local/lib/python3.12/site-packages/airflow/example_dags/example_external_task_marker_dag.py
[2024-06-26T17:41:12.164+0000] {logging_mixin.py:188} INFO - [2024-06-26T17:41:12.164+0000] {dag.py:3096} INFO - Sync 2 DAGs
[2024-06-26T17:41:12.169+0000] {logging_mixin.py:188} INFO - [2024-06-26T17:41:12.169+0000] {dag.py:3954} INFO - Setting next_dagrun for example_external_task_marker_child to None, run_after=None
[2024-06-26T17:41:12.171+0000] {logging_mixin.py:188} INFO - [2024-06-26T17:41:12.171+0000] {dag.py:3954} INFO - Setting next_dagrun for example_external_task_marker_parent to None, run_after=None
[2024-06-26T17:41:12.177+0000] {processor.py:183} INFO - Processing /home/airflow/.local/lib/python3.12/site-packages/airflow/example_dags/example_external_task_marker_dag.py took 0.024 seconds
[2024-06-26T17:41:42.828+0000] {processor.py:161} INFO - Started process (PID=616) to work on /home/airflow/.local/lib/python3.12/site-packages/airflow/example_dags/example_external_task_marker_dag.py
[2024-06-26T17:41:42.828+0000] {processor.py:830} INFO - Processing file /home/airflow/.local/lib/python3.12/site-packages/airflow/example_dags/example_external_task_marker_dag.py for tasks to queue
[2024-06-26T17:41:42.829+0000] {logging_mixin.py:188} INFO - [2024-06-26T17:41:42.829+0000] {dagbag.py:545} INFO - Filling up the DagBag from /home/airflow/.local/lib/python3.12/site-packages/airflow/example_dags/example_external_task_marker_dag.py
[2024-06-26T17:41:42.831+0000] {processor.py:840} INFO - DAG(s) 'example_external_task_marker_parent', 'example_external_task_marker_child' retrieved from /home/airflow/.local/lib/python3.12/site-packages/airflow/example_dags/example_external_task_marker_dag.py
[2024-06-26T17:41:42.871+0000] {logging_mixin.py:188} INFO - [2024-06-26T17:41:42.871+0000] {dag.py:3096} INFO - Sync 2 DAGs
[2024-06-26T17:41:42.876+0000] {logging_mixin.py:188} INFO - [2024-06-26T17:41:42.876+0000] {dag.py:3954} INFO - Setting next_dagrun for example_external_task_marker_child to None, run_after=None
[2024-06-26T17:41:42.877+0000] {logging_mixin.py:188} INFO - [2024-06-26T17:41:42.877+0000] {dag.py:3954} INFO - Setting next_dagrun for example_external_task_marker_parent to None, run_after=None
[2024-06-26T17:41:42.884+0000] {processor.py:183} INFO - Processing /home/airflow/.local/lib/python3.12/site-packages/airflow/example_dags/example_external_task_marker_dag.py took 0.058 seconds
[2024-06-26T17:42:13.206+0000] {processor.py:161} INFO - Started process (PID=878) to work on /home/airflow/.local/lib/python3.12/site-packages/airflow/example_dags/example_external_task_marker_dag.py
[2024-06-26T17:42:13.207+0000] {processor.py:830} INFO - Processing file /home/airflow/.local/lib/python3.12/site-packages/airflow/example_dags/example_external_task_marker_dag.py for tasks to queue
[2024-06-26T17:42:13.207+0000] {logging_mixin.py:188} INFO - [2024-06-26T17:42:13.207+0000] {dagbag.py:545} INFO - Filling up the DagBag from /home/airflow/.local/lib/python3.12/site-packages/airflow/example_dags/example_external_task_marker_dag.py
[2024-06-26T17:42:13.209+0000] {processor.py:840} INFO - DAG(s) 'example_external_task_marker_parent', 'example_external_task_marker_child' retrieved from /home/airflow/.local/lib/python3.12/site-packages/airflow/example_dags/example_external_task_marker_dag.py
[2024-06-26T17:42:13.218+0000] {logging_mixin.py:188} INFO - [2024-06-26T17:42:13.218+0000] {dag.py:3096} INFO - Sync 2 DAGs
[2024-06-26T17:42:13.224+0000] {logging_mixin.py:188} INFO - [2024-06-26T17:42:13.224+0000] {dag.py:3954} INFO - Setting next_dagrun for example_external_task_marker_child to None, run_after=None
[2024-06-26T17:42:13.226+0000] {logging_mixin.py:188} INFO - [2024-06-26T17:42:13.225+0000] {dag.py:3954} INFO - Setting next_dagrun for example_external_task_marker_parent to None, run_after=None
[2024-06-26T17:42:13.232+0000] {processor.py:183} INFO - Processing /home/airflow/.local/lib/python3.12/site-packages/airflow/example_dags/example_external_task_marker_dag.py took 0.028 seconds
[2024-06-26T17:42:43.488+0000] {processor.py:161} INFO - Started process (PID=1140) to work on /home/airflow/.local/lib/python3.12/site-packages/airflow/example_dags/example_external_task_marker_dag.py
[2024-06-26T17:42:43.488+0000] {processor.py:830} INFO - Processing file /home/airflow/.local/lib/python3.12/site-packages/airflow/example_dags/example_external_task_marker_dag.py for tasks to queue
[2024-06-26T17:42:43.489+0000] {logging_mixin.py:188} INFO - [2024-06-26T17:42:43.489+0000] {dagbag.py:545} INFO - Filling up the DagBag from /home/airflow/.local/lib/python3.12/site-packages/airflow/example_dags/example_external_task_marker_dag.py
[2024-06-26T17:42:43.491+0000] {processor.py:840} INFO - DAG(s) 'example_external_task_marker_child', 'example_external_task_marker_parent' retrieved from /home/airflow/.local/lib/python3.12/site-packages/airflow/example_dags/example_external_task_marker_dag.py
[2024-06-26T17:42:43.500+0000] {logging_mixin.py:188} INFO - [2024-06-26T17:42:43.500+0000] {dag.py:3096} INFO - Sync 2 DAGs
[2024-06-26T17:42:43.504+0000] {logging_mixin.py:188} INFO - [2024-06-26T17:42:43.504+0000] {dag.py:3954} INFO - Setting next_dagrun for example_external_task_marker_child to None, run_after=None
[2024-06-26T17:42:43.505+0000] {logging_mixin.py:188} INFO - [2024-06-26T17:42:43.505+0000] {dag.py:3954} INFO - Setting next_dagrun for example_external_task_marker_parent to None, run_after=None
[2024-06-26T17:42:43.510+0000] {processor.py:183} INFO - Processing /home/airflow/.local/lib/python3.12/site-packages/airflow/example_dags/example_external_task_marker_dag.py took 0.024 seconds
[2024-06-26T17:43:13.835+0000] {processor.py:161} INFO - Started process (PID=1400) to work on /home/airflow/.local/lib/python3.12/site-packages/airflow/example_dags/example_external_task_marker_dag.py
[2024-06-26T17:43:13.836+0000] {processor.py:830} INFO - Processing file /home/airflow/.local/lib/python3.12/site-packages/airflow/example_dags/example_external_task_marker_dag.py for tasks to queue
[2024-06-26T17:43:13.836+0000] {logging_mixin.py:188} INFO - [2024-06-26T17:43:13.836+0000] {dagbag.py:545} INFO - Filling up the DagBag from /home/airflow/.local/lib/python3.12/site-packages/airflow/example_dags/example_external_task_marker_dag.py
[2024-06-26T17:43:13.839+0000] {processor.py:840} INFO - DAG(s) 'example_external_task_marker_parent', 'example_external_task_marker_child' retrieved from /home/airflow/.local/lib/python3.12/site-packages/airflow/example_dags/example_external_task_marker_dag.py
[2024-06-26T17:43:13.850+0000] {logging_mixin.py:188} INFO - [2024-06-26T17:43:13.850+0000] {dag.py:3096} INFO - Sync 2 DAGs
[2024-06-26T17:43:13.855+0000] {logging_mixin.py:188} INFO - [2024-06-26T17:43:13.855+0000] {dag.py:3954} INFO - Setting next_dagrun for example_external_task_marker_child to None, run_after=None
[2024-06-26T17:43:13.857+0000] {logging_mixin.py:188} INFO - [2024-06-26T17:43:13.857+0000] {dag.py:3954} INFO - Setting next_dagrun for example_external_task_marker_parent to None, run_after=None
[2024-06-26T17:43:13.863+0000] {processor.py:183} INFO - Processing /home/airflow/.local/lib/python3.12/site-packages/airflow/example_dags/example_external_task_marker_dag.py took 0.030 seconds
[2024-06-26T17:43:44.258+0000] {processor.py:161} INFO - Started process (PID=1664) to work on /home/airflow/.local/lib/python3.12/site-packages/airflow/example_dags/example_external_task_marker_dag.py
[2024-06-26T17:43:44.258+0000] {processor.py:830} INFO - Processing file /home/airflow/.local/lib/python3.12/site-packages/airflow/example_dags/example_external_task_marker_dag.py for tasks to queue
[2024-06-26T17:43:44.259+0000] {logging_mixin.py:188} INFO - [2024-06-26T17:43:44.259+0000] {dagbag.py:545} INFO - Filling up the DagBag from /home/airflow/.local/lib/python3.12/site-packages/airflow/example_dags/example_external_task_marker_dag.py
[2024-06-26T17:43:44.261+0000] {processor.py:840} INFO - DAG(s) 'example_external_task_marker_parent', 'example_external_task_marker_child' retrieved from /home/airflow/.local/lib/python3.12/site-packages/airflow/example_dags/example_external_task_marker_dag.py
[2024-06-26T17:43:44.269+0000] {logging_mixin.py:188} INFO - [2024-06-26T17:43:44.269+0000] {dag.py:3096} INFO - Sync 2 DAGs
[2024-06-26T17:43:44.273+0000] {logging_mixin.py:188} INFO - [2024-06-26T17:43:44.273+0000] {dag.py:3954} INFO - Setting next_dagrun for example_external_task_marker_child to None, run_after=None
[2024-06-26T17:43:44.274+0000] {logging_mixin.py:188} INFO - [2024-06-26T17:43:44.274+0000] {dag.py:3954} INFO - Setting next_dagrun for example_external_task_marker_parent to None, run_after=None
[2024-06-26T17:43:44.280+0000] {processor.py:183} INFO - Processing /home/airflow/.local/lib/python3.12/site-packages/airflow/example_dags/example_external_task_marker_dag.py took 0.024 seconds
[2024-06-26T17:44:14.429+0000] {processor.py:161} INFO - Started process (PID=1926) to work on /home/airflow/.local/lib/python3.12/site-packages/airflow/example_dags/example_external_task_marker_dag.py
[2024-06-26T17:44:14.430+0000] {processor.py:830} INFO - Processing file /home/airflow/.local/lib/python3.12/site-packages/airflow/example_dags/example_external_task_marker_dag.py for tasks to queue
[2024-06-26T17:44:14.430+0000] {logging_mixin.py:188} INFO - [2024-06-26T17:44:14.430+0000] {dagbag.py:545} INFO - Filling up the DagBag from /home/airflow/.local/lib/python3.12/site-packages/airflow/example_dags/example_external_task_marker_dag.py
[2024-06-26T17:44:14.433+0000] {processor.py:840} INFO - DAG(s) 'example_external_task_marker_parent', 'example_external_task_marker_child' retrieved from /home/airflow/.local/lib/python3.12/site-packages/airflow/example_dags/example_external_task_marker_dag.py
[2024-06-26T17:44:14.441+0000] {logging_mixin.py:188} INFO - [2024-06-26T17:44:14.441+0000] {dag.py:3096} INFO - Sync 2 DAGs
[2024-06-26T17:44:14.445+0000] {logging_mixin.py:188} INFO - [2024-06-26T17:44:14.445+0000] {dag.py:3954} INFO - Setting next_dagrun for example_external_task_marker_child to None, run_after=None
[2024-06-26T17:44:14.446+0000] {logging_mixin.py:188} INFO - [2024-06-26T17:44:14.446+0000] {dag.py:3954} INFO - Setting next_dagrun for example_external_task_marker_parent to None, run_after=None
[2024-06-26T17:44:14.451+0000] {processor.py:183} INFO - Processing /home/airflow/.local/lib/python3.12/site-packages/airflow/example_dags/example_external_task_marker_dag.py took 0.024 seconds
[2024-06-26T17:44:44.746+0000] {processor.py:161} INFO - Started process (PID=2188) to work on /home/airflow/.local/lib/python3.12/site-packages/airflow/example_dags/example_external_task_marker_dag.py
[2024-06-26T17:44:44.747+0000] {processor.py:830} INFO - Processing file /home/airflow/.local/lib/python3.12/site-packages/airflow/example_dags/example_external_task_marker_dag.py for tasks to queue
[2024-06-26T17:44:44.747+0000] {logging_mixin.py:188} INFO - [2024-06-26T17:44:44.747+0000] {dagbag.py:545} INFO - Filling up the DagBag from /home/airflow/.local/lib/python3.12/site-packages/airflow/example_dags/example_external_task_marker_dag.py
[2024-06-26T17:44:44.750+0000] {processor.py:840} INFO - DAG(s) 'example_external_task_marker_child', 'example_external_task_marker_parent' retrieved from /home/airflow/.local/lib/python3.12/site-packages/airflow/example_dags/example_external_task_marker_dag.py
[2024-06-26T17:44:44.759+0000] {logging_mixin.py:188} INFO - [2024-06-26T17:44:44.759+0000] {dag.py:3096} INFO - Sync 2 DAGs
[2024-06-26T17:44:44.766+0000] {logging_mixin.py:188} INFO - [2024-06-26T17:44:44.765+0000] {dag.py:3954} INFO - Setting next_dagrun for example_external_task_marker_child to None, run_after=None
[2024-06-26T17:44:44.767+0000] {logging_mixin.py:188} INFO - [2024-06-26T17:44:44.767+0000] {dag.py:3954} INFO - Setting next_dagrun for example_external_task_marker_parent to None, run_after=None
[2024-06-26T17:44:44.773+0000] {processor.py:183} INFO - Processing /home/airflow/.local/lib/python3.12/site-packages/airflow/example_dags/example_external_task_marker_dag.py took 0.029 seconds
[2024-06-26T17:45:14.944+0000] {processor.py:161} INFO - Started process (PID=2448) to work on /home/airflow/.local/lib/python3.12/site-packages/airflow/example_dags/example_external_task_marker_dag.py
[2024-06-26T17:45:14.945+0000] {processor.py:830} INFO - Processing file /home/airflow/.local/lib/python3.12/site-packages/airflow/example_dags/example_external_task_marker_dag.py for tasks to queue
[2024-06-26T17:45:14.946+0000] {logging_mixin.py:188} INFO - [2024-06-26T17:45:14.945+0000] {dagbag.py:545} INFO - Filling up the DagBag from /home/airflow/.local/lib/python3.12/site-packages/airflow/example_dags/example_external_task_marker_dag.py
[2024-06-26T17:45:14.948+0000] {processor.py:840} INFO - DAG(s) 'example_external_task_marker_parent', 'example_external_task_marker_child' retrieved from /home/airflow/.local/lib/python3.12/site-packages/airflow/example_dags/example_external_task_marker_dag.py
[2024-06-26T17:45:14.957+0000] {logging_mixin.py:188} INFO - [2024-06-26T17:45:14.956+0000] {dag.py:3096} INFO - Sync 2 DAGs
[2024-06-26T17:45:14.961+0000] {logging_mixin.py:188} INFO - [2024-06-26T17:45:14.961+0000] {dag.py:3954} INFO - Setting next_dagrun for example_external_task_marker_child to None, run_after=None
[2024-06-26T17:45:14.963+0000] {logging_mixin.py:188} INFO - [2024-06-26T17:45:14.963+0000] {dag.py:3954} INFO - Setting next_dagrun for example_external_task_marker_parent to None, run_after=None
[2024-06-26T17:45:14.969+0000] {processor.py:183} INFO - Processing /home/airflow/.local/lib/python3.12/site-packages/airflow/example_dags/example_external_task_marker_dag.py took 0.027 seconds
[2024-06-26T17:45:45.405+0000] {processor.py:161} INFO - Started process (PID=2712) to work on /home/airflow/.local/lib/python3.12/site-packages/airflow/example_dags/example_external_task_marker_dag.py
[2024-06-26T17:45:45.405+0000] {processor.py:830} INFO - Processing file /home/airflow/.local/lib/python3.12/site-packages/airflow/example_dags/example_external_task_marker_dag.py for tasks to queue
[2024-06-26T17:45:45.406+0000] {logging_mixin.py:188} INFO - [2024-06-26T17:45:45.406+0000] {dagbag.py:545} INFO - Filling up the DagBag from /home/airflow/.local/lib/python3.12/site-packages/airflow/example_dags/example_external_task_marker_dag.py
[2024-06-26T17:45:45.409+0000] {processor.py:840} INFO - DAG(s) 'example_external_task_marker_child', 'example_external_task_marker_parent' retrieved from /home/airflow/.local/lib/python3.12/site-packages/airflow/example_dags/example_external_task_marker_dag.py
[2024-06-26T17:45:45.418+0000] {logging_mixin.py:188} INFO - [2024-06-26T17:45:45.418+0000] {dag.py:3096} INFO - Sync 2 DAGs
[2024-06-26T17:45:45.424+0000] {logging_mixin.py:188} INFO - [2024-06-26T17:45:45.424+0000] {dag.py:3954} INFO - Setting next_dagrun for example_external_task_marker_child to None, run_after=None
[2024-06-26T17:45:45.425+0000] {logging_mixin.py:188} INFO - [2024-06-26T17:45:45.425+0000] {dag.py:3954} INFO - Setting next_dagrun for example_external_task_marker_parent to None, run_after=None
[2024-06-26T17:45:45.431+0000] {processor.py:183} INFO - Processing /home/airflow/.local/lib/python3.12/site-packages/airflow/example_dags/example_external_task_marker_dag.py took 0.029 seconds
[2024-06-26T17:46:15.814+0000] {processor.py:161} INFO - Started process (PID=2974) to work on /home/airflow/.local/lib/python3.12/site-packages/airflow/example_dags/example_external_task_marker_dag.py
[2024-06-26T17:46:15.814+0000] {processor.py:830} INFO - Processing file /home/airflow/.local/lib/python3.12/site-packages/airflow/example_dags/example_external_task_marker_dag.py for tasks to queue
[2024-06-26T17:46:15.815+0000] {logging_mixin.py:188} INFO - [2024-06-26T17:46:15.815+0000] {dagbag.py:545} INFO - Filling up the DagBag from /home/airflow/.local/lib/python3.12/site-packages/airflow/example_dags/example_external_task_marker_dag.py
[2024-06-26T17:46:15.818+0000] {processor.py:840} INFO - DAG(s) 'example_external_task_marker_child', 'example_external_task_marker_parent' retrieved from /home/airflow/.local/lib/python3.12/site-packages/airflow/example_dags/example_external_task_marker_dag.py
[2024-06-26T17:46:15.826+0000] {logging_mixin.py:188} INFO - [2024-06-26T17:46:15.826+0000] {dag.py:3096} INFO - Sync 2 DAGs
[2024-06-26T17:46:15.831+0000] {logging_mixin.py:188} INFO - [2024-06-26T17:46:15.831+0000] {dag.py:3954} INFO - Setting next_dagrun for example_external_task_marker_child to None, run_after=None
[2024-06-26T17:46:15.832+0000] {logging_mixin.py:188} INFO - [2024-06-26T17:46:15.832+0000] {dag.py:3954} INFO - Setting next_dagrun for example_external_task_marker_parent to None, run_after=None
[2024-06-26T17:46:15.838+0000] {processor.py:183} INFO - Processing /home/airflow/.local/lib/python3.12/site-packages/airflow/example_dags/example_external_task_marker_dag.py took 0.026 seconds
[2024-06-26T17:46:46.037+0000] {processor.py:161} INFO - Started process (PID=3259) to work on /home/airflow/.local/lib/python3.12/site-packages/airflow/example_dags/example_external_task_marker_dag.py
[2024-06-26T17:46:46.037+0000] {processor.py:830} INFO - Processing file /home/airflow/.local/lib/python3.12/site-packages/airflow/example_dags/example_external_task_marker_dag.py for tasks to queue
[2024-06-26T17:46:46.038+0000] {logging_mixin.py:188} INFO - [2024-06-26T17:46:46.038+0000] {dagbag.py:545} INFO - Filling up the DagBag from /home/airflow/.local/lib/python3.12/site-packages/airflow/example_dags/example_external_task_marker_dag.py
[2024-06-26T17:46:46.040+0000] {processor.py:840} INFO - DAG(s) 'example_external_task_marker_parent', 'example_external_task_marker_child' retrieved from /home/airflow/.local/lib/python3.12/site-packages/airflow/example_dags/example_external_task_marker_dag.py
[2024-06-26T17:46:46.049+0000] {logging_mixin.py:188} INFO - [2024-06-26T17:46:46.049+0000] {dag.py:3096} INFO - Sync 2 DAGs
[2024-06-26T17:46:46.053+0000] {logging_mixin.py:188} INFO - [2024-06-26T17:46:46.053+0000] {dag.py:3954} INFO - Setting next_dagrun for example_external_task_marker_child to None, run_after=None
[2024-06-26T17:46:46.055+0000] {logging_mixin.py:188} INFO - [2024-06-26T17:46:46.055+0000] {dag.py:3954} INFO - Setting next_dagrun for example_external_task_marker_parent to None, run_after=None
[2024-06-26T17:46:46.060+0000] {processor.py:183} INFO - Processing /home/airflow/.local/lib/python3.12/site-packages/airflow/example_dags/example_external_task_marker_dag.py took 0.026 seconds
[2024-06-26T17:47:16.289+0000] {processor.py:161} INFO - Started process (PID=3521) to work on /home/airflow/.local/lib/python3.12/site-packages/airflow/example_dags/example_external_task_marker_dag.py
[2024-06-26T17:47:16.290+0000] {processor.py:830} INFO - Processing file /home/airflow/.local/lib/python3.12/site-packages/airflow/example_dags/example_external_task_marker_dag.py for tasks to queue
[2024-06-26T17:47:16.290+0000] {logging_mixin.py:188} INFO - [2024-06-26T17:47:16.290+0000] {dagbag.py:545} INFO - Filling up the DagBag from /home/airflow/.local/lib/python3.12/site-packages/airflow/example_dags/example_external_task_marker_dag.py
[2024-06-26T17:47:16.292+0000] {processor.py:840} INFO - DAG(s) 'example_external_task_marker_child', 'example_external_task_marker_parent' retrieved from /home/airflow/.local/lib/python3.12/site-packages/airflow/example_dags/example_external_task_marker_dag.py
[2024-06-26T17:47:16.300+0000] {logging_mixin.py:188} INFO - [2024-06-26T17:47:16.300+0000] {dag.py:3096} INFO - Sync 2 DAGs
[2024-06-26T17:47:16.304+0000] {logging_mixin.py:188} INFO - [2024-06-26T17:47:16.304+0000] {dag.py:3954} INFO - Setting next_dagrun for example_external_task_marker_child to None, run_after=None
[2024-06-26T17:47:16.306+0000] {logging_mixin.py:188} INFO - [2024-06-26T17:47:16.306+0000] {dag.py:3954} INFO - Setting next_dagrun for example_external_task_marker_parent to None, run_after=None
[2024-06-26T17:47:16.311+0000] {processor.py:183} INFO - Processing /home/airflow/.local/lib/python3.12/site-packages/airflow/example_dags/example_external_task_marker_dag.py took 0.024 seconds
[2024-06-26T17:47:46.524+0000] {processor.py:161} INFO - Started process (PID=3783) to work on /home/airflow/.local/lib/python3.12/site-packages/airflow/example_dags/example_external_task_marker_dag.py
[2024-06-26T17:47:46.525+0000] {processor.py:830} INFO - Processing file /home/airflow/.local/lib/python3.12/site-packages/airflow/example_dags/example_external_task_marker_dag.py for tasks to queue
[2024-06-26T17:47:46.525+0000] {logging_mixin.py:188} INFO - [2024-06-26T17:47:46.525+0000] {dagbag.py:545} INFO - Filling up the DagBag from /home/airflow/.local/lib/python3.12/site-packages/airflow/example_dags/example_external_task_marker_dag.py
[2024-06-26T17:47:46.528+0000] {processor.py:840} INFO - DAG(s) 'example_external_task_marker_child', 'example_external_task_marker_parent' retrieved from /home/airflow/.local/lib/python3.12/site-packages/airflow/example_dags/example_external_task_marker_dag.py
[2024-06-26T17:47:46.536+0000] {logging_mixin.py:188} INFO - [2024-06-26T17:47:46.536+0000] {dag.py:3096} INFO - Sync 2 DAGs
[2024-06-26T17:47:46.541+0000] {logging_mixin.py:188} INFO - [2024-06-26T17:47:46.541+0000] {dag.py:3954} INFO - Setting next_dagrun for example_external_task_marker_child to None, run_after=None
[2024-06-26T17:47:46.542+0000] {logging_mixin.py:188} INFO - [2024-06-26T17:47:46.542+0000] {dag.py:3954} INFO - Setting next_dagrun for example_external_task_marker_parent to None, run_after=None
[2024-06-26T17:47:46.547+0000] {processor.py:183} INFO - Processing /home/airflow/.local/lib/python3.12/site-packages/airflow/example_dags/example_external_task_marker_dag.py took 0.025 seconds
[2024-06-26T17:48:16.867+0000] {processor.py:161} INFO - Started process (PID=4047) to work on /home/airflow/.local/lib/python3.12/site-packages/airflow/example_dags/example_external_task_marker_dag.py
[2024-06-26T17:48:16.867+0000] {processor.py:830} INFO - Processing file /home/airflow/.local/lib/python3.12/site-packages/airflow/example_dags/example_external_task_marker_dag.py for tasks to queue
[2024-06-26T17:48:16.868+0000] {logging_mixin.py:188} INFO - [2024-06-26T17:48:16.868+0000] {dagbag.py:545} INFO - Filling up the DagBag from /home/airflow/.local/lib/python3.12/site-packages/airflow/example_dags/example_external_task_marker_dag.py
[2024-06-26T17:48:16.870+0000] {processor.py:840} INFO - DAG(s) 'example_external_task_marker_child', 'example_external_task_marker_parent' retrieved from /home/airflow/.local/lib/python3.12/site-packages/airflow/example_dags/example_external_task_marker_dag.py
[2024-06-26T17:48:16.878+0000] {logging_mixin.py:188} INFO - [2024-06-26T17:48:16.878+0000] {dag.py:3096} INFO - Sync 2 DAGs
[2024-06-26T17:48:16.882+0000] {logging_mixin.py:188} INFO - [2024-06-26T17:48:16.882+0000] {dag.py:3954} INFO - Setting next_dagrun for example_external_task_marker_child to None, run_after=None
[2024-06-26T17:48:16.883+0000] {logging_mixin.py:188} INFO - [2024-06-26T17:48:16.883+0000] {dag.py:3954} INFO - Setting next_dagrun for example_external_task_marker_parent to None, run_after=None
[2024-06-26T17:48:16.888+0000] {processor.py:183} INFO - Processing /home/airflow/.local/lib/python3.12/site-packages/airflow/example_dags/example_external_task_marker_dag.py took 0.023 seconds
[2024-06-26T17:48:47.117+0000] {processor.py:161} INFO - Started process (PID=4334) to work on /home/airflow/.local/lib/python3.12/site-packages/airflow/example_dags/example_external_task_marker_dag.py
[2024-06-26T17:48:47.118+0000] {processor.py:830} INFO - Processing file /home/airflow/.local/lib/python3.12/site-packages/airflow/example_dags/example_external_task_marker_dag.py for tasks to queue
[2024-06-26T17:48:47.118+0000] {logging_mixin.py:188} INFO - [2024-06-26T17:48:47.118+0000] {dagbag.py:545} INFO - Filling up the DagBag from /home/airflow/.local/lib/python3.12/site-packages/airflow/example_dags/example_external_task_marker_dag.py
[2024-06-26T17:48:47.121+0000] {processor.py:840} INFO - DAG(s) 'example_external_task_marker_parent', 'example_external_task_marker_child' retrieved from /home/airflow/.local/lib/python3.12/site-packages/airflow/example_dags/example_external_task_marker_dag.py
[2024-06-26T17:48:47.130+0000] {logging_mixin.py:188} INFO - [2024-06-26T17:48:47.130+0000] {dag.py:3096} INFO - Sync 2 DAGs
[2024-06-26T17:48:47.135+0000] {logging_mixin.py:188} INFO - [2024-06-26T17:48:47.135+0000] {dag.py:3954} INFO - Setting next_dagrun for example_external_task_marker_child to None, run_after=None
[2024-06-26T17:48:47.136+0000] {logging_mixin.py:188} INFO - [2024-06-26T17:48:47.136+0000] {dag.py:3954} INFO - Setting next_dagrun for example_external_task_marker_parent to None, run_after=None
[2024-06-26T17:48:47.142+0000] {processor.py:183} INFO - Processing /home/airflow/.local/lib/python3.12/site-packages/airflow/example_dags/example_external_task_marker_dag.py took 0.027 seconds
[2024-06-26T17:49:17.349+0000] {processor.py:161} INFO - Started process (PID=4594) to work on /home/airflow/.local/lib/python3.12/site-packages/airflow/example_dags/example_external_task_marker_dag.py
[2024-06-26T17:49:17.350+0000] {processor.py:830} INFO - Processing file /home/airflow/.local/lib/python3.12/site-packages/airflow/example_dags/example_external_task_marker_dag.py for tasks to queue
[2024-06-26T17:49:17.350+0000] {logging_mixin.py:188} INFO - [2024-06-26T17:49:17.350+0000] {dagbag.py:545} INFO - Filling up the DagBag from /home/airflow/.local/lib/python3.12/site-packages/airflow/example_dags/example_external_task_marker_dag.py
[2024-06-26T17:49:17.353+0000] {processor.py:840} INFO - DAG(s) 'example_external_task_marker_child', 'example_external_task_marker_parent' retrieved from /home/airflow/.local/lib/python3.12/site-packages/airflow/example_dags/example_external_task_marker_dag.py
[2024-06-26T17:49:17.361+0000] {logging_mixin.py:188} INFO - [2024-06-26T17:49:17.360+0000] {dag.py:3096} INFO - Sync 2 DAGs
[2024-06-26T17:49:17.365+0000] {logging_mixin.py:188} INFO - [2024-06-26T17:49:17.365+0000] {dag.py:3954} INFO - Setting next_dagrun for example_external_task_marker_child to None, run_after=None
[2024-06-26T17:49:17.366+0000] {logging_mixin.py:188} INFO - [2024-06-26T17:49:17.366+0000] {dag.py:3954} INFO - Setting next_dagrun for example_external_task_marker_parent to None, run_after=None
[2024-06-26T17:49:17.372+0000] {processor.py:183} INFO - Processing /home/airflow/.local/lib/python3.12/site-packages/airflow/example_dags/example_external_task_marker_dag.py took 0.025 seconds
[2024-06-26T17:49:47.659+0000] {processor.py:161} INFO - Started process (PID=4858) to work on /home/airflow/.local/lib/python3.12/site-packages/airflow/example_dags/example_external_task_marker_dag.py
[2024-06-26T17:49:47.659+0000] {processor.py:830} INFO - Processing file /home/airflow/.local/lib/python3.12/site-packages/airflow/example_dags/example_external_task_marker_dag.py for tasks to queue
[2024-06-26T17:49:47.660+0000] {logging_mixin.py:188} INFO - [2024-06-26T17:49:47.660+0000] {dagbag.py:545} INFO - Filling up the DagBag from /home/airflow/.local/lib/python3.12/site-packages/airflow/example_dags/example_external_task_marker_dag.py
[2024-06-26T17:49:47.662+0000] {processor.py:840} INFO - DAG(s) 'example_external_task_marker_parent', 'example_external_task_marker_child' retrieved from /home/airflow/.local/lib/python3.12/site-packages/airflow/example_dags/example_external_task_marker_dag.py
[2024-06-26T17:49:47.671+0000] {logging_mixin.py:188} INFO - [2024-06-26T17:49:47.671+0000] {dag.py:3096} INFO - Sync 2 DAGs
[2024-06-26T17:49:47.676+0000] {logging_mixin.py:188} INFO - [2024-06-26T17:49:47.676+0000] {dag.py:3954} INFO - Setting next_dagrun for example_external_task_marker_child to None, run_after=None
[2024-06-26T17:49:47.678+0000] {logging_mixin.py:188} INFO - [2024-06-26T17:49:47.678+0000] {dag.py:3954} INFO - Setting next_dagrun for example_external_task_marker_parent to None, run_after=None
[2024-06-26T17:49:47.683+0000] {processor.py:183} INFO - Processing /home/airflow/.local/lib/python3.12/site-packages/airflow/example_dags/example_external_task_marker_dag.py took 0.027 seconds
[2024-06-26T17:50:17.965+0000] {processor.py:161} INFO - Started process (PID=5118) to work on /home/airflow/.local/lib/python3.12/site-packages/airflow/example_dags/example_external_task_marker_dag.py
[2024-06-26T17:50:17.965+0000] {processor.py:830} INFO - Processing file /home/airflow/.local/lib/python3.12/site-packages/airflow/example_dags/example_external_task_marker_dag.py for tasks to queue
[2024-06-26T17:50:17.966+0000] {logging_mixin.py:188} INFO - [2024-06-26T17:50:17.966+0000] {dagbag.py:545} INFO - Filling up the DagBag from /home/airflow/.local/lib/python3.12/site-packages/airflow/example_dags/example_external_task_marker_dag.py
[2024-06-26T17:50:17.969+0000] {processor.py:840} INFO - DAG(s) 'example_external_task_marker_parent', 'example_external_task_marker_child' retrieved from /home/airflow/.local/lib/python3.12/site-packages/airflow/example_dags/example_external_task_marker_dag.py
[2024-06-26T17:50:17.976+0000] {logging_mixin.py:188} INFO - [2024-06-26T17:50:17.976+0000] {dag.py:3096} INFO - Sync 2 DAGs
[2024-06-26T17:50:17.981+0000] {logging_mixin.py:188} INFO - [2024-06-26T17:50:17.981+0000] {dag.py:3954} INFO - Setting next_dagrun for example_external_task_marker_child to None, run_after=None
[2024-06-26T17:50:17.982+0000] {logging_mixin.py:188} INFO - [2024-06-26T17:50:17.982+0000] {dag.py:3954} INFO - Setting next_dagrun for example_external_task_marker_parent to None, run_after=None
[2024-06-26T17:50:17.988+0000] {processor.py:183} INFO - Processing /home/airflow/.local/lib/python3.12/site-packages/airflow/example_dags/example_external_task_marker_dag.py took 0.025 seconds
[2024-06-26T17:50:48.452+0000] {processor.py:161} INFO - Started process (PID=5382) to work on /home/airflow/.local/lib/python3.12/site-packages/airflow/example_dags/example_external_task_marker_dag.py
[2024-06-26T17:50:48.452+0000] {processor.py:830} INFO - Processing file /home/airflow/.local/lib/python3.12/site-packages/airflow/example_dags/example_external_task_marker_dag.py for tasks to queue
[2024-06-26T17:50:48.453+0000] {logging_mixin.py:188} INFO - [2024-06-26T17:50:48.453+0000] {dagbag.py:545} INFO - Filling up the DagBag from /home/airflow/.local/lib/python3.12/site-packages/airflow/example_dags/example_external_task_marker_dag.py
[2024-06-26T17:50:48.455+0000] {processor.py:840} INFO - DAG(s) 'example_external_task_marker_parent', 'example_external_task_marker_child' retrieved from /home/airflow/.local/lib/python3.12/site-packages/airflow/example_dags/example_external_task_marker_dag.py
[2024-06-26T17:50:48.463+0000] {logging_mixin.py:188} INFO - [2024-06-26T17:50:48.463+0000] {dag.py:3096} INFO - Sync 2 DAGs
[2024-06-26T17:50:48.468+0000] {logging_mixin.py:188} INFO - [2024-06-26T17:50:48.467+0000] {dag.py:3954} INFO - Setting next_dagrun for example_external_task_marker_child to None, run_after=None
[2024-06-26T17:50:48.469+0000] {logging_mixin.py:188} INFO - [2024-06-26T17:50:48.469+0000] {dag.py:3954} INFO - Setting next_dagrun for example_external_task_marker_parent to None, run_after=None
[2024-06-26T17:50:48.474+0000] {processor.py:183} INFO - Processing /home/airflow/.local/lib/python3.12/site-packages/airflow/example_dags/example_external_task_marker_dag.py took 0.024 seconds
