[2024-06-26T17:41:11.836+0000] {processor.py:161} INFO - Started process (PID=284) to work on /home/airflow/.local/lib/python3.12/site-packages/airflow/example_dags/example_sensors.py
[2024-06-26T17:41:11.836+0000] {processor.py:830} INFO - Processing file /home/airflow/.local/lib/python3.12/site-packages/airflow/example_dags/example_sensors.py for tasks to queue
[2024-06-26T17:41:11.837+0000] {logging_mixin.py:188} INFO - [2024-06-26T17:41:11.837+0000] {dagbag.py:545} INFO - Filling up the DagBag from /home/airflow/.local/lib/python3.12/site-packages/airflow/example_dags/example_sensors.py
[2024-06-26T17:41:11.842+0000] {processor.py:840} INFO - DAG(s) 'example_sensors' retrieved from /home/airflow/.local/lib/python3.12/site-packages/airflow/example_dags/example_sensors.py
[2024-06-26T17:41:11.847+0000] {logging_mixin.py:188} INFO - [2024-06-26T17:41:11.846+0000] {dag.py:3096} INFO - Sync 1 DAGs
[2024-06-26T17:41:11.851+0000] {logging_mixin.py:188} INFO - [2024-06-26T17:41:11.851+0000] {dag.py:3954} INFO - Setting next_dagrun for example_sensors to None, run_after=None
[2024-06-26T17:41:11.857+0000] {processor.py:183} INFO - Processing /home/airflow/.local/lib/python3.12/site-packages/airflow/example_dags/example_sensors.py took 0.024 seconds
[2024-06-26T17:41:42.231+0000] {processor.py:161} INFO - Started process (PID=546) to work on /home/airflow/.local/lib/python3.12/site-packages/airflow/example_dags/example_sensors.py
[2024-06-26T17:41:42.231+0000] {processor.py:830} INFO - Processing file /home/airflow/.local/lib/python3.12/site-packages/airflow/example_dags/example_sensors.py for tasks to queue
[2024-06-26T17:41:42.232+0000] {logging_mixin.py:188} INFO - [2024-06-26T17:41:42.232+0000] {dagbag.py:545} INFO - Filling up the DagBag from /home/airflow/.local/lib/python3.12/site-packages/airflow/example_dags/example_sensors.py
[2024-06-26T17:41:42.236+0000] {processor.py:840} INFO - DAG(s) 'example_sensors' retrieved from /home/airflow/.local/lib/python3.12/site-packages/airflow/example_dags/example_sensors.py
[2024-06-26T17:41:42.276+0000] {logging_mixin.py:188} INFO - [2024-06-26T17:41:42.276+0000] {dag.py:3096} INFO - Sync 1 DAGs
[2024-06-26T17:41:42.279+0000] {logging_mixin.py:188} INFO - [2024-06-26T17:41:42.279+0000] {dag.py:3954} INFO - Setting next_dagrun for example_sensors to None, run_after=None
[2024-06-26T17:41:42.286+0000] {processor.py:183} INFO - Processing /home/airflow/.local/lib/python3.12/site-packages/airflow/example_dags/example_sensors.py took 0.058 seconds
[2024-06-26T17:42:12.908+0000] {processor.py:161} INFO - Started process (PID=806) to work on /home/airflow/.local/lib/python3.12/site-packages/airflow/example_dags/example_sensors.py
[2024-06-26T17:42:12.909+0000] {processor.py:830} INFO - Processing file /home/airflow/.local/lib/python3.12/site-packages/airflow/example_dags/example_sensors.py for tasks to queue
[2024-06-26T17:42:12.909+0000] {logging_mixin.py:188} INFO - [2024-06-26T17:42:12.909+0000] {dagbag.py:545} INFO - Filling up the DagBag from /home/airflow/.local/lib/python3.12/site-packages/airflow/example_dags/example_sensors.py
[2024-06-26T17:42:12.913+0000] {processor.py:840} INFO - DAG(s) 'example_sensors' retrieved from /home/airflow/.local/lib/python3.12/site-packages/airflow/example_dags/example_sensors.py
[2024-06-26T17:42:12.921+0000] {logging_mixin.py:188} INFO - [2024-06-26T17:42:12.921+0000] {dag.py:3096} INFO - Sync 1 DAGs
[2024-06-26T17:42:12.925+0000] {logging_mixin.py:188} INFO - [2024-06-26T17:42:12.925+0000] {dag.py:3954} INFO - Setting next_dagrun for example_sensors to None, run_after=None
[2024-06-26T17:42:12.932+0000] {processor.py:183} INFO - Processing /home/airflow/.local/lib/python3.12/site-packages/airflow/example_dags/example_sensors.py took 0.025 seconds
[2024-06-26T17:42:43.195+0000] {processor.py:161} INFO - Started process (PID=1068) to work on /home/airflow/.local/lib/python3.12/site-packages/airflow/example_dags/example_sensors.py
[2024-06-26T17:42:43.195+0000] {processor.py:830} INFO - Processing file /home/airflow/.local/lib/python3.12/site-packages/airflow/example_dags/example_sensors.py for tasks to queue
[2024-06-26T17:42:43.196+0000] {logging_mixin.py:188} INFO - [2024-06-26T17:42:43.196+0000] {dagbag.py:545} INFO - Filling up the DagBag from /home/airflow/.local/lib/python3.12/site-packages/airflow/example_dags/example_sensors.py
[2024-06-26T17:42:43.199+0000] {processor.py:840} INFO - DAG(s) 'example_sensors' retrieved from /home/airflow/.local/lib/python3.12/site-packages/airflow/example_dags/example_sensors.py
[2024-06-26T17:42:43.209+0000] {logging_mixin.py:188} INFO - [2024-06-26T17:42:43.208+0000] {dag.py:3096} INFO - Sync 1 DAGs
[2024-06-26T17:42:43.213+0000] {logging_mixin.py:188} INFO - [2024-06-26T17:42:43.213+0000] {dag.py:3954} INFO - Setting next_dagrun for example_sensors to None, run_after=None
[2024-06-26T17:42:43.219+0000] {processor.py:183} INFO - Processing /home/airflow/.local/lib/python3.12/site-packages/airflow/example_dags/example_sensors.py took 0.027 seconds
[2024-06-26T17:43:13.568+0000] {processor.py:161} INFO - Started process (PID=1332) to work on /home/airflow/.local/lib/python3.12/site-packages/airflow/example_dags/example_sensors.py
[2024-06-26T17:43:13.568+0000] {processor.py:830} INFO - Processing file /home/airflow/.local/lib/python3.12/site-packages/airflow/example_dags/example_sensors.py for tasks to queue
[2024-06-26T17:43:13.569+0000] {logging_mixin.py:188} INFO - [2024-06-26T17:43:13.569+0000] {dagbag.py:545} INFO - Filling up the DagBag from /home/airflow/.local/lib/python3.12/site-packages/airflow/example_dags/example_sensors.py
[2024-06-26T17:43:13.573+0000] {processor.py:840} INFO - DAG(s) 'example_sensors' retrieved from /home/airflow/.local/lib/python3.12/site-packages/airflow/example_dags/example_sensors.py
[2024-06-26T17:43:13.583+0000] {logging_mixin.py:188} INFO - [2024-06-26T17:43:13.583+0000] {dag.py:3096} INFO - Sync 1 DAGs
[2024-06-26T17:43:13.587+0000] {logging_mixin.py:188} INFO - [2024-06-26T17:43:13.587+0000] {dag.py:3954} INFO - Setting next_dagrun for example_sensors to None, run_after=None
[2024-06-26T17:43:13.594+0000] {processor.py:183} INFO - Processing /home/airflow/.local/lib/python3.12/site-packages/airflow/example_dags/example_sensors.py took 0.029 seconds
[2024-06-26T17:43:43.945+0000] {processor.py:161} INFO - Started process (PID=1592) to work on /home/airflow/.local/lib/python3.12/site-packages/airflow/example_dags/example_sensors.py
[2024-06-26T17:43:43.945+0000] {processor.py:830} INFO - Processing file /home/airflow/.local/lib/python3.12/site-packages/airflow/example_dags/example_sensors.py for tasks to queue
[2024-06-26T17:43:43.946+0000] {logging_mixin.py:188} INFO - [2024-06-26T17:43:43.946+0000] {dagbag.py:545} INFO - Filling up the DagBag from /home/airflow/.local/lib/python3.12/site-packages/airflow/example_dags/example_sensors.py
[2024-06-26T17:43:43.949+0000] {processor.py:840} INFO - DAG(s) 'example_sensors' retrieved from /home/airflow/.local/lib/python3.12/site-packages/airflow/example_dags/example_sensors.py
[2024-06-26T17:43:43.958+0000] {logging_mixin.py:188} INFO - [2024-06-26T17:43:43.958+0000] {dag.py:3096} INFO - Sync 1 DAGs
[2024-06-26T17:43:43.963+0000] {logging_mixin.py:188} INFO - [2024-06-26T17:43:43.963+0000] {dag.py:3954} INFO - Setting next_dagrun for example_sensors to None, run_after=None
[2024-06-26T17:43:43.969+0000] {processor.py:183} INFO - Processing /home/airflow/.local/lib/python3.12/site-packages/airflow/example_dags/example_sensors.py took 0.027 seconds
[2024-06-26T17:44:14.155+0000] {processor.py:161} INFO - Started process (PID=1854) to work on /home/airflow/.local/lib/python3.12/site-packages/airflow/example_dags/example_sensors.py
[2024-06-26T17:44:14.155+0000] {processor.py:830} INFO - Processing file /home/airflow/.local/lib/python3.12/site-packages/airflow/example_dags/example_sensors.py for tasks to queue
[2024-06-26T17:44:14.156+0000] {logging_mixin.py:188} INFO - [2024-06-26T17:44:14.156+0000] {dagbag.py:545} INFO - Filling up the DagBag from /home/airflow/.local/lib/python3.12/site-packages/airflow/example_dags/example_sensors.py
[2024-06-26T17:44:14.159+0000] {processor.py:840} INFO - DAG(s) 'example_sensors' retrieved from /home/airflow/.local/lib/python3.12/site-packages/airflow/example_dags/example_sensors.py
[2024-06-26T17:44:14.168+0000] {logging_mixin.py:188} INFO - [2024-06-26T17:44:14.168+0000] {dag.py:3096} INFO - Sync 1 DAGs
[2024-06-26T17:44:14.173+0000] {logging_mixin.py:188} INFO - [2024-06-26T17:44:14.173+0000] {dag.py:3954} INFO - Setting next_dagrun for example_sensors to None, run_after=None
[2024-06-26T17:44:14.179+0000] {processor.py:183} INFO - Processing /home/airflow/.local/lib/python3.12/site-packages/airflow/example_dags/example_sensors.py took 0.026 seconds
[2024-06-26T17:44:44.439+0000] {processor.py:161} INFO - Started process (PID=2118) to work on /home/airflow/.local/lib/python3.12/site-packages/airflow/example_dags/example_sensors.py
[2024-06-26T17:44:44.439+0000] {processor.py:830} INFO - Processing file /home/airflow/.local/lib/python3.12/site-packages/airflow/example_dags/example_sensors.py for tasks to queue
[2024-06-26T17:44:44.440+0000] {logging_mixin.py:188} INFO - [2024-06-26T17:44:44.440+0000] {dagbag.py:545} INFO - Filling up the DagBag from /home/airflow/.local/lib/python3.12/site-packages/airflow/example_dags/example_sensors.py
[2024-06-26T17:44:44.443+0000] {processor.py:840} INFO - DAG(s) 'example_sensors' retrieved from /home/airflow/.local/lib/python3.12/site-packages/airflow/example_dags/example_sensors.py
[2024-06-26T17:44:44.452+0000] {logging_mixin.py:188} INFO - [2024-06-26T17:44:44.451+0000] {dag.py:3096} INFO - Sync 1 DAGs
[2024-06-26T17:44:44.455+0000] {logging_mixin.py:188} INFO - [2024-06-26T17:44:44.455+0000] {dag.py:3954} INFO - Setting next_dagrun for example_sensors to None, run_after=None
[2024-06-26T17:44:44.461+0000] {processor.py:183} INFO - Processing /home/airflow/.local/lib/python3.12/site-packages/airflow/example_dags/example_sensors.py took 0.024 seconds
[2024-06-26T17:45:14.684+0000] {processor.py:161} INFO - Started process (PID=2378) to work on /home/airflow/.local/lib/python3.12/site-packages/airflow/example_dags/example_sensors.py
[2024-06-26T17:45:14.684+0000] {processor.py:830} INFO - Processing file /home/airflow/.local/lib/python3.12/site-packages/airflow/example_dags/example_sensors.py for tasks to queue
[2024-06-26T17:45:14.685+0000] {logging_mixin.py:188} INFO - [2024-06-26T17:45:14.685+0000] {dagbag.py:545} INFO - Filling up the DagBag from /home/airflow/.local/lib/python3.12/site-packages/airflow/example_dags/example_sensors.py
[2024-06-26T17:45:14.689+0000] {processor.py:840} INFO - DAG(s) 'example_sensors' retrieved from /home/airflow/.local/lib/python3.12/site-packages/airflow/example_dags/example_sensors.py
[2024-06-26T17:45:14.699+0000] {logging_mixin.py:188} INFO - [2024-06-26T17:45:14.699+0000] {dag.py:3096} INFO - Sync 1 DAGs
[2024-06-26T17:45:14.703+0000] {logging_mixin.py:188} INFO - [2024-06-26T17:45:14.703+0000] {dag.py:3954} INFO - Setting next_dagrun for example_sensors to None, run_after=None
[2024-06-26T17:45:14.710+0000] {processor.py:183} INFO - Processing /home/airflow/.local/lib/python3.12/site-packages/airflow/example_dags/example_sensors.py took 0.028 seconds
[2024-06-26T17:45:45.071+0000] {processor.py:161} INFO - Started process (PID=2640) to work on /home/airflow/.local/lib/python3.12/site-packages/airflow/example_dags/example_sensors.py
[2024-06-26T17:45:45.071+0000] {processor.py:830} INFO - Processing file /home/airflow/.local/lib/python3.12/site-packages/airflow/example_dags/example_sensors.py for tasks to queue
[2024-06-26T17:45:45.072+0000] {logging_mixin.py:188} INFO - [2024-06-26T17:45:45.072+0000] {dagbag.py:545} INFO - Filling up the DagBag from /home/airflow/.local/lib/python3.12/site-packages/airflow/example_dags/example_sensors.py
[2024-06-26T17:45:45.076+0000] {processor.py:840} INFO - DAG(s) 'example_sensors' retrieved from /home/airflow/.local/lib/python3.12/site-packages/airflow/example_dags/example_sensors.py
[2024-06-26T17:45:45.087+0000] {logging_mixin.py:188} INFO - [2024-06-26T17:45:45.087+0000] {dag.py:3096} INFO - Sync 1 DAGs
[2024-06-26T17:45:45.092+0000] {logging_mixin.py:188} INFO - [2024-06-26T17:45:45.092+0000] {dag.py:3954} INFO - Setting next_dagrun for example_sensors to None, run_after=None
[2024-06-26T17:45:45.099+0000] {processor.py:183} INFO - Processing /home/airflow/.local/lib/python3.12/site-packages/airflow/example_dags/example_sensors.py took 0.031 seconds
[2024-06-26T17:46:15.495+0000] {processor.py:161} INFO - Started process (PID=2902) to work on /home/airflow/.local/lib/python3.12/site-packages/airflow/example_dags/example_sensors.py
[2024-06-26T17:46:15.496+0000] {processor.py:830} INFO - Processing file /home/airflow/.local/lib/python3.12/site-packages/airflow/example_dags/example_sensors.py for tasks to queue
[2024-06-26T17:46:15.496+0000] {logging_mixin.py:188} INFO - [2024-06-26T17:46:15.496+0000] {dagbag.py:545} INFO - Filling up the DagBag from /home/airflow/.local/lib/python3.12/site-packages/airflow/example_dags/example_sensors.py
[2024-06-26T17:46:15.500+0000] {processor.py:840} INFO - DAG(s) 'example_sensors' retrieved from /home/airflow/.local/lib/python3.12/site-packages/airflow/example_dags/example_sensors.py
[2024-06-26T17:46:15.510+0000] {logging_mixin.py:188} INFO - [2024-06-26T17:46:15.509+0000] {dag.py:3096} INFO - Sync 1 DAGs
[2024-06-26T17:46:15.514+0000] {logging_mixin.py:188} INFO - [2024-06-26T17:46:15.514+0000] {dag.py:3954} INFO - Setting next_dagrun for example_sensors to None, run_after=None
[2024-06-26T17:46:15.521+0000] {processor.py:183} INFO - Processing /home/airflow/.local/lib/python3.12/site-packages/airflow/example_dags/example_sensors.py took 0.028 seconds
[2024-06-26T17:46:45.790+0000] {processor.py:161} INFO - Started process (PID=3189) to work on /home/airflow/.local/lib/python3.12/site-packages/airflow/example_dags/example_sensors.py
[2024-06-26T17:46:45.791+0000] {processor.py:830} INFO - Processing file /home/airflow/.local/lib/python3.12/site-packages/airflow/example_dags/example_sensors.py for tasks to queue
[2024-06-26T17:46:45.791+0000] {logging_mixin.py:188} INFO - [2024-06-26T17:46:45.791+0000] {dagbag.py:545} INFO - Filling up the DagBag from /home/airflow/.local/lib/python3.12/site-packages/airflow/example_dags/example_sensors.py
[2024-06-26T17:46:45.795+0000] {processor.py:840} INFO - DAG(s) 'example_sensors' retrieved from /home/airflow/.local/lib/python3.12/site-packages/airflow/example_dags/example_sensors.py
[2024-06-26T17:46:45.804+0000] {logging_mixin.py:188} INFO - [2024-06-26T17:46:45.804+0000] {dag.py:3096} INFO - Sync 1 DAGs
[2024-06-26T17:46:45.809+0000] {logging_mixin.py:188} INFO - [2024-06-26T17:46:45.809+0000] {dag.py:3954} INFO - Setting next_dagrun for example_sensors to None, run_after=None
[2024-06-26T17:46:45.815+0000] {processor.py:183} INFO - Processing /home/airflow/.local/lib/python3.12/site-packages/airflow/example_dags/example_sensors.py took 0.027 seconds
[2024-06-26T17:47:16.013+0000] {processor.py:161} INFO - Started process (PID=3451) to work on /home/airflow/.local/lib/python3.12/site-packages/airflow/example_dags/example_sensors.py
[2024-06-26T17:47:16.014+0000] {processor.py:830} INFO - Processing file /home/airflow/.local/lib/python3.12/site-packages/airflow/example_dags/example_sensors.py for tasks to queue
[2024-06-26T17:47:16.014+0000] {logging_mixin.py:188} INFO - [2024-06-26T17:47:16.014+0000] {dagbag.py:545} INFO - Filling up the DagBag from /home/airflow/.local/lib/python3.12/site-packages/airflow/example_dags/example_sensors.py
[2024-06-26T17:47:16.018+0000] {processor.py:840} INFO - DAG(s) 'example_sensors' retrieved from /home/airflow/.local/lib/python3.12/site-packages/airflow/example_dags/example_sensors.py
[2024-06-26T17:47:16.027+0000] {logging_mixin.py:188} INFO - [2024-06-26T17:47:16.027+0000] {dag.py:3096} INFO - Sync 1 DAGs
[2024-06-26T17:47:16.032+0000] {logging_mixin.py:188} INFO - [2024-06-26T17:47:16.032+0000] {dag.py:3954} INFO - Setting next_dagrun for example_sensors to None, run_after=None
[2024-06-26T17:47:16.038+0000] {processor.py:183} INFO - Processing /home/airflow/.local/lib/python3.12/site-packages/airflow/example_dags/example_sensors.py took 0.027 seconds
[2024-06-26T17:47:46.278+0000] {processor.py:161} INFO - Started process (PID=3713) to work on /home/airflow/.local/lib/python3.12/site-packages/airflow/example_dags/example_sensors.py
[2024-06-26T17:47:46.279+0000] {processor.py:830} INFO - Processing file /home/airflow/.local/lib/python3.12/site-packages/airflow/example_dags/example_sensors.py for tasks to queue
[2024-06-26T17:47:46.279+0000] {logging_mixin.py:188} INFO - [2024-06-26T17:47:46.279+0000] {dagbag.py:545} INFO - Filling up the DagBag from /home/airflow/.local/lib/python3.12/site-packages/airflow/example_dags/example_sensors.py
[2024-06-26T17:47:46.283+0000] {processor.py:840} INFO - DAG(s) 'example_sensors' retrieved from /home/airflow/.local/lib/python3.12/site-packages/airflow/example_dags/example_sensors.py
[2024-06-26T17:47:46.292+0000] {logging_mixin.py:188} INFO - [2024-06-26T17:47:46.292+0000] {dag.py:3096} INFO - Sync 1 DAGs
[2024-06-26T17:47:46.297+0000] {logging_mixin.py:188} INFO - [2024-06-26T17:47:46.297+0000] {dag.py:3954} INFO - Setting next_dagrun for example_sensors to None, run_after=None
[2024-06-26T17:47:46.303+0000] {processor.py:183} INFO - Processing /home/airflow/.local/lib/python3.12/site-packages/airflow/example_dags/example_sensors.py took 0.027 seconds
[2024-06-26T17:48:16.592+0000] {processor.py:161} INFO - Started process (PID=3975) to work on /home/airflow/.local/lib/python3.12/site-packages/airflow/example_dags/example_sensors.py
[2024-06-26T17:48:16.592+0000] {processor.py:830} INFO - Processing file /home/airflow/.local/lib/python3.12/site-packages/airflow/example_dags/example_sensors.py for tasks to queue
[2024-06-26T17:48:16.593+0000] {logging_mixin.py:188} INFO - [2024-06-26T17:48:16.593+0000] {dagbag.py:545} INFO - Filling up the DagBag from /home/airflow/.local/lib/python3.12/site-packages/airflow/example_dags/example_sensors.py
[2024-06-26T17:48:16.596+0000] {processor.py:840} INFO - DAG(s) 'example_sensors' retrieved from /home/airflow/.local/lib/python3.12/site-packages/airflow/example_dags/example_sensors.py
[2024-06-26T17:48:16.606+0000] {logging_mixin.py:188} INFO - [2024-06-26T17:48:16.606+0000] {dag.py:3096} INFO - Sync 1 DAGs
[2024-06-26T17:48:16.610+0000] {logging_mixin.py:188} INFO - [2024-06-26T17:48:16.610+0000] {dag.py:3954} INFO - Setting next_dagrun for example_sensors to None, run_after=None
[2024-06-26T17:48:16.617+0000] {processor.py:183} INFO - Processing /home/airflow/.local/lib/python3.12/site-packages/airflow/example_dags/example_sensors.py took 0.027 seconds
[2024-06-26T17:48:46.860+0000] {processor.py:161} INFO - Started process (PID=4262) to work on /home/airflow/.local/lib/python3.12/site-packages/airflow/example_dags/example_sensors.py
[2024-06-26T17:48:46.861+0000] {processor.py:830} INFO - Processing file /home/airflow/.local/lib/python3.12/site-packages/airflow/example_dags/example_sensors.py for tasks to queue
[2024-06-26T17:48:46.861+0000] {logging_mixin.py:188} INFO - [2024-06-26T17:48:46.861+0000] {dagbag.py:545} INFO - Filling up the DagBag from /home/airflow/.local/lib/python3.12/site-packages/airflow/example_dags/example_sensors.py
[2024-06-26T17:48:46.865+0000] {processor.py:840} INFO - DAG(s) 'example_sensors' retrieved from /home/airflow/.local/lib/python3.12/site-packages/airflow/example_dags/example_sensors.py
[2024-06-26T17:48:46.874+0000] {logging_mixin.py:188} INFO - [2024-06-26T17:48:46.874+0000] {dag.py:3096} INFO - Sync 1 DAGs
[2024-06-26T17:48:46.879+0000] {logging_mixin.py:188} INFO - [2024-06-26T17:48:46.879+0000] {dag.py:3954} INFO - Setting next_dagrun for example_sensors to None, run_after=None
[2024-06-26T17:48:46.885+0000] {processor.py:183} INFO - Processing /home/airflow/.local/lib/python3.12/site-packages/airflow/example_dags/example_sensors.py took 0.027 seconds
[2024-06-26T17:49:17.086+0000] {processor.py:161} INFO - Started process (PID=4524) to work on /home/airflow/.local/lib/python3.12/site-packages/airflow/example_dags/example_sensors.py
[2024-06-26T17:49:17.086+0000] {processor.py:830} INFO - Processing file /home/airflow/.local/lib/python3.12/site-packages/airflow/example_dags/example_sensors.py for tasks to queue
[2024-06-26T17:49:17.087+0000] {logging_mixin.py:188} INFO - [2024-06-26T17:49:17.087+0000] {dagbag.py:545} INFO - Filling up the DagBag from /home/airflow/.local/lib/python3.12/site-packages/airflow/example_dags/example_sensors.py
[2024-06-26T17:49:17.091+0000] {processor.py:840} INFO - DAG(s) 'example_sensors' retrieved from /home/airflow/.local/lib/python3.12/site-packages/airflow/example_dags/example_sensors.py
[2024-06-26T17:49:17.100+0000] {logging_mixin.py:188} INFO - [2024-06-26T17:49:17.100+0000] {dag.py:3096} INFO - Sync 1 DAGs
[2024-06-26T17:49:17.105+0000] {logging_mixin.py:188} INFO - [2024-06-26T17:49:17.105+0000] {dag.py:3954} INFO - Setting next_dagrun for example_sensors to None, run_after=None
[2024-06-26T17:49:17.112+0000] {processor.py:183} INFO - Processing /home/airflow/.local/lib/python3.12/site-packages/airflow/example_dags/example_sensors.py took 0.028 seconds
[2024-06-26T17:49:47.372+0000] {processor.py:161} INFO - Started process (PID=4786) to work on /home/airflow/.local/lib/python3.12/site-packages/airflow/example_dags/example_sensors.py
[2024-06-26T17:49:47.372+0000] {processor.py:830} INFO - Processing file /home/airflow/.local/lib/python3.12/site-packages/airflow/example_dags/example_sensors.py for tasks to queue
[2024-06-26T17:49:47.373+0000] {logging_mixin.py:188} INFO - [2024-06-26T17:49:47.373+0000] {dagbag.py:545} INFO - Filling up the DagBag from /home/airflow/.local/lib/python3.12/site-packages/airflow/example_dags/example_sensors.py
[2024-06-26T17:49:47.376+0000] {processor.py:840} INFO - DAG(s) 'example_sensors' retrieved from /home/airflow/.local/lib/python3.12/site-packages/airflow/example_dags/example_sensors.py
[2024-06-26T17:49:47.387+0000] {logging_mixin.py:188} INFO - [2024-06-26T17:49:47.387+0000] {dag.py:3096} INFO - Sync 1 DAGs
[2024-06-26T17:49:47.391+0000] {logging_mixin.py:188} INFO - [2024-06-26T17:49:47.391+0000] {dag.py:3954} INFO - Setting next_dagrun for example_sensors to None, run_after=None
[2024-06-26T17:49:47.398+0000] {processor.py:183} INFO - Processing /home/airflow/.local/lib/python3.12/site-packages/airflow/example_dags/example_sensors.py took 0.028 seconds
[2024-06-26T17:50:17.713+0000] {processor.py:161} INFO - Started process (PID=5048) to work on /home/airflow/.local/lib/python3.12/site-packages/airflow/example_dags/example_sensors.py
[2024-06-26T17:50:17.714+0000] {processor.py:830} INFO - Processing file /home/airflow/.local/lib/python3.12/site-packages/airflow/example_dags/example_sensors.py for tasks to queue
[2024-06-26T17:50:17.714+0000] {logging_mixin.py:188} INFO - [2024-06-26T17:50:17.714+0000] {dagbag.py:545} INFO - Filling up the DagBag from /home/airflow/.local/lib/python3.12/site-packages/airflow/example_dags/example_sensors.py
[2024-06-26T17:50:17.718+0000] {processor.py:840} INFO - DAG(s) 'example_sensors' retrieved from /home/airflow/.local/lib/python3.12/site-packages/airflow/example_dags/example_sensors.py
[2024-06-26T17:50:17.728+0000] {logging_mixin.py:188} INFO - [2024-06-26T17:50:17.728+0000] {dag.py:3096} INFO - Sync 1 DAGs
[2024-06-26T17:50:17.732+0000] {logging_mixin.py:188} INFO - [2024-06-26T17:50:17.732+0000] {dag.py:3954} INFO - Setting next_dagrun for example_sensors to None, run_after=None
[2024-06-26T17:50:17.738+0000] {processor.py:183} INFO - Processing /home/airflow/.local/lib/python3.12/site-packages/airflow/example_dags/example_sensors.py took 0.027 seconds
[2024-06-26T17:50:48.174+0000] {processor.py:161} INFO - Started process (PID=5312) to work on /home/airflow/.local/lib/python3.12/site-packages/airflow/example_dags/example_sensors.py
[2024-06-26T17:50:48.174+0000] {processor.py:830} INFO - Processing file /home/airflow/.local/lib/python3.12/site-packages/airflow/example_dags/example_sensors.py for tasks to queue
[2024-06-26T17:50:48.175+0000] {logging_mixin.py:188} INFO - [2024-06-26T17:50:48.175+0000] {dagbag.py:545} INFO - Filling up the DagBag from /home/airflow/.local/lib/python3.12/site-packages/airflow/example_dags/example_sensors.py
[2024-06-26T17:50:48.178+0000] {processor.py:840} INFO - DAG(s) 'example_sensors' retrieved from /home/airflow/.local/lib/python3.12/site-packages/airflow/example_dags/example_sensors.py
[2024-06-26T17:50:48.187+0000] {logging_mixin.py:188} INFO - [2024-06-26T17:50:48.187+0000] {dag.py:3096} INFO - Sync 1 DAGs
[2024-06-26T17:50:48.191+0000] {logging_mixin.py:188} INFO - [2024-06-26T17:50:48.191+0000] {dag.py:3954} INFO - Setting next_dagrun for example_sensors to None, run_after=None
[2024-06-26T17:50:48.198+0000] {processor.py:183} INFO - Processing /home/airflow/.local/lib/python3.12/site-packages/airflow/example_dags/example_sensors.py took 0.026 seconds
