[2024-06-26T17:41:11.187+0000] {processor.py:161} INFO - Started process (PID=174) to work on /home/airflow/.local/lib/python3.12/site-packages/airflow/example_dags/example_branch_operator.py
[2024-06-26T17:41:11.188+0000] {processor.py:830} INFO - Processing file /home/airflow/.local/lib/python3.12/site-packages/airflow/example_dags/example_branch_operator.py for tasks to queue
[2024-06-26T17:41:11.188+0000] {logging_mixin.py:188} INFO - [2024-06-26T17:41:11.188+0000] {dagbag.py:545} INFO - Filling up the DagBag from /home/airflow/.local/lib/python3.12/site-packages/airflow/example_dags/example_branch_operator.py
[2024-06-26T17:41:11.206+0000] {processor.py:840} INFO - DAG(s) 'example_branch_operator' retrieved from /home/airflow/.local/lib/python3.12/site-packages/airflow/example_dags/example_branch_operator.py
[2024-06-26T17:41:11.219+0000] {logging_mixin.py:188} INFO - [2024-06-26T17:41:11.219+0000] {dag.py:3096} INFO - Sync 1 DAGs
[2024-06-26T17:41:11.230+0000] {logging_mixin.py:188} INFO - [2024-06-26T17:41:11.230+0000] {dag.py:3954} INFO - Setting next_dagrun for example_branch_operator to 2024-06-25 00:00:00+00:00, run_after=2024-06-26 00:00:00+00:00
[2024-06-26T17:41:11.239+0000] {processor.py:183} INFO - Processing /home/airflow/.local/lib/python3.12/site-packages/airflow/example_dags/example_branch_operator.py took 0.054 seconds
[2024-06-26T17:41:41.338+0000] {processor.py:161} INFO - Started process (PID=436) to work on /home/airflow/.local/lib/python3.12/site-packages/airflow/example_dags/example_branch_operator.py
[2024-06-26T17:41:41.339+0000] {processor.py:830} INFO - Processing file /home/airflow/.local/lib/python3.12/site-packages/airflow/example_dags/example_branch_operator.py for tasks to queue
[2024-06-26T17:41:41.340+0000] {logging_mixin.py:188} INFO - [2024-06-26T17:41:41.340+0000] {dagbag.py:545} INFO - Filling up the DagBag from /home/airflow/.local/lib/python3.12/site-packages/airflow/example_dags/example_branch_operator.py
[2024-06-26T17:41:41.350+0000] {processor.py:840} INFO - DAG(s) 'example_branch_operator' retrieved from /home/airflow/.local/lib/python3.12/site-packages/airflow/example_dags/example_branch_operator.py
[2024-06-26T17:41:41.435+0000] {logging_mixin.py:188} INFO - [2024-06-26T17:41:41.435+0000] {dag.py:3096} INFO - Sync 1 DAGs
[2024-06-26T17:41:41.442+0000] {logging_mixin.py:188} INFO - [2024-06-26T17:41:41.442+0000] {dag.py:3954} INFO - Setting next_dagrun for example_branch_operator to 2024-06-25 00:00:00+00:00, run_after=2024-06-26 00:00:00+00:00
[2024-06-26T17:41:41.448+0000] {processor.py:183} INFO - Processing /home/airflow/.local/lib/python3.12/site-packages/airflow/example_dags/example_branch_operator.py took 0.115 seconds
[2024-06-26T17:42:11.498+0000] {processor.py:161} INFO - Started process (PID=698) to work on /home/airflow/.local/lib/python3.12/site-packages/airflow/example_dags/example_branch_operator.py
[2024-06-26T17:42:11.499+0000] {processor.py:830} INFO - Processing file /home/airflow/.local/lib/python3.12/site-packages/airflow/example_dags/example_branch_operator.py for tasks to queue
[2024-06-26T17:42:11.500+0000] {logging_mixin.py:188} INFO - [2024-06-26T17:42:11.499+0000] {dagbag.py:545} INFO - Filling up the DagBag from /home/airflow/.local/lib/python3.12/site-packages/airflow/example_dags/example_branch_operator.py
[2024-06-26T17:42:11.508+0000] {processor.py:840} INFO - DAG(s) 'example_branch_operator' retrieved from /home/airflow/.local/lib/python3.12/site-packages/airflow/example_dags/example_branch_operator.py
[2024-06-26T17:42:11.521+0000] {logging_mixin.py:188} INFO - [2024-06-26T17:42:11.521+0000] {dag.py:3096} INFO - Sync 1 DAGs
[2024-06-26T17:42:11.530+0000] {logging_mixin.py:188} INFO - [2024-06-26T17:42:11.530+0000] {dag.py:3954} INFO - Setting next_dagrun for example_branch_operator to 2024-06-25 00:00:00+00:00, run_after=2024-06-26 00:00:00+00:00
[2024-06-26T17:42:11.537+0000] {processor.py:183} INFO - Processing /home/airflow/.local/lib/python3.12/site-packages/airflow/example_dags/example_branch_operator.py took 0.042 seconds
[2024-06-26T17:42:41.734+0000] {processor.py:161} INFO - Started process (PID=960) to work on /home/airflow/.local/lib/python3.12/site-packages/airflow/example_dags/example_branch_operator.py
[2024-06-26T17:42:41.734+0000] {processor.py:830} INFO - Processing file /home/airflow/.local/lib/python3.12/site-packages/airflow/example_dags/example_branch_operator.py for tasks to queue
[2024-06-26T17:42:41.735+0000] {logging_mixin.py:188} INFO - [2024-06-26T17:42:41.735+0000] {dagbag.py:545} INFO - Filling up the DagBag from /home/airflow/.local/lib/python3.12/site-packages/airflow/example_dags/example_branch_operator.py
[2024-06-26T17:42:41.744+0000] {processor.py:840} INFO - DAG(s) 'example_branch_operator' retrieved from /home/airflow/.local/lib/python3.12/site-packages/airflow/example_dags/example_branch_operator.py
[2024-06-26T17:42:41.758+0000] {logging_mixin.py:188} INFO - [2024-06-26T17:42:41.758+0000] {dag.py:3096} INFO - Sync 1 DAGs
[2024-06-26T17:42:41.767+0000] {logging_mixin.py:188} INFO - [2024-06-26T17:42:41.767+0000] {dag.py:3954} INFO - Setting next_dagrun for example_branch_operator to 2024-06-25 00:00:00+00:00, run_after=2024-06-26 00:00:00+00:00
[2024-06-26T17:42:41.774+0000] {processor.py:183} INFO - Processing /home/airflow/.local/lib/python3.12/site-packages/airflow/example_dags/example_branch_operator.py took 0.044 seconds
[2024-06-26T17:43:12.109+0000] {processor.py:161} INFO - Started process (PID=1222) to work on /home/airflow/.local/lib/python3.12/site-packages/airflow/example_dags/example_branch_operator.py
[2024-06-26T17:43:12.110+0000] {processor.py:830} INFO - Processing file /home/airflow/.local/lib/python3.12/site-packages/airflow/example_dags/example_branch_operator.py for tasks to queue
[2024-06-26T17:43:12.111+0000] {logging_mixin.py:188} INFO - [2024-06-26T17:43:12.111+0000] {dagbag.py:545} INFO - Filling up the DagBag from /home/airflow/.local/lib/python3.12/site-packages/airflow/example_dags/example_branch_operator.py
[2024-06-26T17:43:12.121+0000] {processor.py:840} INFO - DAG(s) 'example_branch_operator' retrieved from /home/airflow/.local/lib/python3.12/site-packages/airflow/example_dags/example_branch_operator.py
[2024-06-26T17:43:12.134+0000] {logging_mixin.py:188} INFO - [2024-06-26T17:43:12.134+0000] {dag.py:3096} INFO - Sync 1 DAGs
[2024-06-26T17:43:12.142+0000] {logging_mixin.py:188} INFO - [2024-06-26T17:43:12.142+0000] {dag.py:3954} INFO - Setting next_dagrun for example_branch_operator to 2024-06-25 00:00:00+00:00, run_after=2024-06-26 00:00:00+00:00
[2024-06-26T17:43:12.148+0000] {processor.py:183} INFO - Processing /home/airflow/.local/lib/python3.12/site-packages/airflow/example_dags/example_branch_operator.py took 0.044 seconds
[2024-06-26T17:43:42.442+0000] {processor.py:161} INFO - Started process (PID=1484) to work on /home/airflow/.local/lib/python3.12/site-packages/airflow/example_dags/example_branch_operator.py
[2024-06-26T17:43:42.443+0000] {processor.py:830} INFO - Processing file /home/airflow/.local/lib/python3.12/site-packages/airflow/example_dags/example_branch_operator.py for tasks to queue
[2024-06-26T17:43:42.444+0000] {logging_mixin.py:188} INFO - [2024-06-26T17:43:42.444+0000] {dagbag.py:545} INFO - Filling up the DagBag from /home/airflow/.local/lib/python3.12/site-packages/airflow/example_dags/example_branch_operator.py
[2024-06-26T17:43:42.453+0000] {processor.py:840} INFO - DAG(s) 'example_branch_operator' retrieved from /home/airflow/.local/lib/python3.12/site-packages/airflow/example_dags/example_branch_operator.py
[2024-06-26T17:43:42.465+0000] {logging_mixin.py:188} INFO - [2024-06-26T17:43:42.465+0000] {dag.py:3096} INFO - Sync 1 DAGs
[2024-06-26T17:43:42.475+0000] {logging_mixin.py:188} INFO - [2024-06-26T17:43:42.474+0000] {dag.py:3954} INFO - Setting next_dagrun for example_branch_operator to 2024-06-25 00:00:00+00:00, run_after=2024-06-26 00:00:00+00:00
[2024-06-26T17:43:42.482+0000] {processor.py:183} INFO - Processing /home/airflow/.local/lib/python3.12/site-packages/airflow/example_dags/example_branch_operator.py took 0.043 seconds
[2024-06-26T17:44:12.757+0000] {processor.py:161} INFO - Started process (PID=1746) to work on /home/airflow/.local/lib/python3.12/site-packages/airflow/example_dags/example_branch_operator.py
[2024-06-26T17:44:12.758+0000] {processor.py:830} INFO - Processing file /home/airflow/.local/lib/python3.12/site-packages/airflow/example_dags/example_branch_operator.py for tasks to queue
[2024-06-26T17:44:12.759+0000] {logging_mixin.py:188} INFO - [2024-06-26T17:44:12.759+0000] {dagbag.py:545} INFO - Filling up the DagBag from /home/airflow/.local/lib/python3.12/site-packages/airflow/example_dags/example_branch_operator.py
[2024-06-26T17:44:12.767+0000] {processor.py:840} INFO - DAG(s) 'example_branch_operator' retrieved from /home/airflow/.local/lib/python3.12/site-packages/airflow/example_dags/example_branch_operator.py
[2024-06-26T17:44:12.777+0000] {logging_mixin.py:188} INFO - [2024-06-26T17:44:12.777+0000] {dag.py:3096} INFO - Sync 1 DAGs
[2024-06-26T17:44:12.785+0000] {logging_mixin.py:188} INFO - [2024-06-26T17:44:12.785+0000] {dag.py:3954} INFO - Setting next_dagrun for example_branch_operator to 2024-06-25 00:00:00+00:00, run_after=2024-06-26 00:00:00+00:00
[2024-06-26T17:44:12.791+0000] {processor.py:183} INFO - Processing /home/airflow/.local/lib/python3.12/site-packages/airflow/example_dags/example_branch_operator.py took 0.037 seconds
[2024-06-26T17:44:42.958+0000] {processor.py:161} INFO - Started process (PID=2008) to work on /home/airflow/.local/lib/python3.12/site-packages/airflow/example_dags/example_branch_operator.py
[2024-06-26T17:44:42.958+0000] {processor.py:830} INFO - Processing file /home/airflow/.local/lib/python3.12/site-packages/airflow/example_dags/example_branch_operator.py for tasks to queue
[2024-06-26T17:44:42.959+0000] {logging_mixin.py:188} INFO - [2024-06-26T17:44:42.959+0000] {dagbag.py:545} INFO - Filling up the DagBag from /home/airflow/.local/lib/python3.12/site-packages/airflow/example_dags/example_branch_operator.py
[2024-06-26T17:44:42.965+0000] {processor.py:840} INFO - DAG(s) 'example_branch_operator' retrieved from /home/airflow/.local/lib/python3.12/site-packages/airflow/example_dags/example_branch_operator.py
[2024-06-26T17:44:42.975+0000] {logging_mixin.py:188} INFO - [2024-06-26T17:44:42.975+0000] {dag.py:3096} INFO - Sync 1 DAGs
[2024-06-26T17:44:42.983+0000] {logging_mixin.py:188} INFO - [2024-06-26T17:44:42.983+0000] {dag.py:3954} INFO - Setting next_dagrun for example_branch_operator to 2024-06-25 00:00:00+00:00, run_after=2024-06-26 00:00:00+00:00
[2024-06-26T17:44:42.989+0000] {processor.py:183} INFO - Processing /home/airflow/.local/lib/python3.12/site-packages/airflow/example_dags/example_branch_operator.py took 0.034 seconds
[2024-06-26T17:45:13.279+0000] {processor.py:161} INFO - Started process (PID=2270) to work on /home/airflow/.local/lib/python3.12/site-packages/airflow/example_dags/example_branch_operator.py
[2024-06-26T17:45:13.280+0000] {processor.py:830} INFO - Processing file /home/airflow/.local/lib/python3.12/site-packages/airflow/example_dags/example_branch_operator.py for tasks to queue
[2024-06-26T17:45:13.281+0000] {logging_mixin.py:188} INFO - [2024-06-26T17:45:13.280+0000] {dagbag.py:545} INFO - Filling up the DagBag from /home/airflow/.local/lib/python3.12/site-packages/airflow/example_dags/example_branch_operator.py
[2024-06-26T17:45:13.287+0000] {processor.py:840} INFO - DAG(s) 'example_branch_operator' retrieved from /home/airflow/.local/lib/python3.12/site-packages/airflow/example_dags/example_branch_operator.py
[2024-06-26T17:45:13.298+0000] {logging_mixin.py:188} INFO - [2024-06-26T17:45:13.297+0000] {dag.py:3096} INFO - Sync 1 DAGs
[2024-06-26T17:45:13.306+0000] {logging_mixin.py:188} INFO - [2024-06-26T17:45:13.306+0000] {dag.py:3954} INFO - Setting next_dagrun for example_branch_operator to 2024-06-25 00:00:00+00:00, run_after=2024-06-26 00:00:00+00:00
[2024-06-26T17:45:13.314+0000] {processor.py:183} INFO - Processing /home/airflow/.local/lib/python3.12/site-packages/airflow/example_dags/example_branch_operator.py took 0.037 seconds
[2024-06-26T17:45:43.587+0000] {processor.py:161} INFO - Started process (PID=2532) to work on /home/airflow/.local/lib/python3.12/site-packages/airflow/example_dags/example_branch_operator.py
[2024-06-26T17:45:43.588+0000] {processor.py:830} INFO - Processing file /home/airflow/.local/lib/python3.12/site-packages/airflow/example_dags/example_branch_operator.py for tasks to queue
[2024-06-26T17:45:43.589+0000] {logging_mixin.py:188} INFO - [2024-06-26T17:45:43.588+0000] {dagbag.py:545} INFO - Filling up the DagBag from /home/airflow/.local/lib/python3.12/site-packages/airflow/example_dags/example_branch_operator.py
[2024-06-26T17:45:43.599+0000] {processor.py:840} INFO - DAG(s) 'example_branch_operator' retrieved from /home/airflow/.local/lib/python3.12/site-packages/airflow/example_dags/example_branch_operator.py
[2024-06-26T17:45:43.612+0000] {logging_mixin.py:188} INFO - [2024-06-26T17:45:43.612+0000] {dag.py:3096} INFO - Sync 1 DAGs
[2024-06-26T17:45:43.622+0000] {logging_mixin.py:188} INFO - [2024-06-26T17:45:43.622+0000] {dag.py:3954} INFO - Setting next_dagrun for example_branch_operator to 2024-06-25 00:00:00+00:00, run_after=2024-06-26 00:00:00+00:00
[2024-06-26T17:45:43.629+0000] {processor.py:183} INFO - Processing /home/airflow/.local/lib/python3.12/site-packages/airflow/example_dags/example_branch_operator.py took 0.048 seconds
[2024-06-26T17:46:14.036+0000] {processor.py:161} INFO - Started process (PID=2794) to work on /home/airflow/.local/lib/python3.12/site-packages/airflow/example_dags/example_branch_operator.py
[2024-06-26T17:46:14.037+0000] {processor.py:830} INFO - Processing file /home/airflow/.local/lib/python3.12/site-packages/airflow/example_dags/example_branch_operator.py for tasks to queue
[2024-06-26T17:46:14.038+0000] {logging_mixin.py:188} INFO - [2024-06-26T17:46:14.038+0000] {dagbag.py:545} INFO - Filling up the DagBag from /home/airflow/.local/lib/python3.12/site-packages/airflow/example_dags/example_branch_operator.py
[2024-06-26T17:46:14.047+0000] {processor.py:840} INFO - DAG(s) 'example_branch_operator' retrieved from /home/airflow/.local/lib/python3.12/site-packages/airflow/example_dags/example_branch_operator.py
[2024-06-26T17:46:14.061+0000] {logging_mixin.py:188} INFO - [2024-06-26T17:46:14.060+0000] {dag.py:3096} INFO - Sync 1 DAGs
[2024-06-26T17:46:14.070+0000] {logging_mixin.py:188} INFO - [2024-06-26T17:46:14.070+0000] {dag.py:3954} INFO - Setting next_dagrun for example_branch_operator to 2024-06-25 00:00:00+00:00, run_after=2024-06-26 00:00:00+00:00
[2024-06-26T17:46:14.077+0000] {processor.py:183} INFO - Processing /home/airflow/.local/lib/python3.12/site-packages/airflow/example_dags/example_branch_operator.py took 0.045 seconds
[2024-06-26T17:46:44.379+0000] {processor.py:161} INFO - Started process (PID=3081) to work on /home/airflow/.local/lib/python3.12/site-packages/airflow/example_dags/example_branch_operator.py
[2024-06-26T17:46:44.380+0000] {processor.py:830} INFO - Processing file /home/airflow/.local/lib/python3.12/site-packages/airflow/example_dags/example_branch_operator.py for tasks to queue
[2024-06-26T17:46:44.381+0000] {logging_mixin.py:188} INFO - [2024-06-26T17:46:44.381+0000] {dagbag.py:545} INFO - Filling up the DagBag from /home/airflow/.local/lib/python3.12/site-packages/airflow/example_dags/example_branch_operator.py
[2024-06-26T17:46:44.390+0000] {processor.py:840} INFO - DAG(s) 'example_branch_operator' retrieved from /home/airflow/.local/lib/python3.12/site-packages/airflow/example_dags/example_branch_operator.py
[2024-06-26T17:46:44.403+0000] {logging_mixin.py:188} INFO - [2024-06-26T17:46:44.403+0000] {dag.py:3096} INFO - Sync 1 DAGs
[2024-06-26T17:46:44.414+0000] {logging_mixin.py:188} INFO - [2024-06-26T17:46:44.414+0000] {dag.py:3954} INFO - Setting next_dagrun for example_branch_operator to 2024-06-25 00:00:00+00:00, run_after=2024-06-26 00:00:00+00:00
[2024-06-26T17:46:44.421+0000] {processor.py:183} INFO - Processing /home/airflow/.local/lib/python3.12/site-packages/airflow/example_dags/example_branch_operator.py took 0.045 seconds
[2024-06-26T17:47:14.577+0000] {processor.py:161} INFO - Started process (PID=3343) to work on /home/airflow/.local/lib/python3.12/site-packages/airflow/example_dags/example_branch_operator.py
[2024-06-26T17:47:14.577+0000] {processor.py:830} INFO - Processing file /home/airflow/.local/lib/python3.12/site-packages/airflow/example_dags/example_branch_operator.py for tasks to queue
[2024-06-26T17:47:14.579+0000] {logging_mixin.py:188} INFO - [2024-06-26T17:47:14.578+0000] {dagbag.py:545} INFO - Filling up the DagBag from /home/airflow/.local/lib/python3.12/site-packages/airflow/example_dags/example_branch_operator.py
[2024-06-26T17:47:14.589+0000] {processor.py:840} INFO - DAG(s) 'example_branch_operator' retrieved from /home/airflow/.local/lib/python3.12/site-packages/airflow/example_dags/example_branch_operator.py
[2024-06-26T17:47:14.601+0000] {logging_mixin.py:188} INFO - [2024-06-26T17:47:14.601+0000] {dag.py:3096} INFO - Sync 1 DAGs
[2024-06-26T17:47:14.610+0000] {logging_mixin.py:188} INFO - [2024-06-26T17:47:14.610+0000] {dag.py:3954} INFO - Setting next_dagrun for example_branch_operator to 2024-06-25 00:00:00+00:00, run_after=2024-06-26 00:00:00+00:00
[2024-06-26T17:47:14.618+0000] {processor.py:183} INFO - Processing /home/airflow/.local/lib/python3.12/site-packages/airflow/example_dags/example_branch_operator.py took 0.047 seconds
[2024-06-26T17:47:44.842+0000] {processor.py:161} INFO - Started process (PID=3605) to work on /home/airflow/.local/lib/python3.12/site-packages/airflow/example_dags/example_branch_operator.py
[2024-06-26T17:47:44.842+0000] {processor.py:830} INFO - Processing file /home/airflow/.local/lib/python3.12/site-packages/airflow/example_dags/example_branch_operator.py for tasks to queue
[2024-06-26T17:47:44.843+0000] {logging_mixin.py:188} INFO - [2024-06-26T17:47:44.843+0000] {dagbag.py:545} INFO - Filling up the DagBag from /home/airflow/.local/lib/python3.12/site-packages/airflow/example_dags/example_branch_operator.py
[2024-06-26T17:47:44.853+0000] {processor.py:840} INFO - DAG(s) 'example_branch_operator' retrieved from /home/airflow/.local/lib/python3.12/site-packages/airflow/example_dags/example_branch_operator.py
[2024-06-26T17:47:44.865+0000] {logging_mixin.py:188} INFO - [2024-06-26T17:47:44.865+0000] {dag.py:3096} INFO - Sync 1 DAGs
[2024-06-26T17:47:44.875+0000] {logging_mixin.py:188} INFO - [2024-06-26T17:47:44.874+0000] {dag.py:3954} INFO - Setting next_dagrun for example_branch_operator to 2024-06-25 00:00:00+00:00, run_after=2024-06-26 00:00:00+00:00
[2024-06-26T17:47:44.882+0000] {processor.py:183} INFO - Processing /home/airflow/.local/lib/python3.12/site-packages/airflow/example_dags/example_branch_operator.py took 0.045 seconds
[2024-06-26T17:48:15.152+0000] {processor.py:161} INFO - Started process (PID=3867) to work on /home/airflow/.local/lib/python3.12/site-packages/airflow/example_dags/example_branch_operator.py
[2024-06-26T17:48:15.152+0000] {processor.py:830} INFO - Processing file /home/airflow/.local/lib/python3.12/site-packages/airflow/example_dags/example_branch_operator.py for tasks to queue
[2024-06-26T17:48:15.153+0000] {logging_mixin.py:188} INFO - [2024-06-26T17:48:15.153+0000] {dagbag.py:545} INFO - Filling up the DagBag from /home/airflow/.local/lib/python3.12/site-packages/airflow/example_dags/example_branch_operator.py
[2024-06-26T17:48:15.163+0000] {processor.py:840} INFO - DAG(s) 'example_branch_operator' retrieved from /home/airflow/.local/lib/python3.12/site-packages/airflow/example_dags/example_branch_operator.py
[2024-06-26T17:48:15.176+0000] {logging_mixin.py:188} INFO - [2024-06-26T17:48:15.176+0000] {dag.py:3096} INFO - Sync 1 DAGs
[2024-06-26T17:48:15.188+0000] {logging_mixin.py:188} INFO - [2024-06-26T17:48:15.188+0000] {dag.py:3954} INFO - Setting next_dagrun for example_branch_operator to 2024-06-25 00:00:00+00:00, run_after=2024-06-26 00:00:00+00:00
[2024-06-26T17:48:15.195+0000] {processor.py:183} INFO - Processing /home/airflow/.local/lib/python3.12/site-packages/airflow/example_dags/example_branch_operator.py took 0.048 seconds
[2024-06-26T17:48:45.431+0000] {processor.py:161} INFO - Started process (PID=4154) to work on /home/airflow/.local/lib/python3.12/site-packages/airflow/example_dags/example_branch_operator.py
[2024-06-26T17:48:45.431+0000] {processor.py:830} INFO - Processing file /home/airflow/.local/lib/python3.12/site-packages/airflow/example_dags/example_branch_operator.py for tasks to queue
[2024-06-26T17:48:45.432+0000] {logging_mixin.py:188} INFO - [2024-06-26T17:48:45.432+0000] {dagbag.py:545} INFO - Filling up the DagBag from /home/airflow/.local/lib/python3.12/site-packages/airflow/example_dags/example_branch_operator.py
[2024-06-26T17:48:45.439+0000] {processor.py:840} INFO - DAG(s) 'example_branch_operator' retrieved from /home/airflow/.local/lib/python3.12/site-packages/airflow/example_dags/example_branch_operator.py
[2024-06-26T17:48:45.449+0000] {logging_mixin.py:188} INFO - [2024-06-26T17:48:45.449+0000] {dag.py:3096} INFO - Sync 1 DAGs
[2024-06-26T17:48:45.457+0000] {logging_mixin.py:188} INFO - [2024-06-26T17:48:45.457+0000] {dag.py:3954} INFO - Setting next_dagrun for example_branch_operator to 2024-06-25 00:00:00+00:00, run_after=2024-06-26 00:00:00+00:00
[2024-06-26T17:48:45.463+0000] {processor.py:183} INFO - Processing /home/airflow/.local/lib/python3.12/site-packages/airflow/example_dags/example_branch_operator.py took 0.034 seconds
[2024-06-26T17:49:15.623+0000] {processor.py:161} INFO - Started process (PID=4416) to work on /home/airflow/.local/lib/python3.12/site-packages/airflow/example_dags/example_branch_operator.py
[2024-06-26T17:49:15.624+0000] {processor.py:830} INFO - Processing file /home/airflow/.local/lib/python3.12/site-packages/airflow/example_dags/example_branch_operator.py for tasks to queue
[2024-06-26T17:49:15.625+0000] {logging_mixin.py:188} INFO - [2024-06-26T17:49:15.625+0000] {dagbag.py:545} INFO - Filling up the DagBag from /home/airflow/.local/lib/python3.12/site-packages/airflow/example_dags/example_branch_operator.py
[2024-06-26T17:49:15.633+0000] {processor.py:840} INFO - DAG(s) 'example_branch_operator' retrieved from /home/airflow/.local/lib/python3.12/site-packages/airflow/example_dags/example_branch_operator.py
[2024-06-26T17:49:15.645+0000] {logging_mixin.py:188} INFO - [2024-06-26T17:49:15.645+0000] {dag.py:3096} INFO - Sync 1 DAGs
[2024-06-26T17:49:15.654+0000] {logging_mixin.py:188} INFO - [2024-06-26T17:49:15.654+0000] {dag.py:3954} INFO - Setting next_dagrun for example_branch_operator to 2024-06-25 00:00:00+00:00, run_after=2024-06-26 00:00:00+00:00
[2024-06-26T17:49:15.662+0000] {processor.py:183} INFO - Processing /home/airflow/.local/lib/python3.12/site-packages/airflow/example_dags/example_branch_operator.py took 0.042 seconds
[2024-06-26T17:49:45.943+0000] {processor.py:161} INFO - Started process (PID=4678) to work on /home/airflow/.local/lib/python3.12/site-packages/airflow/example_dags/example_branch_operator.py
[2024-06-26T17:49:45.944+0000] {processor.py:830} INFO - Processing file /home/airflow/.local/lib/python3.12/site-packages/airflow/example_dags/example_branch_operator.py for tasks to queue
[2024-06-26T17:49:45.945+0000] {logging_mixin.py:188} INFO - [2024-06-26T17:49:45.945+0000] {dagbag.py:545} INFO - Filling up the DagBag from /home/airflow/.local/lib/python3.12/site-packages/airflow/example_dags/example_branch_operator.py
[2024-06-26T17:49:45.955+0000] {processor.py:840} INFO - DAG(s) 'example_branch_operator' retrieved from /home/airflow/.local/lib/python3.12/site-packages/airflow/example_dags/example_branch_operator.py
[2024-06-26T17:49:45.968+0000] {logging_mixin.py:188} INFO - [2024-06-26T17:49:45.968+0000] {dag.py:3096} INFO - Sync 1 DAGs
[2024-06-26T17:49:45.978+0000] {logging_mixin.py:188} INFO - [2024-06-26T17:49:45.978+0000] {dag.py:3954} INFO - Setting next_dagrun for example_branch_operator to 2024-06-25 00:00:00+00:00, run_after=2024-06-26 00:00:00+00:00
[2024-06-26T17:49:45.985+0000] {processor.py:183} INFO - Processing /home/airflow/.local/lib/python3.12/site-packages/airflow/example_dags/example_branch_operator.py took 0.046 seconds
[2024-06-26T17:50:16.267+0000] {processor.py:161} INFO - Started process (PID=4940) to work on /home/airflow/.local/lib/python3.12/site-packages/airflow/example_dags/example_branch_operator.py
[2024-06-26T17:50:16.268+0000] {processor.py:830} INFO - Processing file /home/airflow/.local/lib/python3.12/site-packages/airflow/example_dags/example_branch_operator.py for tasks to queue
[2024-06-26T17:50:16.269+0000] {logging_mixin.py:188} INFO - [2024-06-26T17:50:16.269+0000] {dagbag.py:545} INFO - Filling up the DagBag from /home/airflow/.local/lib/python3.12/site-packages/airflow/example_dags/example_branch_operator.py
[2024-06-26T17:50:16.279+0000] {processor.py:840} INFO - DAG(s) 'example_branch_operator' retrieved from /home/airflow/.local/lib/python3.12/site-packages/airflow/example_dags/example_branch_operator.py
[2024-06-26T17:50:16.292+0000] {logging_mixin.py:188} INFO - [2024-06-26T17:50:16.292+0000] {dag.py:3096} INFO - Sync 1 DAGs
[2024-06-26T17:50:16.301+0000] {logging_mixin.py:188} INFO - [2024-06-26T17:50:16.301+0000] {dag.py:3954} INFO - Setting next_dagrun for example_branch_operator to 2024-06-25 00:00:00+00:00, run_after=2024-06-26 00:00:00+00:00
[2024-06-26T17:50:16.307+0000] {processor.py:183} INFO - Processing /home/airflow/.local/lib/python3.12/site-packages/airflow/example_dags/example_branch_operator.py took 0.045 seconds
[2024-06-26T17:50:46.682+0000] {processor.py:161} INFO - Started process (PID=5202) to work on /home/airflow/.local/lib/python3.12/site-packages/airflow/example_dags/example_branch_operator.py
[2024-06-26T17:50:46.683+0000] {processor.py:830} INFO - Processing file /home/airflow/.local/lib/python3.12/site-packages/airflow/example_dags/example_branch_operator.py for tasks to queue
[2024-06-26T17:50:46.684+0000] {logging_mixin.py:188} INFO - [2024-06-26T17:50:46.684+0000] {dagbag.py:545} INFO - Filling up the DagBag from /home/airflow/.local/lib/python3.12/site-packages/airflow/example_dags/example_branch_operator.py
[2024-06-26T17:50:46.693+0000] {processor.py:840} INFO - DAG(s) 'example_branch_operator' retrieved from /home/airflow/.local/lib/python3.12/site-packages/airflow/example_dags/example_branch_operator.py
[2024-06-26T17:50:46.707+0000] {logging_mixin.py:188} INFO - [2024-06-26T17:50:46.707+0000] {dag.py:3096} INFO - Sync 1 DAGs
[2024-06-26T17:50:46.717+0000] {logging_mixin.py:188} INFO - [2024-06-26T17:50:46.717+0000] {dag.py:3954} INFO - Setting next_dagrun for example_branch_operator to 2024-06-25 00:00:00+00:00, run_after=2024-06-26 00:00:00+00:00
[2024-06-26T17:50:46.724+0000] {processor.py:183} INFO - Processing /home/airflow/.local/lib/python3.12/site-packages/airflow/example_dags/example_branch_operator.py took 0.046 seconds
