[2024-06-26T17:41:11.299+0000] {processor.py:161} INFO - Started process (PID=192) to work on /home/airflow/.local/lib/python3.12/site-packages/airflow/example_dags/example_complex.py
[2024-06-26T17:41:11.299+0000] {processor.py:830} INFO - Processing file /home/airflow/.local/lib/python3.12/site-packages/airflow/example_dags/example_complex.py for tasks to queue
[2024-06-26T17:41:11.300+0000] {logging_mixin.py:188} INFO - [2024-06-26T17:41:11.300+0000] {dagbag.py:545} INFO - Filling up the DagBag from /home/airflow/.local/lib/python3.12/site-packages/airflow/example_dags/example_complex.py
[2024-06-26T17:41:11.306+0000] {processor.py:840} INFO - DAG(s) 'example_complex' retrieved from /home/airflow/.local/lib/python3.12/site-packages/airflow/example_dags/example_complex.py
[2024-06-26T17:41:11.311+0000] {logging_mixin.py:188} INFO - [2024-06-26T17:41:11.311+0000] {dag.py:3096} INFO - Sync 1 DAGs
[2024-06-26T17:41:11.317+0000] {logging_mixin.py:188} INFO - [2024-06-26T17:41:11.316+0000] {dag.py:3954} INFO - Setting next_dagrun for example_complex to None, run_after=None
[2024-06-26T17:41:11.324+0000] {processor.py:183} INFO - Processing /home/airflow/.local/lib/python3.12/site-packages/airflow/example_dags/example_complex.py took 0.027 seconds
[2024-06-26T17:41:41.526+0000] {processor.py:161} INFO - Started process (PID=454) to work on /home/airflow/.local/lib/python3.12/site-packages/airflow/example_dags/example_complex.py
[2024-06-26T17:41:41.526+0000] {processor.py:830} INFO - Processing file /home/airflow/.local/lib/python3.12/site-packages/airflow/example_dags/example_complex.py for tasks to queue
[2024-06-26T17:41:41.527+0000] {logging_mixin.py:188} INFO - [2024-06-26T17:41:41.527+0000] {dagbag.py:545} INFO - Filling up the DagBag from /home/airflow/.local/lib/python3.12/site-packages/airflow/example_dags/example_complex.py
[2024-06-26T17:41:41.531+0000] {processor.py:840} INFO - DAG(s) 'example_complex' retrieved from /home/airflow/.local/lib/python3.12/site-packages/airflow/example_dags/example_complex.py
[2024-06-26T17:41:41.569+0000] {logging_mixin.py:188} INFO - [2024-06-26T17:41:41.569+0000] {dag.py:3096} INFO - Sync 1 DAGs
[2024-06-26T17:41:41.572+0000] {logging_mixin.py:188} INFO - [2024-06-26T17:41:41.572+0000] {dag.py:3954} INFO - Setting next_dagrun for example_complex to None, run_after=None
[2024-06-26T17:41:41.579+0000] {processor.py:183} INFO - Processing /home/airflow/.local/lib/python3.12/site-packages/airflow/example_dags/example_complex.py took 0.055 seconds
[2024-06-26T17:42:12.575+0000] {processor.py:161} INFO - Started process (PID=716) to work on /home/airflow/.local/lib/python3.12/site-packages/airflow/example_dags/example_complex.py
[2024-06-26T17:42:12.576+0000] {processor.py:830} INFO - Processing file /home/airflow/.local/lib/python3.12/site-packages/airflow/example_dags/example_complex.py for tasks to queue
[2024-06-26T17:42:12.577+0000] {logging_mixin.py:188} INFO - [2024-06-26T17:42:12.577+0000] {dagbag.py:545} INFO - Filling up the DagBag from /home/airflow/.local/lib/python3.12/site-packages/airflow/example_dags/example_complex.py
[2024-06-26T17:42:12.583+0000] {processor.py:840} INFO - DAG(s) 'example_complex' retrieved from /home/airflow/.local/lib/python3.12/site-packages/airflow/example_dags/example_complex.py
[2024-06-26T17:42:12.598+0000] {logging_mixin.py:188} INFO - [2024-06-26T17:42:12.597+0000] {dag.py:3096} INFO - Sync 1 DAGs
[2024-06-26T17:42:12.603+0000] {logging_mixin.py:188} INFO - [2024-06-26T17:42:12.603+0000] {dag.py:3954} INFO - Setting next_dagrun for example_complex to None, run_after=None
[2024-06-26T17:42:12.610+0000] {processor.py:183} INFO - Processing /home/airflow/.local/lib/python3.12/site-packages/airflow/example_dags/example_complex.py took 0.038 seconds
[2024-06-26T17:42:42.804+0000] {processor.py:161} INFO - Started process (PID=978) to work on /home/airflow/.local/lib/python3.12/site-packages/airflow/example_dags/example_complex.py
[2024-06-26T17:42:42.805+0000] {processor.py:830} INFO - Processing file /home/airflow/.local/lib/python3.12/site-packages/airflow/example_dags/example_complex.py for tasks to queue
[2024-06-26T17:42:42.806+0000] {logging_mixin.py:188} INFO - [2024-06-26T17:42:42.806+0000] {dagbag.py:545} INFO - Filling up the DagBag from /home/airflow/.local/lib/python3.12/site-packages/airflow/example_dags/example_complex.py
[2024-06-26T17:42:42.811+0000] {processor.py:840} INFO - DAG(s) 'example_complex' retrieved from /home/airflow/.local/lib/python3.12/site-packages/airflow/example_dags/example_complex.py
[2024-06-26T17:42:42.827+0000] {logging_mixin.py:188} INFO - [2024-06-26T17:42:42.826+0000] {dag.py:3096} INFO - Sync 1 DAGs
[2024-06-26T17:42:42.833+0000] {logging_mixin.py:188} INFO - [2024-06-26T17:42:42.832+0000] {dag.py:3954} INFO - Setting next_dagrun for example_complex to None, run_after=None
[2024-06-26T17:42:42.841+0000] {processor.py:183} INFO - Processing /home/airflow/.local/lib/python3.12/site-packages/airflow/example_dags/example_complex.py took 0.040 seconds
[2024-06-26T17:43:13.172+0000] {processor.py:161} INFO - Started process (PID=1240) to work on /home/airflow/.local/lib/python3.12/site-packages/airflow/example_dags/example_complex.py
[2024-06-26T17:43:13.172+0000] {processor.py:830} INFO - Processing file /home/airflow/.local/lib/python3.12/site-packages/airflow/example_dags/example_complex.py for tasks to queue
[2024-06-26T17:43:13.173+0000] {logging_mixin.py:188} INFO - [2024-06-26T17:43:13.173+0000] {dagbag.py:545} INFO - Filling up the DagBag from /home/airflow/.local/lib/python3.12/site-packages/airflow/example_dags/example_complex.py
[2024-06-26T17:43:13.177+0000] {processor.py:840} INFO - DAG(s) 'example_complex' retrieved from /home/airflow/.local/lib/python3.12/site-packages/airflow/example_dags/example_complex.py
[2024-06-26T17:43:13.191+0000] {logging_mixin.py:188} INFO - [2024-06-26T17:43:13.191+0000] {dag.py:3096} INFO - Sync 1 DAGs
[2024-06-26T17:43:13.196+0000] {logging_mixin.py:188} INFO - [2024-06-26T17:43:13.196+0000] {dag.py:3954} INFO - Setting next_dagrun for example_complex to None, run_after=None
[2024-06-26T17:43:13.203+0000] {processor.py:183} INFO - Processing /home/airflow/.local/lib/python3.12/site-packages/airflow/example_dags/example_complex.py took 0.034 seconds
[2024-06-26T17:43:43.516+0000] {processor.py:161} INFO - Started process (PID=1502) to work on /home/airflow/.local/lib/python3.12/site-packages/airflow/example_dags/example_complex.py
[2024-06-26T17:43:43.517+0000] {processor.py:830} INFO - Processing file /home/airflow/.local/lib/python3.12/site-packages/airflow/example_dags/example_complex.py for tasks to queue
[2024-06-26T17:43:43.518+0000] {logging_mixin.py:188} INFO - [2024-06-26T17:43:43.518+0000] {dagbag.py:545} INFO - Filling up the DagBag from /home/airflow/.local/lib/python3.12/site-packages/airflow/example_dags/example_complex.py
[2024-06-26T17:43:43.523+0000] {processor.py:840} INFO - DAG(s) 'example_complex' retrieved from /home/airflow/.local/lib/python3.12/site-packages/airflow/example_dags/example_complex.py
[2024-06-26T17:43:43.537+0000] {logging_mixin.py:188} INFO - [2024-06-26T17:43:43.537+0000] {dag.py:3096} INFO - Sync 1 DAGs
[2024-06-26T17:43:43.543+0000] {logging_mixin.py:188} INFO - [2024-06-26T17:43:43.543+0000] {dag.py:3954} INFO - Setting next_dagrun for example_complex to None, run_after=None
[2024-06-26T17:43:43.550+0000] {processor.py:183} INFO - Processing /home/airflow/.local/lib/python3.12/site-packages/airflow/example_dags/example_complex.py took 0.037 seconds
[2024-06-26T17:44:13.819+0000] {processor.py:161} INFO - Started process (PID=1764) to work on /home/airflow/.local/lib/python3.12/site-packages/airflow/example_dags/example_complex.py
[2024-06-26T17:44:13.820+0000] {processor.py:830} INFO - Processing file /home/airflow/.local/lib/python3.12/site-packages/airflow/example_dags/example_complex.py for tasks to queue
[2024-06-26T17:44:13.821+0000] {logging_mixin.py:188} INFO - [2024-06-26T17:44:13.821+0000] {dagbag.py:545} INFO - Filling up the DagBag from /home/airflow/.local/lib/python3.12/site-packages/airflow/example_dags/example_complex.py
[2024-06-26T17:44:13.827+0000] {processor.py:840} INFO - DAG(s) 'example_complex' retrieved from /home/airflow/.local/lib/python3.12/site-packages/airflow/example_dags/example_complex.py
[2024-06-26T17:44:13.841+0000] {logging_mixin.py:188} INFO - [2024-06-26T17:44:13.841+0000] {dag.py:3096} INFO - Sync 1 DAGs
[2024-06-26T17:44:13.846+0000] {logging_mixin.py:188} INFO - [2024-06-26T17:44:13.846+0000] {dag.py:3954} INFO - Setting next_dagrun for example_complex to None, run_after=None
[2024-06-26T17:44:13.855+0000] {processor.py:183} INFO - Processing /home/airflow/.local/lib/python3.12/site-packages/airflow/example_dags/example_complex.py took 0.040 seconds
[2024-06-26T17:44:44.010+0000] {processor.py:161} INFO - Started process (PID=2026) to work on /home/airflow/.local/lib/python3.12/site-packages/airflow/example_dags/example_complex.py
[2024-06-26T17:44:44.011+0000] {processor.py:830} INFO - Processing file /home/airflow/.local/lib/python3.12/site-packages/airflow/example_dags/example_complex.py for tasks to queue
[2024-06-26T17:44:44.012+0000] {logging_mixin.py:188} INFO - [2024-06-26T17:44:44.011+0000] {dagbag.py:545} INFO - Filling up the DagBag from /home/airflow/.local/lib/python3.12/site-packages/airflow/example_dags/example_complex.py
[2024-06-26T17:44:44.018+0000] {processor.py:840} INFO - DAG(s) 'example_complex' retrieved from /home/airflow/.local/lib/python3.12/site-packages/airflow/example_dags/example_complex.py
[2024-06-26T17:44:44.032+0000] {logging_mixin.py:188} INFO - [2024-06-26T17:44:44.031+0000] {dag.py:3096} INFO - Sync 1 DAGs
[2024-06-26T17:44:44.037+0000] {logging_mixin.py:188} INFO - [2024-06-26T17:44:44.037+0000] {dag.py:3954} INFO - Setting next_dagrun for example_complex to None, run_after=None
[2024-06-26T17:44:44.044+0000] {processor.py:183} INFO - Processing /home/airflow/.local/lib/python3.12/site-packages/airflow/example_dags/example_complex.py took 0.037 seconds
[2024-06-26T17:45:14.335+0000] {processor.py:161} INFO - Started process (PID=2288) to work on /home/airflow/.local/lib/python3.12/site-packages/airflow/example_dags/example_complex.py
[2024-06-26T17:45:14.336+0000] {processor.py:830} INFO - Processing file /home/airflow/.local/lib/python3.12/site-packages/airflow/example_dags/example_complex.py for tasks to queue
[2024-06-26T17:45:14.337+0000] {logging_mixin.py:188} INFO - [2024-06-26T17:45:14.336+0000] {dagbag.py:545} INFO - Filling up the DagBag from /home/airflow/.local/lib/python3.12/site-packages/airflow/example_dags/example_complex.py
[2024-06-26T17:45:14.341+0000] {processor.py:840} INFO - DAG(s) 'example_complex' retrieved from /home/airflow/.local/lib/python3.12/site-packages/airflow/example_dags/example_complex.py
[2024-06-26T17:45:14.354+0000] {logging_mixin.py:188} INFO - [2024-06-26T17:45:14.353+0000] {dag.py:3096} INFO - Sync 1 DAGs
[2024-06-26T17:45:14.359+0000] {logging_mixin.py:188} INFO - [2024-06-26T17:45:14.359+0000] {dag.py:3954} INFO - Setting next_dagrun for example_complex to None, run_after=None
[2024-06-26T17:45:14.366+0000] {processor.py:183} INFO - Processing /home/airflow/.local/lib/python3.12/site-packages/airflow/example_dags/example_complex.py took 0.033 seconds
[2024-06-26T17:45:44.650+0000] {processor.py:161} INFO - Started process (PID=2550) to work on /home/airflow/.local/lib/python3.12/site-packages/airflow/example_dags/example_complex.py
[2024-06-26T17:45:44.651+0000] {processor.py:830} INFO - Processing file /home/airflow/.local/lib/python3.12/site-packages/airflow/example_dags/example_complex.py for tasks to queue
[2024-06-26T17:45:44.651+0000] {logging_mixin.py:188} INFO - [2024-06-26T17:45:44.651+0000] {dagbag.py:545} INFO - Filling up the DagBag from /home/airflow/.local/lib/python3.12/site-packages/airflow/example_dags/example_complex.py
[2024-06-26T17:45:44.655+0000] {processor.py:840} INFO - DAG(s) 'example_complex' retrieved from /home/airflow/.local/lib/python3.12/site-packages/airflow/example_dags/example_complex.py
[2024-06-26T17:45:44.666+0000] {logging_mixin.py:188} INFO - [2024-06-26T17:45:44.666+0000] {dag.py:3096} INFO - Sync 1 DAGs
[2024-06-26T17:45:44.671+0000] {logging_mixin.py:188} INFO - [2024-06-26T17:45:44.670+0000] {dag.py:3954} INFO - Setting next_dagrun for example_complex to None, run_after=None
[2024-06-26T17:45:44.678+0000] {processor.py:183} INFO - Processing /home/airflow/.local/lib/python3.12/site-packages/airflow/example_dags/example_complex.py took 0.030 seconds
[2024-06-26T17:46:15.116+0000] {processor.py:161} INFO - Started process (PID=2812) to work on /home/airflow/.local/lib/python3.12/site-packages/airflow/example_dags/example_complex.py
[2024-06-26T17:46:15.117+0000] {processor.py:830} INFO - Processing file /home/airflow/.local/lib/python3.12/site-packages/airflow/example_dags/example_complex.py for tasks to queue
[2024-06-26T17:46:15.118+0000] {logging_mixin.py:188} INFO - [2024-06-26T17:46:15.118+0000] {dagbag.py:545} INFO - Filling up the DagBag from /home/airflow/.local/lib/python3.12/site-packages/airflow/example_dags/example_complex.py
[2024-06-26T17:46:15.124+0000] {processor.py:840} INFO - DAG(s) 'example_complex' retrieved from /home/airflow/.local/lib/python3.12/site-packages/airflow/example_dags/example_complex.py
[2024-06-26T17:46:15.138+0000] {logging_mixin.py:188} INFO - [2024-06-26T17:46:15.138+0000] {dag.py:3096} INFO - Sync 1 DAGs
[2024-06-26T17:46:15.143+0000] {logging_mixin.py:188} INFO - [2024-06-26T17:46:15.143+0000] {dag.py:3954} INFO - Setting next_dagrun for example_complex to None, run_after=None
[2024-06-26T17:46:15.150+0000] {processor.py:183} INFO - Processing /home/airflow/.local/lib/python3.12/site-packages/airflow/example_dags/example_complex.py took 0.038 seconds
[2024-06-26T17:46:45.447+0000] {processor.py:161} INFO - Started process (PID=3099) to work on /home/airflow/.local/lib/python3.12/site-packages/airflow/example_dags/example_complex.py
[2024-06-26T17:46:45.449+0000] {processor.py:830} INFO - Processing file /home/airflow/.local/lib/python3.12/site-packages/airflow/example_dags/example_complex.py for tasks to queue
[2024-06-26T17:46:45.451+0000] {logging_mixin.py:188} INFO - [2024-06-26T17:46:45.450+0000] {dagbag.py:545} INFO - Filling up the DagBag from /home/airflow/.local/lib/python3.12/site-packages/airflow/example_dags/example_complex.py
[2024-06-26T17:46:45.455+0000] {processor.py:840} INFO - DAG(s) 'example_complex' retrieved from /home/airflow/.local/lib/python3.12/site-packages/airflow/example_dags/example_complex.py
[2024-06-26T17:46:45.469+0000] {logging_mixin.py:188} INFO - [2024-06-26T17:46:45.469+0000] {dag.py:3096} INFO - Sync 1 DAGs
[2024-06-26T17:46:45.475+0000] {logging_mixin.py:188} INFO - [2024-06-26T17:46:45.475+0000] {dag.py:3954} INFO - Setting next_dagrun for example_complex to None, run_after=None
[2024-06-26T17:46:45.482+0000] {processor.py:183} INFO - Processing /home/airflow/.local/lib/python3.12/site-packages/airflow/example_dags/example_complex.py took 0.038 seconds
[2024-06-26T17:47:15.663+0000] {processor.py:161} INFO - Started process (PID=3361) to work on /home/airflow/.local/lib/python3.12/site-packages/airflow/example_dags/example_complex.py
[2024-06-26T17:47:15.665+0000] {processor.py:830} INFO - Processing file /home/airflow/.local/lib/python3.12/site-packages/airflow/example_dags/example_complex.py for tasks to queue
[2024-06-26T17:47:15.666+0000] {logging_mixin.py:188} INFO - [2024-06-26T17:47:15.666+0000] {dagbag.py:545} INFO - Filling up the DagBag from /home/airflow/.local/lib/python3.12/site-packages/airflow/example_dags/example_complex.py
[2024-06-26T17:47:15.672+0000] {processor.py:840} INFO - DAG(s) 'example_complex' retrieved from /home/airflow/.local/lib/python3.12/site-packages/airflow/example_dags/example_complex.py
[2024-06-26T17:47:15.687+0000] {logging_mixin.py:188} INFO - [2024-06-26T17:47:15.687+0000] {dag.py:3096} INFO - Sync 1 DAGs
[2024-06-26T17:47:15.693+0000] {logging_mixin.py:188} INFO - [2024-06-26T17:47:15.693+0000] {dag.py:3954} INFO - Setting next_dagrun for example_complex to None, run_after=None
[2024-06-26T17:47:15.700+0000] {processor.py:183} INFO - Processing /home/airflow/.local/lib/python3.12/site-packages/airflow/example_dags/example_complex.py took 0.042 seconds
[2024-06-26T17:47:45.922+0000] {processor.py:161} INFO - Started process (PID=3623) to work on /home/airflow/.local/lib/python3.12/site-packages/airflow/example_dags/example_complex.py
[2024-06-26T17:47:45.923+0000] {processor.py:830} INFO - Processing file /home/airflow/.local/lib/python3.12/site-packages/airflow/example_dags/example_complex.py for tasks to queue
[2024-06-26T17:47:45.924+0000] {logging_mixin.py:188} INFO - [2024-06-26T17:47:45.924+0000] {dagbag.py:545} INFO - Filling up the DagBag from /home/airflow/.local/lib/python3.12/site-packages/airflow/example_dags/example_complex.py
[2024-06-26T17:47:45.930+0000] {processor.py:840} INFO - DAG(s) 'example_complex' retrieved from /home/airflow/.local/lib/python3.12/site-packages/airflow/example_dags/example_complex.py
[2024-06-26T17:47:45.946+0000] {logging_mixin.py:188} INFO - [2024-06-26T17:47:45.946+0000] {dag.py:3096} INFO - Sync 1 DAGs
[2024-06-26T17:47:45.952+0000] {logging_mixin.py:188} INFO - [2024-06-26T17:47:45.952+0000] {dag.py:3954} INFO - Setting next_dagrun for example_complex to None, run_after=None
[2024-06-26T17:47:45.960+0000] {processor.py:183} INFO - Processing /home/airflow/.local/lib/python3.12/site-packages/airflow/example_dags/example_complex.py took 0.042 seconds
[2024-06-26T17:48:16.235+0000] {processor.py:161} INFO - Started process (PID=3885) to work on /home/airflow/.local/lib/python3.12/site-packages/airflow/example_dags/example_complex.py
[2024-06-26T17:48:16.236+0000] {processor.py:830} INFO - Processing file /home/airflow/.local/lib/python3.12/site-packages/airflow/example_dags/example_complex.py for tasks to queue
[2024-06-26T17:48:16.237+0000] {logging_mixin.py:188} INFO - [2024-06-26T17:48:16.237+0000] {dagbag.py:545} INFO - Filling up the DagBag from /home/airflow/.local/lib/python3.12/site-packages/airflow/example_dags/example_complex.py
[2024-06-26T17:48:16.243+0000] {processor.py:840} INFO - DAG(s) 'example_complex' retrieved from /home/airflow/.local/lib/python3.12/site-packages/airflow/example_dags/example_complex.py
[2024-06-26T17:48:16.258+0000] {logging_mixin.py:188} INFO - [2024-06-26T17:48:16.258+0000] {dag.py:3096} INFO - Sync 1 DAGs
[2024-06-26T17:48:16.263+0000] {logging_mixin.py:188} INFO - [2024-06-26T17:48:16.263+0000] {dag.py:3954} INFO - Setting next_dagrun for example_complex to None, run_after=None
[2024-06-26T17:48:16.271+0000] {processor.py:183} INFO - Processing /home/airflow/.local/lib/python3.12/site-packages/airflow/example_dags/example_complex.py took 0.040 seconds
[2024-06-26T17:48:46.505+0000] {processor.py:161} INFO - Started process (PID=4172) to work on /home/airflow/.local/lib/python3.12/site-packages/airflow/example_dags/example_complex.py
[2024-06-26T17:48:46.506+0000] {processor.py:830} INFO - Processing file /home/airflow/.local/lib/python3.12/site-packages/airflow/example_dags/example_complex.py for tasks to queue
[2024-06-26T17:48:46.507+0000] {logging_mixin.py:188} INFO - [2024-06-26T17:48:46.507+0000] {dagbag.py:545} INFO - Filling up the DagBag from /home/airflow/.local/lib/python3.12/site-packages/airflow/example_dags/example_complex.py
[2024-06-26T17:48:46.512+0000] {processor.py:840} INFO - DAG(s) 'example_complex' retrieved from /home/airflow/.local/lib/python3.12/site-packages/airflow/example_dags/example_complex.py
[2024-06-26T17:48:46.525+0000] {logging_mixin.py:188} INFO - [2024-06-26T17:48:46.525+0000] {dag.py:3096} INFO - Sync 1 DAGs
[2024-06-26T17:48:46.531+0000] {logging_mixin.py:188} INFO - [2024-06-26T17:48:46.531+0000] {dag.py:3954} INFO - Setting next_dagrun for example_complex to None, run_after=None
[2024-06-26T17:48:46.539+0000] {processor.py:183} INFO - Processing /home/airflow/.local/lib/python3.12/site-packages/airflow/example_dags/example_complex.py took 0.037 seconds
[2024-06-26T17:49:16.700+0000] {processor.py:161} INFO - Started process (PID=4434) to work on /home/airflow/.local/lib/python3.12/site-packages/airflow/example_dags/example_complex.py
[2024-06-26T17:49:16.700+0000] {processor.py:830} INFO - Processing file /home/airflow/.local/lib/python3.12/site-packages/airflow/example_dags/example_complex.py for tasks to queue
[2024-06-26T17:49:16.702+0000] {logging_mixin.py:188} INFO - [2024-06-26T17:49:16.702+0000] {dagbag.py:545} INFO - Filling up the DagBag from /home/airflow/.local/lib/python3.12/site-packages/airflow/example_dags/example_complex.py
[2024-06-26T17:49:16.707+0000] {processor.py:840} INFO - DAG(s) 'example_complex' retrieved from /home/airflow/.local/lib/python3.12/site-packages/airflow/example_dags/example_complex.py
[2024-06-26T17:49:16.721+0000] {logging_mixin.py:188} INFO - [2024-06-26T17:49:16.721+0000] {dag.py:3096} INFO - Sync 1 DAGs
[2024-06-26T17:49:16.727+0000] {logging_mixin.py:188} INFO - [2024-06-26T17:49:16.726+0000] {dag.py:3954} INFO - Setting next_dagrun for example_complex to None, run_after=None
[2024-06-26T17:49:16.734+0000] {processor.py:183} INFO - Processing /home/airflow/.local/lib/python3.12/site-packages/airflow/example_dags/example_complex.py took 0.038 seconds
[2024-06-26T17:49:47.026+0000] {processor.py:161} INFO - Started process (PID=4696) to work on /home/airflow/.local/lib/python3.12/site-packages/airflow/example_dags/example_complex.py
[2024-06-26T17:49:47.026+0000] {processor.py:830} INFO - Processing file /home/airflow/.local/lib/python3.12/site-packages/airflow/example_dags/example_complex.py for tasks to queue
[2024-06-26T17:49:47.027+0000] {logging_mixin.py:188} INFO - [2024-06-26T17:49:47.027+0000] {dagbag.py:545} INFO - Filling up the DagBag from /home/airflow/.local/lib/python3.12/site-packages/airflow/example_dags/example_complex.py
[2024-06-26T17:49:47.033+0000] {processor.py:840} INFO - DAG(s) 'example_complex' retrieved from /home/airflow/.local/lib/python3.12/site-packages/airflow/example_dags/example_complex.py
[2024-06-26T17:49:47.047+0000] {logging_mixin.py:188} INFO - [2024-06-26T17:49:47.047+0000] {dag.py:3096} INFO - Sync 1 DAGs
[2024-06-26T17:49:47.053+0000] {logging_mixin.py:188} INFO - [2024-06-26T17:49:47.053+0000] {dag.py:3954} INFO - Setting next_dagrun for example_complex to None, run_after=None
[2024-06-26T17:49:47.060+0000] {processor.py:183} INFO - Processing /home/airflow/.local/lib/python3.12/site-packages/airflow/example_dags/example_complex.py took 0.038 seconds
[2024-06-26T17:50:17.343+0000] {processor.py:161} INFO - Started process (PID=4958) to work on /home/airflow/.local/lib/python3.12/site-packages/airflow/example_dags/example_complex.py
[2024-06-26T17:50:17.344+0000] {processor.py:830} INFO - Processing file /home/airflow/.local/lib/python3.12/site-packages/airflow/example_dags/example_complex.py for tasks to queue
[2024-06-26T17:50:17.345+0000] {logging_mixin.py:188} INFO - [2024-06-26T17:50:17.345+0000] {dagbag.py:545} INFO - Filling up the DagBag from /home/airflow/.local/lib/python3.12/site-packages/airflow/example_dags/example_complex.py
[2024-06-26T17:50:17.351+0000] {processor.py:840} INFO - DAG(s) 'example_complex' retrieved from /home/airflow/.local/lib/python3.12/site-packages/airflow/example_dags/example_complex.py
[2024-06-26T17:50:17.367+0000] {logging_mixin.py:188} INFO - [2024-06-26T17:50:17.367+0000] {dag.py:3096} INFO - Sync 1 DAGs
[2024-06-26T17:50:17.372+0000] {logging_mixin.py:188} INFO - [2024-06-26T17:50:17.372+0000] {dag.py:3954} INFO - Setting next_dagrun for example_complex to None, run_after=None
[2024-06-26T17:50:17.380+0000] {processor.py:183} INFO - Processing /home/airflow/.local/lib/python3.12/site-packages/airflow/example_dags/example_complex.py took 0.041 seconds
[2024-06-26T17:50:47.752+0000] {processor.py:161} INFO - Started process (PID=5220) to work on /home/airflow/.local/lib/python3.12/site-packages/airflow/example_dags/example_complex.py
[2024-06-26T17:50:47.753+0000] {processor.py:830} INFO - Processing file /home/airflow/.local/lib/python3.12/site-packages/airflow/example_dags/example_complex.py for tasks to queue
[2024-06-26T17:50:47.754+0000] {logging_mixin.py:188} INFO - [2024-06-26T17:50:47.754+0000] {dagbag.py:545} INFO - Filling up the DagBag from /home/airflow/.local/lib/python3.12/site-packages/airflow/example_dags/example_complex.py
[2024-06-26T17:50:47.759+0000] {processor.py:840} INFO - DAG(s) 'example_complex' retrieved from /home/airflow/.local/lib/python3.12/site-packages/airflow/example_dags/example_complex.py
[2024-06-26T17:50:47.772+0000] {logging_mixin.py:188} INFO - [2024-06-26T17:50:47.772+0000] {dag.py:3096} INFO - Sync 1 DAGs
[2024-06-26T17:50:47.778+0000] {logging_mixin.py:188} INFO - [2024-06-26T17:50:47.777+0000] {dag.py:3954} INFO - Setting next_dagrun for example_complex to None, run_after=None
[2024-06-26T17:50:47.784+0000] {processor.py:183} INFO - Processing /home/airflow/.local/lib/python3.12/site-packages/airflow/example_dags/example_complex.py took 0.035 seconds
