[2024-06-26T17:41:11.954+0000] {processor.py:161} INFO - Started process (PID=307) to work on /home/airflow/.local/lib/python3.12/site-packages/airflow/example_dags/example_display_name.py
[2024-06-26T17:41:11.956+0000] {processor.py:830} INFO - Processing file /home/airflow/.local/lib/python3.12/site-packages/airflow/example_dags/example_display_name.py for tasks to queue
[2024-06-26T17:41:11.957+0000] {logging_mixin.py:188} INFO - [2024-06-26T17:41:11.957+0000] {dagbag.py:545} INFO - Filling up the DagBag from /home/airflow/.local/lib/python3.12/site-packages/airflow/example_dags/example_display_name.py
[2024-06-26T17:41:11.960+0000] {processor.py:840} INFO - DAG(s) 'example_display_name' retrieved from /home/airflow/.local/lib/python3.12/site-packages/airflow/example_dags/example_display_name.py
[2024-06-26T17:41:11.966+0000] {logging_mixin.py:188} INFO - [2024-06-26T17:41:11.966+0000] {dag.py:3096} INFO - Sync 1 DAGs
[2024-06-26T17:41:11.972+0000] {logging_mixin.py:188} INFO - [2024-06-26T17:41:11.972+0000] {dag.py:3954} INFO - Setting next_dagrun for example_display_name to None, run_after=None
[2024-06-26T17:41:11.980+0000] {processor.py:183} INFO - Processing /home/airflow/.local/lib/python3.12/site-packages/airflow/example_dags/example_display_name.py took 0.028 seconds
[2024-06-26T17:41:42.438+0000] {processor.py:161} INFO - Started process (PID=571) to work on /home/airflow/.local/lib/python3.12/site-packages/airflow/example_dags/example_display_name.py
[2024-06-26T17:41:42.438+0000] {processor.py:830} INFO - Processing file /home/airflow/.local/lib/python3.12/site-packages/airflow/example_dags/example_display_name.py for tasks to queue
[2024-06-26T17:41:42.439+0000] {logging_mixin.py:188} INFO - [2024-06-26T17:41:42.439+0000] {dagbag.py:545} INFO - Filling up the DagBag from /home/airflow/.local/lib/python3.12/site-packages/airflow/example_dags/example_display_name.py
[2024-06-26T17:41:42.441+0000] {processor.py:840} INFO - DAG(s) 'example_display_name' retrieved from /home/airflow/.local/lib/python3.12/site-packages/airflow/example_dags/example_display_name.py
[2024-06-26T17:41:42.478+0000] {logging_mixin.py:188} INFO - [2024-06-26T17:41:42.478+0000] {dag.py:3096} INFO - Sync 1 DAGs
[2024-06-26T17:41:42.482+0000] {logging_mixin.py:188} INFO - [2024-06-26T17:41:42.482+0000] {dag.py:3954} INFO - Setting next_dagrun for example_display_name to None, run_after=None
[2024-06-26T17:41:42.489+0000] {processor.py:183} INFO - Processing /home/airflow/.local/lib/python3.12/site-packages/airflow/example_dags/example_display_name.py took 0.053 seconds
[2024-06-26T17:42:13.015+0000] {processor.py:161} INFO - Started process (PID=831) to work on /home/airflow/.local/lib/python3.12/site-packages/airflow/example_dags/example_display_name.py
[2024-06-26T17:42:13.016+0000] {processor.py:830} INFO - Processing file /home/airflow/.local/lib/python3.12/site-packages/airflow/example_dags/example_display_name.py for tasks to queue
[2024-06-26T17:42:13.016+0000] {logging_mixin.py:188} INFO - [2024-06-26T17:42:13.016+0000] {dagbag.py:545} INFO - Filling up the DagBag from /home/airflow/.local/lib/python3.12/site-packages/airflow/example_dags/example_display_name.py
[2024-06-26T17:42:13.018+0000] {processor.py:840} INFO - DAG(s) 'example_display_name' retrieved from /home/airflow/.local/lib/python3.12/site-packages/airflow/example_dags/example_display_name.py
[2024-06-26T17:42:13.025+0000] {logging_mixin.py:188} INFO - [2024-06-26T17:42:13.025+0000] {dag.py:3096} INFO - Sync 1 DAGs
[2024-06-26T17:42:13.030+0000] {logging_mixin.py:188} INFO - [2024-06-26T17:42:13.030+0000] {dag.py:3954} INFO - Setting next_dagrun for example_display_name to None, run_after=None
[2024-06-26T17:42:13.036+0000] {processor.py:183} INFO - Processing /home/airflow/.local/lib/python3.12/site-packages/airflow/example_dags/example_display_name.py took 0.023 seconds
[2024-06-26T17:42:43.311+0000] {processor.py:161} INFO - Started process (PID=1095) to work on /home/airflow/.local/lib/python3.12/site-packages/airflow/example_dags/example_display_name.py
[2024-06-26T17:42:43.312+0000] {processor.py:830} INFO - Processing file /home/airflow/.local/lib/python3.12/site-packages/airflow/example_dags/example_display_name.py for tasks to queue
[2024-06-26T17:42:43.312+0000] {logging_mixin.py:188} INFO - [2024-06-26T17:42:43.312+0000] {dagbag.py:545} INFO - Filling up the DagBag from /home/airflow/.local/lib/python3.12/site-packages/airflow/example_dags/example_display_name.py
[2024-06-26T17:42:43.315+0000] {processor.py:840} INFO - DAG(s) 'example_display_name' retrieved from /home/airflow/.local/lib/python3.12/site-packages/airflow/example_dags/example_display_name.py
[2024-06-26T17:42:43.323+0000] {logging_mixin.py:188} INFO - [2024-06-26T17:42:43.322+0000] {dag.py:3096} INFO - Sync 1 DAGs
[2024-06-26T17:42:43.327+0000] {logging_mixin.py:188} INFO - [2024-06-26T17:42:43.327+0000] {dag.py:3954} INFO - Setting next_dagrun for example_display_name to None, run_after=None
[2024-06-26T17:42:43.333+0000] {processor.py:183} INFO - Processing /home/airflow/.local/lib/python3.12/site-packages/airflow/example_dags/example_display_name.py took 0.024 seconds
[2024-06-26T17:43:13.683+0000] {processor.py:161} INFO - Started process (PID=1355) to work on /home/airflow/.local/lib/python3.12/site-packages/airflow/example_dags/example_display_name.py
[2024-06-26T17:43:13.683+0000] {processor.py:830} INFO - Processing file /home/airflow/.local/lib/python3.12/site-packages/airflow/example_dags/example_display_name.py for tasks to queue
[2024-06-26T17:43:13.684+0000] {logging_mixin.py:188} INFO - [2024-06-26T17:43:13.684+0000] {dagbag.py:545} INFO - Filling up the DagBag from /home/airflow/.local/lib/python3.12/site-packages/airflow/example_dags/example_display_name.py
[2024-06-26T17:43:13.686+0000] {processor.py:840} INFO - DAG(s) 'example_display_name' retrieved from /home/airflow/.local/lib/python3.12/site-packages/airflow/example_dags/example_display_name.py
[2024-06-26T17:43:13.693+0000] {logging_mixin.py:188} INFO - [2024-06-26T17:43:13.693+0000] {dag.py:3096} INFO - Sync 1 DAGs
[2024-06-26T17:43:13.698+0000] {logging_mixin.py:188} INFO - [2024-06-26T17:43:13.698+0000] {dag.py:3954} INFO - Setting next_dagrun for example_display_name to None, run_after=None
[2024-06-26T17:43:13.704+0000] {processor.py:183} INFO - Processing /home/airflow/.local/lib/python3.12/site-packages/airflow/example_dags/example_display_name.py took 0.024 seconds
[2024-06-26T17:43:44.094+0000] {processor.py:161} INFO - Started process (PID=1619) to work on /home/airflow/.local/lib/python3.12/site-packages/airflow/example_dags/example_display_name.py
[2024-06-26T17:43:44.094+0000] {processor.py:830} INFO - Processing file /home/airflow/.local/lib/python3.12/site-packages/airflow/example_dags/example_display_name.py for tasks to queue
[2024-06-26T17:43:44.095+0000] {logging_mixin.py:188} INFO - [2024-06-26T17:43:44.095+0000] {dagbag.py:545} INFO - Filling up the DagBag from /home/airflow/.local/lib/python3.12/site-packages/airflow/example_dags/example_display_name.py
[2024-06-26T17:43:44.097+0000] {processor.py:840} INFO - DAG(s) 'example_display_name' retrieved from /home/airflow/.local/lib/python3.12/site-packages/airflow/example_dags/example_display_name.py
[2024-06-26T17:43:44.104+0000] {logging_mixin.py:188} INFO - [2024-06-26T17:43:44.104+0000] {dag.py:3096} INFO - Sync 1 DAGs
[2024-06-26T17:43:44.109+0000] {logging_mixin.py:188} INFO - [2024-06-26T17:43:44.108+0000] {dag.py:3954} INFO - Setting next_dagrun for example_display_name to None, run_after=None
[2024-06-26T17:43:44.115+0000] {processor.py:183} INFO - Processing /home/airflow/.local/lib/python3.12/site-packages/airflow/example_dags/example_display_name.py took 0.023 seconds
[2024-06-26T17:44:14.263+0000] {processor.py:161} INFO - Started process (PID=1879) to work on /home/airflow/.local/lib/python3.12/site-packages/airflow/example_dags/example_display_name.py
[2024-06-26T17:44:14.263+0000] {processor.py:830} INFO - Processing file /home/airflow/.local/lib/python3.12/site-packages/airflow/example_dags/example_display_name.py for tasks to queue
[2024-06-26T17:44:14.264+0000] {logging_mixin.py:188} INFO - [2024-06-26T17:44:14.264+0000] {dagbag.py:545} INFO - Filling up the DagBag from /home/airflow/.local/lib/python3.12/site-packages/airflow/example_dags/example_display_name.py
[2024-06-26T17:44:14.267+0000] {processor.py:840} INFO - DAG(s) 'example_display_name' retrieved from /home/airflow/.local/lib/python3.12/site-packages/airflow/example_dags/example_display_name.py
[2024-06-26T17:44:14.274+0000] {logging_mixin.py:188} INFO - [2024-06-26T17:44:14.274+0000] {dag.py:3096} INFO - Sync 1 DAGs
[2024-06-26T17:44:14.279+0000] {logging_mixin.py:188} INFO - [2024-06-26T17:44:14.278+0000] {dag.py:3954} INFO - Setting next_dagrun for example_display_name to None, run_after=None
[2024-06-26T17:44:14.284+0000] {processor.py:183} INFO - Processing /home/airflow/.local/lib/python3.12/site-packages/airflow/example_dags/example_display_name.py took 0.024 seconds
[2024-06-26T17:44:44.550+0000] {processor.py:161} INFO - Started process (PID=2143) to work on /home/airflow/.local/lib/python3.12/site-packages/airflow/example_dags/example_display_name.py
[2024-06-26T17:44:44.550+0000] {processor.py:830} INFO - Processing file /home/airflow/.local/lib/python3.12/site-packages/airflow/example_dags/example_display_name.py for tasks to queue
[2024-06-26T17:44:44.551+0000] {logging_mixin.py:188} INFO - [2024-06-26T17:44:44.551+0000] {dagbag.py:545} INFO - Filling up the DagBag from /home/airflow/.local/lib/python3.12/site-packages/airflow/example_dags/example_display_name.py
[2024-06-26T17:44:44.553+0000] {processor.py:840} INFO - DAG(s) 'example_display_name' retrieved from /home/airflow/.local/lib/python3.12/site-packages/airflow/example_dags/example_display_name.py
[2024-06-26T17:44:44.560+0000] {logging_mixin.py:188} INFO - [2024-06-26T17:44:44.560+0000] {dag.py:3096} INFO - Sync 1 DAGs
[2024-06-26T17:44:44.564+0000] {logging_mixin.py:188} INFO - [2024-06-26T17:44:44.564+0000] {dag.py:3954} INFO - Setting next_dagrun for example_display_name to None, run_after=None
[2024-06-26T17:44:44.570+0000] {processor.py:183} INFO - Processing /home/airflow/.local/lib/python3.12/site-packages/airflow/example_dags/example_display_name.py took 0.022 seconds
[2024-06-26T17:45:14.794+0000] {processor.py:161} INFO - Started process (PID=2403) to work on /home/airflow/.local/lib/python3.12/site-packages/airflow/example_dags/example_display_name.py
[2024-06-26T17:45:14.794+0000] {processor.py:830} INFO - Processing file /home/airflow/.local/lib/python3.12/site-packages/airflow/example_dags/example_display_name.py for tasks to queue
[2024-06-26T17:45:14.795+0000] {logging_mixin.py:188} INFO - [2024-06-26T17:45:14.795+0000] {dagbag.py:545} INFO - Filling up the DagBag from /home/airflow/.local/lib/python3.12/site-packages/airflow/example_dags/example_display_name.py
[2024-06-26T17:45:14.797+0000] {processor.py:840} INFO - DAG(s) 'example_display_name' retrieved from /home/airflow/.local/lib/python3.12/site-packages/airflow/example_dags/example_display_name.py
[2024-06-26T17:45:14.805+0000] {logging_mixin.py:188} INFO - [2024-06-26T17:45:14.805+0000] {dag.py:3096} INFO - Sync 1 DAGs
[2024-06-26T17:45:14.810+0000] {logging_mixin.py:188} INFO - [2024-06-26T17:45:14.810+0000] {dag.py:3954} INFO - Setting next_dagrun for example_display_name to None, run_after=None
[2024-06-26T17:45:14.817+0000] {processor.py:183} INFO - Processing /home/airflow/.local/lib/python3.12/site-packages/airflow/example_dags/example_display_name.py took 0.025 seconds
[2024-06-26T17:45:45.199+0000] {processor.py:161} INFO - Started process (PID=2665) to work on /home/airflow/.local/lib/python3.12/site-packages/airflow/example_dags/example_display_name.py
[2024-06-26T17:45:45.199+0000] {processor.py:830} INFO - Processing file /home/airflow/.local/lib/python3.12/site-packages/airflow/example_dags/example_display_name.py for tasks to queue
[2024-06-26T17:45:45.200+0000] {logging_mixin.py:188} INFO - [2024-06-26T17:45:45.200+0000] {dagbag.py:545} INFO - Filling up the DagBag from /home/airflow/.local/lib/python3.12/site-packages/airflow/example_dags/example_display_name.py
[2024-06-26T17:45:45.203+0000] {processor.py:840} INFO - DAG(s) 'example_display_name' retrieved from /home/airflow/.local/lib/python3.12/site-packages/airflow/example_dags/example_display_name.py
[2024-06-26T17:45:45.212+0000] {logging_mixin.py:188} INFO - [2024-06-26T17:45:45.212+0000] {dag.py:3096} INFO - Sync 1 DAGs
[2024-06-26T17:45:45.218+0000] {logging_mixin.py:188} INFO - [2024-06-26T17:45:45.217+0000] {dag.py:3954} INFO - Setting next_dagrun for example_display_name to None, run_after=None
[2024-06-26T17:45:45.225+0000] {processor.py:183} INFO - Processing /home/airflow/.local/lib/python3.12/site-packages/airflow/example_dags/example_display_name.py took 0.029 seconds
[2024-06-26T17:46:15.646+0000] {processor.py:161} INFO - Started process (PID=2929) to work on /home/airflow/.local/lib/python3.12/site-packages/airflow/example_dags/example_display_name.py
[2024-06-26T17:46:15.646+0000] {processor.py:830} INFO - Processing file /home/airflow/.local/lib/python3.12/site-packages/airflow/example_dags/example_display_name.py for tasks to queue
[2024-06-26T17:46:15.647+0000] {logging_mixin.py:188} INFO - [2024-06-26T17:46:15.647+0000] {dagbag.py:545} INFO - Filling up the DagBag from /home/airflow/.local/lib/python3.12/site-packages/airflow/example_dags/example_display_name.py
[2024-06-26T17:46:15.649+0000] {processor.py:840} INFO - DAG(s) 'example_display_name' retrieved from /home/airflow/.local/lib/python3.12/site-packages/airflow/example_dags/example_display_name.py
[2024-06-26T17:46:15.656+0000] {logging_mixin.py:188} INFO - [2024-06-26T17:46:15.656+0000] {dag.py:3096} INFO - Sync 1 DAGs
[2024-06-26T17:46:15.661+0000] {logging_mixin.py:188} INFO - [2024-06-26T17:46:15.661+0000] {dag.py:3954} INFO - Setting next_dagrun for example_display_name to None, run_after=None
[2024-06-26T17:46:15.668+0000] {processor.py:183} INFO - Processing /home/airflow/.local/lib/python3.12/site-packages/airflow/example_dags/example_display_name.py took 0.024 seconds
[2024-06-26T17:46:45.880+0000] {processor.py:161} INFO - Started process (PID=3214) to work on /home/airflow/.local/lib/python3.12/site-packages/airflow/example_dags/example_display_name.py
[2024-06-26T17:46:45.880+0000] {processor.py:830} INFO - Processing file /home/airflow/.local/lib/python3.12/site-packages/airflow/example_dags/example_display_name.py for tasks to queue
[2024-06-26T17:46:45.881+0000] {logging_mixin.py:188} INFO - [2024-06-26T17:46:45.880+0000] {dagbag.py:545} INFO - Filling up the DagBag from /home/airflow/.local/lib/python3.12/site-packages/airflow/example_dags/example_display_name.py
[2024-06-26T17:46:45.883+0000] {processor.py:840} INFO - DAG(s) 'example_display_name' retrieved from /home/airflow/.local/lib/python3.12/site-packages/airflow/example_dags/example_display_name.py
[2024-06-26T17:46:45.890+0000] {logging_mixin.py:188} INFO - [2024-06-26T17:46:45.889+0000] {dag.py:3096} INFO - Sync 1 DAGs
[2024-06-26T17:46:45.894+0000] {logging_mixin.py:188} INFO - [2024-06-26T17:46:45.894+0000] {dag.py:3954} INFO - Setting next_dagrun for example_display_name to None, run_after=None
[2024-06-26T17:46:45.900+0000] {processor.py:183} INFO - Processing /home/airflow/.local/lib/python3.12/site-packages/airflow/example_dags/example_display_name.py took 0.023 seconds
[2024-06-26T17:47:16.100+0000] {processor.py:161} INFO - Started process (PID=3476) to work on /home/airflow/.local/lib/python3.12/site-packages/airflow/example_dags/example_display_name.py
[2024-06-26T17:47:16.100+0000] {processor.py:830} INFO - Processing file /home/airflow/.local/lib/python3.12/site-packages/airflow/example_dags/example_display_name.py for tasks to queue
[2024-06-26T17:47:16.101+0000] {logging_mixin.py:188} INFO - [2024-06-26T17:47:16.101+0000] {dagbag.py:545} INFO - Filling up the DagBag from /home/airflow/.local/lib/python3.12/site-packages/airflow/example_dags/example_display_name.py
[2024-06-26T17:47:16.103+0000] {processor.py:840} INFO - DAG(s) 'example_display_name' retrieved from /home/airflow/.local/lib/python3.12/site-packages/airflow/example_dags/example_display_name.py
[2024-06-26T17:47:16.110+0000] {logging_mixin.py:188} INFO - [2024-06-26T17:47:16.110+0000] {dag.py:3096} INFO - Sync 1 DAGs
[2024-06-26T17:47:16.115+0000] {logging_mixin.py:188} INFO - [2024-06-26T17:47:16.115+0000] {dag.py:3954} INFO - Setting next_dagrun for example_display_name to None, run_after=None
[2024-06-26T17:47:16.122+0000] {processor.py:183} INFO - Processing /home/airflow/.local/lib/python3.12/site-packages/airflow/example_dags/example_display_name.py took 0.024 seconds
[2024-06-26T17:47:46.373+0000] {processor.py:161} INFO - Started process (PID=3738) to work on /home/airflow/.local/lib/python3.12/site-packages/airflow/example_dags/example_display_name.py
[2024-06-26T17:47:46.373+0000] {processor.py:830} INFO - Processing file /home/airflow/.local/lib/python3.12/site-packages/airflow/example_dags/example_display_name.py for tasks to queue
[2024-06-26T17:47:46.374+0000] {logging_mixin.py:188} INFO - [2024-06-26T17:47:46.374+0000] {dagbag.py:545} INFO - Filling up the DagBag from /home/airflow/.local/lib/python3.12/site-packages/airflow/example_dags/example_display_name.py
[2024-06-26T17:47:46.376+0000] {processor.py:840} INFO - DAG(s) 'example_display_name' retrieved from /home/airflow/.local/lib/python3.12/site-packages/airflow/example_dags/example_display_name.py
[2024-06-26T17:47:46.383+0000] {logging_mixin.py:188} INFO - [2024-06-26T17:47:46.383+0000] {dag.py:3096} INFO - Sync 1 DAGs
[2024-06-26T17:47:46.389+0000] {logging_mixin.py:188} INFO - [2024-06-26T17:47:46.388+0000] {dag.py:3954} INFO - Setting next_dagrun for example_display_name to None, run_after=None
[2024-06-26T17:47:46.395+0000] {processor.py:183} INFO - Processing /home/airflow/.local/lib/python3.12/site-packages/airflow/example_dags/example_display_name.py took 0.024 seconds
[2024-06-26T17:48:16.677+0000] {processor.py:161} INFO - Started process (PID=4000) to work on /home/airflow/.local/lib/python3.12/site-packages/airflow/example_dags/example_display_name.py
[2024-06-26T17:48:16.677+0000] {processor.py:830} INFO - Processing file /home/airflow/.local/lib/python3.12/site-packages/airflow/example_dags/example_display_name.py for tasks to queue
[2024-06-26T17:48:16.678+0000] {logging_mixin.py:188} INFO - [2024-06-26T17:48:16.678+0000] {dagbag.py:545} INFO - Filling up the DagBag from /home/airflow/.local/lib/python3.12/site-packages/airflow/example_dags/example_display_name.py
[2024-06-26T17:48:16.680+0000] {processor.py:840} INFO - DAG(s) 'example_display_name' retrieved from /home/airflow/.local/lib/python3.12/site-packages/airflow/example_dags/example_display_name.py
[2024-06-26T17:48:16.687+0000] {logging_mixin.py:188} INFO - [2024-06-26T17:48:16.686+0000] {dag.py:3096} INFO - Sync 1 DAGs
[2024-06-26T17:48:16.691+0000] {logging_mixin.py:188} INFO - [2024-06-26T17:48:16.691+0000] {dag.py:3954} INFO - Setting next_dagrun for example_display_name to None, run_after=None
[2024-06-26T17:48:16.697+0000] {processor.py:183} INFO - Processing /home/airflow/.local/lib/python3.12/site-packages/airflow/example_dags/example_display_name.py took 0.023 seconds
[2024-06-26T17:48:46.951+0000] {processor.py:161} INFO - Started process (PID=4287) to work on /home/airflow/.local/lib/python3.12/site-packages/airflow/example_dags/example_display_name.py
[2024-06-26T17:48:46.952+0000] {processor.py:830} INFO - Processing file /home/airflow/.local/lib/python3.12/site-packages/airflow/example_dags/example_display_name.py for tasks to queue
[2024-06-26T17:48:46.952+0000] {logging_mixin.py:188} INFO - [2024-06-26T17:48:46.952+0000] {dagbag.py:545} INFO - Filling up the DagBag from /home/airflow/.local/lib/python3.12/site-packages/airflow/example_dags/example_display_name.py
[2024-06-26T17:48:46.955+0000] {processor.py:840} INFO - DAG(s) 'example_display_name' retrieved from /home/airflow/.local/lib/python3.12/site-packages/airflow/example_dags/example_display_name.py
[2024-06-26T17:48:46.961+0000] {logging_mixin.py:188} INFO - [2024-06-26T17:48:46.961+0000] {dag.py:3096} INFO - Sync 1 DAGs
[2024-06-26T17:48:46.966+0000] {logging_mixin.py:188} INFO - [2024-06-26T17:48:46.966+0000] {dag.py:3954} INFO - Setting next_dagrun for example_display_name to None, run_after=None
[2024-06-26T17:48:46.972+0000] {processor.py:183} INFO - Processing /home/airflow/.local/lib/python3.12/site-packages/airflow/example_dags/example_display_name.py took 0.023 seconds
[2024-06-26T17:49:17.174+0000] {processor.py:161} INFO - Started process (PID=4549) to work on /home/airflow/.local/lib/python3.12/site-packages/airflow/example_dags/example_display_name.py
[2024-06-26T17:49:17.174+0000] {processor.py:830} INFO - Processing file /home/airflow/.local/lib/python3.12/site-packages/airflow/example_dags/example_display_name.py for tasks to queue
[2024-06-26T17:49:17.175+0000] {logging_mixin.py:188} INFO - [2024-06-26T17:49:17.175+0000] {dagbag.py:545} INFO - Filling up the DagBag from /home/airflow/.local/lib/python3.12/site-packages/airflow/example_dags/example_display_name.py
[2024-06-26T17:49:17.177+0000] {processor.py:840} INFO - DAG(s) 'example_display_name' retrieved from /home/airflow/.local/lib/python3.12/site-packages/airflow/example_dags/example_display_name.py
[2024-06-26T17:49:17.185+0000] {logging_mixin.py:188} INFO - [2024-06-26T17:49:17.185+0000] {dag.py:3096} INFO - Sync 1 DAGs
[2024-06-26T17:49:17.190+0000] {logging_mixin.py:188} INFO - [2024-06-26T17:49:17.190+0000] {dag.py:3954} INFO - Setting next_dagrun for example_display_name to None, run_after=None
[2024-06-26T17:49:17.197+0000] {processor.py:183} INFO - Processing /home/airflow/.local/lib/python3.12/site-packages/airflow/example_dags/example_display_name.py took 0.025 seconds
[2024-06-26T17:49:47.481+0000] {processor.py:161} INFO - Started process (PID=4811) to work on /home/airflow/.local/lib/python3.12/site-packages/airflow/example_dags/example_display_name.py
[2024-06-26T17:49:47.481+0000] {processor.py:830} INFO - Processing file /home/airflow/.local/lib/python3.12/site-packages/airflow/example_dags/example_display_name.py for tasks to queue
[2024-06-26T17:49:47.482+0000] {logging_mixin.py:188} INFO - [2024-06-26T17:49:47.482+0000] {dagbag.py:545} INFO - Filling up the DagBag from /home/airflow/.local/lib/python3.12/site-packages/airflow/example_dags/example_display_name.py
[2024-06-26T17:49:47.485+0000] {processor.py:840} INFO - DAG(s) 'example_display_name' retrieved from /home/airflow/.local/lib/python3.12/site-packages/airflow/example_dags/example_display_name.py
[2024-06-26T17:49:47.492+0000] {logging_mixin.py:188} INFO - [2024-06-26T17:49:47.492+0000] {dag.py:3096} INFO - Sync 1 DAGs
[2024-06-26T17:49:47.496+0000] {logging_mixin.py:188} INFO - [2024-06-26T17:49:47.496+0000] {dag.py:3954} INFO - Setting next_dagrun for example_display_name to None, run_after=None
[2024-06-26T17:49:47.503+0000] {processor.py:183} INFO - Processing /home/airflow/.local/lib/python3.12/site-packages/airflow/example_dags/example_display_name.py took 0.025 seconds
[2024-06-26T17:50:17.820+0000] {processor.py:161} INFO - Started process (PID=5073) to work on /home/airflow/.local/lib/python3.12/site-packages/airflow/example_dags/example_display_name.py
[2024-06-26T17:50:17.821+0000] {processor.py:830} INFO - Processing file /home/airflow/.local/lib/python3.12/site-packages/airflow/example_dags/example_display_name.py for tasks to queue
[2024-06-26T17:50:17.821+0000] {logging_mixin.py:188} INFO - [2024-06-26T17:50:17.821+0000] {dagbag.py:545} INFO - Filling up the DagBag from /home/airflow/.local/lib/python3.12/site-packages/airflow/example_dags/example_display_name.py
[2024-06-26T17:50:17.824+0000] {processor.py:840} INFO - DAG(s) 'example_display_name' retrieved from /home/airflow/.local/lib/python3.12/site-packages/airflow/example_dags/example_display_name.py
[2024-06-26T17:50:17.831+0000] {logging_mixin.py:188} INFO - [2024-06-26T17:50:17.831+0000] {dag.py:3096} INFO - Sync 1 DAGs
[2024-06-26T17:50:17.836+0000] {logging_mixin.py:188} INFO - [2024-06-26T17:50:17.836+0000] {dag.py:3954} INFO - Setting next_dagrun for example_display_name to None, run_after=None
[2024-06-26T17:50:17.842+0000] {processor.py:183} INFO - Processing /home/airflow/.local/lib/python3.12/site-packages/airflow/example_dags/example_display_name.py took 0.025 seconds
[2024-06-26T17:50:48.286+0000] {processor.py:161} INFO - Started process (PID=5335) to work on /home/airflow/.local/lib/python3.12/site-packages/airflow/example_dags/example_display_name.py
[2024-06-26T17:50:48.287+0000] {processor.py:830} INFO - Processing file /home/airflow/.local/lib/python3.12/site-packages/airflow/example_dags/example_display_name.py for tasks to queue
[2024-06-26T17:50:48.288+0000] {logging_mixin.py:188} INFO - [2024-06-26T17:50:48.287+0000] {dagbag.py:545} INFO - Filling up the DagBag from /home/airflow/.local/lib/python3.12/site-packages/airflow/example_dags/example_display_name.py
[2024-06-26T17:50:48.290+0000] {processor.py:840} INFO - DAG(s) 'example_display_name' retrieved from /home/airflow/.local/lib/python3.12/site-packages/airflow/example_dags/example_display_name.py
[2024-06-26T17:50:48.297+0000] {logging_mixin.py:188} INFO - [2024-06-26T17:50:48.297+0000] {dag.py:3096} INFO - Sync 1 DAGs
[2024-06-26T17:50:48.302+0000] {logging_mixin.py:188} INFO - [2024-06-26T17:50:48.302+0000] {dag.py:3954} INFO - Setting next_dagrun for example_display_name to None, run_after=None
[2024-06-26T17:50:48.308+0000] {processor.py:183} INFO - Processing /home/airflow/.local/lib/python3.12/site-packages/airflow/example_dags/example_display_name.py took 0.024 seconds
