[2024-06-26T17:41:12.190+0000] {processor.py:161} INFO - Started process (PID=362) to work on /home/airflow/.local/lib/python3.12/site-packages/airflow/example_dags/example_branch_labels.py
[2024-06-26T17:41:12.191+0000] {processor.py:830} INFO - Processing file /home/airflow/.local/lib/python3.12/site-packages/airflow/example_dags/example_branch_labels.py for tasks to queue
[2024-06-26T17:41:12.192+0000] {logging_mixin.py:188} INFO - [2024-06-26T17:41:12.191+0000] {dagbag.py:545} INFO - Filling up the DagBag from /home/airflow/.local/lib/python3.12/site-packages/airflow/example_dags/example_branch_labels.py
[2024-06-26T17:41:12.195+0000] {processor.py:840} INFO - DAG(s) 'example_branch_labels' retrieved from /home/airflow/.local/lib/python3.12/site-packages/airflow/example_dags/example_branch_labels.py
[2024-06-26T17:41:12.200+0000] {logging_mixin.py:188} INFO - [2024-06-26T17:41:12.200+0000] {dag.py:3096} INFO - Sync 1 DAGs
[2024-06-26T17:41:12.210+0000] {logging_mixin.py:188} INFO - [2024-06-26T17:41:12.210+0000] {dag.py:3954} INFO - Setting next_dagrun for example_branch_labels to 2024-06-25 00:00:00+00:00, run_after=2024-06-26 00:00:00+00:00
[2024-06-26T17:41:12.217+0000] {processor.py:183} INFO - Processing /home/airflow/.local/lib/python3.12/site-packages/airflow/example_dags/example_branch_labels.py took 0.029 seconds
[2024-06-26T17:41:42.895+0000] {processor.py:161} INFO - Started process (PID=624) to work on /home/airflow/.local/lib/python3.12/site-packages/airflow/example_dags/example_branch_labels.py
[2024-06-26T17:41:42.895+0000] {processor.py:830} INFO - Processing file /home/airflow/.local/lib/python3.12/site-packages/airflow/example_dags/example_branch_labels.py for tasks to queue
[2024-06-26T17:41:42.896+0000] {logging_mixin.py:188} INFO - [2024-06-26T17:41:42.896+0000] {dagbag.py:545} INFO - Filling up the DagBag from /home/airflow/.local/lib/python3.12/site-packages/airflow/example_dags/example_branch_labels.py
[2024-06-26T17:41:42.899+0000] {processor.py:840} INFO - DAG(s) 'example_branch_labels' retrieved from /home/airflow/.local/lib/python3.12/site-packages/airflow/example_dags/example_branch_labels.py
[2024-06-26T17:41:42.940+0000] {logging_mixin.py:188} INFO - [2024-06-26T17:41:42.939+0000] {dag.py:3096} INFO - Sync 1 DAGs
[2024-06-26T17:41:42.948+0000] {logging_mixin.py:188} INFO - [2024-06-26T17:41:42.948+0000] {dag.py:3954} INFO - Setting next_dagrun for example_branch_labels to 2024-06-25 00:00:00+00:00, run_after=2024-06-26 00:00:00+00:00
[2024-06-26T17:41:42.955+0000] {processor.py:183} INFO - Processing /home/airflow/.local/lib/python3.12/site-packages/airflow/example_dags/example_branch_labels.py took 0.062 seconds
[2024-06-26T17:42:13.242+0000] {processor.py:161} INFO - Started process (PID=886) to work on /home/airflow/.local/lib/python3.12/site-packages/airflow/example_dags/example_branch_labels.py
[2024-06-26T17:42:13.242+0000] {processor.py:830} INFO - Processing file /home/airflow/.local/lib/python3.12/site-packages/airflow/example_dags/example_branch_labels.py for tasks to queue
[2024-06-26T17:42:13.243+0000] {logging_mixin.py:188} INFO - [2024-06-26T17:42:13.243+0000] {dagbag.py:545} INFO - Filling up the DagBag from /home/airflow/.local/lib/python3.12/site-packages/airflow/example_dags/example_branch_labels.py
[2024-06-26T17:42:13.246+0000] {processor.py:840} INFO - DAG(s) 'example_branch_labels' retrieved from /home/airflow/.local/lib/python3.12/site-packages/airflow/example_dags/example_branch_labels.py
[2024-06-26T17:42:13.254+0000] {logging_mixin.py:188} INFO - [2024-06-26T17:42:13.254+0000] {dag.py:3096} INFO - Sync 1 DAGs
[2024-06-26T17:42:13.263+0000] {logging_mixin.py:188} INFO - [2024-06-26T17:42:13.263+0000] {dag.py:3954} INFO - Setting next_dagrun for example_branch_labels to 2024-06-25 00:00:00+00:00, run_after=2024-06-26 00:00:00+00:00
[2024-06-26T17:42:13.271+0000] {processor.py:183} INFO - Processing /home/airflow/.local/lib/python3.12/site-packages/airflow/example_dags/example_branch_labels.py took 0.031 seconds
[2024-06-26T17:42:43.573+0000] {processor.py:161} INFO - Started process (PID=1150) to work on /home/airflow/.local/lib/python3.12/site-packages/airflow/example_dags/example_branch_labels.py
[2024-06-26T17:42:43.573+0000] {processor.py:830} INFO - Processing file /home/airflow/.local/lib/python3.12/site-packages/airflow/example_dags/example_branch_labels.py for tasks to queue
[2024-06-26T17:42:43.574+0000] {logging_mixin.py:188} INFO - [2024-06-26T17:42:43.574+0000] {dagbag.py:545} INFO - Filling up the DagBag from /home/airflow/.local/lib/python3.12/site-packages/airflow/example_dags/example_branch_labels.py
[2024-06-26T17:42:43.577+0000] {processor.py:840} INFO - DAG(s) 'example_branch_labels' retrieved from /home/airflow/.local/lib/python3.12/site-packages/airflow/example_dags/example_branch_labels.py
[2024-06-26T17:42:43.586+0000] {logging_mixin.py:188} INFO - [2024-06-26T17:42:43.586+0000] {dag.py:3096} INFO - Sync 1 DAGs
[2024-06-26T17:42:43.593+0000] {logging_mixin.py:188} INFO - [2024-06-26T17:42:43.593+0000] {dag.py:3954} INFO - Setting next_dagrun for example_branch_labels to 2024-06-25 00:00:00+00:00, run_after=2024-06-26 00:00:00+00:00
[2024-06-26T17:42:43.600+0000] {processor.py:183} INFO - Processing /home/airflow/.local/lib/python3.12/site-packages/airflow/example_dags/example_branch_labels.py took 0.029 seconds
[2024-06-26T17:43:13.928+0000] {processor.py:161} INFO - Started process (PID=1412) to work on /home/airflow/.local/lib/python3.12/site-packages/airflow/example_dags/example_branch_labels.py
[2024-06-26T17:43:13.928+0000] {processor.py:830} INFO - Processing file /home/airflow/.local/lib/python3.12/site-packages/airflow/example_dags/example_branch_labels.py for tasks to queue
[2024-06-26T17:43:13.929+0000] {logging_mixin.py:188} INFO - [2024-06-26T17:43:13.929+0000] {dagbag.py:545} INFO - Filling up the DagBag from /home/airflow/.local/lib/python3.12/site-packages/airflow/example_dags/example_branch_labels.py
[2024-06-26T17:43:13.932+0000] {processor.py:840} INFO - DAG(s) 'example_branch_labels' retrieved from /home/airflow/.local/lib/python3.12/site-packages/airflow/example_dags/example_branch_labels.py
[2024-06-26T17:43:13.940+0000] {logging_mixin.py:188} INFO - [2024-06-26T17:43:13.940+0000] {dag.py:3096} INFO - Sync 1 DAGs
[2024-06-26T17:43:13.949+0000] {logging_mixin.py:188} INFO - [2024-06-26T17:43:13.949+0000] {dag.py:3954} INFO - Setting next_dagrun for example_branch_labels to 2024-06-25 00:00:00+00:00, run_after=2024-06-26 00:00:00+00:00
[2024-06-26T17:43:13.955+0000] {processor.py:183} INFO - Processing /home/airflow/.local/lib/python3.12/site-packages/airflow/example_dags/example_branch_labels.py took 0.029 seconds
[2024-06-26T17:43:44.290+0000] {processor.py:161} INFO - Started process (PID=1672) to work on /home/airflow/.local/lib/python3.12/site-packages/airflow/example_dags/example_branch_labels.py
[2024-06-26T17:43:44.290+0000] {processor.py:830} INFO - Processing file /home/airflow/.local/lib/python3.12/site-packages/airflow/example_dags/example_branch_labels.py for tasks to queue
[2024-06-26T17:43:44.291+0000] {logging_mixin.py:188} INFO - [2024-06-26T17:43:44.291+0000] {dagbag.py:545} INFO - Filling up the DagBag from /home/airflow/.local/lib/python3.12/site-packages/airflow/example_dags/example_branch_labels.py
[2024-06-26T17:43:44.294+0000] {processor.py:840} INFO - DAG(s) 'example_branch_labels' retrieved from /home/airflow/.local/lib/python3.12/site-packages/airflow/example_dags/example_branch_labels.py
[2024-06-26T17:43:44.303+0000] {logging_mixin.py:188} INFO - [2024-06-26T17:43:44.303+0000] {dag.py:3096} INFO - Sync 1 DAGs
[2024-06-26T17:43:44.312+0000] {logging_mixin.py:188} INFO - [2024-06-26T17:43:44.312+0000] {dag.py:3954} INFO - Setting next_dagrun for example_branch_labels to 2024-06-25 00:00:00+00:00, run_after=2024-06-26 00:00:00+00:00
[2024-06-26T17:43:44.318+0000] {processor.py:183} INFO - Processing /home/airflow/.local/lib/python3.12/site-packages/airflow/example_dags/example_branch_labels.py took 0.030 seconds
[2024-06-26T17:44:14.460+0000] {processor.py:161} INFO - Started process (PID=1931) to work on /home/airflow/.local/lib/python3.12/site-packages/airflow/example_dags/example_branch_labels.py
[2024-06-26T17:44:14.460+0000] {processor.py:830} INFO - Processing file /home/airflow/.local/lib/python3.12/site-packages/airflow/example_dags/example_branch_labels.py for tasks to queue
[2024-06-26T17:44:14.461+0000] {logging_mixin.py:188} INFO - [2024-06-26T17:44:14.461+0000] {dagbag.py:545} INFO - Filling up the DagBag from /home/airflow/.local/lib/python3.12/site-packages/airflow/example_dags/example_branch_labels.py
[2024-06-26T17:44:14.464+0000] {processor.py:840} INFO - DAG(s) 'example_branch_labels' retrieved from /home/airflow/.local/lib/python3.12/site-packages/airflow/example_dags/example_branch_labels.py
[2024-06-26T17:44:14.471+0000] {logging_mixin.py:188} INFO - [2024-06-26T17:44:14.471+0000] {dag.py:3096} INFO - Sync 1 DAGs
[2024-06-26T17:44:14.478+0000] {logging_mixin.py:188} INFO - [2024-06-26T17:44:14.478+0000] {dag.py:3954} INFO - Setting next_dagrun for example_branch_labels to 2024-06-25 00:00:00+00:00, run_after=2024-06-26 00:00:00+00:00
[2024-06-26T17:44:14.483+0000] {processor.py:183} INFO - Processing /home/airflow/.local/lib/python3.12/site-packages/airflow/example_dags/example_branch_labels.py took 0.025 seconds
[2024-06-26T17:44:44.785+0000] {processor.py:161} INFO - Started process (PID=2196) to work on /home/airflow/.local/lib/python3.12/site-packages/airflow/example_dags/example_branch_labels.py
[2024-06-26T17:44:44.785+0000] {processor.py:830} INFO - Processing file /home/airflow/.local/lib/python3.12/site-packages/airflow/example_dags/example_branch_labels.py for tasks to queue
[2024-06-26T17:44:44.786+0000] {logging_mixin.py:188} INFO - [2024-06-26T17:44:44.786+0000] {dagbag.py:545} INFO - Filling up the DagBag from /home/airflow/.local/lib/python3.12/site-packages/airflow/example_dags/example_branch_labels.py
[2024-06-26T17:44:44.789+0000] {processor.py:840} INFO - DAG(s) 'example_branch_labels' retrieved from /home/airflow/.local/lib/python3.12/site-packages/airflow/example_dags/example_branch_labels.py
[2024-06-26T17:44:44.797+0000] {logging_mixin.py:188} INFO - [2024-06-26T17:44:44.797+0000] {dag.py:3096} INFO - Sync 1 DAGs
[2024-06-26T17:44:44.806+0000] {logging_mixin.py:188} INFO - [2024-06-26T17:44:44.806+0000] {dag.py:3954} INFO - Setting next_dagrun for example_branch_labels to 2024-06-25 00:00:00+00:00, run_after=2024-06-26 00:00:00+00:00
[2024-06-26T17:44:44.812+0000] {processor.py:183} INFO - Processing /home/airflow/.local/lib/python3.12/site-packages/airflow/example_dags/example_branch_labels.py took 0.029 seconds
[2024-06-26T17:45:15.031+0000] {processor.py:161} INFO - Started process (PID=2460) to work on /home/airflow/.local/lib/python3.12/site-packages/airflow/example_dags/example_branch_labels.py
[2024-06-26T17:45:15.032+0000] {processor.py:830} INFO - Processing file /home/airflow/.local/lib/python3.12/site-packages/airflow/example_dags/example_branch_labels.py for tasks to queue
[2024-06-26T17:45:15.032+0000] {logging_mixin.py:188} INFO - [2024-06-26T17:45:15.032+0000] {dagbag.py:545} INFO - Filling up the DagBag from /home/airflow/.local/lib/python3.12/site-packages/airflow/example_dags/example_branch_labels.py
[2024-06-26T17:45:15.035+0000] {processor.py:840} INFO - DAG(s) 'example_branch_labels' retrieved from /home/airflow/.local/lib/python3.12/site-packages/airflow/example_dags/example_branch_labels.py
[2024-06-26T17:45:15.043+0000] {logging_mixin.py:188} INFO - [2024-06-26T17:45:15.043+0000] {dag.py:3096} INFO - Sync 1 DAGs
[2024-06-26T17:45:15.052+0000] {logging_mixin.py:188} INFO - [2024-06-26T17:45:15.052+0000] {dag.py:3954} INFO - Setting next_dagrun for example_branch_labels to 2024-06-25 00:00:00+00:00, run_after=2024-06-26 00:00:00+00:00
[2024-06-26T17:45:15.058+0000] {processor.py:183} INFO - Processing /home/airflow/.local/lib/python3.12/site-packages/airflow/example_dags/example_branch_labels.py took 0.029 seconds
[2024-06-26T17:45:45.442+0000] {processor.py:161} INFO - Started process (PID=2720) to work on /home/airflow/.local/lib/python3.12/site-packages/airflow/example_dags/example_branch_labels.py
[2024-06-26T17:45:45.443+0000] {processor.py:830} INFO - Processing file /home/airflow/.local/lib/python3.12/site-packages/airflow/example_dags/example_branch_labels.py for tasks to queue
[2024-06-26T17:45:45.444+0000] {logging_mixin.py:188} INFO - [2024-06-26T17:45:45.443+0000] {dagbag.py:545} INFO - Filling up the DagBag from /home/airflow/.local/lib/python3.12/site-packages/airflow/example_dags/example_branch_labels.py
[2024-06-26T17:45:45.447+0000] {processor.py:840} INFO - DAG(s) 'example_branch_labels' retrieved from /home/airflow/.local/lib/python3.12/site-packages/airflow/example_dags/example_branch_labels.py
[2024-06-26T17:45:45.456+0000] {logging_mixin.py:188} INFO - [2024-06-26T17:45:45.456+0000] {dag.py:3096} INFO - Sync 1 DAGs
[2024-06-26T17:45:45.465+0000] {logging_mixin.py:188} INFO - [2024-06-26T17:45:45.465+0000] {dag.py:3954} INFO - Setting next_dagrun for example_branch_labels to 2024-06-25 00:00:00+00:00, run_after=2024-06-26 00:00:00+00:00
[2024-06-26T17:45:45.471+0000] {processor.py:183} INFO - Processing /home/airflow/.local/lib/python3.12/site-packages/airflow/example_dags/example_branch_labels.py took 0.031 seconds
[2024-06-26T17:46:15.848+0000] {processor.py:161} INFO - Started process (PID=2982) to work on /home/airflow/.local/lib/python3.12/site-packages/airflow/example_dags/example_branch_labels.py
[2024-06-26T17:46:15.849+0000] {processor.py:830} INFO - Processing file /home/airflow/.local/lib/python3.12/site-packages/airflow/example_dags/example_branch_labels.py for tasks to queue
[2024-06-26T17:46:15.849+0000] {logging_mixin.py:188} INFO - [2024-06-26T17:46:15.849+0000] {dagbag.py:545} INFO - Filling up the DagBag from /home/airflow/.local/lib/python3.12/site-packages/airflow/example_dags/example_branch_labels.py
[2024-06-26T17:46:15.852+0000] {processor.py:840} INFO - DAG(s) 'example_branch_labels' retrieved from /home/airflow/.local/lib/python3.12/site-packages/airflow/example_dags/example_branch_labels.py
[2024-06-26T17:46:15.860+0000] {logging_mixin.py:188} INFO - [2024-06-26T17:46:15.860+0000] {dag.py:3096} INFO - Sync 1 DAGs
[2024-06-26T17:46:15.868+0000] {logging_mixin.py:188} INFO - [2024-06-26T17:46:15.868+0000] {dag.py:3954} INFO - Setting next_dagrun for example_branch_labels to 2024-06-25 00:00:00+00:00, run_after=2024-06-26 00:00:00+00:00
[2024-06-26T17:46:15.874+0000] {processor.py:183} INFO - Processing /home/airflow/.local/lib/python3.12/site-packages/airflow/example_dags/example_branch_labels.py took 0.028 seconds
[2024-06-26T17:46:46.070+0000] {processor.py:161} INFO - Started process (PID=3269) to work on /home/airflow/.local/lib/python3.12/site-packages/airflow/example_dags/example_branch_labels.py
[2024-06-26T17:46:46.070+0000] {processor.py:830} INFO - Processing file /home/airflow/.local/lib/python3.12/site-packages/airflow/example_dags/example_branch_labels.py for tasks to queue
[2024-06-26T17:46:46.071+0000] {logging_mixin.py:188} INFO - [2024-06-26T17:46:46.071+0000] {dagbag.py:545} INFO - Filling up the DagBag from /home/airflow/.local/lib/python3.12/site-packages/airflow/example_dags/example_branch_labels.py
[2024-06-26T17:46:46.074+0000] {processor.py:840} INFO - DAG(s) 'example_branch_labels' retrieved from /home/airflow/.local/lib/python3.12/site-packages/airflow/example_dags/example_branch_labels.py
[2024-06-26T17:46:46.082+0000] {logging_mixin.py:188} INFO - [2024-06-26T17:46:46.082+0000] {dag.py:3096} INFO - Sync 1 DAGs
[2024-06-26T17:46:46.090+0000] {logging_mixin.py:188} INFO - [2024-06-26T17:46:46.090+0000] {dag.py:3954} INFO - Setting next_dagrun for example_branch_labels to 2024-06-25 00:00:00+00:00, run_after=2024-06-26 00:00:00+00:00
[2024-06-26T17:46:46.096+0000] {processor.py:183} INFO - Processing /home/airflow/.local/lib/python3.12/site-packages/airflow/example_dags/example_branch_labels.py took 0.028 seconds
[2024-06-26T17:47:16.373+0000] {processor.py:161} INFO - Started process (PID=3533) to work on /home/airflow/.local/lib/python3.12/site-packages/airflow/example_dags/example_branch_labels.py
[2024-06-26T17:47:16.373+0000] {processor.py:830} INFO - Processing file /home/airflow/.local/lib/python3.12/site-packages/airflow/example_dags/example_branch_labels.py for tasks to queue
[2024-06-26T17:47:16.374+0000] {logging_mixin.py:188} INFO - [2024-06-26T17:47:16.374+0000] {dagbag.py:545} INFO - Filling up the DagBag from /home/airflow/.local/lib/python3.12/site-packages/airflow/example_dags/example_branch_labels.py
[2024-06-26T17:47:16.376+0000] {processor.py:840} INFO - DAG(s) 'example_branch_labels' retrieved from /home/airflow/.local/lib/python3.12/site-packages/airflow/example_dags/example_branch_labels.py
[2024-06-26T17:47:16.385+0000] {logging_mixin.py:188} INFO - [2024-06-26T17:47:16.385+0000] {dag.py:3096} INFO - Sync 1 DAGs
[2024-06-26T17:47:16.393+0000] {logging_mixin.py:188} INFO - [2024-06-26T17:47:16.393+0000] {dag.py:3954} INFO - Setting next_dagrun for example_branch_labels to 2024-06-25 00:00:00+00:00, run_after=2024-06-26 00:00:00+00:00
[2024-06-26T17:47:16.399+0000] {processor.py:183} INFO - Processing /home/airflow/.local/lib/python3.12/site-packages/airflow/example_dags/example_branch_labels.py took 0.028 seconds
[2024-06-26T17:47:46.557+0000] {processor.py:161} INFO - Started process (PID=3793) to work on /home/airflow/.local/lib/python3.12/site-packages/airflow/example_dags/example_branch_labels.py
[2024-06-26T17:47:46.557+0000] {processor.py:830} INFO - Processing file /home/airflow/.local/lib/python3.12/site-packages/airflow/example_dags/example_branch_labels.py for tasks to queue
[2024-06-26T17:47:46.559+0000] {logging_mixin.py:188} INFO - [2024-06-26T17:47:46.558+0000] {dagbag.py:545} INFO - Filling up the DagBag from /home/airflow/.local/lib/python3.12/site-packages/airflow/example_dags/example_branch_labels.py
[2024-06-26T17:47:46.562+0000] {processor.py:840} INFO - DAG(s) 'example_branch_labels' retrieved from /home/airflow/.local/lib/python3.12/site-packages/airflow/example_dags/example_branch_labels.py
[2024-06-26T17:47:46.571+0000] {logging_mixin.py:188} INFO - [2024-06-26T17:47:46.571+0000] {dag.py:3096} INFO - Sync 1 DAGs
[2024-06-26T17:47:46.578+0000] {logging_mixin.py:188} INFO - [2024-06-26T17:47:46.578+0000] {dag.py:3954} INFO - Setting next_dagrun for example_branch_labels to 2024-06-25 00:00:00+00:00, run_after=2024-06-26 00:00:00+00:00
[2024-06-26T17:47:46.585+0000] {processor.py:183} INFO - Processing /home/airflow/.local/lib/python3.12/site-packages/airflow/example_dags/example_branch_labels.py took 0.030 seconds
[2024-06-26T17:48:16.898+0000] {processor.py:161} INFO - Started process (PID=4055) to work on /home/airflow/.local/lib/python3.12/site-packages/airflow/example_dags/example_branch_labels.py
[2024-06-26T17:48:16.899+0000] {processor.py:830} INFO - Processing file /home/airflow/.local/lib/python3.12/site-packages/airflow/example_dags/example_branch_labels.py for tasks to queue
[2024-06-26T17:48:16.899+0000] {logging_mixin.py:188} INFO - [2024-06-26T17:48:16.899+0000] {dagbag.py:545} INFO - Filling up the DagBag from /home/airflow/.local/lib/python3.12/site-packages/airflow/example_dags/example_branch_labels.py
[2024-06-26T17:48:16.902+0000] {processor.py:840} INFO - DAG(s) 'example_branch_labels' retrieved from /home/airflow/.local/lib/python3.12/site-packages/airflow/example_dags/example_branch_labels.py
[2024-06-26T17:48:16.909+0000] {logging_mixin.py:188} INFO - [2024-06-26T17:48:16.909+0000] {dag.py:3096} INFO - Sync 1 DAGs
[2024-06-26T17:48:16.917+0000] {logging_mixin.py:188} INFO - [2024-06-26T17:48:16.917+0000] {dag.py:3954} INFO - Setting next_dagrun for example_branch_labels to 2024-06-25 00:00:00+00:00, run_after=2024-06-26 00:00:00+00:00
[2024-06-26T17:48:16.923+0000] {processor.py:183} INFO - Processing /home/airflow/.local/lib/python3.12/site-packages/airflow/example_dags/example_branch_labels.py took 0.026 seconds
[2024-06-26T17:48:47.152+0000] {processor.py:161} INFO - Started process (PID=4342) to work on /home/airflow/.local/lib/python3.12/site-packages/airflow/example_dags/example_branch_labels.py
[2024-06-26T17:48:47.152+0000] {processor.py:830} INFO - Processing file /home/airflow/.local/lib/python3.12/site-packages/airflow/example_dags/example_branch_labels.py for tasks to queue
[2024-06-26T17:48:47.153+0000] {logging_mixin.py:188} INFO - [2024-06-26T17:48:47.153+0000] {dagbag.py:545} INFO - Filling up the DagBag from /home/airflow/.local/lib/python3.12/site-packages/airflow/example_dags/example_branch_labels.py
[2024-06-26T17:48:47.156+0000] {processor.py:840} INFO - DAG(s) 'example_branch_labels' retrieved from /home/airflow/.local/lib/python3.12/site-packages/airflow/example_dags/example_branch_labels.py
[2024-06-26T17:48:47.165+0000] {logging_mixin.py:188} INFO - [2024-06-26T17:48:47.165+0000] {dag.py:3096} INFO - Sync 1 DAGs
[2024-06-26T17:48:47.174+0000] {logging_mixin.py:188} INFO - [2024-06-26T17:48:47.174+0000] {dag.py:3954} INFO - Setting next_dagrun for example_branch_labels to 2024-06-25 00:00:00+00:00, run_after=2024-06-26 00:00:00+00:00
[2024-06-26T17:48:47.179+0000] {processor.py:183} INFO - Processing /home/airflow/.local/lib/python3.12/site-packages/airflow/example_dags/example_branch_labels.py took 0.030 seconds
[2024-06-26T17:49:17.436+0000] {processor.py:161} INFO - Started process (PID=4606) to work on /home/airflow/.local/lib/python3.12/site-packages/airflow/example_dags/example_branch_labels.py
[2024-06-26T17:49:17.437+0000] {processor.py:830} INFO - Processing file /home/airflow/.local/lib/python3.12/site-packages/airflow/example_dags/example_branch_labels.py for tasks to queue
[2024-06-26T17:49:17.437+0000] {logging_mixin.py:188} INFO - [2024-06-26T17:49:17.437+0000] {dagbag.py:545} INFO - Filling up the DagBag from /home/airflow/.local/lib/python3.12/site-packages/airflow/example_dags/example_branch_labels.py
[2024-06-26T17:49:17.440+0000] {processor.py:840} INFO - DAG(s) 'example_branch_labels' retrieved from /home/airflow/.local/lib/python3.12/site-packages/airflow/example_dags/example_branch_labels.py
[2024-06-26T17:49:17.448+0000] {logging_mixin.py:188} INFO - [2024-06-26T17:49:17.448+0000] {dag.py:3096} INFO - Sync 1 DAGs
[2024-06-26T17:49:17.456+0000] {logging_mixin.py:188} INFO - [2024-06-26T17:49:17.456+0000] {dag.py:3954} INFO - Setting next_dagrun for example_branch_labels to 2024-06-25 00:00:00+00:00, run_after=2024-06-26 00:00:00+00:00
[2024-06-26T17:49:17.463+0000] {processor.py:183} INFO - Processing /home/airflow/.local/lib/python3.12/site-packages/airflow/example_dags/example_branch_labels.py took 0.029 seconds
[2024-06-26T17:49:47.693+0000] {processor.py:161} INFO - Started process (PID=4866) to work on /home/airflow/.local/lib/python3.12/site-packages/airflow/example_dags/example_branch_labels.py
[2024-06-26T17:49:47.694+0000] {processor.py:830} INFO - Processing file /home/airflow/.local/lib/python3.12/site-packages/airflow/example_dags/example_branch_labels.py for tasks to queue
[2024-06-26T17:49:47.694+0000] {logging_mixin.py:188} INFO - [2024-06-26T17:49:47.694+0000] {dagbag.py:545} INFO - Filling up the DagBag from /home/airflow/.local/lib/python3.12/site-packages/airflow/example_dags/example_branch_labels.py
[2024-06-26T17:49:47.697+0000] {processor.py:840} INFO - DAG(s) 'example_branch_labels' retrieved from /home/airflow/.local/lib/python3.12/site-packages/airflow/example_dags/example_branch_labels.py
[2024-06-26T17:49:47.705+0000] {logging_mixin.py:188} INFO - [2024-06-26T17:49:47.705+0000] {dag.py:3096} INFO - Sync 1 DAGs
[2024-06-26T17:49:47.713+0000] {logging_mixin.py:188} INFO - [2024-06-26T17:49:47.713+0000] {dag.py:3954} INFO - Setting next_dagrun for example_branch_labels to 2024-06-25 00:00:00+00:00, run_after=2024-06-26 00:00:00+00:00
[2024-06-26T17:49:47.719+0000] {processor.py:183} INFO - Processing /home/airflow/.local/lib/python3.12/site-packages/airflow/example_dags/example_branch_labels.py took 0.028 seconds
[2024-06-26T17:50:18.053+0000] {processor.py:161} INFO - Started process (PID=5130) to work on /home/airflow/.local/lib/python3.12/site-packages/airflow/example_dags/example_branch_labels.py
[2024-06-26T17:50:18.053+0000] {processor.py:830} INFO - Processing file /home/airflow/.local/lib/python3.12/site-packages/airflow/example_dags/example_branch_labels.py for tasks to queue
[2024-06-26T17:50:18.054+0000] {logging_mixin.py:188} INFO - [2024-06-26T17:50:18.054+0000] {dagbag.py:545} INFO - Filling up the DagBag from /home/airflow/.local/lib/python3.12/site-packages/airflow/example_dags/example_branch_labels.py
[2024-06-26T17:50:18.057+0000] {processor.py:840} INFO - DAG(s) 'example_branch_labels' retrieved from /home/airflow/.local/lib/python3.12/site-packages/airflow/example_dags/example_branch_labels.py
[2024-06-26T17:50:18.066+0000] {logging_mixin.py:188} INFO - [2024-06-26T17:50:18.066+0000] {dag.py:3096} INFO - Sync 1 DAGs
[2024-06-26T17:50:18.073+0000] {logging_mixin.py:188} INFO - [2024-06-26T17:50:18.073+0000] {dag.py:3954} INFO - Setting next_dagrun for example_branch_labels to 2024-06-25 00:00:00+00:00, run_after=2024-06-26 00:00:00+00:00
[2024-06-26T17:50:18.080+0000] {processor.py:183} INFO - Processing /home/airflow/.local/lib/python3.12/site-packages/airflow/example_dags/example_branch_labels.py took 0.029 seconds
[2024-06-26T17:50:48.485+0000] {processor.py:161} INFO - Started process (PID=5390) to work on /home/airflow/.local/lib/python3.12/site-packages/airflow/example_dags/example_branch_labels.py
[2024-06-26T17:50:48.485+0000] {processor.py:830} INFO - Processing file /home/airflow/.local/lib/python3.12/site-packages/airflow/example_dags/example_branch_labels.py for tasks to queue
[2024-06-26T17:50:48.485+0000] {logging_mixin.py:188} INFO - [2024-06-26T17:50:48.485+0000] {dagbag.py:545} INFO - Filling up the DagBag from /home/airflow/.local/lib/python3.12/site-packages/airflow/example_dags/example_branch_labels.py
[2024-06-26T17:50:48.488+0000] {processor.py:840} INFO - DAG(s) 'example_branch_labels' retrieved from /home/airflow/.local/lib/python3.12/site-packages/airflow/example_dags/example_branch_labels.py
[2024-06-26T17:50:48.496+0000] {logging_mixin.py:188} INFO - [2024-06-26T17:50:48.496+0000] {dag.py:3096} INFO - Sync 1 DAGs
[2024-06-26T17:50:48.504+0000] {logging_mixin.py:188} INFO - [2024-06-26T17:50:48.504+0000] {dag.py:3954} INFO - Setting next_dagrun for example_branch_labels to 2024-06-25 00:00:00+00:00, run_after=2024-06-26 00:00:00+00:00
[2024-06-26T17:50:48.510+0000] {processor.py:183} INFO - Processing /home/airflow/.local/lib/python3.12/site-packages/airflow/example_dags/example_branch_labels.py took 0.027 seconds
