[2024-06-26T17:41:11.993+0000] {processor.py:161} INFO - Started process (PID=317) to work on /home/airflow/.local/lib/python3.12/site-packages/airflow/example_dags/example_latest_only.py
[2024-06-26T17:41:11.993+0000] {processor.py:830} INFO - Processing file /home/airflow/.local/lib/python3.12/site-packages/airflow/example_dags/example_latest_only.py for tasks to queue
[2024-06-26T17:41:11.994+0000] {logging_mixin.py:188} INFO - [2024-06-26T17:41:11.994+0000] {dagbag.py:545} INFO - Filling up the DagBag from /home/airflow/.local/lib/python3.12/site-packages/airflow/example_dags/example_latest_only.py
[2024-06-26T17:41:11.997+0000] {processor.py:840} INFO - DAG(s) 'latest_only' retrieved from /home/airflow/.local/lib/python3.12/site-packages/airflow/example_dags/example_latest_only.py
[2024-06-26T17:41:12.002+0000] {logging_mixin.py:188} INFO - [2024-06-26T17:41:12.002+0000] {dag.py:3096} INFO - Sync 1 DAGs
[2024-06-26T17:41:12.013+0000] {logging_mixin.py:188} INFO - [2024-06-26T17:41:12.012+0000] {dag.py:3954} INFO - Setting next_dagrun for latest_only to 2024-06-26 12:00:00+00:00, run_after=2024-06-26 16:00:00+00:00
[2024-06-26T17:41:12.021+0000] {processor.py:183} INFO - Processing /home/airflow/.local/lib/python3.12/site-packages/airflow/example_dags/example_latest_only.py took 0.031 seconds
[2024-06-26T17:41:42.498+0000] {processor.py:161} INFO - Started process (PID=581) to work on /home/airflow/.local/lib/python3.12/site-packages/airflow/example_dags/example_latest_only.py
[2024-06-26T17:41:42.499+0000] {processor.py:830} INFO - Processing file /home/airflow/.local/lib/python3.12/site-packages/airflow/example_dags/example_latest_only.py for tasks to queue
[2024-06-26T17:41:42.500+0000] {logging_mixin.py:188} INFO - [2024-06-26T17:41:42.499+0000] {dagbag.py:545} INFO - Filling up the DagBag from /home/airflow/.local/lib/python3.12/site-packages/airflow/example_dags/example_latest_only.py
[2024-06-26T17:41:42.501+0000] {processor.py:840} INFO - DAG(s) 'latest_only' retrieved from /home/airflow/.local/lib/python3.12/site-packages/airflow/example_dags/example_latest_only.py
[2024-06-26T17:41:42.541+0000] {logging_mixin.py:188} INFO - [2024-06-26T17:41:42.541+0000] {dag.py:3096} INFO - Sync 1 DAGs
[2024-06-26T17:41:42.548+0000] {logging_mixin.py:188} INFO - [2024-06-26T17:41:42.548+0000] {dag.py:3954} INFO - Setting next_dagrun for latest_only to 2024-06-26 12:00:00+00:00, run_after=2024-06-26 16:00:00+00:00
[2024-06-26T17:41:42.556+0000] {processor.py:183} INFO - Processing /home/airflow/.local/lib/python3.12/site-packages/airflow/example_dags/example_latest_only.py took 0.060 seconds
[2024-06-26T17:42:13.074+0000] {processor.py:161} INFO - Started process (PID=843) to work on /home/airflow/.local/lib/python3.12/site-packages/airflow/example_dags/example_latest_only.py
[2024-06-26T17:42:13.075+0000] {processor.py:830} INFO - Processing file /home/airflow/.local/lib/python3.12/site-packages/airflow/example_dags/example_latest_only.py for tasks to queue
[2024-06-26T17:42:13.075+0000] {logging_mixin.py:188} INFO - [2024-06-26T17:42:13.075+0000] {dagbag.py:545} INFO - Filling up the DagBag from /home/airflow/.local/lib/python3.12/site-packages/airflow/example_dags/example_latest_only.py
[2024-06-26T17:42:13.077+0000] {processor.py:840} INFO - DAG(s) 'latest_only' retrieved from /home/airflow/.local/lib/python3.12/site-packages/airflow/example_dags/example_latest_only.py
[2024-06-26T17:42:13.084+0000] {logging_mixin.py:188} INFO - [2024-06-26T17:42:13.084+0000] {dag.py:3096} INFO - Sync 1 DAGs
[2024-06-26T17:42:13.092+0000] {logging_mixin.py:188} INFO - [2024-06-26T17:42:13.092+0000] {dag.py:3954} INFO - Setting next_dagrun for latest_only to 2024-06-26 12:00:00+00:00, run_after=2024-06-26 16:00:00+00:00
[2024-06-26T17:42:13.099+0000] {processor.py:183} INFO - Processing /home/airflow/.local/lib/python3.12/site-packages/airflow/example_dags/example_latest_only.py took 0.027 seconds
[2024-06-26T17:42:43.344+0000] {processor.py:161} INFO - Started process (PID=1105) to work on /home/airflow/.local/lib/python3.12/site-packages/airflow/example_dags/example_latest_only.py
[2024-06-26T17:42:43.344+0000] {processor.py:830} INFO - Processing file /home/airflow/.local/lib/python3.12/site-packages/airflow/example_dags/example_latest_only.py for tasks to queue
[2024-06-26T17:42:43.345+0000] {logging_mixin.py:188} INFO - [2024-06-26T17:42:43.345+0000] {dagbag.py:545} INFO - Filling up the DagBag from /home/airflow/.local/lib/python3.12/site-packages/airflow/example_dags/example_latest_only.py
[2024-06-26T17:42:43.347+0000] {processor.py:840} INFO - DAG(s) 'latest_only' retrieved from /home/airflow/.local/lib/python3.12/site-packages/airflow/example_dags/example_latest_only.py
[2024-06-26T17:42:43.355+0000] {logging_mixin.py:188} INFO - [2024-06-26T17:42:43.355+0000] {dag.py:3096} INFO - Sync 1 DAGs
[2024-06-26T17:42:43.363+0000] {logging_mixin.py:188} INFO - [2024-06-26T17:42:43.363+0000] {dag.py:3954} INFO - Setting next_dagrun for latest_only to 2024-06-26 12:00:00+00:00, run_after=2024-06-26 16:00:00+00:00
[2024-06-26T17:42:43.369+0000] {processor.py:183} INFO - Processing /home/airflow/.local/lib/python3.12/site-packages/airflow/example_dags/example_latest_only.py took 0.027 seconds
[2024-06-26T17:43:13.715+0000] {processor.py:161} INFO - Started process (PID=1367) to work on /home/airflow/.local/lib/python3.12/site-packages/airflow/example_dags/example_latest_only.py
[2024-06-26T17:43:13.715+0000] {processor.py:830} INFO - Processing file /home/airflow/.local/lib/python3.12/site-packages/airflow/example_dags/example_latest_only.py for tasks to queue
[2024-06-26T17:43:13.716+0000] {logging_mixin.py:188} INFO - [2024-06-26T17:43:13.715+0000] {dagbag.py:545} INFO - Filling up the DagBag from /home/airflow/.local/lib/python3.12/site-packages/airflow/example_dags/example_latest_only.py
[2024-06-26T17:43:13.718+0000] {processor.py:840} INFO - DAG(s) 'latest_only' retrieved from /home/airflow/.local/lib/python3.12/site-packages/airflow/example_dags/example_latest_only.py
[2024-06-26T17:43:13.725+0000] {logging_mixin.py:188} INFO - [2024-06-26T17:43:13.725+0000] {dag.py:3096} INFO - Sync 1 DAGs
[2024-06-26T17:43:13.733+0000] {logging_mixin.py:188} INFO - [2024-06-26T17:43:13.733+0000] {dag.py:3954} INFO - Setting next_dagrun for latest_only to 2024-06-26 12:00:00+00:00, run_after=2024-06-26 16:00:00+00:00
[2024-06-26T17:43:13.740+0000] {processor.py:183} INFO - Processing /home/airflow/.local/lib/python3.12/site-packages/airflow/example_dags/example_latest_only.py took 0.027 seconds
[2024-06-26T17:43:44.125+0000] {processor.py:161} INFO - Started process (PID=1629) to work on /home/airflow/.local/lib/python3.12/site-packages/airflow/example_dags/example_latest_only.py
[2024-06-26T17:43:44.125+0000] {processor.py:830} INFO - Processing file /home/airflow/.local/lib/python3.12/site-packages/airflow/example_dags/example_latest_only.py for tasks to queue
[2024-06-26T17:43:44.126+0000] {logging_mixin.py:188} INFO - [2024-06-26T17:43:44.126+0000] {dagbag.py:545} INFO - Filling up the DagBag from /home/airflow/.local/lib/python3.12/site-packages/airflow/example_dags/example_latest_only.py
[2024-06-26T17:43:44.128+0000] {processor.py:840} INFO - DAG(s) 'latest_only' retrieved from /home/airflow/.local/lib/python3.12/site-packages/airflow/example_dags/example_latest_only.py
[2024-06-26T17:43:44.136+0000] {logging_mixin.py:188} INFO - [2024-06-26T17:43:44.136+0000] {dag.py:3096} INFO - Sync 1 DAGs
[2024-06-26T17:43:44.144+0000] {logging_mixin.py:188} INFO - [2024-06-26T17:43:44.144+0000] {dag.py:3954} INFO - Setting next_dagrun for latest_only to 2024-06-26 12:00:00+00:00, run_after=2024-06-26 16:00:00+00:00
[2024-06-26T17:43:44.151+0000] {processor.py:183} INFO - Processing /home/airflow/.local/lib/python3.12/site-packages/airflow/example_dags/example_latest_only.py took 0.028 seconds
[2024-06-26T17:44:14.294+0000] {processor.py:161} INFO - Started process (PID=1889) to work on /home/airflow/.local/lib/python3.12/site-packages/airflow/example_dags/example_latest_only.py
[2024-06-26T17:44:14.294+0000] {processor.py:830} INFO - Processing file /home/airflow/.local/lib/python3.12/site-packages/airflow/example_dags/example_latest_only.py for tasks to queue
[2024-06-26T17:44:14.295+0000] {logging_mixin.py:188} INFO - [2024-06-26T17:44:14.295+0000] {dagbag.py:545} INFO - Filling up the DagBag from /home/airflow/.local/lib/python3.12/site-packages/airflow/example_dags/example_latest_only.py
[2024-06-26T17:44:14.297+0000] {processor.py:840} INFO - DAG(s) 'latest_only' retrieved from /home/airflow/.local/lib/python3.12/site-packages/airflow/example_dags/example_latest_only.py
[2024-06-26T17:44:14.305+0000] {logging_mixin.py:188} INFO - [2024-06-26T17:44:14.305+0000] {dag.py:3096} INFO - Sync 1 DAGs
[2024-06-26T17:44:14.313+0000] {logging_mixin.py:188} INFO - [2024-06-26T17:44:14.313+0000] {dag.py:3954} INFO - Setting next_dagrun for latest_only to 2024-06-26 12:00:00+00:00, run_after=2024-06-26 16:00:00+00:00
[2024-06-26T17:44:14.319+0000] {processor.py:183} INFO - Processing /home/airflow/.local/lib/python3.12/site-packages/airflow/example_dags/example_latest_only.py took 0.027 seconds
[2024-06-26T17:44:44.580+0000] {processor.py:161} INFO - Started process (PID=2151) to work on /home/airflow/.local/lib/python3.12/site-packages/airflow/example_dags/example_latest_only.py
[2024-06-26T17:44:44.581+0000] {processor.py:830} INFO - Processing file /home/airflow/.local/lib/python3.12/site-packages/airflow/example_dags/example_latest_only.py for tasks to queue
[2024-06-26T17:44:44.581+0000] {logging_mixin.py:188} INFO - [2024-06-26T17:44:44.581+0000] {dagbag.py:545} INFO - Filling up the DagBag from /home/airflow/.local/lib/python3.12/site-packages/airflow/example_dags/example_latest_only.py
[2024-06-26T17:44:44.583+0000] {processor.py:840} INFO - DAG(s) 'latest_only' retrieved from /home/airflow/.local/lib/python3.12/site-packages/airflow/example_dags/example_latest_only.py
[2024-06-26T17:44:44.590+0000] {logging_mixin.py:188} INFO - [2024-06-26T17:44:44.590+0000] {dag.py:3096} INFO - Sync 1 DAGs
[2024-06-26T17:44:44.598+0000] {logging_mixin.py:188} INFO - [2024-06-26T17:44:44.598+0000] {dag.py:3954} INFO - Setting next_dagrun for latest_only to 2024-06-26 12:00:00+00:00, run_after=2024-06-26 16:00:00+00:00
[2024-06-26T17:44:44.605+0000] {processor.py:183} INFO - Processing /home/airflow/.local/lib/python3.12/site-packages/airflow/example_dags/example_latest_only.py took 0.026 seconds
[2024-06-26T17:45:14.827+0000] {processor.py:161} INFO - Started process (PID=2413) to work on /home/airflow/.local/lib/python3.12/site-packages/airflow/example_dags/example_latest_only.py
[2024-06-26T17:45:14.827+0000] {processor.py:830} INFO - Processing file /home/airflow/.local/lib/python3.12/site-packages/airflow/example_dags/example_latest_only.py for tasks to queue
[2024-06-26T17:45:14.828+0000] {logging_mixin.py:188} INFO - [2024-06-26T17:45:14.828+0000] {dagbag.py:545} INFO - Filling up the DagBag from /home/airflow/.local/lib/python3.12/site-packages/airflow/example_dags/example_latest_only.py
[2024-06-26T17:45:14.830+0000] {processor.py:840} INFO - DAG(s) 'latest_only' retrieved from /home/airflow/.local/lib/python3.12/site-packages/airflow/example_dags/example_latest_only.py
[2024-06-26T17:45:14.838+0000] {logging_mixin.py:188} INFO - [2024-06-26T17:45:14.838+0000] {dag.py:3096} INFO - Sync 1 DAGs
[2024-06-26T17:45:14.845+0000] {logging_mixin.py:188} INFO - [2024-06-26T17:45:14.845+0000] {dag.py:3954} INFO - Setting next_dagrun for latest_only to 2024-06-26 12:00:00+00:00, run_after=2024-06-26 16:00:00+00:00
[2024-06-26T17:45:14.853+0000] {processor.py:183} INFO - Processing /home/airflow/.local/lib/python3.12/site-packages/airflow/example_dags/example_latest_only.py took 0.028 seconds
[2024-06-26T17:45:45.237+0000] {processor.py:161} INFO - Started process (PID=2675) to work on /home/airflow/.local/lib/python3.12/site-packages/airflow/example_dags/example_latest_only.py
[2024-06-26T17:45:45.237+0000] {processor.py:830} INFO - Processing file /home/airflow/.local/lib/python3.12/site-packages/airflow/example_dags/example_latest_only.py for tasks to queue
[2024-06-26T17:45:45.238+0000] {logging_mixin.py:188} INFO - [2024-06-26T17:45:45.238+0000] {dagbag.py:545} INFO - Filling up the DagBag from /home/airflow/.local/lib/python3.12/site-packages/airflow/example_dags/example_latest_only.py
[2024-06-26T17:45:45.240+0000] {processor.py:840} INFO - DAG(s) 'latest_only' retrieved from /home/airflow/.local/lib/python3.12/site-packages/airflow/example_dags/example_latest_only.py
[2024-06-26T17:45:45.248+0000] {logging_mixin.py:188} INFO - [2024-06-26T17:45:45.248+0000] {dag.py:3096} INFO - Sync 1 DAGs
[2024-06-26T17:45:45.257+0000] {logging_mixin.py:188} INFO - [2024-06-26T17:45:45.257+0000] {dag.py:3954} INFO - Setting next_dagrun for latest_only to 2024-06-26 12:00:00+00:00, run_after=2024-06-26 16:00:00+00:00
[2024-06-26T17:45:45.264+0000] {processor.py:183} INFO - Processing /home/airflow/.local/lib/python3.12/site-packages/airflow/example_dags/example_latest_only.py took 0.030 seconds
[2024-06-26T17:46:15.678+0000] {processor.py:161} INFO - Started process (PID=2939) to work on /home/airflow/.local/lib/python3.12/site-packages/airflow/example_dags/example_latest_only.py
[2024-06-26T17:46:15.678+0000] {processor.py:830} INFO - Processing file /home/airflow/.local/lib/python3.12/site-packages/airflow/example_dags/example_latest_only.py for tasks to queue
[2024-06-26T17:46:15.679+0000] {logging_mixin.py:188} INFO - [2024-06-26T17:46:15.679+0000] {dagbag.py:545} INFO - Filling up the DagBag from /home/airflow/.local/lib/python3.12/site-packages/airflow/example_dags/example_latest_only.py
[2024-06-26T17:46:15.681+0000] {processor.py:840} INFO - DAG(s) 'latest_only' retrieved from /home/airflow/.local/lib/python3.12/site-packages/airflow/example_dags/example_latest_only.py
[2024-06-26T17:46:15.689+0000] {logging_mixin.py:188} INFO - [2024-06-26T17:46:15.689+0000] {dag.py:3096} INFO - Sync 1 DAGs
[2024-06-26T17:46:15.697+0000] {logging_mixin.py:188} INFO - [2024-06-26T17:46:15.696+0000] {dag.py:3954} INFO - Setting next_dagrun for latest_only to 2024-06-26 12:00:00+00:00, run_after=2024-06-26 16:00:00+00:00
[2024-06-26T17:46:15.703+0000] {processor.py:183} INFO - Processing /home/airflow/.local/lib/python3.12/site-packages/airflow/example_dags/example_latest_only.py took 0.027 seconds
[2024-06-26T17:46:45.909+0000] {processor.py:161} INFO - Started process (PID=3224) to work on /home/airflow/.local/lib/python3.12/site-packages/airflow/example_dags/example_latest_only.py
[2024-06-26T17:46:45.909+0000] {processor.py:830} INFO - Processing file /home/airflow/.local/lib/python3.12/site-packages/airflow/example_dags/example_latest_only.py for tasks to queue
[2024-06-26T17:46:45.910+0000] {logging_mixin.py:188} INFO - [2024-06-26T17:46:45.910+0000] {dagbag.py:545} INFO - Filling up the DagBag from /home/airflow/.local/lib/python3.12/site-packages/airflow/example_dags/example_latest_only.py
[2024-06-26T17:46:45.912+0000] {processor.py:840} INFO - DAG(s) 'latest_only' retrieved from /home/airflow/.local/lib/python3.12/site-packages/airflow/example_dags/example_latest_only.py
[2024-06-26T17:46:45.919+0000] {logging_mixin.py:188} INFO - [2024-06-26T17:46:45.919+0000] {dag.py:3096} INFO - Sync 1 DAGs
[2024-06-26T17:46:45.926+0000] {logging_mixin.py:188} INFO - [2024-06-26T17:46:45.926+0000] {dag.py:3954} INFO - Setting next_dagrun for latest_only to 2024-06-26 12:00:00+00:00, run_after=2024-06-26 16:00:00+00:00
[2024-06-26T17:46:45.932+0000] {processor.py:183} INFO - Processing /home/airflow/.local/lib/python3.12/site-packages/airflow/example_dags/example_latest_only.py took 0.025 seconds
[2024-06-26T17:47:16.159+0000] {processor.py:161} INFO - Started process (PID=3488) to work on /home/airflow/.local/lib/python3.12/site-packages/airflow/example_dags/example_latest_only.py
[2024-06-26T17:47:16.159+0000] {processor.py:830} INFO - Processing file /home/airflow/.local/lib/python3.12/site-packages/airflow/example_dags/example_latest_only.py for tasks to queue
[2024-06-26T17:47:16.160+0000] {logging_mixin.py:188} INFO - [2024-06-26T17:47:16.160+0000] {dagbag.py:545} INFO - Filling up the DagBag from /home/airflow/.local/lib/python3.12/site-packages/airflow/example_dags/example_latest_only.py
[2024-06-26T17:47:16.162+0000] {processor.py:840} INFO - DAG(s) 'latest_only' retrieved from /home/airflow/.local/lib/python3.12/site-packages/airflow/example_dags/example_latest_only.py
[2024-06-26T17:47:16.169+0000] {logging_mixin.py:188} INFO - [2024-06-26T17:47:16.169+0000] {dag.py:3096} INFO - Sync 1 DAGs
[2024-06-26T17:47:16.177+0000] {logging_mixin.py:188} INFO - [2024-06-26T17:47:16.177+0000] {dag.py:3954} INFO - Setting next_dagrun for latest_only to 2024-06-26 12:00:00+00:00, run_after=2024-06-26 16:00:00+00:00
[2024-06-26T17:47:16.183+0000] {processor.py:183} INFO - Processing /home/airflow/.local/lib/python3.12/site-packages/airflow/example_dags/example_latest_only.py took 0.027 seconds
[2024-06-26T17:47:46.404+0000] {processor.py:161} INFO - Started process (PID=3748) to work on /home/airflow/.local/lib/python3.12/site-packages/airflow/example_dags/example_latest_only.py
[2024-06-26T17:47:46.405+0000] {processor.py:830} INFO - Processing file /home/airflow/.local/lib/python3.12/site-packages/airflow/example_dags/example_latest_only.py for tasks to queue
[2024-06-26T17:47:46.406+0000] {logging_mixin.py:188} INFO - [2024-06-26T17:47:46.405+0000] {dagbag.py:545} INFO - Filling up the DagBag from /home/airflow/.local/lib/python3.12/site-packages/airflow/example_dags/example_latest_only.py
[2024-06-26T17:47:46.407+0000] {processor.py:840} INFO - DAG(s) 'latest_only' retrieved from /home/airflow/.local/lib/python3.12/site-packages/airflow/example_dags/example_latest_only.py
[2024-06-26T17:47:46.415+0000] {logging_mixin.py:188} INFO - [2024-06-26T17:47:46.415+0000] {dag.py:3096} INFO - Sync 1 DAGs
[2024-06-26T17:47:46.423+0000] {logging_mixin.py:188} INFO - [2024-06-26T17:47:46.423+0000] {dag.py:3954} INFO - Setting next_dagrun for latest_only to 2024-06-26 12:00:00+00:00, run_after=2024-06-26 16:00:00+00:00
[2024-06-26T17:47:46.428+0000] {processor.py:183} INFO - Processing /home/airflow/.local/lib/python3.12/site-packages/airflow/example_dags/example_latest_only.py took 0.026 seconds
[2024-06-26T17:48:16.707+0000] {processor.py:161} INFO - Started process (PID=4010) to work on /home/airflow/.local/lib/python3.12/site-packages/airflow/example_dags/example_latest_only.py
[2024-06-26T17:48:16.708+0000] {processor.py:830} INFO - Processing file /home/airflow/.local/lib/python3.12/site-packages/airflow/example_dags/example_latest_only.py for tasks to queue
[2024-06-26T17:48:16.708+0000] {logging_mixin.py:188} INFO - [2024-06-26T17:48:16.708+0000] {dagbag.py:545} INFO - Filling up the DagBag from /home/airflow/.local/lib/python3.12/site-packages/airflow/example_dags/example_latest_only.py
[2024-06-26T17:48:16.710+0000] {processor.py:840} INFO - DAG(s) 'latest_only' retrieved from /home/airflow/.local/lib/python3.12/site-packages/airflow/example_dags/example_latest_only.py
[2024-06-26T17:48:16.717+0000] {logging_mixin.py:188} INFO - [2024-06-26T17:48:16.717+0000] {dag.py:3096} INFO - Sync 1 DAGs
[2024-06-26T17:48:16.725+0000] {logging_mixin.py:188} INFO - [2024-06-26T17:48:16.725+0000] {dag.py:3954} INFO - Setting next_dagrun for latest_only to 2024-06-26 12:00:00+00:00, run_after=2024-06-26 16:00:00+00:00
[2024-06-26T17:48:16.731+0000] {processor.py:183} INFO - Processing /home/airflow/.local/lib/python3.12/site-packages/airflow/example_dags/example_latest_only.py took 0.026 seconds
[2024-06-26T17:48:46.982+0000] {processor.py:161} INFO - Started process (PID=4297) to work on /home/airflow/.local/lib/python3.12/site-packages/airflow/example_dags/example_latest_only.py
[2024-06-26T17:48:46.982+0000] {processor.py:830} INFO - Processing file /home/airflow/.local/lib/python3.12/site-packages/airflow/example_dags/example_latest_only.py for tasks to queue
[2024-06-26T17:48:46.983+0000] {logging_mixin.py:188} INFO - [2024-06-26T17:48:46.983+0000] {dagbag.py:545} INFO - Filling up the DagBag from /home/airflow/.local/lib/python3.12/site-packages/airflow/example_dags/example_latest_only.py
[2024-06-26T17:48:46.985+0000] {processor.py:840} INFO - DAG(s) 'latest_only' retrieved from /home/airflow/.local/lib/python3.12/site-packages/airflow/example_dags/example_latest_only.py
[2024-06-26T17:48:46.992+0000] {logging_mixin.py:188} INFO - [2024-06-26T17:48:46.992+0000] {dag.py:3096} INFO - Sync 1 DAGs
[2024-06-26T17:48:46.999+0000] {logging_mixin.py:188} INFO - [2024-06-26T17:48:46.999+0000] {dag.py:3954} INFO - Setting next_dagrun for latest_only to 2024-06-26 12:00:00+00:00, run_after=2024-06-26 16:00:00+00:00
[2024-06-26T17:48:47.006+0000] {processor.py:183} INFO - Processing /home/airflow/.local/lib/python3.12/site-packages/airflow/example_dags/example_latest_only.py took 0.026 seconds
[2024-06-26T17:49:17.238+0000] {processor.py:161} INFO - Started process (PID=4561) to work on /home/airflow/.local/lib/python3.12/site-packages/airflow/example_dags/example_latest_only.py
[2024-06-26T17:49:17.238+0000] {processor.py:830} INFO - Processing file /home/airflow/.local/lib/python3.12/site-packages/airflow/example_dags/example_latest_only.py for tasks to queue
[2024-06-26T17:49:17.239+0000] {logging_mixin.py:188} INFO - [2024-06-26T17:49:17.239+0000] {dagbag.py:545} INFO - Filling up the DagBag from /home/airflow/.local/lib/python3.12/site-packages/airflow/example_dags/example_latest_only.py
[2024-06-26T17:49:17.241+0000] {processor.py:840} INFO - DAG(s) 'latest_only' retrieved from /home/airflow/.local/lib/python3.12/site-packages/airflow/example_dags/example_latest_only.py
[2024-06-26T17:49:17.249+0000] {logging_mixin.py:188} INFO - [2024-06-26T17:49:17.249+0000] {dag.py:3096} INFO - Sync 1 DAGs
[2024-06-26T17:49:17.258+0000] {logging_mixin.py:188} INFO - [2024-06-26T17:49:17.258+0000] {dag.py:3954} INFO - Setting next_dagrun for latest_only to 2024-06-26 12:00:00+00:00, run_after=2024-06-26 16:00:00+00:00
[2024-06-26T17:49:17.265+0000] {processor.py:183} INFO - Processing /home/airflow/.local/lib/python3.12/site-packages/airflow/example_dags/example_latest_only.py took 0.030 seconds
[2024-06-26T17:49:47.513+0000] {processor.py:161} INFO - Started process (PID=4821) to work on /home/airflow/.local/lib/python3.12/site-packages/airflow/example_dags/example_latest_only.py
[2024-06-26T17:49:47.513+0000] {processor.py:830} INFO - Processing file /home/airflow/.local/lib/python3.12/site-packages/airflow/example_dags/example_latest_only.py for tasks to queue
[2024-06-26T17:49:47.514+0000] {logging_mixin.py:188} INFO - [2024-06-26T17:49:47.514+0000] {dagbag.py:545} INFO - Filling up the DagBag from /home/airflow/.local/lib/python3.12/site-packages/airflow/example_dags/example_latest_only.py
[2024-06-26T17:49:47.516+0000] {processor.py:840} INFO - DAG(s) 'latest_only' retrieved from /home/airflow/.local/lib/python3.12/site-packages/airflow/example_dags/example_latest_only.py
[2024-06-26T17:49:47.525+0000] {logging_mixin.py:188} INFO - [2024-06-26T17:49:47.525+0000] {dag.py:3096} INFO - Sync 1 DAGs
[2024-06-26T17:49:47.533+0000] {logging_mixin.py:188} INFO - [2024-06-26T17:49:47.533+0000] {dag.py:3954} INFO - Setting next_dagrun for latest_only to 2024-06-26 12:00:00+00:00, run_after=2024-06-26 16:00:00+00:00
[2024-06-26T17:49:47.539+0000] {processor.py:183} INFO - Processing /home/airflow/.local/lib/python3.12/site-packages/airflow/example_dags/example_latest_only.py took 0.029 seconds
[2024-06-26T17:50:17.852+0000] {processor.py:161} INFO - Started process (PID=5083) to work on /home/airflow/.local/lib/python3.12/site-packages/airflow/example_dags/example_latest_only.py
[2024-06-26T17:50:17.853+0000] {processor.py:830} INFO - Processing file /home/airflow/.local/lib/python3.12/site-packages/airflow/example_dags/example_latest_only.py for tasks to queue
[2024-06-26T17:50:17.854+0000] {logging_mixin.py:188} INFO - [2024-06-26T17:50:17.853+0000] {dagbag.py:545} INFO - Filling up the DagBag from /home/airflow/.local/lib/python3.12/site-packages/airflow/example_dags/example_latest_only.py
[2024-06-26T17:50:17.855+0000] {processor.py:840} INFO - DAG(s) 'latest_only' retrieved from /home/airflow/.local/lib/python3.12/site-packages/airflow/example_dags/example_latest_only.py
[2024-06-26T17:50:17.863+0000] {logging_mixin.py:188} INFO - [2024-06-26T17:50:17.863+0000] {dag.py:3096} INFO - Sync 1 DAGs
[2024-06-26T17:50:17.871+0000] {logging_mixin.py:188} INFO - [2024-06-26T17:50:17.871+0000] {dag.py:3954} INFO - Setting next_dagrun for latest_only to 2024-06-26 12:00:00+00:00, run_after=2024-06-26 16:00:00+00:00
[2024-06-26T17:50:17.878+0000] {processor.py:183} INFO - Processing /home/airflow/.local/lib/python3.12/site-packages/airflow/example_dags/example_latest_only.py took 0.028 seconds
[2024-06-26T17:50:48.318+0000] {processor.py:161} INFO - Started process (PID=5347) to work on /home/airflow/.local/lib/python3.12/site-packages/airflow/example_dags/example_latest_only.py
[2024-06-26T17:50:48.318+0000] {processor.py:830} INFO - Processing file /home/airflow/.local/lib/python3.12/site-packages/airflow/example_dags/example_latest_only.py for tasks to queue
[2024-06-26T17:50:48.319+0000] {logging_mixin.py:188} INFO - [2024-06-26T17:50:48.319+0000] {dagbag.py:545} INFO - Filling up the DagBag from /home/airflow/.local/lib/python3.12/site-packages/airflow/example_dags/example_latest_only.py
[2024-06-26T17:50:48.321+0000] {processor.py:840} INFO - DAG(s) 'latest_only' retrieved from /home/airflow/.local/lib/python3.12/site-packages/airflow/example_dags/example_latest_only.py
[2024-06-26T17:50:48.328+0000] {logging_mixin.py:188} INFO - [2024-06-26T17:50:48.328+0000] {dag.py:3096} INFO - Sync 1 DAGs
[2024-06-26T17:50:48.336+0000] {logging_mixin.py:188} INFO - [2024-06-26T17:50:48.336+0000] {dag.py:3954} INFO - Setting next_dagrun for latest_only to 2024-06-26 12:00:00+00:00, run_after=2024-06-26 16:00:00+00:00
[2024-06-26T17:50:48.342+0000] {processor.py:183} INFO - Processing /home/airflow/.local/lib/python3.12/site-packages/airflow/example_dags/example_latest_only.py took 0.027 seconds
