[2024-06-26T17:41:12.117+0000] {processor.py:161} INFO - Started process (PID=347) to work on /home/airflow/.local/lib/python3.12/site-packages/airflow/example_dags/example_setup_teardown.py
[2024-06-26T17:41:12.117+0000] {processor.py:830} INFO - Processing file /home/airflow/.local/lib/python3.12/site-packages/airflow/example_dags/example_setup_teardown.py for tasks to queue
[2024-06-26T17:41:12.118+0000] {logging_mixin.py:188} INFO - [2024-06-26T17:41:12.118+0000] {dagbag.py:545} INFO - Filling up the DagBag from /home/airflow/.local/lib/python3.12/site-packages/airflow/example_dags/example_setup_teardown.py
[2024-06-26T17:41:12.121+0000] {processor.py:840} INFO - DAG(s) 'example_setup_teardown' retrieved from /home/airflow/.local/lib/python3.12/site-packages/airflow/example_dags/example_setup_teardown.py
[2024-06-26T17:41:12.125+0000] {logging_mixin.py:188} INFO - [2024-06-26T17:41:12.125+0000] {dag.py:3096} INFO - Sync 1 DAGs
[2024-06-26T17:41:12.134+0000] {logging_mixin.py:188} INFO - [2024-06-26T17:41:12.134+0000] {dag.py:3954} INFO - Setting next_dagrun for example_setup_teardown to 2024-06-25 00:00:00+00:00, run_after=2024-06-26 00:00:00+00:00
[2024-06-26T17:41:12.141+0000] {processor.py:183} INFO - Processing /home/airflow/.local/lib/python3.12/site-packages/airflow/example_dags/example_setup_teardown.py took 0.026 seconds
[2024-06-26T17:41:42.767+0000] {processor.py:161} INFO - Started process (PID=611) to work on /home/airflow/.local/lib/python3.12/site-packages/airflow/example_dags/example_setup_teardown.py
[2024-06-26T17:41:42.768+0000] {processor.py:830} INFO - Processing file /home/airflow/.local/lib/python3.12/site-packages/airflow/example_dags/example_setup_teardown.py for tasks to queue
[2024-06-26T17:41:42.768+0000] {logging_mixin.py:188} INFO - [2024-06-26T17:41:42.768+0000] {dagbag.py:545} INFO - Filling up the DagBag from /home/airflow/.local/lib/python3.12/site-packages/airflow/example_dags/example_setup_teardown.py
[2024-06-26T17:41:42.771+0000] {processor.py:840} INFO - DAG(s) 'example_setup_teardown' retrieved from /home/airflow/.local/lib/python3.12/site-packages/airflow/example_dags/example_setup_teardown.py
[2024-06-26T17:41:42.805+0000] {logging_mixin.py:188} INFO - [2024-06-26T17:41:42.805+0000] {dag.py:3096} INFO - Sync 1 DAGs
[2024-06-26T17:41:42.812+0000] {logging_mixin.py:188} INFO - [2024-06-26T17:41:42.812+0000] {dag.py:3954} INFO - Setting next_dagrun for example_setup_teardown to 2024-06-25 00:00:00+00:00, run_after=2024-06-26 00:00:00+00:00
[2024-06-26T17:41:42.818+0000] {processor.py:183} INFO - Processing /home/airflow/.local/lib/python3.12/site-packages/airflow/example_dags/example_setup_teardown.py took 0.053 seconds
[2024-06-26T17:42:13.174+0000] {processor.py:161} INFO - Started process (PID=873) to work on /home/airflow/.local/lib/python3.12/site-packages/airflow/example_dags/example_setup_teardown.py
[2024-06-26T17:42:13.175+0000] {processor.py:830} INFO - Processing file /home/airflow/.local/lib/python3.12/site-packages/airflow/example_dags/example_setup_teardown.py for tasks to queue
[2024-06-26T17:42:13.175+0000] {logging_mixin.py:188} INFO - [2024-06-26T17:42:13.175+0000] {dagbag.py:545} INFO - Filling up the DagBag from /home/airflow/.local/lib/python3.12/site-packages/airflow/example_dags/example_setup_teardown.py
[2024-06-26T17:42:13.177+0000] {processor.py:840} INFO - DAG(s) 'example_setup_teardown' retrieved from /home/airflow/.local/lib/python3.12/site-packages/airflow/example_dags/example_setup_teardown.py
[2024-06-26T17:42:13.184+0000] {logging_mixin.py:188} INFO - [2024-06-26T17:42:13.184+0000] {dag.py:3096} INFO - Sync 1 DAGs
[2024-06-26T17:42:13.191+0000] {logging_mixin.py:188} INFO - [2024-06-26T17:42:13.191+0000] {dag.py:3954} INFO - Setting next_dagrun for example_setup_teardown to 2024-06-25 00:00:00+00:00, run_after=2024-06-26 00:00:00+00:00
[2024-06-26T17:42:13.197+0000] {processor.py:183} INFO - Processing /home/airflow/.local/lib/python3.12/site-packages/airflow/example_dags/example_setup_teardown.py took 0.025 seconds
[2024-06-26T17:42:43.457+0000] {processor.py:161} INFO - Started process (PID=1133) to work on /home/airflow/.local/lib/python3.12/site-packages/airflow/example_dags/example_setup_teardown.py
[2024-06-26T17:42:43.458+0000] {processor.py:830} INFO - Processing file /home/airflow/.local/lib/python3.12/site-packages/airflow/example_dags/example_setup_teardown.py for tasks to queue
[2024-06-26T17:42:43.458+0000] {logging_mixin.py:188} INFO - [2024-06-26T17:42:43.458+0000] {dagbag.py:545} INFO - Filling up the DagBag from /home/airflow/.local/lib/python3.12/site-packages/airflow/example_dags/example_setup_teardown.py
[2024-06-26T17:42:43.461+0000] {processor.py:840} INFO - DAG(s) 'example_setup_teardown' retrieved from /home/airflow/.local/lib/python3.12/site-packages/airflow/example_dags/example_setup_teardown.py
[2024-06-26T17:42:43.468+0000] {logging_mixin.py:188} INFO - [2024-06-26T17:42:43.468+0000] {dag.py:3096} INFO - Sync 1 DAGs
[2024-06-26T17:42:43.475+0000] {logging_mixin.py:188} INFO - [2024-06-26T17:42:43.475+0000] {dag.py:3954} INFO - Setting next_dagrun for example_setup_teardown to 2024-06-25 00:00:00+00:00, run_after=2024-06-26 00:00:00+00:00
[2024-06-26T17:42:43.481+0000] {processor.py:183} INFO - Processing /home/airflow/.local/lib/python3.12/site-packages/airflow/example_dags/example_setup_teardown.py took 0.027 seconds
[2024-06-26T17:43:13.831+0000] {processor.py:161} INFO - Started process (PID=1397) to work on /home/airflow/.local/lib/python3.12/site-packages/airflow/example_dags/example_setup_teardown.py
[2024-06-26T17:43:13.832+0000] {processor.py:830} INFO - Processing file /home/airflow/.local/lib/python3.12/site-packages/airflow/example_dags/example_setup_teardown.py for tasks to queue
[2024-06-26T17:43:13.833+0000] {logging_mixin.py:188} INFO - [2024-06-26T17:43:13.832+0000] {dagbag.py:545} INFO - Filling up the DagBag from /home/airflow/.local/lib/python3.12/site-packages/airflow/example_dags/example_setup_teardown.py
[2024-06-26T17:43:13.835+0000] {processor.py:840} INFO - DAG(s) 'example_setup_teardown' retrieved from /home/airflow/.local/lib/python3.12/site-packages/airflow/example_dags/example_setup_teardown.py
[2024-06-26T17:43:13.845+0000] {logging_mixin.py:188} INFO - [2024-06-26T17:43:13.845+0000] {dag.py:3096} INFO - Sync 1 DAGs
[2024-06-26T17:43:13.854+0000] {logging_mixin.py:188} INFO - [2024-06-26T17:43:13.854+0000] {dag.py:3954} INFO - Setting next_dagrun for example_setup_teardown to 2024-06-25 00:00:00+00:00, run_after=2024-06-26 00:00:00+00:00
[2024-06-26T17:43:13.861+0000] {processor.py:183} INFO - Processing /home/airflow/.local/lib/python3.12/site-packages/airflow/example_dags/example_setup_teardown.py took 0.033 seconds
[2024-06-26T17:43:44.227+0000] {processor.py:161} INFO - Started process (PID=1657) to work on /home/airflow/.local/lib/python3.12/site-packages/airflow/example_dags/example_setup_teardown.py
[2024-06-26T17:43:44.228+0000] {processor.py:830} INFO - Processing file /home/airflow/.local/lib/python3.12/site-packages/airflow/example_dags/example_setup_teardown.py for tasks to queue
[2024-06-26T17:43:44.228+0000] {logging_mixin.py:188} INFO - [2024-06-26T17:43:44.228+0000] {dagbag.py:545} INFO - Filling up the DagBag from /home/airflow/.local/lib/python3.12/site-packages/airflow/example_dags/example_setup_teardown.py
[2024-06-26T17:43:44.230+0000] {processor.py:840} INFO - DAG(s) 'example_setup_teardown' retrieved from /home/airflow/.local/lib/python3.12/site-packages/airflow/example_dags/example_setup_teardown.py
[2024-06-26T17:43:44.238+0000] {logging_mixin.py:188} INFO - [2024-06-26T17:43:44.238+0000] {dag.py:3096} INFO - Sync 1 DAGs
[2024-06-26T17:43:44.245+0000] {logging_mixin.py:188} INFO - [2024-06-26T17:43:44.245+0000] {dag.py:3954} INFO - Setting next_dagrun for example_setup_teardown to 2024-06-25 00:00:00+00:00, run_after=2024-06-26 00:00:00+00:00
[2024-06-26T17:43:44.251+0000] {processor.py:183} INFO - Processing /home/airflow/.local/lib/python3.12/site-packages/airflow/example_dags/example_setup_teardown.py took 0.026 seconds
[2024-06-26T17:44:14.399+0000] {processor.py:161} INFO - Started process (PID=1919) to work on /home/airflow/.local/lib/python3.12/site-packages/airflow/example_dags/example_setup_teardown.py
[2024-06-26T17:44:14.400+0000] {processor.py:830} INFO - Processing file /home/airflow/.local/lib/python3.12/site-packages/airflow/example_dags/example_setup_teardown.py for tasks to queue
[2024-06-26T17:44:14.400+0000] {logging_mixin.py:188} INFO - [2024-06-26T17:44:14.400+0000] {dagbag.py:545} INFO - Filling up the DagBag from /home/airflow/.local/lib/python3.12/site-packages/airflow/example_dags/example_setup_teardown.py
[2024-06-26T17:44:14.402+0000] {processor.py:840} INFO - DAG(s) 'example_setup_teardown' retrieved from /home/airflow/.local/lib/python3.12/site-packages/airflow/example_dags/example_setup_teardown.py
[2024-06-26T17:44:14.409+0000] {logging_mixin.py:188} INFO - [2024-06-26T17:44:14.409+0000] {dag.py:3096} INFO - Sync 1 DAGs
[2024-06-26T17:44:14.417+0000] {logging_mixin.py:188} INFO - [2024-06-26T17:44:14.416+0000] {dag.py:3954} INFO - Setting next_dagrun for example_setup_teardown to 2024-06-25 00:00:00+00:00, run_after=2024-06-26 00:00:00+00:00
[2024-06-26T17:44:14.423+0000] {processor.py:183} INFO - Processing /home/airflow/.local/lib/python3.12/site-packages/airflow/example_dags/example_setup_teardown.py took 0.026 seconds
[2024-06-26T17:44:44.715+0000] {processor.py:161} INFO - Started process (PID=2181) to work on /home/airflow/.local/lib/python3.12/site-packages/airflow/example_dags/example_setup_teardown.py
[2024-06-26T17:44:44.716+0000] {processor.py:830} INFO - Processing file /home/airflow/.local/lib/python3.12/site-packages/airflow/example_dags/example_setup_teardown.py for tasks to queue
[2024-06-26T17:44:44.716+0000] {logging_mixin.py:188} INFO - [2024-06-26T17:44:44.716+0000] {dagbag.py:545} INFO - Filling up the DagBag from /home/airflow/.local/lib/python3.12/site-packages/airflow/example_dags/example_setup_teardown.py
[2024-06-26T17:44:44.719+0000] {processor.py:840} INFO - DAG(s) 'example_setup_teardown' retrieved from /home/airflow/.local/lib/python3.12/site-packages/airflow/example_dags/example_setup_teardown.py
[2024-06-26T17:44:44.726+0000] {logging_mixin.py:188} INFO - [2024-06-26T17:44:44.725+0000] {dag.py:3096} INFO - Sync 1 DAGs
[2024-06-26T17:44:44.733+0000] {logging_mixin.py:188} INFO - [2024-06-26T17:44:44.733+0000] {dag.py:3954} INFO - Setting next_dagrun for example_setup_teardown to 2024-06-25 00:00:00+00:00, run_after=2024-06-26 00:00:00+00:00
[2024-06-26T17:44:44.739+0000] {processor.py:183} INFO - Processing /home/airflow/.local/lib/python3.12/site-packages/airflow/example_dags/example_setup_teardown.py took 0.026 seconds
[2024-06-26T17:45:14.939+0000] {processor.py:161} INFO - Started process (PID=2443) to work on /home/airflow/.local/lib/python3.12/site-packages/airflow/example_dags/example_setup_teardown.py
[2024-06-26T17:45:14.940+0000] {processor.py:830} INFO - Processing file /home/airflow/.local/lib/python3.12/site-packages/airflow/example_dags/example_setup_teardown.py for tasks to queue
[2024-06-26T17:45:14.941+0000] {logging_mixin.py:188} INFO - [2024-06-26T17:45:14.940+0000] {dagbag.py:545} INFO - Filling up the DagBag from /home/airflow/.local/lib/python3.12/site-packages/airflow/example_dags/example_setup_teardown.py
[2024-06-26T17:45:14.943+0000] {processor.py:840} INFO - DAG(s) 'example_setup_teardown' retrieved from /home/airflow/.local/lib/python3.12/site-packages/airflow/example_dags/example_setup_teardown.py
[2024-06-26T17:45:14.951+0000] {logging_mixin.py:188} INFO - [2024-06-26T17:45:14.951+0000] {dag.py:3096} INFO - Sync 1 DAGs
[2024-06-26T17:45:14.959+0000] {logging_mixin.py:188} INFO - [2024-06-26T17:45:14.959+0000] {dag.py:3954} INFO - Setting next_dagrun for example_setup_teardown to 2024-06-25 00:00:00+00:00, run_after=2024-06-26 00:00:00+00:00
[2024-06-26T17:45:14.966+0000] {processor.py:183} INFO - Processing /home/airflow/.local/lib/python3.12/site-packages/airflow/example_dags/example_setup_teardown.py took 0.029 seconds
[2024-06-26T17:45:45.368+0000] {processor.py:161} INFO - Started process (PID=2705) to work on /home/airflow/.local/lib/python3.12/site-packages/airflow/example_dags/example_setup_teardown.py
[2024-06-26T17:45:45.369+0000] {processor.py:830} INFO - Processing file /home/airflow/.local/lib/python3.12/site-packages/airflow/example_dags/example_setup_teardown.py for tasks to queue
[2024-06-26T17:45:45.370+0000] {logging_mixin.py:188} INFO - [2024-06-26T17:45:45.370+0000] {dagbag.py:545} INFO - Filling up the DagBag from /home/airflow/.local/lib/python3.12/site-packages/airflow/example_dags/example_setup_teardown.py
[2024-06-26T17:45:45.373+0000] {processor.py:840} INFO - DAG(s) 'example_setup_teardown' retrieved from /home/airflow/.local/lib/python3.12/site-packages/airflow/example_dags/example_setup_teardown.py
[2024-06-26T17:45:45.381+0000] {logging_mixin.py:188} INFO - [2024-06-26T17:45:45.381+0000] {dag.py:3096} INFO - Sync 1 DAGs
[2024-06-26T17:45:45.390+0000] {logging_mixin.py:188} INFO - [2024-06-26T17:45:45.390+0000] {dag.py:3954} INFO - Setting next_dagrun for example_setup_teardown to 2024-06-25 00:00:00+00:00, run_after=2024-06-26 00:00:00+00:00
[2024-06-26T17:45:45.398+0000] {processor.py:183} INFO - Processing /home/airflow/.local/lib/python3.12/site-packages/airflow/example_dags/example_setup_teardown.py took 0.032 seconds
[2024-06-26T17:46:15.783+0000] {processor.py:161} INFO - Started process (PID=2967) to work on /home/airflow/.local/lib/python3.12/site-packages/airflow/example_dags/example_setup_teardown.py
[2024-06-26T17:46:15.784+0000] {processor.py:830} INFO - Processing file /home/airflow/.local/lib/python3.12/site-packages/airflow/example_dags/example_setup_teardown.py for tasks to queue
[2024-06-26T17:46:15.784+0000] {logging_mixin.py:188} INFO - [2024-06-26T17:46:15.784+0000] {dagbag.py:545} INFO - Filling up the DagBag from /home/airflow/.local/lib/python3.12/site-packages/airflow/example_dags/example_setup_teardown.py
[2024-06-26T17:46:15.787+0000] {processor.py:840} INFO - DAG(s) 'example_setup_teardown' retrieved from /home/airflow/.local/lib/python3.12/site-packages/airflow/example_dags/example_setup_teardown.py
[2024-06-26T17:46:15.793+0000] {logging_mixin.py:188} INFO - [2024-06-26T17:46:15.793+0000] {dag.py:3096} INFO - Sync 1 DAGs
[2024-06-26T17:46:15.801+0000] {logging_mixin.py:188} INFO - [2024-06-26T17:46:15.801+0000] {dag.py:3954} INFO - Setting next_dagrun for example_setup_teardown to 2024-06-25 00:00:00+00:00, run_after=2024-06-26 00:00:00+00:00
[2024-06-26T17:46:15.807+0000] {processor.py:183} INFO - Processing /home/airflow/.local/lib/python3.12/site-packages/airflow/example_dags/example_setup_teardown.py took 0.026 seconds
[2024-06-26T17:46:46.010+0000] {processor.py:161} INFO - Started process (PID=3254) to work on /home/airflow/.local/lib/python3.12/site-packages/airflow/example_dags/example_setup_teardown.py
[2024-06-26T17:46:46.010+0000] {processor.py:830} INFO - Processing file /home/airflow/.local/lib/python3.12/site-packages/airflow/example_dags/example_setup_teardown.py for tasks to queue
[2024-06-26T17:46:46.011+0000] {logging_mixin.py:188} INFO - [2024-06-26T17:46:46.011+0000] {dagbag.py:545} INFO - Filling up the DagBag from /home/airflow/.local/lib/python3.12/site-packages/airflow/example_dags/example_setup_teardown.py
[2024-06-26T17:46:46.013+0000] {processor.py:840} INFO - DAG(s) 'example_setup_teardown' retrieved from /home/airflow/.local/lib/python3.12/site-packages/airflow/example_dags/example_setup_teardown.py
[2024-06-26T17:46:46.020+0000] {logging_mixin.py:188} INFO - [2024-06-26T17:46:46.020+0000] {dag.py:3096} INFO - Sync 1 DAGs
[2024-06-26T17:46:46.028+0000] {logging_mixin.py:188} INFO - [2024-06-26T17:46:46.028+0000] {dag.py:3954} INFO - Setting next_dagrun for example_setup_teardown to 2024-06-25 00:00:00+00:00, run_after=2024-06-26 00:00:00+00:00
[2024-06-26T17:46:46.034+0000] {processor.py:183} INFO - Processing /home/airflow/.local/lib/python3.12/site-packages/airflow/example_dags/example_setup_teardown.py took 0.026 seconds
[2024-06-26T17:47:16.288+0000] {processor.py:161} INFO - Started process (PID=3518) to work on /home/airflow/.local/lib/python3.12/site-packages/airflow/example_dags/example_setup_teardown.py
[2024-06-26T17:47:16.289+0000] {processor.py:830} INFO - Processing file /home/airflow/.local/lib/python3.12/site-packages/airflow/example_dags/example_setup_teardown.py for tasks to queue
[2024-06-26T17:47:16.289+0000] {logging_mixin.py:188} INFO - [2024-06-26T17:47:16.289+0000] {dagbag.py:545} INFO - Filling up the DagBag from /home/airflow/.local/lib/python3.12/site-packages/airflow/example_dags/example_setup_teardown.py
[2024-06-26T17:47:16.292+0000] {processor.py:840} INFO - DAG(s) 'example_setup_teardown' retrieved from /home/airflow/.local/lib/python3.12/site-packages/airflow/example_dags/example_setup_teardown.py
[2024-06-26T17:47:16.299+0000] {logging_mixin.py:188} INFO - [2024-06-26T17:47:16.299+0000] {dag.py:3096} INFO - Sync 1 DAGs
[2024-06-26T17:47:16.307+0000] {logging_mixin.py:188} INFO - [2024-06-26T17:47:16.307+0000] {dag.py:3954} INFO - Setting next_dagrun for example_setup_teardown to 2024-06-25 00:00:00+00:00, run_after=2024-06-26 00:00:00+00:00
[2024-06-26T17:47:16.313+0000] {processor.py:183} INFO - Processing /home/airflow/.local/lib/python3.12/site-packages/airflow/example_dags/example_setup_teardown.py took 0.027 seconds
[2024-06-26T17:47:46.508+0000] {processor.py:161} INFO - Started process (PID=3778) to work on /home/airflow/.local/lib/python3.12/site-packages/airflow/example_dags/example_setup_teardown.py
[2024-06-26T17:47:46.508+0000] {processor.py:830} INFO - Processing file /home/airflow/.local/lib/python3.12/site-packages/airflow/example_dags/example_setup_teardown.py for tasks to queue
[2024-06-26T17:47:46.509+0000] {logging_mixin.py:188} INFO - [2024-06-26T17:47:46.509+0000] {dagbag.py:545} INFO - Filling up the DagBag from /home/airflow/.local/lib/python3.12/site-packages/airflow/example_dags/example_setup_teardown.py
[2024-06-26T17:47:46.511+0000] {processor.py:840} INFO - DAG(s) 'example_setup_teardown' retrieved from /home/airflow/.local/lib/python3.12/site-packages/airflow/example_dags/example_setup_teardown.py
[2024-06-26T17:47:46.519+0000] {logging_mixin.py:188} INFO - [2024-06-26T17:47:46.519+0000] {dag.py:3096} INFO - Sync 1 DAGs
[2024-06-26T17:47:46.527+0000] {logging_mixin.py:188} INFO - [2024-06-26T17:47:46.527+0000] {dag.py:3954} INFO - Setting next_dagrun for example_setup_teardown to 2024-06-25 00:00:00+00:00, run_after=2024-06-26 00:00:00+00:00
[2024-06-26T17:47:46.533+0000] {processor.py:183} INFO - Processing /home/airflow/.local/lib/python3.12/site-packages/airflow/example_dags/example_setup_teardown.py took 0.027 seconds
[2024-06-26T17:48:16.837+0000] {processor.py:161} INFO - Started process (PID=4040) to work on /home/airflow/.local/lib/python3.12/site-packages/airflow/example_dags/example_setup_teardown.py
[2024-06-26T17:48:16.837+0000] {processor.py:830} INFO - Processing file /home/airflow/.local/lib/python3.12/site-packages/airflow/example_dags/example_setup_teardown.py for tasks to queue
[2024-06-26T17:48:16.838+0000] {logging_mixin.py:188} INFO - [2024-06-26T17:48:16.838+0000] {dagbag.py:545} INFO - Filling up the DagBag from /home/airflow/.local/lib/python3.12/site-packages/airflow/example_dags/example_setup_teardown.py
[2024-06-26T17:48:16.840+0000] {processor.py:840} INFO - DAG(s) 'example_setup_teardown' retrieved from /home/airflow/.local/lib/python3.12/site-packages/airflow/example_dags/example_setup_teardown.py
[2024-06-26T17:48:16.847+0000] {logging_mixin.py:188} INFO - [2024-06-26T17:48:16.847+0000] {dag.py:3096} INFO - Sync 1 DAGs
[2024-06-26T17:48:16.854+0000] {logging_mixin.py:188} INFO - [2024-06-26T17:48:16.854+0000] {dag.py:3954} INFO - Setting next_dagrun for example_setup_teardown to 2024-06-25 00:00:00+00:00, run_after=2024-06-26 00:00:00+00:00
[2024-06-26T17:48:16.860+0000] {processor.py:183} INFO - Processing /home/airflow/.local/lib/python3.12/site-packages/airflow/example_dags/example_setup_teardown.py took 0.025 seconds
[2024-06-26T17:48:47.085+0000] {processor.py:161} INFO - Started process (PID=4327) to work on /home/airflow/.local/lib/python3.12/site-packages/airflow/example_dags/example_setup_teardown.py
[2024-06-26T17:48:47.085+0000] {processor.py:830} INFO - Processing file /home/airflow/.local/lib/python3.12/site-packages/airflow/example_dags/example_setup_teardown.py for tasks to queue
[2024-06-26T17:48:47.086+0000] {logging_mixin.py:188} INFO - [2024-06-26T17:48:47.086+0000] {dagbag.py:545} INFO - Filling up the DagBag from /home/airflow/.local/lib/python3.12/site-packages/airflow/example_dags/example_setup_teardown.py
[2024-06-26T17:48:47.088+0000] {processor.py:840} INFO - DAG(s) 'example_setup_teardown' retrieved from /home/airflow/.local/lib/python3.12/site-packages/airflow/example_dags/example_setup_teardown.py
[2024-06-26T17:48:47.095+0000] {logging_mixin.py:188} INFO - [2024-06-26T17:48:47.095+0000] {dag.py:3096} INFO - Sync 1 DAGs
[2024-06-26T17:48:47.102+0000] {logging_mixin.py:188} INFO - [2024-06-26T17:48:47.102+0000] {dag.py:3954} INFO - Setting next_dagrun for example_setup_teardown to 2024-06-25 00:00:00+00:00, run_after=2024-06-26 00:00:00+00:00
[2024-06-26T17:48:47.109+0000] {processor.py:183} INFO - Processing /home/airflow/.local/lib/python3.12/site-packages/airflow/example_dags/example_setup_teardown.py took 0.026 seconds
[2024-06-26T17:49:17.348+0000] {processor.py:161} INFO - Started process (PID=4591) to work on /home/airflow/.local/lib/python3.12/site-packages/airflow/example_dags/example_setup_teardown.py
[2024-06-26T17:49:17.348+0000] {processor.py:830} INFO - Processing file /home/airflow/.local/lib/python3.12/site-packages/airflow/example_dags/example_setup_teardown.py for tasks to queue
[2024-06-26T17:49:17.349+0000] {logging_mixin.py:188} INFO - [2024-06-26T17:49:17.349+0000] {dagbag.py:545} INFO - Filling up the DagBag from /home/airflow/.local/lib/python3.12/site-packages/airflow/example_dags/example_setup_teardown.py
[2024-06-26T17:49:17.352+0000] {processor.py:840} INFO - DAG(s) 'example_setup_teardown' retrieved from /home/airflow/.local/lib/python3.12/site-packages/airflow/example_dags/example_setup_teardown.py
[2024-06-26T17:49:17.360+0000] {logging_mixin.py:188} INFO - [2024-06-26T17:49:17.359+0000] {dag.py:3096} INFO - Sync 1 DAGs
[2024-06-26T17:49:17.367+0000] {logging_mixin.py:188} INFO - [2024-06-26T17:49:17.367+0000] {dag.py:3954} INFO - Setting next_dagrun for example_setup_teardown to 2024-06-25 00:00:00+00:00, run_after=2024-06-26 00:00:00+00:00
[2024-06-26T17:49:17.374+0000] {processor.py:183} INFO - Processing /home/airflow/.local/lib/python3.12/site-packages/airflow/example_dags/example_setup_teardown.py took 0.028 seconds
[2024-06-26T17:49:47.624+0000] {processor.py:161} INFO - Started process (PID=4853) to work on /home/airflow/.local/lib/python3.12/site-packages/airflow/example_dags/example_setup_teardown.py
[2024-06-26T17:49:47.624+0000] {processor.py:830} INFO - Processing file /home/airflow/.local/lib/python3.12/site-packages/airflow/example_dags/example_setup_teardown.py for tasks to queue
[2024-06-26T17:49:47.625+0000] {logging_mixin.py:188} INFO - [2024-06-26T17:49:47.625+0000] {dagbag.py:545} INFO - Filling up the DagBag from /home/airflow/.local/lib/python3.12/site-packages/airflow/example_dags/example_setup_teardown.py
[2024-06-26T17:49:47.627+0000] {processor.py:840} INFO - DAG(s) 'example_setup_teardown' retrieved from /home/airflow/.local/lib/python3.12/site-packages/airflow/example_dags/example_setup_teardown.py
[2024-06-26T17:49:47.635+0000] {logging_mixin.py:188} INFO - [2024-06-26T17:49:47.635+0000] {dag.py:3096} INFO - Sync 1 DAGs
[2024-06-26T17:49:47.643+0000] {logging_mixin.py:188} INFO - [2024-06-26T17:49:47.642+0000] {dag.py:3954} INFO - Setting next_dagrun for example_setup_teardown to 2024-06-25 00:00:00+00:00, run_after=2024-06-26 00:00:00+00:00
[2024-06-26T17:49:47.649+0000] {processor.py:183} INFO - Processing /home/airflow/.local/lib/python3.12/site-packages/airflow/example_dags/example_setup_teardown.py took 0.027 seconds
[2024-06-26T17:50:17.961+0000] {processor.py:161} INFO - Started process (PID=5115) to work on /home/airflow/.local/lib/python3.12/site-packages/airflow/example_dags/example_setup_teardown.py
[2024-06-26T17:50:17.962+0000] {processor.py:830} INFO - Processing file /home/airflow/.local/lib/python3.12/site-packages/airflow/example_dags/example_setup_teardown.py for tasks to queue
[2024-06-26T17:50:17.962+0000] {logging_mixin.py:188} INFO - [2024-06-26T17:50:17.962+0000] {dagbag.py:545} INFO - Filling up the DagBag from /home/airflow/.local/lib/python3.12/site-packages/airflow/example_dags/example_setup_teardown.py
[2024-06-26T17:50:17.965+0000] {processor.py:840} INFO - DAG(s) 'example_setup_teardown' retrieved from /home/airflow/.local/lib/python3.12/site-packages/airflow/example_dags/example_setup_teardown.py
[2024-06-26T17:50:17.973+0000] {logging_mixin.py:188} INFO - [2024-06-26T17:50:17.973+0000] {dag.py:3096} INFO - Sync 1 DAGs
[2024-06-26T17:50:17.980+0000] {logging_mixin.py:188} INFO - [2024-06-26T17:50:17.980+0000] {dag.py:3954} INFO - Setting next_dagrun for example_setup_teardown to 2024-06-25 00:00:00+00:00, run_after=2024-06-26 00:00:00+00:00
[2024-06-26T17:50:17.987+0000] {processor.py:183} INFO - Processing /home/airflow/.local/lib/python3.12/site-packages/airflow/example_dags/example_setup_teardown.py took 0.028 seconds
[2024-06-26T17:50:48.421+0000] {processor.py:161} INFO - Started process (PID=5375) to work on /home/airflow/.local/lib/python3.12/site-packages/airflow/example_dags/example_setup_teardown.py
[2024-06-26T17:50:48.422+0000] {processor.py:830} INFO - Processing file /home/airflow/.local/lib/python3.12/site-packages/airflow/example_dags/example_setup_teardown.py for tasks to queue
[2024-06-26T17:50:48.422+0000] {logging_mixin.py:188} INFO - [2024-06-26T17:50:48.422+0000] {dagbag.py:545} INFO - Filling up the DagBag from /home/airflow/.local/lib/python3.12/site-packages/airflow/example_dags/example_setup_teardown.py
[2024-06-26T17:50:48.425+0000] {processor.py:840} INFO - DAG(s) 'example_setup_teardown' retrieved from /home/airflow/.local/lib/python3.12/site-packages/airflow/example_dags/example_setup_teardown.py
[2024-06-26T17:50:48.431+0000] {logging_mixin.py:188} INFO - [2024-06-26T17:50:48.431+0000] {dag.py:3096} INFO - Sync 1 DAGs
[2024-06-26T17:50:48.439+0000] {logging_mixin.py:188} INFO - [2024-06-26T17:50:48.439+0000] {dag.py:3954} INFO - Setting next_dagrun for example_setup_teardown to 2024-06-25 00:00:00+00:00, run_after=2024-06-26 00:00:00+00:00
[2024-06-26T17:50:48.445+0000] {processor.py:183} INFO - Processing /home/airflow/.local/lib/python3.12/site-packages/airflow/example_dags/example_setup_teardown.py took 0.025 seconds
