[2024-06-26T17:41:12.042+0000] {processor.py:161} INFO - Started process (PID=332) to work on /home/airflow/.local/lib/python3.12/site-packages/airflow/example_dags/example_xcomargs.py
[2024-06-26T17:41:12.043+0000] {processor.py:830} INFO - Processing file /home/airflow/.local/lib/python3.12/site-packages/airflow/example_dags/example_xcomargs.py for tasks to queue
[2024-06-26T17:41:12.043+0000] {logging_mixin.py:188} INFO - [2024-06-26T17:41:12.043+0000] {dagbag.py:545} INFO - Filling up the DagBag from /home/airflow/.local/lib/python3.12/site-packages/airflow/example_dags/example_xcomargs.py
[2024-06-26T17:41:12.047+0000] {processor.py:840} INFO - DAG(s) 'example_xcom_args_with_operators', 'example_xcom_args' retrieved from /home/airflow/.local/lib/python3.12/site-packages/airflow/example_dags/example_xcomargs.py
[2024-06-26T17:41:12.053+0000] {logging_mixin.py:188} INFO - [2024-06-26T17:41:12.053+0000] {dag.py:3096} INFO - Sync 2 DAGs
[2024-06-26T17:41:12.058+0000] {logging_mixin.py:188} INFO - [2024-06-26T17:41:12.058+0000] {dag.py:3954} INFO - Setting next_dagrun for example_xcom_args to None, run_after=None
[2024-06-26T17:41:12.060+0000] {logging_mixin.py:188} INFO - [2024-06-26T17:41:12.060+0000] {dag.py:3954} INFO - Setting next_dagrun for example_xcom_args_with_operators to None, run_after=None
[2024-06-26T17:41:12.067+0000] {processor.py:183} INFO - Processing /home/airflow/.local/lib/python3.12/site-packages/airflow/example_dags/example_xcomargs.py took 0.027 seconds
[2024-06-26T17:41:42.637+0000] {processor.py:161} INFO - Started process (PID=596) to work on /home/airflow/.local/lib/python3.12/site-packages/airflow/example_dags/example_xcomargs.py
[2024-06-26T17:41:42.637+0000] {processor.py:830} INFO - Processing file /home/airflow/.local/lib/python3.12/site-packages/airflow/example_dags/example_xcomargs.py for tasks to queue
[2024-06-26T17:41:42.638+0000] {logging_mixin.py:188} INFO - [2024-06-26T17:41:42.638+0000] {dagbag.py:545} INFO - Filling up the DagBag from /home/airflow/.local/lib/python3.12/site-packages/airflow/example_dags/example_xcomargs.py
[2024-06-26T17:41:42.642+0000] {processor.py:840} INFO - DAG(s) 'example_xcom_args', 'example_xcom_args_with_operators' retrieved from /home/airflow/.local/lib/python3.12/site-packages/airflow/example_dags/example_xcomargs.py
[2024-06-26T17:41:42.685+0000] {logging_mixin.py:188} INFO - [2024-06-26T17:41:42.685+0000] {dag.py:3096} INFO - Sync 2 DAGs
[2024-06-26T17:41:42.689+0000] {logging_mixin.py:188} INFO - [2024-06-26T17:41:42.689+0000] {dag.py:3954} INFO - Setting next_dagrun for example_xcom_args to None, run_after=None
[2024-06-26T17:41:42.690+0000] {logging_mixin.py:188} INFO - [2024-06-26T17:41:42.690+0000] {dag.py:3954} INFO - Setting next_dagrun for example_xcom_args_with_operators to None, run_after=None
[2024-06-26T17:41:42.696+0000] {processor.py:183} INFO - Processing /home/airflow/.local/lib/python3.12/site-packages/airflow/example_dags/example_xcomargs.py took 0.062 seconds
[2024-06-26T17:42:13.109+0000] {processor.py:161} INFO - Started process (PID=856) to work on /home/airflow/.local/lib/python3.12/site-packages/airflow/example_dags/example_xcomargs.py
[2024-06-26T17:42:13.110+0000] {processor.py:830} INFO - Processing file /home/airflow/.local/lib/python3.12/site-packages/airflow/example_dags/example_xcomargs.py for tasks to queue
[2024-06-26T17:42:13.110+0000] {logging_mixin.py:188} INFO - [2024-06-26T17:42:13.110+0000] {dagbag.py:545} INFO - Filling up the DagBag from /home/airflow/.local/lib/python3.12/site-packages/airflow/example_dags/example_xcomargs.py
[2024-06-26T17:42:13.113+0000] {processor.py:840} INFO - DAG(s) 'example_xcom_args', 'example_xcom_args_with_operators' retrieved from /home/airflow/.local/lib/python3.12/site-packages/airflow/example_dags/example_xcomargs.py
[2024-06-26T17:42:13.121+0000] {logging_mixin.py:188} INFO - [2024-06-26T17:42:13.121+0000] {dag.py:3096} INFO - Sync 2 DAGs
[2024-06-26T17:42:13.126+0000] {logging_mixin.py:188} INFO - [2024-06-26T17:42:13.125+0000] {dag.py:3954} INFO - Setting next_dagrun for example_xcom_args to None, run_after=None
[2024-06-26T17:42:13.127+0000] {logging_mixin.py:188} INFO - [2024-06-26T17:42:13.127+0000] {dag.py:3954} INFO - Setting next_dagrun for example_xcom_args_with_operators to None, run_after=None
[2024-06-26T17:42:13.133+0000] {processor.py:183} INFO - Processing /home/airflow/.local/lib/python3.12/site-packages/airflow/example_dags/example_xcomargs.py took 0.025 seconds
[2024-06-26T17:42:43.382+0000] {processor.py:161} INFO - Started process (PID=1118) to work on /home/airflow/.local/lib/python3.12/site-packages/airflow/example_dags/example_xcomargs.py
[2024-06-26T17:42:43.383+0000] {processor.py:830} INFO - Processing file /home/airflow/.local/lib/python3.12/site-packages/airflow/example_dags/example_xcomargs.py for tasks to queue
[2024-06-26T17:42:43.384+0000] {logging_mixin.py:188} INFO - [2024-06-26T17:42:43.384+0000] {dagbag.py:545} INFO - Filling up the DagBag from /home/airflow/.local/lib/python3.12/site-packages/airflow/example_dags/example_xcomargs.py
[2024-06-26T17:42:43.387+0000] {processor.py:840} INFO - DAG(s) 'example_xcom_args_with_operators', 'example_xcom_args' retrieved from /home/airflow/.local/lib/python3.12/site-packages/airflow/example_dags/example_xcomargs.py
[2024-06-26T17:42:43.396+0000] {logging_mixin.py:188} INFO - [2024-06-26T17:42:43.396+0000] {dag.py:3096} INFO - Sync 2 DAGs
[2024-06-26T17:42:43.401+0000] {logging_mixin.py:188} INFO - [2024-06-26T17:42:43.401+0000] {dag.py:3954} INFO - Setting next_dagrun for example_xcom_args to None, run_after=None
[2024-06-26T17:42:43.403+0000] {logging_mixin.py:188} INFO - [2024-06-26T17:42:43.403+0000] {dag.py:3954} INFO - Setting next_dagrun for example_xcom_args_with_operators to None, run_after=None
[2024-06-26T17:42:43.409+0000] {processor.py:183} INFO - Processing /home/airflow/.local/lib/python3.12/site-packages/airflow/example_dags/example_xcomargs.py took 0.029 seconds
[2024-06-26T17:43:13.753+0000] {processor.py:161} INFO - Started process (PID=1380) to work on /home/airflow/.local/lib/python3.12/site-packages/airflow/example_dags/example_xcomargs.py
[2024-06-26T17:43:13.753+0000] {processor.py:830} INFO - Processing file /home/airflow/.local/lib/python3.12/site-packages/airflow/example_dags/example_xcomargs.py for tasks to queue
[2024-06-26T17:43:13.754+0000] {logging_mixin.py:188} INFO - [2024-06-26T17:43:13.754+0000] {dagbag.py:545} INFO - Filling up the DagBag from /home/airflow/.local/lib/python3.12/site-packages/airflow/example_dags/example_xcomargs.py
[2024-06-26T17:43:13.757+0000] {processor.py:840} INFO - DAG(s) 'example_xcom_args', 'example_xcom_args_with_operators' retrieved from /home/airflow/.local/lib/python3.12/site-packages/airflow/example_dags/example_xcomargs.py
[2024-06-26T17:43:13.766+0000] {logging_mixin.py:188} INFO - [2024-06-26T17:43:13.766+0000] {dag.py:3096} INFO - Sync 2 DAGs
[2024-06-26T17:43:13.771+0000] {logging_mixin.py:188} INFO - [2024-06-26T17:43:13.771+0000] {dag.py:3954} INFO - Setting next_dagrun for example_xcom_args to None, run_after=None
[2024-06-26T17:43:13.772+0000] {logging_mixin.py:188} INFO - [2024-06-26T17:43:13.772+0000] {dag.py:3954} INFO - Setting next_dagrun for example_xcom_args_with_operators to None, run_after=None
[2024-06-26T17:43:13.778+0000] {processor.py:183} INFO - Processing /home/airflow/.local/lib/python3.12/site-packages/airflow/example_dags/example_xcomargs.py took 0.027 seconds
[2024-06-26T17:43:44.162+0000] {processor.py:161} INFO - Started process (PID=1642) to work on /home/airflow/.local/lib/python3.12/site-packages/airflow/example_dags/example_xcomargs.py
[2024-06-26T17:43:44.162+0000] {processor.py:830} INFO - Processing file /home/airflow/.local/lib/python3.12/site-packages/airflow/example_dags/example_xcomargs.py for tasks to queue
[2024-06-26T17:43:44.163+0000] {logging_mixin.py:188} INFO - [2024-06-26T17:43:44.163+0000] {dagbag.py:545} INFO - Filling up the DagBag from /home/airflow/.local/lib/python3.12/site-packages/airflow/example_dags/example_xcomargs.py
[2024-06-26T17:43:44.166+0000] {processor.py:840} INFO - DAG(s) 'example_xcom_args', 'example_xcom_args_with_operators' retrieved from /home/airflow/.local/lib/python3.12/site-packages/airflow/example_dags/example_xcomargs.py
[2024-06-26T17:43:44.174+0000] {logging_mixin.py:188} INFO - [2024-06-26T17:43:44.174+0000] {dag.py:3096} INFO - Sync 2 DAGs
[2024-06-26T17:43:44.178+0000] {logging_mixin.py:188} INFO - [2024-06-26T17:43:44.178+0000] {dag.py:3954} INFO - Setting next_dagrun for example_xcom_args to None, run_after=None
[2024-06-26T17:43:44.180+0000] {logging_mixin.py:188} INFO - [2024-06-26T17:43:44.179+0000] {dag.py:3954} INFO - Setting next_dagrun for example_xcom_args_with_operators to None, run_after=None
[2024-06-26T17:43:44.185+0000] {processor.py:183} INFO - Processing /home/airflow/.local/lib/python3.12/site-packages/airflow/example_dags/example_xcomargs.py took 0.025 seconds
[2024-06-26T17:44:14.337+0000] {processor.py:161} INFO - Started process (PID=1904) to work on /home/airflow/.local/lib/python3.12/site-packages/airflow/example_dags/example_xcomargs.py
[2024-06-26T17:44:14.338+0000] {processor.py:830} INFO - Processing file /home/airflow/.local/lib/python3.12/site-packages/airflow/example_dags/example_xcomargs.py for tasks to queue
[2024-06-26T17:44:14.338+0000] {logging_mixin.py:188} INFO - [2024-06-26T17:44:14.338+0000] {dagbag.py:545} INFO - Filling up the DagBag from /home/airflow/.local/lib/python3.12/site-packages/airflow/example_dags/example_xcomargs.py
[2024-06-26T17:44:14.341+0000] {processor.py:840} INFO - DAG(s) 'example_xcom_args', 'example_xcom_args_with_operators' retrieved from /home/airflow/.local/lib/python3.12/site-packages/airflow/example_dags/example_xcomargs.py
[2024-06-26T17:44:14.349+0000] {logging_mixin.py:188} INFO - [2024-06-26T17:44:14.349+0000] {dag.py:3096} INFO - Sync 2 DAGs
[2024-06-26T17:44:14.354+0000] {logging_mixin.py:188} INFO - [2024-06-26T17:44:14.354+0000] {dag.py:3954} INFO - Setting next_dagrun for example_xcom_args to None, run_after=None
[2024-06-26T17:44:14.355+0000] {logging_mixin.py:188} INFO - [2024-06-26T17:44:14.355+0000] {dag.py:3954} INFO - Setting next_dagrun for example_xcom_args_with_operators to None, run_after=None
[2024-06-26T17:44:14.361+0000] {processor.py:183} INFO - Processing /home/airflow/.local/lib/python3.12/site-packages/airflow/example_dags/example_xcomargs.py took 0.026 seconds
[2024-06-26T17:44:44.648+0000] {processor.py:161} INFO - Started process (PID=2166) to work on /home/airflow/.local/lib/python3.12/site-packages/airflow/example_dags/example_xcomargs.py
[2024-06-26T17:44:44.648+0000] {processor.py:830} INFO - Processing file /home/airflow/.local/lib/python3.12/site-packages/airflow/example_dags/example_xcomargs.py for tasks to queue
[2024-06-26T17:44:44.649+0000] {logging_mixin.py:188} INFO - [2024-06-26T17:44:44.648+0000] {dagbag.py:545} INFO - Filling up the DagBag from /home/airflow/.local/lib/python3.12/site-packages/airflow/example_dags/example_xcomargs.py
[2024-06-26T17:44:44.651+0000] {processor.py:840} INFO - DAG(s) 'example_xcom_args_with_operators', 'example_xcom_args' retrieved from /home/airflow/.local/lib/python3.12/site-packages/airflow/example_dags/example_xcomargs.py
[2024-06-26T17:44:44.660+0000] {logging_mixin.py:188} INFO - [2024-06-26T17:44:44.660+0000] {dag.py:3096} INFO - Sync 2 DAGs
[2024-06-26T17:44:44.664+0000] {logging_mixin.py:188} INFO - [2024-06-26T17:44:44.664+0000] {dag.py:3954} INFO - Setting next_dagrun for example_xcom_args to None, run_after=None
[2024-06-26T17:44:44.666+0000] {logging_mixin.py:188} INFO - [2024-06-26T17:44:44.666+0000] {dag.py:3954} INFO - Setting next_dagrun for example_xcom_args_with_operators to None, run_after=None
[2024-06-26T17:44:44.671+0000] {processor.py:183} INFO - Processing /home/airflow/.local/lib/python3.12/site-packages/airflow/example_dags/example_xcomargs.py took 0.025 seconds
[2024-06-26T17:45:14.877+0000] {processor.py:161} INFO - Started process (PID=2428) to work on /home/airflow/.local/lib/python3.12/site-packages/airflow/example_dags/example_xcomargs.py
[2024-06-26T17:45:14.878+0000] {processor.py:830} INFO - Processing file /home/airflow/.local/lib/python3.12/site-packages/airflow/example_dags/example_xcomargs.py for tasks to queue
[2024-06-26T17:45:14.878+0000] {logging_mixin.py:188} INFO - [2024-06-26T17:45:14.878+0000] {dagbag.py:545} INFO - Filling up the DagBag from /home/airflow/.local/lib/python3.12/site-packages/airflow/example_dags/example_xcomargs.py
[2024-06-26T17:45:14.882+0000] {processor.py:840} INFO - DAG(s) 'example_xcom_args', 'example_xcom_args_with_operators' retrieved from /home/airflow/.local/lib/python3.12/site-packages/airflow/example_dags/example_xcomargs.py
[2024-06-26T17:45:14.890+0000] {logging_mixin.py:188} INFO - [2024-06-26T17:45:14.890+0000] {dag.py:3096} INFO - Sync 2 DAGs
[2024-06-26T17:45:14.895+0000] {logging_mixin.py:188} INFO - [2024-06-26T17:45:14.895+0000] {dag.py:3954} INFO - Setting next_dagrun for example_xcom_args to None, run_after=None
[2024-06-26T17:45:14.897+0000] {logging_mixin.py:188} INFO - [2024-06-26T17:45:14.897+0000] {dag.py:3954} INFO - Setting next_dagrun for example_xcom_args_with_operators to None, run_after=None
[2024-06-26T17:45:14.902+0000] {processor.py:183} INFO - Processing /home/airflow/.local/lib/python3.12/site-packages/airflow/example_dags/example_xcomargs.py took 0.027 seconds
[2024-06-26T17:45:45.283+0000] {processor.py:161} INFO - Started process (PID=2690) to work on /home/airflow/.local/lib/python3.12/site-packages/airflow/example_dags/example_xcomargs.py
[2024-06-26T17:45:45.284+0000] {processor.py:830} INFO - Processing file /home/airflow/.local/lib/python3.12/site-packages/airflow/example_dags/example_xcomargs.py for tasks to queue
[2024-06-26T17:45:45.285+0000] {logging_mixin.py:188} INFO - [2024-06-26T17:45:45.285+0000] {dagbag.py:545} INFO - Filling up the DagBag from /home/airflow/.local/lib/python3.12/site-packages/airflow/example_dags/example_xcomargs.py
[2024-06-26T17:45:45.289+0000] {processor.py:840} INFO - DAG(s) 'example_xcom_args', 'example_xcom_args_with_operators' retrieved from /home/airflow/.local/lib/python3.12/site-packages/airflow/example_dags/example_xcomargs.py
[2024-06-26T17:45:45.301+0000] {logging_mixin.py:188} INFO - [2024-06-26T17:45:45.301+0000] {dag.py:3096} INFO - Sync 2 DAGs
[2024-06-26T17:45:45.307+0000] {logging_mixin.py:188} INFO - [2024-06-26T17:45:45.307+0000] {dag.py:3954} INFO - Setting next_dagrun for example_xcom_args to None, run_after=None
[2024-06-26T17:45:45.309+0000] {logging_mixin.py:188} INFO - [2024-06-26T17:45:45.309+0000] {dag.py:3954} INFO - Setting next_dagrun for example_xcom_args_with_operators to None, run_after=None
[2024-06-26T17:45:45.317+0000] {processor.py:183} INFO - Processing /home/airflow/.local/lib/python3.12/site-packages/airflow/example_dags/example_xcomargs.py took 0.036 seconds
[2024-06-26T17:46:15.715+0000] {processor.py:161} INFO - Started process (PID=2952) to work on /home/airflow/.local/lib/python3.12/site-packages/airflow/example_dags/example_xcomargs.py
[2024-06-26T17:46:15.715+0000] {processor.py:830} INFO - Processing file /home/airflow/.local/lib/python3.12/site-packages/airflow/example_dags/example_xcomargs.py for tasks to queue
[2024-06-26T17:46:15.716+0000] {logging_mixin.py:188} INFO - [2024-06-26T17:46:15.715+0000] {dagbag.py:545} INFO - Filling up the DagBag from /home/airflow/.local/lib/python3.12/site-packages/airflow/example_dags/example_xcomargs.py
[2024-06-26T17:46:15.719+0000] {processor.py:840} INFO - DAG(s) 'example_xcom_args', 'example_xcom_args_with_operators' retrieved from /home/airflow/.local/lib/python3.12/site-packages/airflow/example_dags/example_xcomargs.py
[2024-06-26T17:46:15.727+0000] {logging_mixin.py:188} INFO - [2024-06-26T17:46:15.727+0000] {dag.py:3096} INFO - Sync 2 DAGs
[2024-06-26T17:46:15.732+0000] {logging_mixin.py:188} INFO - [2024-06-26T17:46:15.732+0000] {dag.py:3954} INFO - Setting next_dagrun for example_xcom_args to None, run_after=None
[2024-06-26T17:46:15.733+0000] {logging_mixin.py:188} INFO - [2024-06-26T17:46:15.733+0000] {dag.py:3954} INFO - Setting next_dagrun for example_xcom_args_with_operators to None, run_after=None
[2024-06-26T17:46:15.739+0000] {processor.py:183} INFO - Processing /home/airflow/.local/lib/python3.12/site-packages/airflow/example_dags/example_xcomargs.py took 0.026 seconds
[2024-06-26T17:46:45.972+0000] {processor.py:161} INFO - Started process (PID=3239) to work on /home/airflow/.local/lib/python3.12/site-packages/airflow/example_dags/example_xcomargs.py
[2024-06-26T17:46:45.972+0000] {processor.py:830} INFO - Processing file /home/airflow/.local/lib/python3.12/site-packages/airflow/example_dags/example_xcomargs.py for tasks to queue
[2024-06-26T17:46:45.973+0000] {logging_mixin.py:188} INFO - [2024-06-26T17:46:45.973+0000] {dagbag.py:545} INFO - Filling up the DagBag from /home/airflow/.local/lib/python3.12/site-packages/airflow/example_dags/example_xcomargs.py
[2024-06-26T17:46:45.976+0000] {processor.py:840} INFO - DAG(s) 'example_xcom_args', 'example_xcom_args_with_operators' retrieved from /home/airflow/.local/lib/python3.12/site-packages/airflow/example_dags/example_xcomargs.py
[2024-06-26T17:46:45.984+0000] {logging_mixin.py:188} INFO - [2024-06-26T17:46:45.984+0000] {dag.py:3096} INFO - Sync 2 DAGs
[2024-06-26T17:46:45.989+0000] {logging_mixin.py:188} INFO - [2024-06-26T17:46:45.989+0000] {dag.py:3954} INFO - Setting next_dagrun for example_xcom_args to None, run_after=None
[2024-06-26T17:46:45.991+0000] {logging_mixin.py:188} INFO - [2024-06-26T17:46:45.991+0000] {dag.py:3954} INFO - Setting next_dagrun for example_xcom_args_with_operators to None, run_after=None
[2024-06-26T17:46:45.996+0000] {processor.py:183} INFO - Processing /home/airflow/.local/lib/python3.12/site-packages/airflow/example_dags/example_xcomargs.py took 0.027 seconds
[2024-06-26T17:47:16.228+0000] {processor.py:161} INFO - Started process (PID=3503) to work on /home/airflow/.local/lib/python3.12/site-packages/airflow/example_dags/example_xcomargs.py
[2024-06-26T17:47:16.228+0000] {processor.py:830} INFO - Processing file /home/airflow/.local/lib/python3.12/site-packages/airflow/example_dags/example_xcomargs.py for tasks to queue
[2024-06-26T17:47:16.229+0000] {logging_mixin.py:188} INFO - [2024-06-26T17:47:16.229+0000] {dagbag.py:545} INFO - Filling up the DagBag from /home/airflow/.local/lib/python3.12/site-packages/airflow/example_dags/example_xcomargs.py
[2024-06-26T17:47:16.232+0000] {processor.py:840} INFO - DAG(s) 'example_xcom_args_with_operators', 'example_xcom_args' retrieved from /home/airflow/.local/lib/python3.12/site-packages/airflow/example_dags/example_xcomargs.py
[2024-06-26T17:47:16.240+0000] {logging_mixin.py:188} INFO - [2024-06-26T17:47:16.240+0000] {dag.py:3096} INFO - Sync 2 DAGs
[2024-06-26T17:47:16.244+0000] {logging_mixin.py:188} INFO - [2024-06-26T17:47:16.244+0000] {dag.py:3954} INFO - Setting next_dagrun for example_xcom_args to None, run_after=None
[2024-06-26T17:47:16.246+0000] {logging_mixin.py:188} INFO - [2024-06-26T17:47:16.246+0000] {dag.py:3954} INFO - Setting next_dagrun for example_xcom_args_with_operators to None, run_after=None
[2024-06-26T17:47:16.251+0000] {processor.py:183} INFO - Processing /home/airflow/.local/lib/python3.12/site-packages/airflow/example_dags/example_xcomargs.py took 0.025 seconds
[2024-06-26T17:47:46.459+0000] {processor.py:161} INFO - Started process (PID=3763) to work on /home/airflow/.local/lib/python3.12/site-packages/airflow/example_dags/example_xcomargs.py
[2024-06-26T17:47:46.459+0000] {processor.py:830} INFO - Processing file /home/airflow/.local/lib/python3.12/site-packages/airflow/example_dags/example_xcomargs.py for tasks to queue
[2024-06-26T17:47:46.460+0000] {logging_mixin.py:188} INFO - [2024-06-26T17:47:46.460+0000] {dagbag.py:545} INFO - Filling up the DagBag from /home/airflow/.local/lib/python3.12/site-packages/airflow/example_dags/example_xcomargs.py
[2024-06-26T17:47:46.463+0000] {processor.py:840} INFO - DAG(s) 'example_xcom_args_with_operators', 'example_xcom_args' retrieved from /home/airflow/.local/lib/python3.12/site-packages/airflow/example_dags/example_xcomargs.py
[2024-06-26T17:47:46.472+0000] {logging_mixin.py:188} INFO - [2024-06-26T17:47:46.472+0000] {dag.py:3096} INFO - Sync 2 DAGs
[2024-06-26T17:47:46.476+0000] {logging_mixin.py:188} INFO - [2024-06-26T17:47:46.476+0000] {dag.py:3954} INFO - Setting next_dagrun for example_xcom_args to None, run_after=None
[2024-06-26T17:47:46.478+0000] {logging_mixin.py:188} INFO - [2024-06-26T17:47:46.478+0000] {dag.py:3954} INFO - Setting next_dagrun for example_xcom_args_with_operators to None, run_after=None
[2024-06-26T17:47:46.483+0000] {processor.py:183} INFO - Processing /home/airflow/.local/lib/python3.12/site-packages/airflow/example_dags/example_xcomargs.py took 0.026 seconds
[2024-06-26T17:48:16.771+0000] {processor.py:161} INFO - Started process (PID=4025) to work on /home/airflow/.local/lib/python3.12/site-packages/airflow/example_dags/example_xcomargs.py
[2024-06-26T17:48:16.771+0000] {processor.py:830} INFO - Processing file /home/airflow/.local/lib/python3.12/site-packages/airflow/example_dags/example_xcomargs.py for tasks to queue
[2024-06-26T17:48:16.772+0000] {logging_mixin.py:188} INFO - [2024-06-26T17:48:16.772+0000] {dagbag.py:545} INFO - Filling up the DagBag from /home/airflow/.local/lib/python3.12/site-packages/airflow/example_dags/example_xcomargs.py
[2024-06-26T17:48:16.775+0000] {processor.py:840} INFO - DAG(s) 'example_xcom_args', 'example_xcom_args_with_operators' retrieved from /home/airflow/.local/lib/python3.12/site-packages/airflow/example_dags/example_xcomargs.py
[2024-06-26T17:48:16.784+0000] {logging_mixin.py:188} INFO - [2024-06-26T17:48:16.783+0000] {dag.py:3096} INFO - Sync 2 DAGs
[2024-06-26T17:48:16.788+0000] {logging_mixin.py:188} INFO - [2024-06-26T17:48:16.788+0000] {dag.py:3954} INFO - Setting next_dagrun for example_xcom_args to None, run_after=None
[2024-06-26T17:48:16.789+0000] {logging_mixin.py:188} INFO - [2024-06-26T17:48:16.789+0000] {dag.py:3954} INFO - Setting next_dagrun for example_xcom_args_with_operators to None, run_after=None
[2024-06-26T17:48:16.795+0000] {processor.py:183} INFO - Processing /home/airflow/.local/lib/python3.12/site-packages/airflow/example_dags/example_xcomargs.py took 0.026 seconds
[2024-06-26T17:48:47.047+0000] {processor.py:161} INFO - Started process (PID=4312) to work on /home/airflow/.local/lib/python3.12/site-packages/airflow/example_dags/example_xcomargs.py
[2024-06-26T17:48:47.048+0000] {processor.py:830} INFO - Processing file /home/airflow/.local/lib/python3.12/site-packages/airflow/example_dags/example_xcomargs.py for tasks to queue
[2024-06-26T17:48:47.049+0000] {logging_mixin.py:188} INFO - [2024-06-26T17:48:47.049+0000] {dagbag.py:545} INFO - Filling up the DagBag from /home/airflow/.local/lib/python3.12/site-packages/airflow/example_dags/example_xcomargs.py
[2024-06-26T17:48:47.052+0000] {processor.py:840} INFO - DAG(s) 'example_xcom_args', 'example_xcom_args_with_operators' retrieved from /home/airflow/.local/lib/python3.12/site-packages/airflow/example_dags/example_xcomargs.py
[2024-06-26T17:48:47.061+0000] {logging_mixin.py:188} INFO - [2024-06-26T17:48:47.061+0000] {dag.py:3096} INFO - Sync 2 DAGs
[2024-06-26T17:48:47.066+0000] {logging_mixin.py:188} INFO - [2024-06-26T17:48:47.066+0000] {dag.py:3954} INFO - Setting next_dagrun for example_xcom_args to None, run_after=None
[2024-06-26T17:48:47.067+0000] {logging_mixin.py:188} INFO - [2024-06-26T17:48:47.067+0000] {dag.py:3954} INFO - Setting next_dagrun for example_xcom_args_with_operators to None, run_after=None
[2024-06-26T17:48:47.073+0000] {processor.py:183} INFO - Processing /home/airflow/.local/lib/python3.12/site-packages/airflow/example_dags/example_xcomargs.py took 0.028 seconds
[2024-06-26T17:49:17.277+0000] {processor.py:161} INFO - Started process (PID=4574) to work on /home/airflow/.local/lib/python3.12/site-packages/airflow/example_dags/example_xcomargs.py
[2024-06-26T17:49:17.277+0000] {processor.py:830} INFO - Processing file /home/airflow/.local/lib/python3.12/site-packages/airflow/example_dags/example_xcomargs.py for tasks to queue
[2024-06-26T17:49:17.278+0000] {logging_mixin.py:188} INFO - [2024-06-26T17:49:17.278+0000] {dagbag.py:545} INFO - Filling up the DagBag from /home/airflow/.local/lib/python3.12/site-packages/airflow/example_dags/example_xcomargs.py
[2024-06-26T17:49:17.281+0000] {processor.py:840} INFO - DAG(s) 'example_xcom_args_with_operators', 'example_xcom_args' retrieved from /home/airflow/.local/lib/python3.12/site-packages/airflow/example_dags/example_xcomargs.py
[2024-06-26T17:49:17.290+0000] {logging_mixin.py:188} INFO - [2024-06-26T17:49:17.290+0000] {dag.py:3096} INFO - Sync 2 DAGs
[2024-06-26T17:49:17.294+0000] {logging_mixin.py:188} INFO - [2024-06-26T17:49:17.294+0000] {dag.py:3954} INFO - Setting next_dagrun for example_xcom_args to None, run_after=None
[2024-06-26T17:49:17.296+0000] {logging_mixin.py:188} INFO - [2024-06-26T17:49:17.296+0000] {dag.py:3954} INFO - Setting next_dagrun for example_xcom_args_with_operators to None, run_after=None
[2024-06-26T17:49:17.302+0000] {processor.py:183} INFO - Processing /home/airflow/.local/lib/python3.12/site-packages/airflow/example_dags/example_xcomargs.py took 0.027 seconds
[2024-06-26T17:49:47.559+0000] {processor.py:161} INFO - Started process (PID=4836) to work on /home/airflow/.local/lib/python3.12/site-packages/airflow/example_dags/example_xcomargs.py
[2024-06-26T17:49:47.560+0000] {processor.py:830} INFO - Processing file /home/airflow/.local/lib/python3.12/site-packages/airflow/example_dags/example_xcomargs.py for tasks to queue
[2024-06-26T17:49:47.560+0000] {logging_mixin.py:188} INFO - [2024-06-26T17:49:47.560+0000] {dagbag.py:545} INFO - Filling up the DagBag from /home/airflow/.local/lib/python3.12/site-packages/airflow/example_dags/example_xcomargs.py
[2024-06-26T17:49:47.563+0000] {processor.py:840} INFO - DAG(s) 'example_xcom_args_with_operators', 'example_xcom_args' retrieved from /home/airflow/.local/lib/python3.12/site-packages/airflow/example_dags/example_xcomargs.py
[2024-06-26T17:49:47.571+0000] {logging_mixin.py:188} INFO - [2024-06-26T17:49:47.571+0000] {dag.py:3096} INFO - Sync 2 DAGs
[2024-06-26T17:49:47.576+0000] {logging_mixin.py:188} INFO - [2024-06-26T17:49:47.576+0000] {dag.py:3954} INFO - Setting next_dagrun for example_xcom_args to None, run_after=None
[2024-06-26T17:49:47.578+0000] {logging_mixin.py:188} INFO - [2024-06-26T17:49:47.578+0000] {dag.py:3954} INFO - Setting next_dagrun for example_xcom_args_with_operators to None, run_after=None
[2024-06-26T17:49:47.583+0000] {processor.py:183} INFO - Processing /home/airflow/.local/lib/python3.12/site-packages/airflow/example_dags/example_xcomargs.py took 0.026 seconds
[2024-06-26T17:50:17.900+0000] {processor.py:161} INFO - Started process (PID=5098) to work on /home/airflow/.local/lib/python3.12/site-packages/airflow/example_dags/example_xcomargs.py
[2024-06-26T17:50:17.900+0000] {processor.py:830} INFO - Processing file /home/airflow/.local/lib/python3.12/site-packages/airflow/example_dags/example_xcomargs.py for tasks to queue
[2024-06-26T17:50:17.901+0000] {logging_mixin.py:188} INFO - [2024-06-26T17:50:17.901+0000] {dagbag.py:545} INFO - Filling up the DagBag from /home/airflow/.local/lib/python3.12/site-packages/airflow/example_dags/example_xcomargs.py
[2024-06-26T17:50:17.904+0000] {processor.py:840} INFO - DAG(s) 'example_xcom_args', 'example_xcom_args_with_operators' retrieved from /home/airflow/.local/lib/python3.12/site-packages/airflow/example_dags/example_xcomargs.py
[2024-06-26T17:50:17.913+0000] {logging_mixin.py:188} INFO - [2024-06-26T17:50:17.913+0000] {dag.py:3096} INFO - Sync 2 DAGs
[2024-06-26T17:50:17.917+0000] {logging_mixin.py:188} INFO - [2024-06-26T17:50:17.917+0000] {dag.py:3954} INFO - Setting next_dagrun for example_xcom_args to None, run_after=None
[2024-06-26T17:50:17.919+0000] {logging_mixin.py:188} INFO - [2024-06-26T17:50:17.919+0000] {dag.py:3954} INFO - Setting next_dagrun for example_xcom_args_with_operators to None, run_after=None
[2024-06-26T17:50:17.924+0000] {processor.py:183} INFO - Processing /home/airflow/.local/lib/python3.12/site-packages/airflow/example_dags/example_xcomargs.py took 0.026 seconds
[2024-06-26T17:50:48.355+0000] {processor.py:161} INFO - Started process (PID=5360) to work on /home/airflow/.local/lib/python3.12/site-packages/airflow/example_dags/example_xcomargs.py
[2024-06-26T17:50:48.355+0000] {processor.py:830} INFO - Processing file /home/airflow/.local/lib/python3.12/site-packages/airflow/example_dags/example_xcomargs.py for tasks to queue
[2024-06-26T17:50:48.356+0000] {logging_mixin.py:188} INFO - [2024-06-26T17:50:48.356+0000] {dagbag.py:545} INFO - Filling up the DagBag from /home/airflow/.local/lib/python3.12/site-packages/airflow/example_dags/example_xcomargs.py
[2024-06-26T17:50:48.359+0000] {processor.py:840} INFO - DAG(s) 'example_xcom_args', 'example_xcom_args_with_operators' retrieved from /home/airflow/.local/lib/python3.12/site-packages/airflow/example_dags/example_xcomargs.py
[2024-06-26T17:50:48.367+0000] {logging_mixin.py:188} INFO - [2024-06-26T17:50:48.367+0000] {dag.py:3096} INFO - Sync 2 DAGs
[2024-06-26T17:50:48.371+0000] {logging_mixin.py:188} INFO - [2024-06-26T17:50:48.371+0000] {dag.py:3954} INFO - Setting next_dagrun for example_xcom_args to None, run_after=None
[2024-06-26T17:50:48.373+0000] {logging_mixin.py:188} INFO - [2024-06-26T17:50:48.373+0000] {dag.py:3954} INFO - Setting next_dagrun for example_xcom_args_with_operators to None, run_after=None
[2024-06-26T17:50:48.378+0000] {processor.py:183} INFO - Processing /home/airflow/.local/lib/python3.12/site-packages/airflow/example_dags/example_xcomargs.py took 0.025 seconds
