[2024-06-26T17:41:11.571+0000] {processor.py:161} INFO - Started process (PID=237) to work on /home/airflow/.local/lib/python3.12/site-packages/airflow/example_dags/example_sla_dag.py
[2024-06-26T17:41:11.571+0000] {processor.py:830} INFO - Processing file /home/airflow/.local/lib/python3.12/site-packages/airflow/example_dags/example_sla_dag.py for tasks to queue
[2024-06-26T17:41:11.572+0000] {logging_mixin.py:188} INFO - [2024-06-26T17:41:11.572+0000] {dagbag.py:545} INFO - Filling up the DagBag from /home/airflow/.local/lib/python3.12/site-packages/airflow/example_dags/example_sla_dag.py
[2024-06-26T17:41:11.576+0000] {processor.py:840} INFO - DAG(s) 'example_sla_dag' retrieved from /home/airflow/.local/lib/python3.12/site-packages/airflow/example_dags/example_sla_dag.py
[2024-06-26T17:41:11.581+0000] {logging_mixin.py:188} INFO - [2024-06-26T17:41:11.580+0000] {dag.py:3096} INFO - Sync 1 DAGs
[2024-06-26T17:41:11.591+0000] {logging_mixin.py:188} INFO - [2024-06-26T17:41:11.591+0000] {dag.py:3954} INFO - Setting next_dagrun for example_sla_dag to 2024-06-26 17:38:00+00:00, run_after=2024-06-26 17:40:00+00:00
[2024-06-26T17:41:11.598+0000] {processor.py:183} INFO - Processing /home/airflow/.local/lib/python3.12/site-packages/airflow/example_dags/example_sla_dag.py took 0.029 seconds
[2024-06-26T17:41:41.907+0000] {processor.py:161} INFO - Started process (PID=499) to work on /home/airflow/.local/lib/python3.12/site-packages/airflow/example_dags/example_sla_dag.py
[2024-06-26T17:41:41.907+0000] {processor.py:830} INFO - Processing file /home/airflow/.local/lib/python3.12/site-packages/airflow/example_dags/example_sla_dag.py for tasks to queue
[2024-06-26T17:41:41.908+0000] {logging_mixin.py:188} INFO - [2024-06-26T17:41:41.908+0000] {dagbag.py:545} INFO - Filling up the DagBag from /home/airflow/.local/lib/python3.12/site-packages/airflow/example_dags/example_sla_dag.py
[2024-06-26T17:41:41.912+0000] {processor.py:840} INFO - DAG(s) 'example_sla_dag' retrieved from /home/airflow/.local/lib/python3.12/site-packages/airflow/example_dags/example_sla_dag.py
[2024-06-26T17:41:41.948+0000] {logging_mixin.py:188} INFO - [2024-06-26T17:41:41.948+0000] {dag.py:3096} INFO - Sync 1 DAGs
[2024-06-26T17:41:41.956+0000] {logging_mixin.py:188} INFO - [2024-06-26T17:41:41.956+0000] {dag.py:3954} INFO - Setting next_dagrun for example_sla_dag to 2024-06-26 17:38:00+00:00, run_after=2024-06-26 17:40:00+00:00
[2024-06-26T17:41:41.962+0000] {processor.py:183} INFO - Processing /home/airflow/.local/lib/python3.12/site-packages/airflow/example_dags/example_sla_dag.py took 0.058 seconds
[2024-06-26T17:42:12.769+0000] {processor.py:161} INFO - Started process (PID=761) to work on /home/airflow/.local/lib/python3.12/site-packages/airflow/example_dags/example_sla_dag.py
[2024-06-26T17:42:12.770+0000] {processor.py:830} INFO - Processing file /home/airflow/.local/lib/python3.12/site-packages/airflow/example_dags/example_sla_dag.py for tasks to queue
[2024-06-26T17:42:12.771+0000] {logging_mixin.py:188} INFO - [2024-06-26T17:42:12.770+0000] {dagbag.py:545} INFO - Filling up the DagBag from /home/airflow/.local/lib/python3.12/site-packages/airflow/example_dags/example_sla_dag.py
[2024-06-26T17:42:12.774+0000] {processor.py:840} INFO - DAG(s) 'example_sla_dag' retrieved from /home/airflow/.local/lib/python3.12/site-packages/airflow/example_dags/example_sla_dag.py
[2024-06-26T17:42:12.781+0000] {logging_mixin.py:188} INFO - [2024-06-26T17:42:12.781+0000] {dag.py:3096} INFO - Sync 1 DAGs
[2024-06-26T17:42:12.789+0000] {logging_mixin.py:188} INFO - [2024-06-26T17:42:12.789+0000] {dag.py:3954} INFO - Setting next_dagrun for example_sla_dag to 2024-06-26 17:40:00+00:00, run_after=2024-06-26 17:42:00+00:00
[2024-06-26T17:42:12.795+0000] {processor.py:183} INFO - Processing /home/airflow/.local/lib/python3.12/site-packages/airflow/example_dags/example_sla_dag.py took 0.028 seconds
[2024-06-26T17:42:43.039+0000] {processor.py:161} INFO - Started process (PID=1025) to work on /home/airflow/.local/lib/python3.12/site-packages/airflow/example_dags/example_sla_dag.py
[2024-06-26T17:42:43.039+0000] {processor.py:830} INFO - Processing file /home/airflow/.local/lib/python3.12/site-packages/airflow/example_dags/example_sla_dag.py for tasks to queue
[2024-06-26T17:42:43.040+0000] {logging_mixin.py:188} INFO - [2024-06-26T17:42:43.040+0000] {dagbag.py:545} INFO - Filling up the DagBag from /home/airflow/.local/lib/python3.12/site-packages/airflow/example_dags/example_sla_dag.py
[2024-06-26T17:42:43.043+0000] {processor.py:840} INFO - DAG(s) 'example_sla_dag' retrieved from /home/airflow/.local/lib/python3.12/site-packages/airflow/example_dags/example_sla_dag.py
[2024-06-26T17:42:43.051+0000] {logging_mixin.py:188} INFO - [2024-06-26T17:42:43.051+0000] {dag.py:3096} INFO - Sync 1 DAGs
[2024-06-26T17:42:43.059+0000] {logging_mixin.py:188} INFO - [2024-06-26T17:42:43.059+0000] {dag.py:3954} INFO - Setting next_dagrun for example_sla_dag to 2024-06-26 17:40:00+00:00, run_after=2024-06-26 17:42:00+00:00
[2024-06-26T17:42:43.066+0000] {processor.py:183} INFO - Processing /home/airflow/.local/lib/python3.12/site-packages/airflow/example_dags/example_sla_dag.py took 0.029 seconds
[2024-06-26T17:43:13.354+0000] {processor.py:161} INFO - Started process (PID=1285) to work on /home/airflow/.local/lib/python3.12/site-packages/airflow/example_dags/example_sla_dag.py
[2024-06-26T17:43:13.355+0000] {processor.py:830} INFO - Processing file /home/airflow/.local/lib/python3.12/site-packages/airflow/example_dags/example_sla_dag.py for tasks to queue
[2024-06-26T17:43:13.355+0000] {logging_mixin.py:188} INFO - [2024-06-26T17:43:13.355+0000] {dagbag.py:545} INFO - Filling up the DagBag from /home/airflow/.local/lib/python3.12/site-packages/airflow/example_dags/example_sla_dag.py
[2024-06-26T17:43:13.358+0000] {processor.py:840} INFO - DAG(s) 'example_sla_dag' retrieved from /home/airflow/.local/lib/python3.12/site-packages/airflow/example_dags/example_sla_dag.py
[2024-06-26T17:43:13.365+0000] {logging_mixin.py:188} INFO - [2024-06-26T17:43:13.365+0000] {dag.py:3096} INFO - Sync 1 DAGs
[2024-06-26T17:43:13.373+0000] {logging_mixin.py:188} INFO - [2024-06-26T17:43:13.373+0000] {dag.py:3954} INFO - Setting next_dagrun for example_sla_dag to 2024-06-26 17:40:00+00:00, run_after=2024-06-26 17:42:00+00:00
[2024-06-26T17:43:13.379+0000] {processor.py:183} INFO - Processing /home/airflow/.local/lib/python3.12/site-packages/airflow/example_dags/example_sla_dag.py took 0.027 seconds
[2024-06-26T17:43:43.759+0000] {processor.py:161} INFO - Started process (PID=1549) to work on /home/airflow/.local/lib/python3.12/site-packages/airflow/example_dags/example_sla_dag.py
[2024-06-26T17:43:43.759+0000] {processor.py:830} INFO - Processing file /home/airflow/.local/lib/python3.12/site-packages/airflow/example_dags/example_sla_dag.py for tasks to queue
[2024-06-26T17:43:43.760+0000] {logging_mixin.py:188} INFO - [2024-06-26T17:43:43.760+0000] {dagbag.py:545} INFO - Filling up the DagBag from /home/airflow/.local/lib/python3.12/site-packages/airflow/example_dags/example_sla_dag.py
[2024-06-26T17:43:43.764+0000] {processor.py:840} INFO - DAG(s) 'example_sla_dag' retrieved from /home/airflow/.local/lib/python3.12/site-packages/airflow/example_dags/example_sla_dag.py
[2024-06-26T17:43:43.772+0000] {logging_mixin.py:188} INFO - [2024-06-26T17:43:43.772+0000] {dag.py:3096} INFO - Sync 1 DAGs
[2024-06-26T17:43:43.781+0000] {logging_mixin.py:188} INFO - [2024-06-26T17:43:43.781+0000] {dag.py:3954} INFO - Setting next_dagrun for example_sla_dag to 2024-06-26 17:40:00+00:00, run_after=2024-06-26 17:42:00+00:00
[2024-06-26T17:43:43.788+0000] {processor.py:183} INFO - Processing /home/airflow/.local/lib/python3.12/site-packages/airflow/example_dags/example_sla_dag.py took 0.032 seconds
[2024-06-26T17:44:14.004+0000] {processor.py:161} INFO - Started process (PID=1809) to work on /home/airflow/.local/lib/python3.12/site-packages/airflow/example_dags/example_sla_dag.py
[2024-06-26T17:44:14.004+0000] {processor.py:830} INFO - Processing file /home/airflow/.local/lib/python3.12/site-packages/airflow/example_dags/example_sla_dag.py for tasks to queue
[2024-06-26T17:44:14.005+0000] {logging_mixin.py:188} INFO - [2024-06-26T17:44:14.005+0000] {dagbag.py:545} INFO - Filling up the DagBag from /home/airflow/.local/lib/python3.12/site-packages/airflow/example_dags/example_sla_dag.py
[2024-06-26T17:44:14.008+0000] {processor.py:840} INFO - DAG(s) 'example_sla_dag' retrieved from /home/airflow/.local/lib/python3.12/site-packages/airflow/example_dags/example_sla_dag.py
[2024-06-26T17:44:14.016+0000] {logging_mixin.py:188} INFO - [2024-06-26T17:44:14.016+0000] {dag.py:3096} INFO - Sync 1 DAGs
[2024-06-26T17:44:14.024+0000] {logging_mixin.py:188} INFO - [2024-06-26T17:44:14.024+0000] {dag.py:3954} INFO - Setting next_dagrun for example_sla_dag to 2024-06-26 17:42:00+00:00, run_after=2024-06-26 17:44:00+00:00
[2024-06-26T17:44:14.031+0000] {processor.py:183} INFO - Processing /home/airflow/.local/lib/python3.12/site-packages/airflow/example_dags/example_sla_dag.py took 0.029 seconds
[2024-06-26T17:44:44.232+0000] {processor.py:161} INFO - Started process (PID=2073) to work on /home/airflow/.local/lib/python3.12/site-packages/airflow/example_dags/example_sla_dag.py
[2024-06-26T17:44:44.232+0000] {processor.py:830} INFO - Processing file /home/airflow/.local/lib/python3.12/site-packages/airflow/example_dags/example_sla_dag.py for tasks to queue
[2024-06-26T17:44:44.233+0000] {logging_mixin.py:188} INFO - [2024-06-26T17:44:44.233+0000] {dagbag.py:545} INFO - Filling up the DagBag from /home/airflow/.local/lib/python3.12/site-packages/airflow/example_dags/example_sla_dag.py
[2024-06-26T17:44:44.236+0000] {processor.py:840} INFO - DAG(s) 'example_sla_dag' retrieved from /home/airflow/.local/lib/python3.12/site-packages/airflow/example_dags/example_sla_dag.py
[2024-06-26T17:44:44.244+0000] {logging_mixin.py:188} INFO - [2024-06-26T17:44:44.244+0000] {dag.py:3096} INFO - Sync 1 DAGs
[2024-06-26T17:44:44.252+0000] {logging_mixin.py:188} INFO - [2024-06-26T17:44:44.251+0000] {dag.py:3954} INFO - Setting next_dagrun for example_sla_dag to 2024-06-26 17:42:00+00:00, run_after=2024-06-26 17:44:00+00:00
[2024-06-26T17:44:44.257+0000] {processor.py:183} INFO - Processing /home/airflow/.local/lib/python3.12/site-packages/airflow/example_dags/example_sla_dag.py took 0.028 seconds
[2024-06-26T17:45:14.519+0000] {processor.py:161} INFO - Started process (PID=2333) to work on /home/airflow/.local/lib/python3.12/site-packages/airflow/example_dags/example_sla_dag.py
[2024-06-26T17:45:14.519+0000] {processor.py:830} INFO - Processing file /home/airflow/.local/lib/python3.12/site-packages/airflow/example_dags/example_sla_dag.py for tasks to queue
[2024-06-26T17:45:14.520+0000] {logging_mixin.py:188} INFO - [2024-06-26T17:45:14.520+0000] {dagbag.py:545} INFO - Filling up the DagBag from /home/airflow/.local/lib/python3.12/site-packages/airflow/example_dags/example_sla_dag.py
[2024-06-26T17:45:14.523+0000] {processor.py:840} INFO - DAG(s) 'example_sla_dag' retrieved from /home/airflow/.local/lib/python3.12/site-packages/airflow/example_dags/example_sla_dag.py
[2024-06-26T17:45:14.532+0000] {logging_mixin.py:188} INFO - [2024-06-26T17:45:14.532+0000] {dag.py:3096} INFO - Sync 1 DAGs
[2024-06-26T17:45:14.541+0000] {logging_mixin.py:188} INFO - [2024-06-26T17:45:14.541+0000] {dag.py:3954} INFO - Setting next_dagrun for example_sla_dag to 2024-06-26 17:42:00+00:00, run_after=2024-06-26 17:44:00+00:00
[2024-06-26T17:45:14.548+0000] {processor.py:183} INFO - Processing /home/airflow/.local/lib/python3.12/site-packages/airflow/example_dags/example_sla_dag.py took 0.031 seconds
[2024-06-26T17:45:44.888+0000] {processor.py:161} INFO - Started process (PID=2595) to work on /home/airflow/.local/lib/python3.12/site-packages/airflow/example_dags/example_sla_dag.py
[2024-06-26T17:45:44.889+0000] {processor.py:830} INFO - Processing file /home/airflow/.local/lib/python3.12/site-packages/airflow/example_dags/example_sla_dag.py for tasks to queue
[2024-06-26T17:45:44.890+0000] {logging_mixin.py:188} INFO - [2024-06-26T17:45:44.890+0000] {dagbag.py:545} INFO - Filling up the DagBag from /home/airflow/.local/lib/python3.12/site-packages/airflow/example_dags/example_sla_dag.py
[2024-06-26T17:45:44.894+0000] {processor.py:840} INFO - DAG(s) 'example_sla_dag' retrieved from /home/airflow/.local/lib/python3.12/site-packages/airflow/example_dags/example_sla_dag.py
[2024-06-26T17:45:44.903+0000] {logging_mixin.py:188} INFO - [2024-06-26T17:45:44.903+0000] {dag.py:3096} INFO - Sync 1 DAGs
[2024-06-26T17:45:44.914+0000] {logging_mixin.py:188} INFO - [2024-06-26T17:45:44.914+0000] {dag.py:3954} INFO - Setting next_dagrun for example_sla_dag to 2024-06-26 17:42:00+00:00, run_after=2024-06-26 17:44:00+00:00
[2024-06-26T17:45:44.923+0000] {processor.py:183} INFO - Processing /home/airflow/.local/lib/python3.12/site-packages/airflow/example_dags/example_sla_dag.py took 0.038 seconds
[2024-06-26T17:46:15.339+0000] {processor.py:161} INFO - Started process (PID=2857) to work on /home/airflow/.local/lib/python3.12/site-packages/airflow/example_dags/example_sla_dag.py
[2024-06-26T17:46:15.339+0000] {processor.py:830} INFO - Processing file /home/airflow/.local/lib/python3.12/site-packages/airflow/example_dags/example_sla_dag.py for tasks to queue
[2024-06-26T17:46:15.340+0000] {logging_mixin.py:188} INFO - [2024-06-26T17:46:15.340+0000] {dagbag.py:545} INFO - Filling up the DagBag from /home/airflow/.local/lib/python3.12/site-packages/airflow/example_dags/example_sla_dag.py
[2024-06-26T17:46:15.344+0000] {processor.py:840} INFO - DAG(s) 'example_sla_dag' retrieved from /home/airflow/.local/lib/python3.12/site-packages/airflow/example_dags/example_sla_dag.py
[2024-06-26T17:46:15.353+0000] {logging_mixin.py:188} INFO - [2024-06-26T17:46:15.352+0000] {dag.py:3096} INFO - Sync 1 DAGs
[2024-06-26T17:46:15.361+0000] {logging_mixin.py:188} INFO - [2024-06-26T17:46:15.361+0000] {dag.py:3954} INFO - Setting next_dagrun for example_sla_dag to 2024-06-26 17:44:00+00:00, run_after=2024-06-26 17:46:00+00:00
[2024-06-26T17:46:15.368+0000] {processor.py:183} INFO - Processing /home/airflow/.local/lib/python3.12/site-packages/airflow/example_dags/example_sla_dag.py took 0.032 seconds
[2024-06-26T17:46:45.623+0000] {processor.py:161} INFO - Started process (PID=3144) to work on /home/airflow/.local/lib/python3.12/site-packages/airflow/example_dags/example_sla_dag.py
[2024-06-26T17:46:45.623+0000] {processor.py:830} INFO - Processing file /home/airflow/.local/lib/python3.12/site-packages/airflow/example_dags/example_sla_dag.py for tasks to queue
[2024-06-26T17:46:45.624+0000] {logging_mixin.py:188} INFO - [2024-06-26T17:46:45.624+0000] {dagbag.py:545} INFO - Filling up the DagBag from /home/airflow/.local/lib/python3.12/site-packages/airflow/example_dags/example_sla_dag.py
[2024-06-26T17:46:45.627+0000] {processor.py:840} INFO - DAG(s) 'example_sla_dag' retrieved from /home/airflow/.local/lib/python3.12/site-packages/airflow/example_dags/example_sla_dag.py
[2024-06-26T17:46:45.635+0000] {logging_mixin.py:188} INFO - [2024-06-26T17:46:45.634+0000] {dag.py:3096} INFO - Sync 1 DAGs
[2024-06-26T17:46:45.643+0000] {logging_mixin.py:188} INFO - [2024-06-26T17:46:45.643+0000] {dag.py:3954} INFO - Setting next_dagrun for example_sla_dag to 2024-06-26 17:44:00+00:00, run_after=2024-06-26 17:46:00+00:00
[2024-06-26T17:46:45.649+0000] {processor.py:183} INFO - Processing /home/airflow/.local/lib/python3.12/site-packages/airflow/example_dags/example_sla_dag.py took 0.028 seconds
[2024-06-26T17:47:15.844+0000] {processor.py:161} INFO - Started process (PID=3406) to work on /home/airflow/.local/lib/python3.12/site-packages/airflow/example_dags/example_sla_dag.py
[2024-06-26T17:47:15.844+0000] {processor.py:830} INFO - Processing file /home/airflow/.local/lib/python3.12/site-packages/airflow/example_dags/example_sla_dag.py for tasks to queue
[2024-06-26T17:47:15.845+0000] {logging_mixin.py:188} INFO - [2024-06-26T17:47:15.845+0000] {dagbag.py:545} INFO - Filling up the DagBag from /home/airflow/.local/lib/python3.12/site-packages/airflow/example_dags/example_sla_dag.py
[2024-06-26T17:47:15.848+0000] {processor.py:840} INFO - DAG(s) 'example_sla_dag' retrieved from /home/airflow/.local/lib/python3.12/site-packages/airflow/example_dags/example_sla_dag.py
[2024-06-26T17:47:15.856+0000] {logging_mixin.py:188} INFO - [2024-06-26T17:47:15.855+0000] {dag.py:3096} INFO - Sync 1 DAGs
[2024-06-26T17:47:15.864+0000] {logging_mixin.py:188} INFO - [2024-06-26T17:47:15.864+0000] {dag.py:3954} INFO - Setting next_dagrun for example_sla_dag to 2024-06-26 17:44:00+00:00, run_after=2024-06-26 17:46:00+00:00
[2024-06-26T17:47:15.869+0000] {processor.py:183} INFO - Processing /home/airflow/.local/lib/python3.12/site-packages/airflow/example_dags/example_sla_dag.py took 0.028 seconds
[2024-06-26T17:47:46.118+0000] {processor.py:161} INFO - Started process (PID=3668) to work on /home/airflow/.local/lib/python3.12/site-packages/airflow/example_dags/example_sla_dag.py
[2024-06-26T17:47:46.119+0000] {processor.py:830} INFO - Processing file /home/airflow/.local/lib/python3.12/site-packages/airflow/example_dags/example_sla_dag.py for tasks to queue
[2024-06-26T17:47:46.119+0000] {logging_mixin.py:188} INFO - [2024-06-26T17:47:46.119+0000] {dagbag.py:545} INFO - Filling up the DagBag from /home/airflow/.local/lib/python3.12/site-packages/airflow/example_dags/example_sla_dag.py
[2024-06-26T17:47:46.123+0000] {processor.py:840} INFO - DAG(s) 'example_sla_dag' retrieved from /home/airflow/.local/lib/python3.12/site-packages/airflow/example_dags/example_sla_dag.py
[2024-06-26T17:47:46.131+0000] {logging_mixin.py:188} INFO - [2024-06-26T17:47:46.131+0000] {dag.py:3096} INFO - Sync 1 DAGs
[2024-06-26T17:47:46.140+0000] {logging_mixin.py:188} INFO - [2024-06-26T17:47:46.140+0000] {dag.py:3954} INFO - Setting next_dagrun for example_sla_dag to 2024-06-26 17:44:00+00:00, run_after=2024-06-26 17:46:00+00:00
[2024-06-26T17:47:46.146+0000] {processor.py:183} INFO - Processing /home/airflow/.local/lib/python3.12/site-packages/airflow/example_dags/example_sla_dag.py took 0.030 seconds
[2024-06-26T17:48:16.430+0000] {processor.py:161} INFO - Started process (PID=3930) to work on /home/airflow/.local/lib/python3.12/site-packages/airflow/example_dags/example_sla_dag.py
[2024-06-26T17:48:16.430+0000] {processor.py:830} INFO - Processing file /home/airflow/.local/lib/python3.12/site-packages/airflow/example_dags/example_sla_dag.py for tasks to queue
[2024-06-26T17:48:16.431+0000] {logging_mixin.py:188} INFO - [2024-06-26T17:48:16.431+0000] {dagbag.py:545} INFO - Filling up the DagBag from /home/airflow/.local/lib/python3.12/site-packages/airflow/example_dags/example_sla_dag.py
[2024-06-26T17:48:16.434+0000] {processor.py:840} INFO - DAG(s) 'example_sla_dag' retrieved from /home/airflow/.local/lib/python3.12/site-packages/airflow/example_dags/example_sla_dag.py
[2024-06-26T17:48:16.441+0000] {logging_mixin.py:188} INFO - [2024-06-26T17:48:16.441+0000] {dag.py:3096} INFO - Sync 1 DAGs
[2024-06-26T17:48:16.449+0000] {logging_mixin.py:188} INFO - [2024-06-26T17:48:16.449+0000] {dag.py:3954} INFO - Setting next_dagrun for example_sla_dag to 2024-06-26 17:46:00+00:00, run_after=2024-06-26 17:48:00+00:00
[2024-06-26T17:48:16.455+0000] {processor.py:183} INFO - Processing /home/airflow/.local/lib/python3.12/site-packages/airflow/example_dags/example_sla_dag.py took 0.028 seconds
[2024-06-26T17:48:46.697+0000] {processor.py:161} INFO - Started process (PID=4217) to work on /home/airflow/.local/lib/python3.12/site-packages/airflow/example_dags/example_sla_dag.py
[2024-06-26T17:48:46.697+0000] {processor.py:830} INFO - Processing file /home/airflow/.local/lib/python3.12/site-packages/airflow/example_dags/example_sla_dag.py for tasks to queue
[2024-06-26T17:48:46.698+0000] {logging_mixin.py:188} INFO - [2024-06-26T17:48:46.698+0000] {dagbag.py:545} INFO - Filling up the DagBag from /home/airflow/.local/lib/python3.12/site-packages/airflow/example_dags/example_sla_dag.py
[2024-06-26T17:48:46.701+0000] {processor.py:840} INFO - DAG(s) 'example_sla_dag' retrieved from /home/airflow/.local/lib/python3.12/site-packages/airflow/example_dags/example_sla_dag.py
[2024-06-26T17:48:46.708+0000] {logging_mixin.py:188} INFO - [2024-06-26T17:48:46.708+0000] {dag.py:3096} INFO - Sync 1 DAGs
[2024-06-26T17:48:46.717+0000] {logging_mixin.py:188} INFO - [2024-06-26T17:48:46.717+0000] {dag.py:3954} INFO - Setting next_dagrun for example_sla_dag to 2024-06-26 17:46:00+00:00, run_after=2024-06-26 17:48:00+00:00
[2024-06-26T17:48:46.722+0000] {processor.py:183} INFO - Processing /home/airflow/.local/lib/python3.12/site-packages/airflow/example_dags/example_sla_dag.py took 0.028 seconds
[2024-06-26T17:49:16.905+0000] {processor.py:161} INFO - Started process (PID=4479) to work on /home/airflow/.local/lib/python3.12/site-packages/airflow/example_dags/example_sla_dag.py
[2024-06-26T17:49:16.906+0000] {processor.py:830} INFO - Processing file /home/airflow/.local/lib/python3.12/site-packages/airflow/example_dags/example_sla_dag.py for tasks to queue
[2024-06-26T17:49:16.906+0000] {logging_mixin.py:188} INFO - [2024-06-26T17:49:16.906+0000] {dagbag.py:545} INFO - Filling up the DagBag from /home/airflow/.local/lib/python3.12/site-packages/airflow/example_dags/example_sla_dag.py
[2024-06-26T17:49:16.910+0000] {processor.py:840} INFO - DAG(s) 'example_sla_dag' retrieved from /home/airflow/.local/lib/python3.12/site-packages/airflow/example_dags/example_sla_dag.py
[2024-06-26T17:49:16.918+0000] {logging_mixin.py:188} INFO - [2024-06-26T17:49:16.918+0000] {dag.py:3096} INFO - Sync 1 DAGs
[2024-06-26T17:49:16.927+0000] {logging_mixin.py:188} INFO - [2024-06-26T17:49:16.927+0000] {dag.py:3954} INFO - Setting next_dagrun for example_sla_dag to 2024-06-26 17:46:00+00:00, run_after=2024-06-26 17:48:00+00:00
[2024-06-26T17:49:16.933+0000] {processor.py:183} INFO - Processing /home/airflow/.local/lib/python3.12/site-packages/airflow/example_dags/example_sla_dag.py took 0.030 seconds
[2024-06-26T17:49:47.212+0000] {processor.py:161} INFO - Started process (PID=4741) to work on /home/airflow/.local/lib/python3.12/site-packages/airflow/example_dags/example_sla_dag.py
[2024-06-26T17:49:47.212+0000] {processor.py:830} INFO - Processing file /home/airflow/.local/lib/python3.12/site-packages/airflow/example_dags/example_sla_dag.py for tasks to queue
[2024-06-26T17:49:47.213+0000] {logging_mixin.py:188} INFO - [2024-06-26T17:49:47.213+0000] {dagbag.py:545} INFO - Filling up the DagBag from /home/airflow/.local/lib/python3.12/site-packages/airflow/example_dags/example_sla_dag.py
[2024-06-26T17:49:47.216+0000] {processor.py:840} INFO - DAG(s) 'example_sla_dag' retrieved from /home/airflow/.local/lib/python3.12/site-packages/airflow/example_dags/example_sla_dag.py
[2024-06-26T17:49:47.224+0000] {logging_mixin.py:188} INFO - [2024-06-26T17:49:47.224+0000] {dag.py:3096} INFO - Sync 1 DAGs
[2024-06-26T17:49:47.233+0000] {logging_mixin.py:188} INFO - [2024-06-26T17:49:47.232+0000] {dag.py:3954} INFO - Setting next_dagrun for example_sla_dag to 2024-06-26 17:46:00+00:00, run_after=2024-06-26 17:48:00+00:00
[2024-06-26T17:49:47.239+0000] {processor.py:183} INFO - Processing /home/airflow/.local/lib/python3.12/site-packages/airflow/example_dags/example_sla_dag.py took 0.030 seconds
[2024-06-26T17:50:17.535+0000] {processor.py:161} INFO - Started process (PID=5003) to work on /home/airflow/.local/lib/python3.12/site-packages/airflow/example_dags/example_sla_dag.py
[2024-06-26T17:50:17.535+0000] {processor.py:830} INFO - Processing file /home/airflow/.local/lib/python3.12/site-packages/airflow/example_dags/example_sla_dag.py for tasks to queue
[2024-06-26T17:50:17.536+0000] {logging_mixin.py:188} INFO - [2024-06-26T17:50:17.536+0000] {dagbag.py:545} INFO - Filling up the DagBag from /home/airflow/.local/lib/python3.12/site-packages/airflow/example_dags/example_sla_dag.py
[2024-06-26T17:50:17.540+0000] {processor.py:840} INFO - DAG(s) 'example_sla_dag' retrieved from /home/airflow/.local/lib/python3.12/site-packages/airflow/example_dags/example_sla_dag.py
[2024-06-26T17:50:17.549+0000] {logging_mixin.py:188} INFO - [2024-06-26T17:50:17.549+0000] {dag.py:3096} INFO - Sync 1 DAGs
[2024-06-26T17:50:17.560+0000] {logging_mixin.py:188} INFO - [2024-06-26T17:50:17.560+0000] {dag.py:3954} INFO - Setting next_dagrun for example_sla_dag to 2024-06-26 17:48:00+00:00, run_after=2024-06-26 17:50:00+00:00
[2024-06-26T17:50:17.567+0000] {processor.py:183} INFO - Processing /home/airflow/.local/lib/python3.12/site-packages/airflow/example_dags/example_sla_dag.py took 0.035 seconds
[2024-06-26T17:50:47.974+0000] {processor.py:161} INFO - Started process (PID=5267) to work on /home/airflow/.local/lib/python3.12/site-packages/airflow/example_dags/example_sla_dag.py
[2024-06-26T17:50:47.974+0000] {processor.py:830} INFO - Processing file /home/airflow/.local/lib/python3.12/site-packages/airflow/example_dags/example_sla_dag.py for tasks to queue
[2024-06-26T17:50:47.975+0000] {logging_mixin.py:188} INFO - [2024-06-26T17:50:47.975+0000] {dagbag.py:545} INFO - Filling up the DagBag from /home/airflow/.local/lib/python3.12/site-packages/airflow/example_dags/example_sla_dag.py
[2024-06-26T17:50:47.978+0000] {processor.py:840} INFO - DAG(s) 'example_sla_dag' retrieved from /home/airflow/.local/lib/python3.12/site-packages/airflow/example_dags/example_sla_dag.py
[2024-06-26T17:50:47.985+0000] {logging_mixin.py:188} INFO - [2024-06-26T17:50:47.985+0000] {dag.py:3096} INFO - Sync 1 DAGs
[2024-06-26T17:50:47.992+0000] {logging_mixin.py:188} INFO - [2024-06-26T17:50:47.992+0000] {dag.py:3954} INFO - Setting next_dagrun for example_sla_dag to 2024-06-26 17:48:00+00:00, run_after=2024-06-26 17:50:00+00:00
[2024-06-26T17:50:47.998+0000] {processor.py:183} INFO - Processing /home/airflow/.local/lib/python3.12/site-packages/airflow/example_dags/example_sla_dag.py took 0.026 seconds
