[2024-06-26T17:41:11.910+0000] {processor.py:161} INFO - Started process (PID=299) to work on /home/airflow/.local/lib/python3.12/site-packages/airflow/example_dags/example_subdag_operator.py
[2024-06-26T17:41:11.911+0000] {processor.py:830} INFO - Processing file /home/airflow/.local/lib/python3.12/site-packages/airflow/example_dags/example_subdag_operator.py for tasks to queue
[2024-06-26T17:41:11.912+0000] {logging_mixin.py:188} INFO - [2024-06-26T17:41:11.912+0000] {dagbag.py:545} INFO - Filling up the DagBag from /home/airflow/.local/lib/python3.12/site-packages/airflow/example_dags/example_subdag_operator.py
[2024-06-26T17:41:11.923+0000] {processor.py:840} INFO - DAG(s) 'example_subdag_operator.section-1', 'example_subdag_operator.section-2', 'example_subdag_operator' retrieved from /home/airflow/.local/lib/python3.12/site-packages/airflow/example_dags/example_subdag_operator.py
[2024-06-26T17:41:11.924+0000] {logging_mixin.py:188} INFO - [2024-06-26T17:41:11.924+0000] {dag.py:3096} INFO - Sync 3 DAGs
[2024-06-26T17:41:11.934+0000] {logging_mixin.py:188} INFO - [2024-06-26T17:41:11.934+0000] {dag.py:3954} INFO - Setting next_dagrun for example_subdag_operator to 2022-01-01 00:00:00+00:00, run_after=2022-01-01 00:00:00+00:00
[2024-06-26T17:41:11.935+0000] {logging_mixin.py:188} INFO - [2024-06-26T17:41:11.935+0000] {dag.py:3954} INFO - Setting next_dagrun for example_subdag_operator.section-1 to None, run_after=None
[2024-06-26T17:41:11.936+0000] {logging_mixin.py:188} INFO - [2024-06-26T17:41:11.936+0000] {dag.py:3954} INFO - Setting next_dagrun for example_subdag_operator.section-2 to None, run_after=None
[2024-06-26T17:41:11.939+0000] {logging_mixin.py:188} INFO - [2024-06-26T17:41:11.939+0000] {dag.py:3096} INFO - Sync 2 DAGs
[2024-06-26T17:41:11.941+0000] {logging_mixin.py:188} INFO - [2024-06-26T17:41:11.941+0000] {dag.py:3954} INFO - Setting next_dagrun for example_subdag_operator.section-1 to None, run_after=None
[2024-06-26T17:41:11.942+0000] {logging_mixin.py:188} INFO - [2024-06-26T17:41:11.942+0000] {dag.py:3954} INFO - Setting next_dagrun for example_subdag_operator.section-2 to None, run_after=None
[2024-06-26T17:41:11.947+0000] {processor.py:183} INFO - Processing /home/airflow/.local/lib/python3.12/site-packages/airflow/example_dags/example_subdag_operator.py took 0.039 seconds
[2024-06-26T17:41:42.369+0000] {processor.py:161} INFO - Started process (PID=561) to work on /home/airflow/.local/lib/python3.12/site-packages/airflow/example_dags/example_subdag_operator.py
[2024-06-26T17:41:42.369+0000] {processor.py:830} INFO - Processing file /home/airflow/.local/lib/python3.12/site-packages/airflow/example_dags/example_subdag_operator.py for tasks to queue
[2024-06-26T17:41:42.370+0000] {logging_mixin.py:188} INFO - [2024-06-26T17:41:42.370+0000] {dagbag.py:545} INFO - Filling up the DagBag from /home/airflow/.local/lib/python3.12/site-packages/airflow/example_dags/example_subdag_operator.py
[2024-06-26T17:41:42.380+0000] {processor.py:840} INFO - DAG(s) 'example_subdag_operator.section-1', 'example_subdag_operator.section-2', 'example_subdag_operator' retrieved from /home/airflow/.local/lib/python3.12/site-packages/airflow/example_dags/example_subdag_operator.py
[2024-06-26T17:41:42.413+0000] {logging_mixin.py:188} INFO - [2024-06-26T17:41:42.413+0000] {dag.py:3096} INFO - Sync 3 DAGs
[2024-06-26T17:41:42.421+0000] {logging_mixin.py:188} INFO - [2024-06-26T17:41:42.420+0000] {dag.py:3954} INFO - Setting next_dagrun for example_subdag_operator to 2022-01-01 00:00:00+00:00, run_after=2022-01-01 00:00:00+00:00
[2024-06-26T17:41:42.422+0000] {logging_mixin.py:188} INFO - [2024-06-26T17:41:42.422+0000] {dag.py:3954} INFO - Setting next_dagrun for example_subdag_operator.section-1 to None, run_after=None
[2024-06-26T17:41:42.422+0000] {logging_mixin.py:188} INFO - [2024-06-26T17:41:42.422+0000] {dag.py:3954} INFO - Setting next_dagrun for example_subdag_operator.section-2 to None, run_after=None
[2024-06-26T17:41:42.426+0000] {logging_mixin.py:188} INFO - [2024-06-26T17:41:42.426+0000] {dag.py:3096} INFO - Sync 2 DAGs
[2024-06-26T17:41:42.428+0000] {logging_mixin.py:188} INFO - [2024-06-26T17:41:42.427+0000] {dag.py:3954} INFO - Setting next_dagrun for example_subdag_operator.section-1 to None, run_after=None
[2024-06-26T17:41:42.428+0000] {logging_mixin.py:188} INFO - [2024-06-26T17:41:42.428+0000] {dag.py:3954} INFO - Setting next_dagrun for example_subdag_operator.section-2 to None, run_after=None
[2024-06-26T17:41:42.431+0000] {processor.py:183} INFO - Processing /home/airflow/.local/lib/python3.12/site-packages/airflow/example_dags/example_subdag_operator.py took 0.065 seconds
[2024-06-26T17:42:12.973+0000] {processor.py:161} INFO - Started process (PID=821) to work on /home/airflow/.local/lib/python3.12/site-packages/airflow/example_dags/example_subdag_operator.py
[2024-06-26T17:42:12.974+0000] {processor.py:830} INFO - Processing file /home/airflow/.local/lib/python3.12/site-packages/airflow/example_dags/example_subdag_operator.py for tasks to queue
[2024-06-26T17:42:12.974+0000] {logging_mixin.py:188} INFO - [2024-06-26T17:42:12.974+0000] {dagbag.py:545} INFO - Filling up the DagBag from /home/airflow/.local/lib/python3.12/site-packages/airflow/example_dags/example_subdag_operator.py
[2024-06-26T17:42:12.982+0000] {processor.py:840} INFO - DAG(s) 'example_subdag_operator.section-1', 'example_subdag_operator.section-2', 'example_subdag_operator' retrieved from /home/airflow/.local/lib/python3.12/site-packages/airflow/example_dags/example_subdag_operator.py
[2024-06-26T17:42:12.987+0000] {logging_mixin.py:188} INFO - [2024-06-26T17:42:12.987+0000] {dag.py:3096} INFO - Sync 3 DAGs
[2024-06-26T17:42:12.995+0000] {logging_mixin.py:188} INFO - [2024-06-26T17:42:12.995+0000] {dag.py:3954} INFO - Setting next_dagrun for example_subdag_operator to 2022-01-01 00:00:00+00:00, run_after=2022-01-01 00:00:00+00:00
[2024-06-26T17:42:12.996+0000] {logging_mixin.py:188} INFO - [2024-06-26T17:42:12.996+0000] {dag.py:3954} INFO - Setting next_dagrun for example_subdag_operator.section-1 to None, run_after=None
[2024-06-26T17:42:12.997+0000] {logging_mixin.py:188} INFO - [2024-06-26T17:42:12.997+0000] {dag.py:3954} INFO - Setting next_dagrun for example_subdag_operator.section-2 to None, run_after=None
[2024-06-26T17:42:12.999+0000] {logging_mixin.py:188} INFO - [2024-06-26T17:42:12.999+0000] {dag.py:3096} INFO - Sync 2 DAGs
[2024-06-26T17:42:13.001+0000] {logging_mixin.py:188} INFO - [2024-06-26T17:42:13.001+0000] {dag.py:3954} INFO - Setting next_dagrun for example_subdag_operator.section-1 to None, run_after=None
[2024-06-26T17:42:13.002+0000] {logging_mixin.py:188} INFO - [2024-06-26T17:42:13.002+0000] {dag.py:3954} INFO - Setting next_dagrun for example_subdag_operator.section-2 to None, run_after=None
[2024-06-26T17:42:13.005+0000] {processor.py:183} INFO - Processing /home/airflow/.local/lib/python3.12/site-packages/airflow/example_dags/example_subdag_operator.py took 0.034 seconds
[2024-06-26T17:42:43.266+0000] {processor.py:161} INFO - Started process (PID=1083) to work on /home/airflow/.local/lib/python3.12/site-packages/airflow/example_dags/example_subdag_operator.py
[2024-06-26T17:42:43.266+0000] {processor.py:830} INFO - Processing file /home/airflow/.local/lib/python3.12/site-packages/airflow/example_dags/example_subdag_operator.py for tasks to queue
[2024-06-26T17:42:43.267+0000] {logging_mixin.py:188} INFO - [2024-06-26T17:42:43.267+0000] {dagbag.py:545} INFO - Filling up the DagBag from /home/airflow/.local/lib/python3.12/site-packages/airflow/example_dags/example_subdag_operator.py
[2024-06-26T17:42:43.276+0000] {processor.py:840} INFO - DAG(s) 'example_subdag_operator.section-1', 'example_subdag_operator.section-2', 'example_subdag_operator' retrieved from /home/airflow/.local/lib/python3.12/site-packages/airflow/example_dags/example_subdag_operator.py
[2024-06-26T17:42:43.282+0000] {logging_mixin.py:188} INFO - [2024-06-26T17:42:43.282+0000] {dag.py:3096} INFO - Sync 3 DAGs
[2024-06-26T17:42:43.289+0000] {logging_mixin.py:188} INFO - [2024-06-26T17:42:43.289+0000] {dag.py:3954} INFO - Setting next_dagrun for example_subdag_operator to 2022-01-01 00:00:00+00:00, run_after=2022-01-01 00:00:00+00:00
[2024-06-26T17:42:43.291+0000] {logging_mixin.py:188} INFO - [2024-06-26T17:42:43.291+0000] {dag.py:3954} INFO - Setting next_dagrun for example_subdag_operator.section-1 to None, run_after=None
[2024-06-26T17:42:43.291+0000] {logging_mixin.py:188} INFO - [2024-06-26T17:42:43.291+0000] {dag.py:3954} INFO - Setting next_dagrun for example_subdag_operator.section-2 to None, run_after=None
[2024-06-26T17:42:43.294+0000] {logging_mixin.py:188} INFO - [2024-06-26T17:42:43.294+0000] {dag.py:3096} INFO - Sync 2 DAGs
[2024-06-26T17:42:43.296+0000] {logging_mixin.py:188} INFO - [2024-06-26T17:42:43.295+0000] {dag.py:3954} INFO - Setting next_dagrun for example_subdag_operator.section-1 to None, run_after=None
[2024-06-26T17:42:43.296+0000] {logging_mixin.py:188} INFO - [2024-06-26T17:42:43.296+0000] {dag.py:3954} INFO - Setting next_dagrun for example_subdag_operator.section-2 to None, run_after=None
[2024-06-26T17:42:43.299+0000] {processor.py:183} INFO - Processing /home/airflow/.local/lib/python3.12/site-packages/airflow/example_dags/example_subdag_operator.py took 0.036 seconds
[2024-06-26T17:43:13.647+0000] {processor.py:161} INFO - Started process (PID=1347) to work on /home/airflow/.local/lib/python3.12/site-packages/airflow/example_dags/example_subdag_operator.py
[2024-06-26T17:43:13.647+0000] {processor.py:830} INFO - Processing file /home/airflow/.local/lib/python3.12/site-packages/airflow/example_dags/example_subdag_operator.py for tasks to queue
[2024-06-26T17:43:13.648+0000] {logging_mixin.py:188} INFO - [2024-06-26T17:43:13.648+0000] {dagbag.py:545} INFO - Filling up the DagBag from /home/airflow/.local/lib/python3.12/site-packages/airflow/example_dags/example_subdag_operator.py
[2024-06-26T17:43:13.657+0000] {processor.py:840} INFO - DAG(s) 'example_subdag_operator.section-1', 'example_subdag_operator.section-2', 'example_subdag_operator' retrieved from /home/airflow/.local/lib/python3.12/site-packages/airflow/example_dags/example_subdag_operator.py
[2024-06-26T17:43:13.662+0000] {logging_mixin.py:188} INFO - [2024-06-26T17:43:13.662+0000] {dag.py:3096} INFO - Sync 3 DAGs
[2024-06-26T17:43:13.669+0000] {logging_mixin.py:188} INFO - [2024-06-26T17:43:13.669+0000] {dag.py:3954} INFO - Setting next_dagrun for example_subdag_operator to 2022-01-01 00:00:00+00:00, run_after=2022-01-01 00:00:00+00:00
[2024-06-26T17:43:13.671+0000] {logging_mixin.py:188} INFO - [2024-06-26T17:43:13.670+0000] {dag.py:3954} INFO - Setting next_dagrun for example_subdag_operator.section-1 to None, run_after=None
[2024-06-26T17:43:13.671+0000] {logging_mixin.py:188} INFO - [2024-06-26T17:43:13.671+0000] {dag.py:3954} INFO - Setting next_dagrun for example_subdag_operator.section-2 to None, run_after=None
[2024-06-26T17:43:13.674+0000] {logging_mixin.py:188} INFO - [2024-06-26T17:43:13.674+0000] {dag.py:3096} INFO - Sync 2 DAGs
[2024-06-26T17:43:13.675+0000] {logging_mixin.py:188} INFO - [2024-06-26T17:43:13.675+0000] {dag.py:3954} INFO - Setting next_dagrun for example_subdag_operator.section-1 to None, run_after=None
[2024-06-26T17:43:13.676+0000] {logging_mixin.py:188} INFO - [2024-06-26T17:43:13.676+0000] {dag.py:3954} INFO - Setting next_dagrun for example_subdag_operator.section-2 to None, run_after=None
[2024-06-26T17:43:13.679+0000] {processor.py:183} INFO - Processing /home/airflow/.local/lib/python3.12/site-packages/airflow/example_dags/example_subdag_operator.py took 0.034 seconds
[2024-06-26T17:43:44.016+0000] {processor.py:161} INFO - Started process (PID=1607) to work on /home/airflow/.local/lib/python3.12/site-packages/airflow/example_dags/example_subdag_operator.py
[2024-06-26T17:43:44.017+0000] {processor.py:830} INFO - Processing file /home/airflow/.local/lib/python3.12/site-packages/airflow/example_dags/example_subdag_operator.py for tasks to queue
[2024-06-26T17:43:44.017+0000] {logging_mixin.py:188} INFO - [2024-06-26T17:43:44.017+0000] {dagbag.py:545} INFO - Filling up the DagBag from /home/airflow/.local/lib/python3.12/site-packages/airflow/example_dags/example_subdag_operator.py
[2024-06-26T17:43:44.026+0000] {processor.py:840} INFO - DAG(s) 'example_subdag_operator.section-1', 'example_subdag_operator.section-2', 'example_subdag_operator' retrieved from /home/airflow/.local/lib/python3.12/site-packages/airflow/example_dags/example_subdag_operator.py
[2024-06-26T17:43:44.032+0000] {logging_mixin.py:188} INFO - [2024-06-26T17:43:44.032+0000] {dag.py:3096} INFO - Sync 3 DAGs
[2024-06-26T17:43:44.039+0000] {logging_mixin.py:188} INFO - [2024-06-26T17:43:44.039+0000] {dag.py:3954} INFO - Setting next_dagrun for example_subdag_operator to 2022-01-01 00:00:00+00:00, run_after=2022-01-01 00:00:00+00:00
[2024-06-26T17:43:44.041+0000] {logging_mixin.py:188} INFO - [2024-06-26T17:43:44.041+0000] {dag.py:3954} INFO - Setting next_dagrun for example_subdag_operator.section-1 to None, run_after=None
[2024-06-26T17:43:44.041+0000] {logging_mixin.py:188} INFO - [2024-06-26T17:43:44.041+0000] {dag.py:3954} INFO - Setting next_dagrun for example_subdag_operator.section-2 to None, run_after=None
[2024-06-26T17:43:44.044+0000] {logging_mixin.py:188} INFO - [2024-06-26T17:43:44.044+0000] {dag.py:3096} INFO - Sync 2 DAGs
[2024-06-26T17:43:44.046+0000] {logging_mixin.py:188} INFO - [2024-06-26T17:43:44.045+0000] {dag.py:3954} INFO - Setting next_dagrun for example_subdag_operator.section-1 to None, run_after=None
[2024-06-26T17:43:44.046+0000] {logging_mixin.py:188} INFO - [2024-06-26T17:43:44.046+0000] {dag.py:3954} INFO - Setting next_dagrun for example_subdag_operator.section-2 to None, run_after=None
[2024-06-26T17:43:44.049+0000] {processor.py:183} INFO - Processing /home/airflow/.local/lib/python3.12/site-packages/airflow/example_dags/example_subdag_operator.py took 0.035 seconds
[2024-06-26T17:44:14.220+0000] {processor.py:161} INFO - Started process (PID=1869) to work on /home/airflow/.local/lib/python3.12/site-packages/airflow/example_dags/example_subdag_operator.py
[2024-06-26T17:44:14.220+0000] {processor.py:830} INFO - Processing file /home/airflow/.local/lib/python3.12/site-packages/airflow/example_dags/example_subdag_operator.py for tasks to queue
[2024-06-26T17:44:14.221+0000] {logging_mixin.py:188} INFO - [2024-06-26T17:44:14.221+0000] {dagbag.py:545} INFO - Filling up the DagBag from /home/airflow/.local/lib/python3.12/site-packages/airflow/example_dags/example_subdag_operator.py
[2024-06-26T17:44:14.230+0000] {processor.py:840} INFO - DAG(s) 'example_subdag_operator.section-1', 'example_subdag_operator.section-2', 'example_subdag_operator' retrieved from /home/airflow/.local/lib/python3.12/site-packages/airflow/example_dags/example_subdag_operator.py
[2024-06-26T17:44:14.235+0000] {logging_mixin.py:188} INFO - [2024-06-26T17:44:14.235+0000] {dag.py:3096} INFO - Sync 3 DAGs
[2024-06-26T17:44:14.243+0000] {logging_mixin.py:188} INFO - [2024-06-26T17:44:14.243+0000] {dag.py:3954} INFO - Setting next_dagrun for example_subdag_operator to 2022-01-01 00:00:00+00:00, run_after=2022-01-01 00:00:00+00:00
[2024-06-26T17:44:14.245+0000] {logging_mixin.py:188} INFO - [2024-06-26T17:44:14.244+0000] {dag.py:3954} INFO - Setting next_dagrun for example_subdag_operator.section-1 to None, run_after=None
[2024-06-26T17:44:14.245+0000] {logging_mixin.py:188} INFO - [2024-06-26T17:44:14.245+0000] {dag.py:3954} INFO - Setting next_dagrun for example_subdag_operator.section-2 to None, run_after=None
[2024-06-26T17:44:14.248+0000] {logging_mixin.py:188} INFO - [2024-06-26T17:44:14.247+0000] {dag.py:3096} INFO - Sync 2 DAGs
[2024-06-26T17:44:14.249+0000] {logging_mixin.py:188} INFO - [2024-06-26T17:44:14.249+0000] {dag.py:3954} INFO - Setting next_dagrun for example_subdag_operator.section-1 to None, run_after=None
[2024-06-26T17:44:14.250+0000] {logging_mixin.py:188} INFO - [2024-06-26T17:44:14.250+0000] {dag.py:3954} INFO - Setting next_dagrun for example_subdag_operator.section-2 to None, run_after=None
[2024-06-26T17:44:14.253+0000] {processor.py:183} INFO - Processing /home/airflow/.local/lib/python3.12/site-packages/airflow/example_dags/example_subdag_operator.py took 0.036 seconds
[2024-06-26T17:44:44.507+0000] {processor.py:161} INFO - Started process (PID=2131) to work on /home/airflow/.local/lib/python3.12/site-packages/airflow/example_dags/example_subdag_operator.py
[2024-06-26T17:44:44.508+0000] {processor.py:830} INFO - Processing file /home/airflow/.local/lib/python3.12/site-packages/airflow/example_dags/example_subdag_operator.py for tasks to queue
[2024-06-26T17:44:44.508+0000] {logging_mixin.py:188} INFO - [2024-06-26T17:44:44.508+0000] {dagbag.py:545} INFO - Filling up the DagBag from /home/airflow/.local/lib/python3.12/site-packages/airflow/example_dags/example_subdag_operator.py
[2024-06-26T17:44:44.517+0000] {processor.py:840} INFO - DAG(s) 'example_subdag_operator.section-1', 'example_subdag_operator.section-2', 'example_subdag_operator' retrieved from /home/airflow/.local/lib/python3.12/site-packages/airflow/example_dags/example_subdag_operator.py
[2024-06-26T17:44:44.522+0000] {logging_mixin.py:188} INFO - [2024-06-26T17:44:44.522+0000] {dag.py:3096} INFO - Sync 3 DAGs
[2024-06-26T17:44:44.530+0000] {logging_mixin.py:188} INFO - [2024-06-26T17:44:44.530+0000] {dag.py:3954} INFO - Setting next_dagrun for example_subdag_operator to 2022-01-01 00:00:00+00:00, run_after=2022-01-01 00:00:00+00:00
[2024-06-26T17:44:44.532+0000] {logging_mixin.py:188} INFO - [2024-06-26T17:44:44.531+0000] {dag.py:3954} INFO - Setting next_dagrun for example_subdag_operator.section-1 to None, run_after=None
[2024-06-26T17:44:44.532+0000] {logging_mixin.py:188} INFO - [2024-06-26T17:44:44.532+0000] {dag.py:3954} INFO - Setting next_dagrun for example_subdag_operator.section-2 to None, run_after=None
[2024-06-26T17:44:44.535+0000] {logging_mixin.py:188} INFO - [2024-06-26T17:44:44.534+0000] {dag.py:3096} INFO - Sync 2 DAGs
[2024-06-26T17:44:44.536+0000] {logging_mixin.py:188} INFO - [2024-06-26T17:44:44.536+0000] {dag.py:3954} INFO - Setting next_dagrun for example_subdag_operator.section-1 to None, run_after=None
[2024-06-26T17:44:44.537+0000] {logging_mixin.py:188} INFO - [2024-06-26T17:44:44.536+0000] {dag.py:3954} INFO - Setting next_dagrun for example_subdag_operator.section-2 to None, run_after=None
[2024-06-26T17:44:44.540+0000] {processor.py:183} INFO - Processing /home/airflow/.local/lib/python3.12/site-packages/airflow/example_dags/example_subdag_operator.py took 0.035 seconds
[2024-06-26T17:45:14.746+0000] {processor.py:161} INFO - Started process (PID=2393) to work on /home/airflow/.local/lib/python3.12/site-packages/airflow/example_dags/example_subdag_operator.py
[2024-06-26T17:45:14.747+0000] {processor.py:830} INFO - Processing file /home/airflow/.local/lib/python3.12/site-packages/airflow/example_dags/example_subdag_operator.py for tasks to queue
[2024-06-26T17:45:14.747+0000] {logging_mixin.py:188} INFO - [2024-06-26T17:45:14.747+0000] {dagbag.py:545} INFO - Filling up the DagBag from /home/airflow/.local/lib/python3.12/site-packages/airflow/example_dags/example_subdag_operator.py
[2024-06-26T17:45:14.757+0000] {processor.py:840} INFO - DAG(s) 'example_subdag_operator.section-1', 'example_subdag_operator.section-2', 'example_subdag_operator' retrieved from /home/airflow/.local/lib/python3.12/site-packages/airflow/example_dags/example_subdag_operator.py
[2024-06-26T17:45:14.762+0000] {logging_mixin.py:188} INFO - [2024-06-26T17:45:14.762+0000] {dag.py:3096} INFO - Sync 3 DAGs
[2024-06-26T17:45:14.770+0000] {logging_mixin.py:188} INFO - [2024-06-26T17:45:14.770+0000] {dag.py:3954} INFO - Setting next_dagrun for example_subdag_operator to 2022-01-01 00:00:00+00:00, run_after=2022-01-01 00:00:00+00:00
[2024-06-26T17:45:14.772+0000] {logging_mixin.py:188} INFO - [2024-06-26T17:45:14.772+0000] {dag.py:3954} INFO - Setting next_dagrun for example_subdag_operator.section-1 to None, run_after=None
[2024-06-26T17:45:14.772+0000] {logging_mixin.py:188} INFO - [2024-06-26T17:45:14.772+0000] {dag.py:3954} INFO - Setting next_dagrun for example_subdag_operator.section-2 to None, run_after=None
[2024-06-26T17:45:14.776+0000] {logging_mixin.py:188} INFO - [2024-06-26T17:45:14.776+0000] {dag.py:3096} INFO - Sync 2 DAGs
[2024-06-26T17:45:14.778+0000] {logging_mixin.py:188} INFO - [2024-06-26T17:45:14.778+0000] {dag.py:3954} INFO - Setting next_dagrun for example_subdag_operator.section-1 to None, run_after=None
[2024-06-26T17:45:14.779+0000] {logging_mixin.py:188} INFO - [2024-06-26T17:45:14.779+0000] {dag.py:3954} INFO - Setting next_dagrun for example_subdag_operator.section-2 to None, run_after=None
[2024-06-26T17:45:14.783+0000] {processor.py:183} INFO - Processing /home/airflow/.local/lib/python3.12/site-packages/airflow/example_dags/example_subdag_operator.py took 0.039 seconds
[2024-06-26T17:45:45.148+0000] {processor.py:161} INFO - Started process (PID=2655) to work on /home/airflow/.local/lib/python3.12/site-packages/airflow/example_dags/example_subdag_operator.py
[2024-06-26T17:45:45.148+0000] {processor.py:830} INFO - Processing file /home/airflow/.local/lib/python3.12/site-packages/airflow/example_dags/example_subdag_operator.py for tasks to queue
[2024-06-26T17:45:45.149+0000] {logging_mixin.py:188} INFO - [2024-06-26T17:45:45.149+0000] {dagbag.py:545} INFO - Filling up the DagBag from /home/airflow/.local/lib/python3.12/site-packages/airflow/example_dags/example_subdag_operator.py
[2024-06-26T17:45:45.159+0000] {processor.py:840} INFO - DAG(s) 'example_subdag_operator.section-1', 'example_subdag_operator.section-2', 'example_subdag_operator' retrieved from /home/airflow/.local/lib/python3.12/site-packages/airflow/example_dags/example_subdag_operator.py
[2024-06-26T17:45:45.165+0000] {logging_mixin.py:188} INFO - [2024-06-26T17:45:45.165+0000] {dag.py:3096} INFO - Sync 3 DAGs
[2024-06-26T17:45:45.175+0000] {logging_mixin.py:188} INFO - [2024-06-26T17:45:45.174+0000] {dag.py:3954} INFO - Setting next_dagrun for example_subdag_operator to 2022-01-01 00:00:00+00:00, run_after=2022-01-01 00:00:00+00:00
[2024-06-26T17:45:45.176+0000] {logging_mixin.py:188} INFO - [2024-06-26T17:45:45.176+0000] {dag.py:3954} INFO - Setting next_dagrun for example_subdag_operator.section-1 to None, run_after=None
[2024-06-26T17:45:45.177+0000] {logging_mixin.py:188} INFO - [2024-06-26T17:45:45.177+0000] {dag.py:3954} INFO - Setting next_dagrun for example_subdag_operator.section-2 to None, run_after=None
[2024-06-26T17:45:45.180+0000] {logging_mixin.py:188} INFO - [2024-06-26T17:45:45.180+0000] {dag.py:3096} INFO - Sync 2 DAGs
[2024-06-26T17:45:45.182+0000] {logging_mixin.py:188} INFO - [2024-06-26T17:45:45.182+0000] {dag.py:3954} INFO - Setting next_dagrun for example_subdag_operator.section-1 to None, run_after=None
[2024-06-26T17:45:45.182+0000] {logging_mixin.py:188} INFO - [2024-06-26T17:45:45.182+0000] {dag.py:3954} INFO - Setting next_dagrun for example_subdag_operator.section-2 to None, run_after=None
[2024-06-26T17:45:45.186+0000] {processor.py:183} INFO - Processing /home/airflow/.local/lib/python3.12/site-packages/airflow/example_dags/example_subdag_operator.py took 0.041 seconds
[2024-06-26T17:46:15.566+0000] {processor.py:161} INFO - Started process (PID=2917) to work on /home/airflow/.local/lib/python3.12/site-packages/airflow/example_dags/example_subdag_operator.py
[2024-06-26T17:46:15.566+0000] {processor.py:830} INFO - Processing file /home/airflow/.local/lib/python3.12/site-packages/airflow/example_dags/example_subdag_operator.py for tasks to queue
[2024-06-26T17:46:15.567+0000] {logging_mixin.py:188} INFO - [2024-06-26T17:46:15.567+0000] {dagbag.py:545} INFO - Filling up the DagBag from /home/airflow/.local/lib/python3.12/site-packages/airflow/example_dags/example_subdag_operator.py
[2024-06-26T17:46:15.576+0000] {processor.py:840} INFO - DAG(s) 'example_subdag_operator.section-1', 'example_subdag_operator.section-2', 'example_subdag_operator' retrieved from /home/airflow/.local/lib/python3.12/site-packages/airflow/example_dags/example_subdag_operator.py
[2024-06-26T17:46:15.581+0000] {logging_mixin.py:188} INFO - [2024-06-26T17:46:15.581+0000] {dag.py:3096} INFO - Sync 3 DAGs
[2024-06-26T17:46:15.589+0000] {logging_mixin.py:188} INFO - [2024-06-26T17:46:15.589+0000] {dag.py:3954} INFO - Setting next_dagrun for example_subdag_operator to 2022-01-01 00:00:00+00:00, run_after=2022-01-01 00:00:00+00:00
[2024-06-26T17:46:15.591+0000] {logging_mixin.py:188} INFO - [2024-06-26T17:46:15.591+0000] {dag.py:3954} INFO - Setting next_dagrun for example_subdag_operator.section-1 to None, run_after=None
[2024-06-26T17:46:15.591+0000] {logging_mixin.py:188} INFO - [2024-06-26T17:46:15.591+0000] {dag.py:3954} INFO - Setting next_dagrun for example_subdag_operator.section-2 to None, run_after=None
[2024-06-26T17:46:15.594+0000] {logging_mixin.py:188} INFO - [2024-06-26T17:46:15.594+0000] {dag.py:3096} INFO - Sync 2 DAGs
[2024-06-26T17:46:15.596+0000] {logging_mixin.py:188} INFO - [2024-06-26T17:46:15.596+0000] {dag.py:3954} INFO - Setting next_dagrun for example_subdag_operator.section-1 to None, run_after=None
[2024-06-26T17:46:15.596+0000] {logging_mixin.py:188} INFO - [2024-06-26T17:46:15.596+0000] {dag.py:3954} INFO - Setting next_dagrun for example_subdag_operator.section-2 to None, run_after=None
[2024-06-26T17:46:15.600+0000] {processor.py:183} INFO - Processing /home/airflow/.local/lib/python3.12/site-packages/airflow/example_dags/example_subdag_operator.py took 0.036 seconds
[2024-06-26T17:46:45.839+0000] {processor.py:161} INFO - Started process (PID=3204) to work on /home/airflow/.local/lib/python3.12/site-packages/airflow/example_dags/example_subdag_operator.py
[2024-06-26T17:46:45.839+0000] {processor.py:830} INFO - Processing file /home/airflow/.local/lib/python3.12/site-packages/airflow/example_dags/example_subdag_operator.py for tasks to queue
[2024-06-26T17:46:45.840+0000] {logging_mixin.py:188} INFO - [2024-06-26T17:46:45.840+0000] {dagbag.py:545} INFO - Filling up the DagBag from /home/airflow/.local/lib/python3.12/site-packages/airflow/example_dags/example_subdag_operator.py
[2024-06-26T17:46:45.848+0000] {processor.py:840} INFO - DAG(s) 'example_subdag_operator.section-1', 'example_subdag_operator.section-2', 'example_subdag_operator' retrieved from /home/airflow/.local/lib/python3.12/site-packages/airflow/example_dags/example_subdag_operator.py
[2024-06-26T17:46:45.853+0000] {logging_mixin.py:188} INFO - [2024-06-26T17:46:45.853+0000] {dag.py:3096} INFO - Sync 3 DAGs
[2024-06-26T17:46:45.860+0000] {logging_mixin.py:188} INFO - [2024-06-26T17:46:45.860+0000] {dag.py:3954} INFO - Setting next_dagrun for example_subdag_operator to 2022-01-01 00:00:00+00:00, run_after=2022-01-01 00:00:00+00:00
[2024-06-26T17:46:45.862+0000] {logging_mixin.py:188} INFO - [2024-06-26T17:46:45.862+0000] {dag.py:3954} INFO - Setting next_dagrun for example_subdag_operator.section-1 to None, run_after=None
[2024-06-26T17:46:45.862+0000] {logging_mixin.py:188} INFO - [2024-06-26T17:46:45.862+0000] {dag.py:3954} INFO - Setting next_dagrun for example_subdag_operator.section-2 to None, run_after=None
[2024-06-26T17:46:45.865+0000] {logging_mixin.py:188} INFO - [2024-06-26T17:46:45.865+0000] {dag.py:3096} INFO - Sync 2 DAGs
[2024-06-26T17:46:45.866+0000] {logging_mixin.py:188} INFO - [2024-06-26T17:46:45.866+0000] {dag.py:3954} INFO - Setting next_dagrun for example_subdag_operator.section-1 to None, run_after=None
[2024-06-26T17:46:45.867+0000] {logging_mixin.py:188} INFO - [2024-06-26T17:46:45.867+0000] {dag.py:3954} INFO - Setting next_dagrun for example_subdag_operator.section-2 to None, run_after=None
[2024-06-26T17:46:45.870+0000] {processor.py:183} INFO - Processing /home/airflow/.local/lib/python3.12/site-packages/airflow/example_dags/example_subdag_operator.py took 0.033 seconds
[2024-06-26T17:47:16.059+0000] {processor.py:161} INFO - Started process (PID=3466) to work on /home/airflow/.local/lib/python3.12/site-packages/airflow/example_dags/example_subdag_operator.py
[2024-06-26T17:47:16.060+0000] {processor.py:830} INFO - Processing file /home/airflow/.local/lib/python3.12/site-packages/airflow/example_dags/example_subdag_operator.py for tasks to queue
[2024-06-26T17:47:16.060+0000] {logging_mixin.py:188} INFO - [2024-06-26T17:47:16.060+0000] {dagbag.py:545} INFO - Filling up the DagBag from /home/airflow/.local/lib/python3.12/site-packages/airflow/example_dags/example_subdag_operator.py
[2024-06-26T17:47:16.069+0000] {processor.py:840} INFO - DAG(s) 'example_subdag_operator.section-1', 'example_subdag_operator.section-2', 'example_subdag_operator' retrieved from /home/airflow/.local/lib/python3.12/site-packages/airflow/example_dags/example_subdag_operator.py
[2024-06-26T17:47:16.074+0000] {logging_mixin.py:188} INFO - [2024-06-26T17:47:16.074+0000] {dag.py:3096} INFO - Sync 3 DAGs
[2024-06-26T17:47:16.081+0000] {logging_mixin.py:188} INFO - [2024-06-26T17:47:16.081+0000] {dag.py:3954} INFO - Setting next_dagrun for example_subdag_operator to 2022-01-01 00:00:00+00:00, run_after=2022-01-01 00:00:00+00:00
[2024-06-26T17:47:16.083+0000] {logging_mixin.py:188} INFO - [2024-06-26T17:47:16.082+0000] {dag.py:3954} INFO - Setting next_dagrun for example_subdag_operator.section-1 to None, run_after=None
[2024-06-26T17:47:16.083+0000] {logging_mixin.py:188} INFO - [2024-06-26T17:47:16.083+0000] {dag.py:3954} INFO - Setting next_dagrun for example_subdag_operator.section-2 to None, run_after=None
[2024-06-26T17:47:16.085+0000] {logging_mixin.py:188} INFO - [2024-06-26T17:47:16.085+0000] {dag.py:3096} INFO - Sync 2 DAGs
[2024-06-26T17:47:16.087+0000] {logging_mixin.py:188} INFO - [2024-06-26T17:47:16.087+0000] {dag.py:3954} INFO - Setting next_dagrun for example_subdag_operator.section-1 to None, run_after=None
[2024-06-26T17:47:16.087+0000] {logging_mixin.py:188} INFO - [2024-06-26T17:47:16.087+0000] {dag.py:3954} INFO - Setting next_dagrun for example_subdag_operator.section-2 to None, run_after=None
[2024-06-26T17:47:16.091+0000] {processor.py:183} INFO - Processing /home/airflow/.local/lib/python3.12/site-packages/airflow/example_dags/example_subdag_operator.py took 0.034 seconds
[2024-06-26T17:47:46.332+0000] {processor.py:161} INFO - Started process (PID=3728) to work on /home/airflow/.local/lib/python3.12/site-packages/airflow/example_dags/example_subdag_operator.py
[2024-06-26T17:47:46.332+0000] {processor.py:830} INFO - Processing file /home/airflow/.local/lib/python3.12/site-packages/airflow/example_dags/example_subdag_operator.py for tasks to queue
[2024-06-26T17:47:46.333+0000] {logging_mixin.py:188} INFO - [2024-06-26T17:47:46.333+0000] {dagbag.py:545} INFO - Filling up the DagBag from /home/airflow/.local/lib/python3.12/site-packages/airflow/example_dags/example_subdag_operator.py
[2024-06-26T17:47:46.341+0000] {processor.py:840} INFO - DAG(s) 'example_subdag_operator.section-1', 'example_subdag_operator.section-2', 'example_subdag_operator' retrieved from /home/airflow/.local/lib/python3.12/site-packages/airflow/example_dags/example_subdag_operator.py
[2024-06-26T17:47:46.347+0000] {logging_mixin.py:188} INFO - [2024-06-26T17:47:46.347+0000] {dag.py:3096} INFO - Sync 3 DAGs
[2024-06-26T17:47:46.354+0000] {logging_mixin.py:188} INFO - [2024-06-26T17:47:46.354+0000] {dag.py:3954} INFO - Setting next_dagrun for example_subdag_operator to 2022-01-01 00:00:00+00:00, run_after=2022-01-01 00:00:00+00:00
[2024-06-26T17:47:46.356+0000] {logging_mixin.py:188} INFO - [2024-06-26T17:47:46.355+0000] {dag.py:3954} INFO - Setting next_dagrun for example_subdag_operator.section-1 to None, run_after=None
[2024-06-26T17:47:46.356+0000] {logging_mixin.py:188} INFO - [2024-06-26T17:47:46.356+0000] {dag.py:3954} INFO - Setting next_dagrun for example_subdag_operator.section-2 to None, run_after=None
[2024-06-26T17:47:46.358+0000] {logging_mixin.py:188} INFO - [2024-06-26T17:47:46.358+0000] {dag.py:3096} INFO - Sync 2 DAGs
[2024-06-26T17:47:46.360+0000] {logging_mixin.py:188} INFO - [2024-06-26T17:47:46.360+0000] {dag.py:3954} INFO - Setting next_dagrun for example_subdag_operator.section-1 to None, run_after=None
[2024-06-26T17:47:46.360+0000] {logging_mixin.py:188} INFO - [2024-06-26T17:47:46.360+0000] {dag.py:3954} INFO - Setting next_dagrun for example_subdag_operator.section-2 to None, run_after=None
[2024-06-26T17:47:46.364+0000] {processor.py:183} INFO - Processing /home/airflow/.local/lib/python3.12/site-packages/airflow/example_dags/example_subdag_operator.py took 0.034 seconds
[2024-06-26T17:48:16.636+0000] {processor.py:161} INFO - Started process (PID=3990) to work on /home/airflow/.local/lib/python3.12/site-packages/airflow/example_dags/example_subdag_operator.py
[2024-06-26T17:48:16.636+0000] {processor.py:830} INFO - Processing file /home/airflow/.local/lib/python3.12/site-packages/airflow/example_dags/example_subdag_operator.py for tasks to queue
[2024-06-26T17:48:16.637+0000] {logging_mixin.py:188} INFO - [2024-06-26T17:48:16.637+0000] {dagbag.py:545} INFO - Filling up the DagBag from /home/airflow/.local/lib/python3.12/site-packages/airflow/example_dags/example_subdag_operator.py
[2024-06-26T17:48:16.645+0000] {processor.py:840} INFO - DAG(s) 'example_subdag_operator.section-1', 'example_subdag_operator.section-2', 'example_subdag_operator' retrieved from /home/airflow/.local/lib/python3.12/site-packages/airflow/example_dags/example_subdag_operator.py
[2024-06-26T17:48:16.651+0000] {logging_mixin.py:188} INFO - [2024-06-26T17:48:16.650+0000] {dag.py:3096} INFO - Sync 3 DAGs
[2024-06-26T17:48:16.658+0000] {logging_mixin.py:188} INFO - [2024-06-26T17:48:16.658+0000] {dag.py:3954} INFO - Setting next_dagrun for example_subdag_operator to 2022-01-01 00:00:00+00:00, run_after=2022-01-01 00:00:00+00:00
[2024-06-26T17:48:16.660+0000] {logging_mixin.py:188} INFO - [2024-06-26T17:48:16.660+0000] {dag.py:3954} INFO - Setting next_dagrun for example_subdag_operator.section-1 to None, run_after=None
[2024-06-26T17:48:16.660+0000] {logging_mixin.py:188} INFO - [2024-06-26T17:48:16.660+0000] {dag.py:3954} INFO - Setting next_dagrun for example_subdag_operator.section-2 to None, run_after=None
[2024-06-26T17:48:16.663+0000] {logging_mixin.py:188} INFO - [2024-06-26T17:48:16.663+0000] {dag.py:3096} INFO - Sync 2 DAGs
[2024-06-26T17:48:16.665+0000] {logging_mixin.py:188} INFO - [2024-06-26T17:48:16.664+0000] {dag.py:3954} INFO - Setting next_dagrun for example_subdag_operator.section-1 to None, run_after=None
[2024-06-26T17:48:16.665+0000] {logging_mixin.py:188} INFO - [2024-06-26T17:48:16.665+0000] {dag.py:3954} INFO - Setting next_dagrun for example_subdag_operator.section-2 to None, run_after=None
[2024-06-26T17:48:16.668+0000] {processor.py:183} INFO - Processing /home/airflow/.local/lib/python3.12/site-packages/airflow/example_dags/example_subdag_operator.py took 0.034 seconds
[2024-06-26T17:48:46.909+0000] {processor.py:161} INFO - Started process (PID=4277) to work on /home/airflow/.local/lib/python3.12/site-packages/airflow/example_dags/example_subdag_operator.py
[2024-06-26T17:48:46.910+0000] {processor.py:830} INFO - Processing file /home/airflow/.local/lib/python3.12/site-packages/airflow/example_dags/example_subdag_operator.py for tasks to queue
[2024-06-26T17:48:46.910+0000] {logging_mixin.py:188} INFO - [2024-06-26T17:48:46.910+0000] {dagbag.py:545} INFO - Filling up the DagBag from /home/airflow/.local/lib/python3.12/site-packages/airflow/example_dags/example_subdag_operator.py
[2024-06-26T17:48:46.919+0000] {processor.py:840} INFO - DAG(s) 'example_subdag_operator.section-1', 'example_subdag_operator.section-2', 'example_subdag_operator' retrieved from /home/airflow/.local/lib/python3.12/site-packages/airflow/example_dags/example_subdag_operator.py
[2024-06-26T17:48:46.924+0000] {logging_mixin.py:188} INFO - [2024-06-26T17:48:46.924+0000] {dag.py:3096} INFO - Sync 3 DAGs
[2024-06-26T17:48:46.931+0000] {logging_mixin.py:188} INFO - [2024-06-26T17:48:46.931+0000] {dag.py:3954} INFO - Setting next_dagrun for example_subdag_operator to 2022-01-01 00:00:00+00:00, run_after=2022-01-01 00:00:00+00:00
[2024-06-26T17:48:46.933+0000] {logging_mixin.py:188} INFO - [2024-06-26T17:48:46.933+0000] {dag.py:3954} INFO - Setting next_dagrun for example_subdag_operator.section-1 to None, run_after=None
[2024-06-26T17:48:46.934+0000] {logging_mixin.py:188} INFO - [2024-06-26T17:48:46.934+0000] {dag.py:3954} INFO - Setting next_dagrun for example_subdag_operator.section-2 to None, run_after=None
[2024-06-26T17:48:46.937+0000] {logging_mixin.py:188} INFO - [2024-06-26T17:48:46.937+0000] {dag.py:3096} INFO - Sync 2 DAGs
[2024-06-26T17:48:46.938+0000] {logging_mixin.py:188} INFO - [2024-06-26T17:48:46.938+0000] {dag.py:3954} INFO - Setting next_dagrun for example_subdag_operator.section-1 to None, run_after=None
[2024-06-26T17:48:46.939+0000] {logging_mixin.py:188} INFO - [2024-06-26T17:48:46.939+0000] {dag.py:3954} INFO - Setting next_dagrun for example_subdag_operator.section-2 to None, run_after=None
[2024-06-26T17:48:46.942+0000] {processor.py:183} INFO - Processing /home/airflow/.local/lib/python3.12/site-packages/airflow/example_dags/example_subdag_operator.py took 0.034 seconds
[2024-06-26T17:49:17.131+0000] {processor.py:161} INFO - Started process (PID=4539) to work on /home/airflow/.local/lib/python3.12/site-packages/airflow/example_dags/example_subdag_operator.py
[2024-06-26T17:49:17.131+0000] {processor.py:830} INFO - Processing file /home/airflow/.local/lib/python3.12/site-packages/airflow/example_dags/example_subdag_operator.py for tasks to queue
[2024-06-26T17:49:17.132+0000] {logging_mixin.py:188} INFO - [2024-06-26T17:49:17.132+0000] {dagbag.py:545} INFO - Filling up the DagBag from /home/airflow/.local/lib/python3.12/site-packages/airflow/example_dags/example_subdag_operator.py
[2024-06-26T17:49:17.141+0000] {processor.py:840} INFO - DAG(s) 'example_subdag_operator.section-1', 'example_subdag_operator.section-2', 'example_subdag_operator' retrieved from /home/airflow/.local/lib/python3.12/site-packages/airflow/example_dags/example_subdag_operator.py
[2024-06-26T17:49:17.146+0000] {logging_mixin.py:188} INFO - [2024-06-26T17:49:17.146+0000] {dag.py:3096} INFO - Sync 3 DAGs
[2024-06-26T17:49:17.154+0000] {logging_mixin.py:188} INFO - [2024-06-26T17:49:17.154+0000] {dag.py:3954} INFO - Setting next_dagrun for example_subdag_operator to 2022-01-01 00:00:00+00:00, run_after=2022-01-01 00:00:00+00:00
[2024-06-26T17:49:17.155+0000] {logging_mixin.py:188} INFO - [2024-06-26T17:49:17.155+0000] {dag.py:3954} INFO - Setting next_dagrun for example_subdag_operator.section-1 to None, run_after=None
[2024-06-26T17:49:17.156+0000] {logging_mixin.py:188} INFO - [2024-06-26T17:49:17.156+0000] {dag.py:3954} INFO - Setting next_dagrun for example_subdag_operator.section-2 to None, run_after=None
[2024-06-26T17:49:17.158+0000] {logging_mixin.py:188} INFO - [2024-06-26T17:49:17.158+0000] {dag.py:3096} INFO - Sync 2 DAGs
[2024-06-26T17:49:17.160+0000] {logging_mixin.py:188} INFO - [2024-06-26T17:49:17.160+0000] {dag.py:3954} INFO - Setting next_dagrun for example_subdag_operator.section-1 to None, run_after=None
[2024-06-26T17:49:17.161+0000] {logging_mixin.py:188} INFO - [2024-06-26T17:49:17.161+0000] {dag.py:3954} INFO - Setting next_dagrun for example_subdag_operator.section-2 to None, run_after=None
[2024-06-26T17:49:17.164+0000] {processor.py:183} INFO - Processing /home/airflow/.local/lib/python3.12/site-packages/airflow/example_dags/example_subdag_operator.py took 0.035 seconds
[2024-06-26T17:49:47.434+0000] {processor.py:161} INFO - Started process (PID=4801) to work on /home/airflow/.local/lib/python3.12/site-packages/airflow/example_dags/example_subdag_operator.py
[2024-06-26T17:49:47.434+0000] {processor.py:830} INFO - Processing file /home/airflow/.local/lib/python3.12/site-packages/airflow/example_dags/example_subdag_operator.py for tasks to queue
[2024-06-26T17:49:47.435+0000] {logging_mixin.py:188} INFO - [2024-06-26T17:49:47.435+0000] {dagbag.py:545} INFO - Filling up the DagBag from /home/airflow/.local/lib/python3.12/site-packages/airflow/example_dags/example_subdag_operator.py
[2024-06-26T17:49:47.444+0000] {processor.py:840} INFO - DAG(s) 'example_subdag_operator.section-1', 'example_subdag_operator.section-2', 'example_subdag_operator' retrieved from /home/airflow/.local/lib/python3.12/site-packages/airflow/example_dags/example_subdag_operator.py
[2024-06-26T17:49:47.451+0000] {logging_mixin.py:188} INFO - [2024-06-26T17:49:47.451+0000] {dag.py:3096} INFO - Sync 3 DAGs
[2024-06-26T17:49:47.460+0000] {logging_mixin.py:188} INFO - [2024-06-26T17:49:47.459+0000] {dag.py:3954} INFO - Setting next_dagrun for example_subdag_operator to 2022-01-01 00:00:00+00:00, run_after=2022-01-01 00:00:00+00:00
[2024-06-26T17:49:47.461+0000] {logging_mixin.py:188} INFO - [2024-06-26T17:49:47.461+0000] {dag.py:3954} INFO - Setting next_dagrun for example_subdag_operator.section-1 to None, run_after=None
[2024-06-26T17:49:47.462+0000] {logging_mixin.py:188} INFO - [2024-06-26T17:49:47.462+0000] {dag.py:3954} INFO - Setting next_dagrun for example_subdag_operator.section-2 to None, run_after=None
[2024-06-26T17:49:47.465+0000] {logging_mixin.py:188} INFO - [2024-06-26T17:49:47.465+0000] {dag.py:3096} INFO - Sync 2 DAGs
[2024-06-26T17:49:47.467+0000] {logging_mixin.py:188} INFO - [2024-06-26T17:49:47.466+0000] {dag.py:3954} INFO - Setting next_dagrun for example_subdag_operator.section-1 to None, run_after=None
[2024-06-26T17:49:47.467+0000] {logging_mixin.py:188} INFO - [2024-06-26T17:49:47.467+0000] {dag.py:3954} INFO - Setting next_dagrun for example_subdag_operator.section-2 to None, run_after=None
[2024-06-26T17:49:47.470+0000] {processor.py:183} INFO - Processing /home/airflow/.local/lib/python3.12/site-packages/airflow/example_dags/example_subdag_operator.py took 0.039 seconds
[2024-06-26T17:50:17.776+0000] {processor.py:161} INFO - Started process (PID=5063) to work on /home/airflow/.local/lib/python3.12/site-packages/airflow/example_dags/example_subdag_operator.py
[2024-06-26T17:50:17.776+0000] {processor.py:830} INFO - Processing file /home/airflow/.local/lib/python3.12/site-packages/airflow/example_dags/example_subdag_operator.py for tasks to queue
[2024-06-26T17:50:17.777+0000] {logging_mixin.py:188} INFO - [2024-06-26T17:50:17.777+0000] {dagbag.py:545} INFO - Filling up the DagBag from /home/airflow/.local/lib/python3.12/site-packages/airflow/example_dags/example_subdag_operator.py
[2024-06-26T17:50:17.786+0000] {processor.py:840} INFO - DAG(s) 'example_subdag_operator.section-1', 'example_subdag_operator.section-2', 'example_subdag_operator' retrieved from /home/airflow/.local/lib/python3.12/site-packages/airflow/example_dags/example_subdag_operator.py
[2024-06-26T17:50:17.792+0000] {logging_mixin.py:188} INFO - [2024-06-26T17:50:17.792+0000] {dag.py:3096} INFO - Sync 3 DAGs
[2024-06-26T17:50:17.799+0000] {logging_mixin.py:188} INFO - [2024-06-26T17:50:17.799+0000] {dag.py:3954} INFO - Setting next_dagrun for example_subdag_operator to 2022-01-01 00:00:00+00:00, run_after=2022-01-01 00:00:00+00:00
[2024-06-26T17:50:17.801+0000] {logging_mixin.py:188} INFO - [2024-06-26T17:50:17.801+0000] {dag.py:3954} INFO - Setting next_dagrun for example_subdag_operator.section-1 to None, run_after=None
[2024-06-26T17:50:17.802+0000] {logging_mixin.py:188} INFO - [2024-06-26T17:50:17.802+0000] {dag.py:3954} INFO - Setting next_dagrun for example_subdag_operator.section-2 to None, run_after=None
[2024-06-26T17:50:17.804+0000] {logging_mixin.py:188} INFO - [2024-06-26T17:50:17.804+0000] {dag.py:3096} INFO - Sync 2 DAGs
[2024-06-26T17:50:17.806+0000] {logging_mixin.py:188} INFO - [2024-06-26T17:50:17.806+0000] {dag.py:3954} INFO - Setting next_dagrun for example_subdag_operator.section-1 to None, run_after=None
[2024-06-26T17:50:17.806+0000] {logging_mixin.py:188} INFO - [2024-06-26T17:50:17.806+0000] {dag.py:3954} INFO - Setting next_dagrun for example_subdag_operator.section-2 to None, run_after=None
[2024-06-26T17:50:17.810+0000] {processor.py:183} INFO - Processing /home/airflow/.local/lib/python3.12/site-packages/airflow/example_dags/example_subdag_operator.py took 0.036 seconds
[2024-06-26T17:50:48.250+0000] {processor.py:161} INFO - Started process (PID=5327) to work on /home/airflow/.local/lib/python3.12/site-packages/airflow/example_dags/example_subdag_operator.py
[2024-06-26T17:50:48.250+0000] {processor.py:830} INFO - Processing file /home/airflow/.local/lib/python3.12/site-packages/airflow/example_dags/example_subdag_operator.py for tasks to queue
[2024-06-26T17:50:48.251+0000] {logging_mixin.py:188} INFO - [2024-06-26T17:50:48.251+0000] {dagbag.py:545} INFO - Filling up the DagBag from /home/airflow/.local/lib/python3.12/site-packages/airflow/example_dags/example_subdag_operator.py
[2024-06-26T17:50:48.260+0000] {processor.py:840} INFO - DAG(s) 'example_subdag_operator.section-1', 'example_subdag_operator.section-2', 'example_subdag_operator' retrieved from /home/airflow/.local/lib/python3.12/site-packages/airflow/example_dags/example_subdag_operator.py
[2024-06-26T17:50:48.266+0000] {logging_mixin.py:188} INFO - [2024-06-26T17:50:48.266+0000] {dag.py:3096} INFO - Sync 3 DAGs
[2024-06-26T17:50:48.273+0000] {logging_mixin.py:188} INFO - [2024-06-26T17:50:48.272+0000] {dag.py:3954} INFO - Setting next_dagrun for example_subdag_operator to 2022-01-01 00:00:00+00:00, run_after=2022-01-01 00:00:00+00:00
[2024-06-26T17:50:48.274+0000] {logging_mixin.py:188} INFO - [2024-06-26T17:50:48.274+0000] {dag.py:3954} INFO - Setting next_dagrun for example_subdag_operator.section-1 to None, run_after=None
[2024-06-26T17:50:48.275+0000] {logging_mixin.py:188} INFO - [2024-06-26T17:50:48.275+0000] {dag.py:3954} INFO - Setting next_dagrun for example_subdag_operator.section-2 to None, run_after=None
[2024-06-26T17:50:48.277+0000] {logging_mixin.py:188} INFO - [2024-06-26T17:50:48.277+0000] {dag.py:3096} INFO - Sync 2 DAGs
[2024-06-26T17:50:48.279+0000] {logging_mixin.py:188} INFO - [2024-06-26T17:50:48.279+0000] {dag.py:3954} INFO - Setting next_dagrun for example_subdag_operator.section-1 to None, run_after=None
[2024-06-26T17:50:48.279+0000] {logging_mixin.py:188} INFO - [2024-06-26T17:50:48.279+0000] {dag.py:3954} INFO - Setting next_dagrun for example_subdag_operator.section-2 to None, run_after=None
[2024-06-26T17:50:48.282+0000] {processor.py:183} INFO - Processing /home/airflow/.local/lib/python3.12/site-packages/airflow/example_dags/example_subdag_operator.py took 0.034 seconds
