[2024-06-26T17:41:12.267+0000] {processor.py:161} INFO - Started process (PID=377) to work on /home/airflow/.local/lib/python3.12/site-packages/airflow/example_dags/example_branch_python_dop_operator_3.py
[2024-06-26T17:41:12.267+0000] {processor.py:830} INFO - Processing file /home/airflow/.local/lib/python3.12/site-packages/airflow/example_dags/example_branch_python_dop_operator_3.py for tasks to queue
[2024-06-26T17:41:12.268+0000] {logging_mixin.py:188} INFO - [2024-06-26T17:41:12.268+0000] {dagbag.py:545} INFO - Filling up the DagBag from /home/airflow/.local/lib/python3.12/site-packages/airflow/example_dags/example_branch_python_dop_operator_3.py
[2024-06-26T17:41:12.272+0000] {processor.py:840} INFO - DAG(s) 'example_branch_dop_operator_v3' retrieved from /home/airflow/.local/lib/python3.12/site-packages/airflow/example_dags/example_branch_python_dop_operator_3.py
[2024-06-26T17:41:12.276+0000] {logging_mixin.py:188} INFO - [2024-06-26T17:41:12.276+0000] {dag.py:3096} INFO - Sync 1 DAGs
[2024-06-26T17:41:12.287+0000] {logging_mixin.py:188} INFO - [2024-06-26T17:41:12.287+0000] {dag.py:3954} INFO - Setting next_dagrun for example_branch_dop_operator_v3 to 2024-06-26 17:40:00+00:00, run_after=2024-06-26 17:41:00+00:00
[2024-06-26T17:41:12.293+0000] {processor.py:183} INFO - Processing /home/airflow/.local/lib/python3.12/site-packages/airflow/example_dags/example_branch_python_dop_operator_3.py took 0.029 seconds
[2024-06-26T17:41:43.010+0000] {processor.py:161} INFO - Started process (PID=639) to work on /home/airflow/.local/lib/python3.12/site-packages/airflow/example_dags/example_branch_python_dop_operator_3.py
[2024-06-26T17:41:43.010+0000] {processor.py:830} INFO - Processing file /home/airflow/.local/lib/python3.12/site-packages/airflow/example_dags/example_branch_python_dop_operator_3.py for tasks to queue
[2024-06-26T17:41:43.011+0000] {logging_mixin.py:188} INFO - [2024-06-26T17:41:43.011+0000] {dagbag.py:545} INFO - Filling up the DagBag from /home/airflow/.local/lib/python3.12/site-packages/airflow/example_dags/example_branch_python_dop_operator_3.py
[2024-06-26T17:41:43.015+0000] {processor.py:840} INFO - DAG(s) 'example_branch_dop_operator_v3' retrieved from /home/airflow/.local/lib/python3.12/site-packages/airflow/example_dags/example_branch_python_dop_operator_3.py
[2024-06-26T17:41:43.055+0000] {logging_mixin.py:188} INFO - [2024-06-26T17:41:43.055+0000] {dag.py:3096} INFO - Sync 1 DAGs
[2024-06-26T17:41:43.063+0000] {logging_mixin.py:188} INFO - [2024-06-26T17:41:43.063+0000] {dag.py:3954} INFO - Setting next_dagrun for example_branch_dop_operator_v3 to 2024-06-26 17:40:00+00:00, run_after=2024-06-26 17:41:00+00:00
[2024-06-26T17:41:43.070+0000] {processor.py:183} INFO - Processing /home/airflow/.local/lib/python3.12/site-packages/airflow/example_dags/example_branch_python_dop_operator_3.py took 0.062 seconds
[2024-06-26T17:42:13.307+0000] {processor.py:161} INFO - Started process (PID=901) to work on /home/airflow/.local/lib/python3.12/site-packages/airflow/example_dags/example_branch_python_dop_operator_3.py
[2024-06-26T17:42:13.307+0000] {processor.py:830} INFO - Processing file /home/airflow/.local/lib/python3.12/site-packages/airflow/example_dags/example_branch_python_dop_operator_3.py for tasks to queue
[2024-06-26T17:42:13.308+0000] {logging_mixin.py:188} INFO - [2024-06-26T17:42:13.308+0000] {dagbag.py:545} INFO - Filling up the DagBag from /home/airflow/.local/lib/python3.12/site-packages/airflow/example_dags/example_branch_python_dop_operator_3.py
[2024-06-26T17:42:13.311+0000] {processor.py:840} INFO - DAG(s) 'example_branch_dop_operator_v3' retrieved from /home/airflow/.local/lib/python3.12/site-packages/airflow/example_dags/example_branch_python_dop_operator_3.py
[2024-06-26T17:42:13.318+0000] {logging_mixin.py:188} INFO - [2024-06-26T17:42:13.318+0000] {dag.py:3096} INFO - Sync 1 DAGs
[2024-06-26T17:42:13.327+0000] {logging_mixin.py:188} INFO - [2024-06-26T17:42:13.327+0000] {dag.py:3954} INFO - Setting next_dagrun for example_branch_dop_operator_v3 to 2024-06-26 17:41:00+00:00, run_after=2024-06-26 17:42:00+00:00
[2024-06-26T17:42:13.334+0000] {processor.py:183} INFO - Processing /home/airflow/.local/lib/python3.12/site-packages/airflow/example_dags/example_branch_python_dop_operator_3.py took 0.029 seconds
[2024-06-26T17:42:43.642+0000] {processor.py:161} INFO - Started process (PID=1165) to work on /home/airflow/.local/lib/python3.12/site-packages/airflow/example_dags/example_branch_python_dop_operator_3.py
[2024-06-26T17:42:43.643+0000] {processor.py:830} INFO - Processing file /home/airflow/.local/lib/python3.12/site-packages/airflow/example_dags/example_branch_python_dop_operator_3.py for tasks to queue
[2024-06-26T17:42:43.643+0000] {logging_mixin.py:188} INFO - [2024-06-26T17:42:43.643+0000] {dagbag.py:545} INFO - Filling up the DagBag from /home/airflow/.local/lib/python3.12/site-packages/airflow/example_dags/example_branch_python_dop_operator_3.py
[2024-06-26T17:42:43.646+0000] {processor.py:840} INFO - DAG(s) 'example_branch_dop_operator_v3' retrieved from /home/airflow/.local/lib/python3.12/site-packages/airflow/example_dags/example_branch_python_dop_operator_3.py
[2024-06-26T17:42:43.654+0000] {logging_mixin.py:188} INFO - [2024-06-26T17:42:43.654+0000] {dag.py:3096} INFO - Sync 1 DAGs
[2024-06-26T17:42:43.662+0000] {logging_mixin.py:188} INFO - [2024-06-26T17:42:43.662+0000] {dag.py:3954} INFO - Setting next_dagrun for example_branch_dop_operator_v3 to 2024-06-26 17:41:00+00:00, run_after=2024-06-26 17:42:00+00:00
[2024-06-26T17:42:43.668+0000] {processor.py:183} INFO - Processing /home/airflow/.local/lib/python3.12/site-packages/airflow/example_dags/example_branch_python_dop_operator_3.py took 0.029 seconds
[2024-06-26T17:43:13.997+0000] {processor.py:161} INFO - Started process (PID=1427) to work on /home/airflow/.local/lib/python3.12/site-packages/airflow/example_dags/example_branch_python_dop_operator_3.py
[2024-06-26T17:43:13.998+0000] {processor.py:830} INFO - Processing file /home/airflow/.local/lib/python3.12/site-packages/airflow/example_dags/example_branch_python_dop_operator_3.py for tasks to queue
[2024-06-26T17:43:13.998+0000] {logging_mixin.py:188} INFO - [2024-06-26T17:43:13.998+0000] {dagbag.py:545} INFO - Filling up the DagBag from /home/airflow/.local/lib/python3.12/site-packages/airflow/example_dags/example_branch_python_dop_operator_3.py
[2024-06-26T17:43:14.001+0000] {processor.py:840} INFO - DAG(s) 'example_branch_dop_operator_v3' retrieved from /home/airflow/.local/lib/python3.12/site-packages/airflow/example_dags/example_branch_python_dop_operator_3.py
[2024-06-26T17:43:14.009+0000] {logging_mixin.py:188} INFO - [2024-06-26T17:43:14.009+0000] {dag.py:3096} INFO - Sync 1 DAGs
[2024-06-26T17:43:14.018+0000] {logging_mixin.py:188} INFO - [2024-06-26T17:43:14.018+0000] {dag.py:3954} INFO - Setting next_dagrun for example_branch_dop_operator_v3 to 2024-06-26 17:42:00+00:00, run_after=2024-06-26 17:43:00+00:00
[2024-06-26T17:43:14.024+0000] {processor.py:183} INFO - Processing /home/airflow/.local/lib/python3.12/site-packages/airflow/example_dags/example_branch_python_dop_operator_3.py took 0.029 seconds
[2024-06-26T17:43:44.367+0000] {processor.py:161} INFO - Started process (PID=1687) to work on /home/airflow/.local/lib/python3.12/site-packages/airflow/example_dags/example_branch_python_dop_operator_3.py
[2024-06-26T17:43:44.367+0000] {processor.py:830} INFO - Processing file /home/airflow/.local/lib/python3.12/site-packages/airflow/example_dags/example_branch_python_dop_operator_3.py for tasks to queue
[2024-06-26T17:43:44.368+0000] {logging_mixin.py:188} INFO - [2024-06-26T17:43:44.368+0000] {dagbag.py:545} INFO - Filling up the DagBag from /home/airflow/.local/lib/python3.12/site-packages/airflow/example_dags/example_branch_python_dop_operator_3.py
[2024-06-26T17:43:44.371+0000] {processor.py:840} INFO - DAG(s) 'example_branch_dop_operator_v3' retrieved from /home/airflow/.local/lib/python3.12/site-packages/airflow/example_dags/example_branch_python_dop_operator_3.py
[2024-06-26T17:43:44.379+0000] {logging_mixin.py:188} INFO - [2024-06-26T17:43:44.379+0000] {dag.py:3096} INFO - Sync 1 DAGs
[2024-06-26T17:43:44.388+0000] {logging_mixin.py:188} INFO - [2024-06-26T17:43:44.388+0000] {dag.py:3954} INFO - Setting next_dagrun for example_branch_dop_operator_v3 to 2024-06-26 17:42:00+00:00, run_after=2024-06-26 17:43:00+00:00
[2024-06-26T17:43:44.395+0000] {processor.py:183} INFO - Processing /home/airflow/.local/lib/python3.12/site-packages/airflow/example_dags/example_branch_python_dop_operator_3.py took 0.030 seconds
[2024-06-26T17:44:14.547+0000] {processor.py:161} INFO - Started process (PID=1949) to work on /home/airflow/.local/lib/python3.12/site-packages/airflow/example_dags/example_branch_python_dop_operator_3.py
[2024-06-26T17:44:14.548+0000] {processor.py:830} INFO - Processing file /home/airflow/.local/lib/python3.12/site-packages/airflow/example_dags/example_branch_python_dop_operator_3.py for tasks to queue
[2024-06-26T17:44:14.548+0000] {logging_mixin.py:188} INFO - [2024-06-26T17:44:14.548+0000] {dagbag.py:545} INFO - Filling up the DagBag from /home/airflow/.local/lib/python3.12/site-packages/airflow/example_dags/example_branch_python_dop_operator_3.py
[2024-06-26T17:44:14.552+0000] {processor.py:840} INFO - DAG(s) 'example_branch_dop_operator_v3' retrieved from /home/airflow/.local/lib/python3.12/site-packages/airflow/example_dags/example_branch_python_dop_operator_3.py
[2024-06-26T17:44:14.560+0000] {logging_mixin.py:188} INFO - [2024-06-26T17:44:14.560+0000] {dag.py:3096} INFO - Sync 1 DAGs
[2024-06-26T17:44:14.568+0000] {logging_mixin.py:188} INFO - [2024-06-26T17:44:14.568+0000] {dag.py:3954} INFO - Setting next_dagrun for example_branch_dop_operator_v3 to 2024-06-26 17:43:00+00:00, run_after=2024-06-26 17:44:00+00:00
[2024-06-26T17:44:14.575+0000] {processor.py:183} INFO - Processing /home/airflow/.local/lib/python3.12/site-packages/airflow/example_dags/example_branch_python_dop_operator_3.py took 0.030 seconds
[2024-06-26T17:44:44.860+0000] {processor.py:161} INFO - Started process (PID=2211) to work on /home/airflow/.local/lib/python3.12/site-packages/airflow/example_dags/example_branch_python_dop_operator_3.py
[2024-06-26T17:44:44.860+0000] {processor.py:830} INFO - Processing file /home/airflow/.local/lib/python3.12/site-packages/airflow/example_dags/example_branch_python_dop_operator_3.py for tasks to queue
[2024-06-26T17:44:44.861+0000] {logging_mixin.py:188} INFO - [2024-06-26T17:44:44.861+0000] {dagbag.py:545} INFO - Filling up the DagBag from /home/airflow/.local/lib/python3.12/site-packages/airflow/example_dags/example_branch_python_dop_operator_3.py
[2024-06-26T17:44:44.865+0000] {processor.py:840} INFO - DAG(s) 'example_branch_dop_operator_v3' retrieved from /home/airflow/.local/lib/python3.12/site-packages/airflow/example_dags/example_branch_python_dop_operator_3.py
[2024-06-26T17:44:44.872+0000] {logging_mixin.py:188} INFO - [2024-06-26T17:44:44.872+0000] {dag.py:3096} INFO - Sync 1 DAGs
[2024-06-26T17:44:44.881+0000] {logging_mixin.py:188} INFO - [2024-06-26T17:44:44.881+0000] {dag.py:3954} INFO - Setting next_dagrun for example_branch_dop_operator_v3 to 2024-06-26 17:43:00+00:00, run_after=2024-06-26 17:44:00+00:00
[2024-06-26T17:44:44.887+0000] {processor.py:183} INFO - Processing /home/airflow/.local/lib/python3.12/site-packages/airflow/example_dags/example_branch_python_dop_operator_3.py took 0.029 seconds
[2024-06-26T17:45:15.102+0000] {processor.py:161} INFO - Started process (PID=2475) to work on /home/airflow/.local/lib/python3.12/site-packages/airflow/example_dags/example_branch_python_dop_operator_3.py
[2024-06-26T17:45:15.102+0000] {processor.py:830} INFO - Processing file /home/airflow/.local/lib/python3.12/site-packages/airflow/example_dags/example_branch_python_dop_operator_3.py for tasks to queue
[2024-06-26T17:45:15.103+0000] {logging_mixin.py:188} INFO - [2024-06-26T17:45:15.103+0000] {dagbag.py:545} INFO - Filling up the DagBag from /home/airflow/.local/lib/python3.12/site-packages/airflow/example_dags/example_branch_python_dop_operator_3.py
[2024-06-26T17:45:15.107+0000] {processor.py:840} INFO - DAG(s) 'example_branch_dop_operator_v3' retrieved from /home/airflow/.local/lib/python3.12/site-packages/airflow/example_dags/example_branch_python_dop_operator_3.py
[2024-06-26T17:45:15.114+0000] {logging_mixin.py:188} INFO - [2024-06-26T17:45:15.114+0000] {dag.py:3096} INFO - Sync 1 DAGs
[2024-06-26T17:45:15.124+0000] {logging_mixin.py:188} INFO - [2024-06-26T17:45:15.124+0000] {dag.py:3954} INFO - Setting next_dagrun for example_branch_dop_operator_v3 to 2024-06-26 17:44:00+00:00, run_after=2024-06-26 17:45:00+00:00
[2024-06-26T17:45:15.130+0000] {processor.py:183} INFO - Processing /home/airflow/.local/lib/python3.12/site-packages/airflow/example_dags/example_branch_python_dop_operator_3.py took 0.031 seconds
[2024-06-26T17:45:45.513+0000] {processor.py:161} INFO - Started process (PID=2737) to work on /home/airflow/.local/lib/python3.12/site-packages/airflow/example_dags/example_branch_python_dop_operator_3.py
[2024-06-26T17:45:45.514+0000] {processor.py:830} INFO - Processing file /home/airflow/.local/lib/python3.12/site-packages/airflow/example_dags/example_branch_python_dop_operator_3.py for tasks to queue
[2024-06-26T17:45:45.514+0000] {logging_mixin.py:188} INFO - [2024-06-26T17:45:45.514+0000] {dagbag.py:545} INFO - Filling up the DagBag from /home/airflow/.local/lib/python3.12/site-packages/airflow/example_dags/example_branch_python_dop_operator_3.py
[2024-06-26T17:45:45.517+0000] {processor.py:840} INFO - DAG(s) 'example_branch_dop_operator_v3' retrieved from /home/airflow/.local/lib/python3.12/site-packages/airflow/example_dags/example_branch_python_dop_operator_3.py
[2024-06-26T17:45:45.525+0000] {logging_mixin.py:188} INFO - [2024-06-26T17:45:45.525+0000] {dag.py:3096} INFO - Sync 1 DAGs
[2024-06-26T17:45:45.533+0000] {logging_mixin.py:188} INFO - [2024-06-26T17:45:45.533+0000] {dag.py:3954} INFO - Setting next_dagrun for example_branch_dop_operator_v3 to 2024-06-26 17:44:00+00:00, run_after=2024-06-26 17:45:00+00:00
[2024-06-26T17:45:45.539+0000] {processor.py:183} INFO - Processing /home/airflow/.local/lib/python3.12/site-packages/airflow/example_dags/example_branch_python_dop_operator_3.py took 0.028 seconds
[2024-06-26T17:46:15.924+0000] {processor.py:161} INFO - Started process (PID=2997) to work on /home/airflow/.local/lib/python3.12/site-packages/airflow/example_dags/example_branch_python_dop_operator_3.py
[2024-06-26T17:46:15.924+0000] {processor.py:830} INFO - Processing file /home/airflow/.local/lib/python3.12/site-packages/airflow/example_dags/example_branch_python_dop_operator_3.py for tasks to queue
[2024-06-26T17:46:15.925+0000] {logging_mixin.py:188} INFO - [2024-06-26T17:46:15.925+0000] {dagbag.py:545} INFO - Filling up the DagBag from /home/airflow/.local/lib/python3.12/site-packages/airflow/example_dags/example_branch_python_dop_operator_3.py
[2024-06-26T17:46:15.929+0000] {processor.py:840} INFO - DAG(s) 'example_branch_dop_operator_v3' retrieved from /home/airflow/.local/lib/python3.12/site-packages/airflow/example_dags/example_branch_python_dop_operator_3.py
[2024-06-26T17:46:15.936+0000] {logging_mixin.py:188} INFO - [2024-06-26T17:46:15.936+0000] {dag.py:3096} INFO - Sync 1 DAGs
[2024-06-26T17:46:15.945+0000] {logging_mixin.py:188} INFO - [2024-06-26T17:46:15.945+0000] {dag.py:3954} INFO - Setting next_dagrun for example_branch_dop_operator_v3 to 2024-06-26 17:45:00+00:00, run_after=2024-06-26 17:46:00+00:00
[2024-06-26T17:46:15.951+0000] {processor.py:183} INFO - Processing /home/airflow/.local/lib/python3.12/site-packages/airflow/example_dags/example_branch_python_dop_operator_3.py took 0.029 seconds
[2024-06-26T17:46:46.138+0000] {processor.py:161} INFO - Started process (PID=3286) to work on /home/airflow/.local/lib/python3.12/site-packages/airflow/example_dags/example_branch_python_dop_operator_3.py
[2024-06-26T17:46:46.138+0000] {processor.py:830} INFO - Processing file /home/airflow/.local/lib/python3.12/site-packages/airflow/example_dags/example_branch_python_dop_operator_3.py for tasks to queue
[2024-06-26T17:46:46.139+0000] {logging_mixin.py:188} INFO - [2024-06-26T17:46:46.139+0000] {dagbag.py:545} INFO - Filling up the DagBag from /home/airflow/.local/lib/python3.12/site-packages/airflow/example_dags/example_branch_python_dop_operator_3.py
[2024-06-26T17:46:46.142+0000] {processor.py:840} INFO - DAG(s) 'example_branch_dop_operator_v3' retrieved from /home/airflow/.local/lib/python3.12/site-packages/airflow/example_dags/example_branch_python_dop_operator_3.py
[2024-06-26T17:46:46.150+0000] {logging_mixin.py:188} INFO - [2024-06-26T17:46:46.150+0000] {dag.py:3096} INFO - Sync 1 DAGs
[2024-06-26T17:46:46.159+0000] {logging_mixin.py:188} INFO - [2024-06-26T17:46:46.159+0000] {dag.py:3954} INFO - Setting next_dagrun for example_branch_dop_operator_v3 to 2024-06-26 17:45:00+00:00, run_after=2024-06-26 17:46:00+00:00
[2024-06-26T17:46:46.165+0000] {processor.py:183} INFO - Processing /home/airflow/.local/lib/python3.12/site-packages/airflow/example_dags/example_branch_python_dop_operator_3.py took 0.029 seconds
[2024-06-26T17:47:16.410+0000] {processor.py:161} INFO - Started process (PID=3546) to work on /home/airflow/.local/lib/python3.12/site-packages/airflow/example_dags/example_branch_python_dop_operator_3.py
[2024-06-26T17:47:16.411+0000] {processor.py:830} INFO - Processing file /home/airflow/.local/lib/python3.12/site-packages/airflow/example_dags/example_branch_python_dop_operator_3.py for tasks to queue
[2024-06-26T17:47:16.411+0000] {logging_mixin.py:188} INFO - [2024-06-26T17:47:16.411+0000] {dagbag.py:545} INFO - Filling up the DagBag from /home/airflow/.local/lib/python3.12/site-packages/airflow/example_dags/example_branch_python_dop_operator_3.py
[2024-06-26T17:47:16.414+0000] {processor.py:840} INFO - DAG(s) 'example_branch_dop_operator_v3' retrieved from /home/airflow/.local/lib/python3.12/site-packages/airflow/example_dags/example_branch_python_dop_operator_3.py
[2024-06-26T17:47:16.421+0000] {logging_mixin.py:188} INFO - [2024-06-26T17:47:16.421+0000] {dag.py:3096} INFO - Sync 1 DAGs
[2024-06-26T17:47:16.429+0000] {logging_mixin.py:188} INFO - [2024-06-26T17:47:16.429+0000] {dag.py:3954} INFO - Setting next_dagrun for example_branch_dop_operator_v3 to 2024-06-26 17:46:00+00:00, run_after=2024-06-26 17:47:00+00:00
[2024-06-26T17:47:16.435+0000] {processor.py:183} INFO - Processing /home/airflow/.local/lib/python3.12/site-packages/airflow/example_dags/example_branch_python_dop_operator_3.py took 0.027 seconds
[2024-06-26T17:47:46.632+0000] {processor.py:161} INFO - Started process (PID=3810) to work on /home/airflow/.local/lib/python3.12/site-packages/airflow/example_dags/example_branch_python_dop_operator_3.py
[2024-06-26T17:47:46.632+0000] {processor.py:830} INFO - Processing file /home/airflow/.local/lib/python3.12/site-packages/airflow/example_dags/example_branch_python_dop_operator_3.py for tasks to queue
[2024-06-26T17:47:46.633+0000] {logging_mixin.py:188} INFO - [2024-06-26T17:47:46.633+0000] {dagbag.py:545} INFO - Filling up the DagBag from /home/airflow/.local/lib/python3.12/site-packages/airflow/example_dags/example_branch_python_dop_operator_3.py
[2024-06-26T17:47:46.636+0000] {processor.py:840} INFO - DAG(s) 'example_branch_dop_operator_v3' retrieved from /home/airflow/.local/lib/python3.12/site-packages/airflow/example_dags/example_branch_python_dop_operator_3.py
[2024-06-26T17:47:46.643+0000] {logging_mixin.py:188} INFO - [2024-06-26T17:47:46.643+0000] {dag.py:3096} INFO - Sync 1 DAGs
[2024-06-26T17:47:46.651+0000] {logging_mixin.py:188} INFO - [2024-06-26T17:47:46.651+0000] {dag.py:3954} INFO - Setting next_dagrun for example_branch_dop_operator_v3 to 2024-06-26 17:46:00+00:00, run_after=2024-06-26 17:47:00+00:00
[2024-06-26T17:47:46.656+0000] {processor.py:183} INFO - Processing /home/airflow/.local/lib/python3.12/site-packages/airflow/example_dags/example_branch_python_dop_operator_3.py took 0.026 seconds
[2024-06-26T17:48:16.968+0000] {processor.py:161} INFO - Started process (PID=4070) to work on /home/airflow/.local/lib/python3.12/site-packages/airflow/example_dags/example_branch_python_dop_operator_3.py
[2024-06-26T17:48:16.968+0000] {processor.py:830} INFO - Processing file /home/airflow/.local/lib/python3.12/site-packages/airflow/example_dags/example_branch_python_dop_operator_3.py for tasks to queue
[2024-06-26T17:48:16.969+0000] {logging_mixin.py:188} INFO - [2024-06-26T17:48:16.969+0000] {dagbag.py:545} INFO - Filling up the DagBag from /home/airflow/.local/lib/python3.12/site-packages/airflow/example_dags/example_branch_python_dop_operator_3.py
[2024-06-26T17:48:16.972+0000] {processor.py:840} INFO - DAG(s) 'example_branch_dop_operator_v3' retrieved from /home/airflow/.local/lib/python3.12/site-packages/airflow/example_dags/example_branch_python_dop_operator_3.py
[2024-06-26T17:48:16.980+0000] {logging_mixin.py:188} INFO - [2024-06-26T17:48:16.980+0000] {dag.py:3096} INFO - Sync 1 DAGs
[2024-06-26T17:48:16.989+0000] {logging_mixin.py:188} INFO - [2024-06-26T17:48:16.988+0000] {dag.py:3954} INFO - Setting next_dagrun for example_branch_dop_operator_v3 to 2024-06-26 17:47:00+00:00, run_after=2024-06-26 17:48:00+00:00
[2024-06-26T17:48:16.995+0000] {processor.py:183} INFO - Processing /home/airflow/.local/lib/python3.12/site-packages/airflow/example_dags/example_branch_python_dop_operator_3.py took 0.029 seconds
[2024-06-26T17:48:47.217+0000] {processor.py:161} INFO - Started process (PID=4357) to work on /home/airflow/.local/lib/python3.12/site-packages/airflow/example_dags/example_branch_python_dop_operator_3.py
[2024-06-26T17:48:47.217+0000] {processor.py:830} INFO - Processing file /home/airflow/.local/lib/python3.12/site-packages/airflow/example_dags/example_branch_python_dop_operator_3.py for tasks to queue
[2024-06-26T17:48:47.218+0000] {logging_mixin.py:188} INFO - [2024-06-26T17:48:47.218+0000] {dagbag.py:545} INFO - Filling up the DagBag from /home/airflow/.local/lib/python3.12/site-packages/airflow/example_dags/example_branch_python_dop_operator_3.py
[2024-06-26T17:48:47.222+0000] {processor.py:840} INFO - DAG(s) 'example_branch_dop_operator_v3' retrieved from /home/airflow/.local/lib/python3.12/site-packages/airflow/example_dags/example_branch_python_dop_operator_3.py
[2024-06-26T17:48:47.229+0000] {logging_mixin.py:188} INFO - [2024-06-26T17:48:47.229+0000] {dag.py:3096} INFO - Sync 1 DAGs
[2024-06-26T17:48:47.238+0000] {logging_mixin.py:188} INFO - [2024-06-26T17:48:47.238+0000] {dag.py:3954} INFO - Setting next_dagrun for example_branch_dop_operator_v3 to 2024-06-26 17:47:00+00:00, run_after=2024-06-26 17:48:00+00:00
[2024-06-26T17:48:47.244+0000] {processor.py:183} INFO - Processing /home/airflow/.local/lib/python3.12/site-packages/airflow/example_dags/example_branch_python_dop_operator_3.py took 0.030 seconds
[2024-06-26T17:49:17.474+0000] {processor.py:161} INFO - Started process (PID=4619) to work on /home/airflow/.local/lib/python3.12/site-packages/airflow/example_dags/example_branch_python_dop_operator_3.py
[2024-06-26T17:49:17.475+0000] {processor.py:830} INFO - Processing file /home/airflow/.local/lib/python3.12/site-packages/airflow/example_dags/example_branch_python_dop_operator_3.py for tasks to queue
[2024-06-26T17:49:17.475+0000] {logging_mixin.py:188} INFO - [2024-06-26T17:49:17.475+0000] {dagbag.py:545} INFO - Filling up the DagBag from /home/airflow/.local/lib/python3.12/site-packages/airflow/example_dags/example_branch_python_dop_operator_3.py
[2024-06-26T17:49:17.478+0000] {processor.py:840} INFO - DAG(s) 'example_branch_dop_operator_v3' retrieved from /home/airflow/.local/lib/python3.12/site-packages/airflow/example_dags/example_branch_python_dop_operator_3.py
[2024-06-26T17:49:17.486+0000] {logging_mixin.py:188} INFO - [2024-06-26T17:49:17.486+0000] {dag.py:3096} INFO - Sync 1 DAGs
[2024-06-26T17:49:17.495+0000] {logging_mixin.py:188} INFO - [2024-06-26T17:49:17.494+0000] {dag.py:3954} INFO - Setting next_dagrun for example_branch_dop_operator_v3 to 2024-06-26 17:48:00+00:00, run_after=2024-06-26 17:49:00+00:00
[2024-06-26T17:49:17.501+0000] {processor.py:183} INFO - Processing /home/airflow/.local/lib/python3.12/site-packages/airflow/example_dags/example_branch_python_dop_operator_3.py took 0.029 seconds
[2024-06-26T17:49:47.757+0000] {processor.py:161} INFO - Started process (PID=4881) to work on /home/airflow/.local/lib/python3.12/site-packages/airflow/example_dags/example_branch_python_dop_operator_3.py
[2024-06-26T17:49:47.757+0000] {processor.py:830} INFO - Processing file /home/airflow/.local/lib/python3.12/site-packages/airflow/example_dags/example_branch_python_dop_operator_3.py for tasks to queue
[2024-06-26T17:49:47.758+0000] {logging_mixin.py:188} INFO - [2024-06-26T17:49:47.758+0000] {dagbag.py:545} INFO - Filling up the DagBag from /home/airflow/.local/lib/python3.12/site-packages/airflow/example_dags/example_branch_python_dop_operator_3.py
[2024-06-26T17:49:47.762+0000] {processor.py:840} INFO - DAG(s) 'example_branch_dop_operator_v3' retrieved from /home/airflow/.local/lib/python3.12/site-packages/airflow/example_dags/example_branch_python_dop_operator_3.py
[2024-06-26T17:49:47.769+0000] {logging_mixin.py:188} INFO - [2024-06-26T17:49:47.769+0000] {dag.py:3096} INFO - Sync 1 DAGs
[2024-06-26T17:49:47.778+0000] {logging_mixin.py:188} INFO - [2024-06-26T17:49:47.778+0000] {dag.py:3954} INFO - Setting next_dagrun for example_branch_dop_operator_v3 to 2024-06-26 17:48:00+00:00, run_after=2024-06-26 17:49:00+00:00
[2024-06-26T17:49:47.784+0000] {processor.py:183} INFO - Processing /home/airflow/.local/lib/python3.12/site-packages/airflow/example_dags/example_branch_python_dop_operator_3.py took 0.029 seconds
[2024-06-26T17:50:18.121+0000] {processor.py:161} INFO - Started process (PID=5145) to work on /home/airflow/.local/lib/python3.12/site-packages/airflow/example_dags/example_branch_python_dop_operator_3.py
[2024-06-26T17:50:18.122+0000] {processor.py:830} INFO - Processing file /home/airflow/.local/lib/python3.12/site-packages/airflow/example_dags/example_branch_python_dop_operator_3.py for tasks to queue
[2024-06-26T17:50:18.123+0000] {logging_mixin.py:188} INFO - [2024-06-26T17:50:18.122+0000] {dagbag.py:545} INFO - Filling up the DagBag from /home/airflow/.local/lib/python3.12/site-packages/airflow/example_dags/example_branch_python_dop_operator_3.py
[2024-06-26T17:50:18.126+0000] {processor.py:840} INFO - DAG(s) 'example_branch_dop_operator_v3' retrieved from /home/airflow/.local/lib/python3.12/site-packages/airflow/example_dags/example_branch_python_dop_operator_3.py
[2024-06-26T17:50:18.134+0000] {logging_mixin.py:188} INFO - [2024-06-26T17:50:18.133+0000] {dag.py:3096} INFO - Sync 1 DAGs
[2024-06-26T17:50:18.142+0000] {logging_mixin.py:188} INFO - [2024-06-26T17:50:18.142+0000] {dag.py:3954} INFO - Setting next_dagrun for example_branch_dop_operator_v3 to 2024-06-26 17:49:00+00:00, run_after=2024-06-26 17:50:00+00:00
[2024-06-26T17:50:18.148+0000] {processor.py:183} INFO - Processing /home/airflow/.local/lib/python3.12/site-packages/airflow/example_dags/example_branch_python_dop_operator_3.py took 0.029 seconds
[2024-06-26T17:50:48.557+0000] {processor.py:161} INFO - Started process (PID=5405) to work on /home/airflow/.local/lib/python3.12/site-packages/airflow/example_dags/example_branch_python_dop_operator_3.py
[2024-06-26T17:50:48.558+0000] {processor.py:830} INFO - Processing file /home/airflow/.local/lib/python3.12/site-packages/airflow/example_dags/example_branch_python_dop_operator_3.py for tasks to queue
[2024-06-26T17:50:48.558+0000] {logging_mixin.py:188} INFO - [2024-06-26T17:50:48.558+0000] {dagbag.py:545} INFO - Filling up the DagBag from /home/airflow/.local/lib/python3.12/site-packages/airflow/example_dags/example_branch_python_dop_operator_3.py
[2024-06-26T17:50:48.562+0000] {processor.py:840} INFO - DAG(s) 'example_branch_dop_operator_v3' retrieved from /home/airflow/.local/lib/python3.12/site-packages/airflow/example_dags/example_branch_python_dop_operator_3.py
[2024-06-26T17:50:48.569+0000] {logging_mixin.py:188} INFO - [2024-06-26T17:50:48.569+0000] {dag.py:3096} INFO - Sync 1 DAGs
[2024-06-26T17:50:48.578+0000] {logging_mixin.py:188} INFO - [2024-06-26T17:50:48.578+0000] {dag.py:3954} INFO - Setting next_dagrun for example_branch_dop_operator_v3 to 2024-06-26 17:49:00+00:00, run_after=2024-06-26 17:50:00+00:00
[2024-06-26T17:50:48.584+0000] {processor.py:183} INFO - Processing /home/airflow/.local/lib/python3.12/site-packages/airflow/example_dags/example_branch_python_dop_operator_3.py took 0.029 seconds
