[2024-06-26T17:41:11.502+0000] {processor.py:161} INFO - Started process (PID=219) to work on /home/airflow/.local/lib/python3.12/site-packages/airflow/example_dags/example_short_circuit_operator.py
[2024-06-26T17:41:11.502+0000] {processor.py:830} INFO - Processing file /home/airflow/.local/lib/python3.12/site-packages/airflow/example_dags/example_short_circuit_operator.py for tasks to queue
[2024-06-26T17:41:11.503+0000] {logging_mixin.py:188} INFO - [2024-06-26T17:41:11.503+0000] {dagbag.py:545} INFO - Filling up the DagBag from /home/airflow/.local/lib/python3.12/site-packages/airflow/example_dags/example_short_circuit_operator.py
[2024-06-26T17:41:11.507+0000] {processor.py:840} INFO - DAG(s) 'example_short_circuit_operator' retrieved from /home/airflow/.local/lib/python3.12/site-packages/airflow/example_dags/example_short_circuit_operator.py
[2024-06-26T17:41:11.512+0000] {logging_mixin.py:188} INFO - [2024-06-26T17:41:11.512+0000] {dag.py:3096} INFO - Sync 1 DAGs
[2024-06-26T17:41:11.521+0000] {logging_mixin.py:188} INFO - [2024-06-26T17:41:11.521+0000] {dag.py:3954} INFO - Setting next_dagrun for example_short_circuit_operator to 2024-06-25 00:00:00+00:00, run_after=2024-06-26 00:00:00+00:00
[2024-06-26T17:41:11.530+0000] {processor.py:183} INFO - Processing /home/airflow/.local/lib/python3.12/site-packages/airflow/example_dags/example_short_circuit_operator.py took 0.031 seconds
[2024-06-26T17:41:41.778+0000] {processor.py:161} INFO - Started process (PID=481) to work on /home/airflow/.local/lib/python3.12/site-packages/airflow/example_dags/example_short_circuit_operator.py
[2024-06-26T17:41:41.779+0000] {processor.py:830} INFO - Processing file /home/airflow/.local/lib/python3.12/site-packages/airflow/example_dags/example_short_circuit_operator.py for tasks to queue
[2024-06-26T17:41:41.779+0000] {logging_mixin.py:188} INFO - [2024-06-26T17:41:41.779+0000] {dagbag.py:545} INFO - Filling up the DagBag from /home/airflow/.local/lib/python3.12/site-packages/airflow/example_dags/example_short_circuit_operator.py
[2024-06-26T17:41:41.782+0000] {processor.py:840} INFO - DAG(s) 'example_short_circuit_operator' retrieved from /home/airflow/.local/lib/python3.12/site-packages/airflow/example_dags/example_short_circuit_operator.py
[2024-06-26T17:41:41.819+0000] {logging_mixin.py:188} INFO - [2024-06-26T17:41:41.819+0000] {dag.py:3096} INFO - Sync 1 DAGs
[2024-06-26T17:41:41.826+0000] {logging_mixin.py:188} INFO - [2024-06-26T17:41:41.826+0000] {dag.py:3954} INFO - Setting next_dagrun for example_short_circuit_operator to 2024-06-25 00:00:00+00:00, run_after=2024-06-26 00:00:00+00:00
[2024-06-26T17:41:41.833+0000] {processor.py:183} INFO - Processing /home/airflow/.local/lib/python3.12/site-packages/airflow/example_dags/example_short_circuit_operator.py took 0.057 seconds
[2024-06-26T17:42:12.702+0000] {processor.py:161} INFO - Started process (PID=743) to work on /home/airflow/.local/lib/python3.12/site-packages/airflow/example_dags/example_short_circuit_operator.py
[2024-06-26T17:42:12.703+0000] {processor.py:830} INFO - Processing file /home/airflow/.local/lib/python3.12/site-packages/airflow/example_dags/example_short_circuit_operator.py for tasks to queue
[2024-06-26T17:42:12.703+0000] {logging_mixin.py:188} INFO - [2024-06-26T17:42:12.703+0000] {dagbag.py:545} INFO - Filling up the DagBag from /home/airflow/.local/lib/python3.12/site-packages/airflow/example_dags/example_short_circuit_operator.py
[2024-06-26T17:42:12.706+0000] {processor.py:840} INFO - DAG(s) 'example_short_circuit_operator' retrieved from /home/airflow/.local/lib/python3.12/site-packages/airflow/example_dags/example_short_circuit_operator.py
[2024-06-26T17:42:12.715+0000] {logging_mixin.py:188} INFO - [2024-06-26T17:42:12.715+0000] {dag.py:3096} INFO - Sync 1 DAGs
[2024-06-26T17:42:12.723+0000] {logging_mixin.py:188} INFO - [2024-06-26T17:42:12.722+0000] {dag.py:3954} INFO - Setting next_dagrun for example_short_circuit_operator to 2024-06-25 00:00:00+00:00, run_after=2024-06-26 00:00:00+00:00
[2024-06-26T17:42:12.729+0000] {processor.py:183} INFO - Processing /home/airflow/.local/lib/python3.12/site-packages/airflow/example_dags/example_short_circuit_operator.py took 0.029 seconds
[2024-06-26T17:42:42.927+0000] {processor.py:161} INFO - Started process (PID=1003) to work on /home/airflow/.local/lib/python3.12/site-packages/airflow/example_dags/example_short_circuit_operator.py
[2024-06-26T17:42:42.927+0000] {processor.py:830} INFO - Processing file /home/airflow/.local/lib/python3.12/site-packages/airflow/example_dags/example_short_circuit_operator.py for tasks to queue
[2024-06-26T17:42:42.928+0000] {logging_mixin.py:188} INFO - [2024-06-26T17:42:42.928+0000] {dagbag.py:545} INFO - Filling up the DagBag from /home/airflow/.local/lib/python3.12/site-packages/airflow/example_dags/example_short_circuit_operator.py
[2024-06-26T17:42:42.930+0000] {processor.py:840} INFO - DAG(s) 'example_short_circuit_operator' retrieved from /home/airflow/.local/lib/python3.12/site-packages/airflow/example_dags/example_short_circuit_operator.py
[2024-06-26T17:42:42.939+0000] {logging_mixin.py:188} INFO - [2024-06-26T17:42:42.939+0000] {dag.py:3096} INFO - Sync 1 DAGs
[2024-06-26T17:42:42.948+0000] {logging_mixin.py:188} INFO - [2024-06-26T17:42:42.948+0000] {dag.py:3954} INFO - Setting next_dagrun for example_short_circuit_operator to 2024-06-25 00:00:00+00:00, run_after=2024-06-26 00:00:00+00:00
[2024-06-26T17:42:42.955+0000] {processor.py:183} INFO - Processing /home/airflow/.local/lib/python3.12/site-packages/airflow/example_dags/example_short_circuit_operator.py took 0.030 seconds
[2024-06-26T17:43:13.282+0000] {processor.py:161} INFO - Started process (PID=1267) to work on /home/airflow/.local/lib/python3.12/site-packages/airflow/example_dags/example_short_circuit_operator.py
[2024-06-26T17:43:13.283+0000] {processor.py:830} INFO - Processing file /home/airflow/.local/lib/python3.12/site-packages/airflow/example_dags/example_short_circuit_operator.py for tasks to queue
[2024-06-26T17:43:13.283+0000] {logging_mixin.py:188} INFO - [2024-06-26T17:43:13.283+0000] {dagbag.py:545} INFO - Filling up the DagBag from /home/airflow/.local/lib/python3.12/site-packages/airflow/example_dags/example_short_circuit_operator.py
[2024-06-26T17:43:13.286+0000] {processor.py:840} INFO - DAG(s) 'example_short_circuit_operator' retrieved from /home/airflow/.local/lib/python3.12/site-packages/airflow/example_dags/example_short_circuit_operator.py
[2024-06-26T17:43:13.294+0000] {logging_mixin.py:188} INFO - [2024-06-26T17:43:13.293+0000] {dag.py:3096} INFO - Sync 1 DAGs
[2024-06-26T17:43:13.300+0000] {logging_mixin.py:188} INFO - [2024-06-26T17:43:13.300+0000] {dag.py:3954} INFO - Setting next_dagrun for example_short_circuit_operator to 2024-06-25 00:00:00+00:00, run_after=2024-06-26 00:00:00+00:00
[2024-06-26T17:43:13.306+0000] {processor.py:183} INFO - Processing /home/airflow/.local/lib/python3.12/site-packages/airflow/example_dags/example_short_circuit_operator.py took 0.025 seconds
[2024-06-26T17:43:43.633+0000] {processor.py:161} INFO - Started process (PID=1527) to work on /home/airflow/.local/lib/python3.12/site-packages/airflow/example_dags/example_short_circuit_operator.py
[2024-06-26T17:43:43.633+0000] {processor.py:830} INFO - Processing file /home/airflow/.local/lib/python3.12/site-packages/airflow/example_dags/example_short_circuit_operator.py for tasks to queue
[2024-06-26T17:43:43.634+0000] {logging_mixin.py:188} INFO - [2024-06-26T17:43:43.634+0000] {dagbag.py:545} INFO - Filling up the DagBag from /home/airflow/.local/lib/python3.12/site-packages/airflow/example_dags/example_short_circuit_operator.py
[2024-06-26T17:43:43.638+0000] {processor.py:840} INFO - DAG(s) 'example_short_circuit_operator' retrieved from /home/airflow/.local/lib/python3.12/site-packages/airflow/example_dags/example_short_circuit_operator.py
[2024-06-26T17:43:43.647+0000] {logging_mixin.py:188} INFO - [2024-06-26T17:43:43.647+0000] {dag.py:3096} INFO - Sync 1 DAGs
[2024-06-26T17:43:43.655+0000] {logging_mixin.py:188} INFO - [2024-06-26T17:43:43.655+0000] {dag.py:3954} INFO - Setting next_dagrun for example_short_circuit_operator to 2024-06-25 00:00:00+00:00, run_after=2024-06-26 00:00:00+00:00
[2024-06-26T17:43:43.662+0000] {processor.py:183} INFO - Processing /home/airflow/.local/lib/python3.12/site-packages/airflow/example_dags/example_short_circuit_operator.py took 0.031 seconds
[2024-06-26T17:44:13.935+0000] {processor.py:161} INFO - Started process (PID=1790) to work on /home/airflow/.local/lib/python3.12/site-packages/airflow/example_dags/example_short_circuit_operator.py
[2024-06-26T17:44:13.935+0000] {processor.py:830} INFO - Processing file /home/airflow/.local/lib/python3.12/site-packages/airflow/example_dags/example_short_circuit_operator.py for tasks to queue
[2024-06-26T17:44:13.936+0000] {logging_mixin.py:188} INFO - [2024-06-26T17:44:13.936+0000] {dagbag.py:545} INFO - Filling up the DagBag from /home/airflow/.local/lib/python3.12/site-packages/airflow/example_dags/example_short_circuit_operator.py
[2024-06-26T17:44:13.938+0000] {processor.py:840} INFO - DAG(s) 'example_short_circuit_operator' retrieved from /home/airflow/.local/lib/python3.12/site-packages/airflow/example_dags/example_short_circuit_operator.py
[2024-06-26T17:44:13.946+0000] {logging_mixin.py:188} INFO - [2024-06-26T17:44:13.946+0000] {dag.py:3096} INFO - Sync 1 DAGs
[2024-06-26T17:44:13.955+0000] {logging_mixin.py:188} INFO - [2024-06-26T17:44:13.955+0000] {dag.py:3954} INFO - Setting next_dagrun for example_short_circuit_operator to 2024-06-25 00:00:00+00:00, run_after=2024-06-26 00:00:00+00:00
[2024-06-26T17:44:13.962+0000] {processor.py:183} INFO - Processing /home/airflow/.local/lib/python3.12/site-packages/airflow/example_dags/example_short_circuit_operator.py took 0.029 seconds
[2024-06-26T17:44:44.126+0000] {processor.py:161} INFO - Started process (PID=2051) to work on /home/airflow/.local/lib/python3.12/site-packages/airflow/example_dags/example_short_circuit_operator.py
[2024-06-26T17:44:44.126+0000] {processor.py:830} INFO - Processing file /home/airflow/.local/lib/python3.12/site-packages/airflow/example_dags/example_short_circuit_operator.py for tasks to queue
[2024-06-26T17:44:44.126+0000] {logging_mixin.py:188} INFO - [2024-06-26T17:44:44.126+0000] {dagbag.py:545} INFO - Filling up the DagBag from /home/airflow/.local/lib/python3.12/site-packages/airflow/example_dags/example_short_circuit_operator.py
[2024-06-26T17:44:44.129+0000] {processor.py:840} INFO - DAG(s) 'example_short_circuit_operator' retrieved from /home/airflow/.local/lib/python3.12/site-packages/airflow/example_dags/example_short_circuit_operator.py
[2024-06-26T17:44:44.138+0000] {logging_mixin.py:188} INFO - [2024-06-26T17:44:44.138+0000] {dag.py:3096} INFO - Sync 1 DAGs
[2024-06-26T17:44:44.145+0000] {logging_mixin.py:188} INFO - [2024-06-26T17:44:44.145+0000] {dag.py:3954} INFO - Setting next_dagrun for example_short_circuit_operator to 2024-06-25 00:00:00+00:00, run_after=2024-06-26 00:00:00+00:00
[2024-06-26T17:44:44.152+0000] {processor.py:183} INFO - Processing /home/airflow/.local/lib/python3.12/site-packages/airflow/example_dags/example_short_circuit_operator.py took 0.028 seconds
[2024-06-26T17:45:14.448+0000] {processor.py:161} INFO - Started process (PID=2314) to work on /home/airflow/.local/lib/python3.12/site-packages/airflow/example_dags/example_short_circuit_operator.py
[2024-06-26T17:45:14.448+0000] {processor.py:830} INFO - Processing file /home/airflow/.local/lib/python3.12/site-packages/airflow/example_dags/example_short_circuit_operator.py for tasks to queue
[2024-06-26T17:45:14.449+0000] {logging_mixin.py:188} INFO - [2024-06-26T17:45:14.449+0000] {dagbag.py:545} INFO - Filling up the DagBag from /home/airflow/.local/lib/python3.12/site-packages/airflow/example_dags/example_short_circuit_operator.py
[2024-06-26T17:45:14.452+0000] {processor.py:840} INFO - DAG(s) 'example_short_circuit_operator' retrieved from /home/airflow/.local/lib/python3.12/site-packages/airflow/example_dags/example_short_circuit_operator.py
[2024-06-26T17:45:14.461+0000] {logging_mixin.py:188} INFO - [2024-06-26T17:45:14.461+0000] {dag.py:3096} INFO - Sync 1 DAGs
[2024-06-26T17:45:14.469+0000] {logging_mixin.py:188} INFO - [2024-06-26T17:45:14.469+0000] {dag.py:3954} INFO - Setting next_dagrun for example_short_circuit_operator to 2024-06-25 00:00:00+00:00, run_after=2024-06-26 00:00:00+00:00
[2024-06-26T17:45:14.476+0000] {processor.py:183} INFO - Processing /home/airflow/.local/lib/python3.12/site-packages/airflow/example_dags/example_short_circuit_operator.py took 0.030 seconds
[2024-06-26T17:45:44.806+0000] {processor.py:161} INFO - Started process (PID=2577) to work on /home/airflow/.local/lib/python3.12/site-packages/airflow/example_dags/example_short_circuit_operator.py
[2024-06-26T17:45:44.807+0000] {processor.py:830} INFO - Processing file /home/airflow/.local/lib/python3.12/site-packages/airflow/example_dags/example_short_circuit_operator.py for tasks to queue
[2024-06-26T17:45:44.808+0000] {logging_mixin.py:188} INFO - [2024-06-26T17:45:44.808+0000] {dagbag.py:545} INFO - Filling up the DagBag from /home/airflow/.local/lib/python3.12/site-packages/airflow/example_dags/example_short_circuit_operator.py
[2024-06-26T17:45:44.811+0000] {processor.py:840} INFO - DAG(s) 'example_short_circuit_operator' retrieved from /home/airflow/.local/lib/python3.12/site-packages/airflow/example_dags/example_short_circuit_operator.py
[2024-06-26T17:45:44.821+0000] {logging_mixin.py:188} INFO - [2024-06-26T17:45:44.821+0000] {dag.py:3096} INFO - Sync 1 DAGs
[2024-06-26T17:45:44.830+0000] {logging_mixin.py:188} INFO - [2024-06-26T17:45:44.830+0000] {dag.py:3954} INFO - Setting next_dagrun for example_short_circuit_operator to 2024-06-25 00:00:00+00:00, run_after=2024-06-26 00:00:00+00:00
[2024-06-26T17:45:44.837+0000] {processor.py:183} INFO - Processing /home/airflow/.local/lib/python3.12/site-packages/airflow/example_dags/example_short_circuit_operator.py took 0.033 seconds
[2024-06-26T17:46:15.263+0000] {processor.py:161} INFO - Started process (PID=2839) to work on /home/airflow/.local/lib/python3.12/site-packages/airflow/example_dags/example_short_circuit_operator.py
[2024-06-26T17:46:15.264+0000] {processor.py:830} INFO - Processing file /home/airflow/.local/lib/python3.12/site-packages/airflow/example_dags/example_short_circuit_operator.py for tasks to queue
[2024-06-26T17:46:15.264+0000] {logging_mixin.py:188} INFO - [2024-06-26T17:46:15.264+0000] {dagbag.py:545} INFO - Filling up the DagBag from /home/airflow/.local/lib/python3.12/site-packages/airflow/example_dags/example_short_circuit_operator.py
[2024-06-26T17:46:15.267+0000] {processor.py:840} INFO - DAG(s) 'example_short_circuit_operator' retrieved from /home/airflow/.local/lib/python3.12/site-packages/airflow/example_dags/example_short_circuit_operator.py
[2024-06-26T17:46:15.276+0000] {logging_mixin.py:188} INFO - [2024-06-26T17:46:15.276+0000] {dag.py:3096} INFO - Sync 1 DAGs
[2024-06-26T17:46:15.283+0000] {logging_mixin.py:188} INFO - [2024-06-26T17:46:15.283+0000] {dag.py:3954} INFO - Setting next_dagrun for example_short_circuit_operator to 2024-06-25 00:00:00+00:00, run_after=2024-06-26 00:00:00+00:00
[2024-06-26T17:46:15.289+0000] {processor.py:183} INFO - Processing /home/airflow/.local/lib/python3.12/site-packages/airflow/example_dags/example_short_circuit_operator.py took 0.028 seconds
[2024-06-26T17:46:45.557+0000] {processor.py:161} INFO - Started process (PID=3124) to work on /home/airflow/.local/lib/python3.12/site-packages/airflow/example_dags/example_short_circuit_operator.py
[2024-06-26T17:46:45.557+0000] {processor.py:830} INFO - Processing file /home/airflow/.local/lib/python3.12/site-packages/airflow/example_dags/example_short_circuit_operator.py for tasks to queue
[2024-06-26T17:46:45.558+0000] {logging_mixin.py:188} INFO - [2024-06-26T17:46:45.558+0000] {dagbag.py:545} INFO - Filling up the DagBag from /home/airflow/.local/lib/python3.12/site-packages/airflow/example_dags/example_short_circuit_operator.py
[2024-06-26T17:46:45.561+0000] {processor.py:840} INFO - DAG(s) 'example_short_circuit_operator' retrieved from /home/airflow/.local/lib/python3.12/site-packages/airflow/example_dags/example_short_circuit_operator.py
[2024-06-26T17:46:45.569+0000] {logging_mixin.py:188} INFO - [2024-06-26T17:46:45.569+0000] {dag.py:3096} INFO - Sync 1 DAGs
[2024-06-26T17:46:45.577+0000] {logging_mixin.py:188} INFO - [2024-06-26T17:46:45.577+0000] {dag.py:3954} INFO - Setting next_dagrun for example_short_circuit_operator to 2024-06-25 00:00:00+00:00, run_after=2024-06-26 00:00:00+00:00
[2024-06-26T17:46:45.584+0000] {processor.py:183} INFO - Processing /home/airflow/.local/lib/python3.12/site-packages/airflow/example_dags/example_short_circuit_operator.py took 0.029 seconds
[2024-06-26T17:47:15.776+0000] {processor.py:161} INFO - Started process (PID=3386) to work on /home/airflow/.local/lib/python3.12/site-packages/airflow/example_dags/example_short_circuit_operator.py
[2024-06-26T17:47:15.777+0000] {processor.py:830} INFO - Processing file /home/airflow/.local/lib/python3.12/site-packages/airflow/example_dags/example_short_circuit_operator.py for tasks to queue
[2024-06-26T17:47:15.777+0000] {logging_mixin.py:188} INFO - [2024-06-26T17:47:15.777+0000] {dagbag.py:545} INFO - Filling up the DagBag from /home/airflow/.local/lib/python3.12/site-packages/airflow/example_dags/example_short_circuit_operator.py
[2024-06-26T17:47:15.780+0000] {processor.py:840} INFO - DAG(s) 'example_short_circuit_operator' retrieved from /home/airflow/.local/lib/python3.12/site-packages/airflow/example_dags/example_short_circuit_operator.py
[2024-06-26T17:47:15.789+0000] {logging_mixin.py:188} INFO - [2024-06-26T17:47:15.789+0000] {dag.py:3096} INFO - Sync 1 DAGs
[2024-06-26T17:47:15.798+0000] {logging_mixin.py:188} INFO - [2024-06-26T17:47:15.797+0000] {dag.py:3954} INFO - Setting next_dagrun for example_short_circuit_operator to 2024-06-25 00:00:00+00:00, run_after=2024-06-26 00:00:00+00:00
[2024-06-26T17:47:15.804+0000] {processor.py:183} INFO - Processing /home/airflow/.local/lib/python3.12/site-packages/airflow/example_dags/example_short_circuit_operator.py took 0.030 seconds
[2024-06-26T17:47:46.049+0000] {processor.py:161} INFO - Started process (PID=3648) to work on /home/airflow/.local/lib/python3.12/site-packages/airflow/example_dags/example_short_circuit_operator.py
[2024-06-26T17:47:46.050+0000] {processor.py:830} INFO - Processing file /home/airflow/.local/lib/python3.12/site-packages/airflow/example_dags/example_short_circuit_operator.py for tasks to queue
[2024-06-26T17:47:46.050+0000] {logging_mixin.py:188} INFO - [2024-06-26T17:47:46.050+0000] {dagbag.py:545} INFO - Filling up the DagBag from /home/airflow/.local/lib/python3.12/site-packages/airflow/example_dags/example_short_circuit_operator.py
[2024-06-26T17:47:46.053+0000] {processor.py:840} INFO - DAG(s) 'example_short_circuit_operator' retrieved from /home/airflow/.local/lib/python3.12/site-packages/airflow/example_dags/example_short_circuit_operator.py
[2024-06-26T17:47:46.062+0000] {logging_mixin.py:188} INFO - [2024-06-26T17:47:46.062+0000] {dag.py:3096} INFO - Sync 1 DAGs
[2024-06-26T17:47:46.070+0000] {logging_mixin.py:188} INFO - [2024-06-26T17:47:46.070+0000] {dag.py:3954} INFO - Setting next_dagrun for example_short_circuit_operator to 2024-06-25 00:00:00+00:00, run_after=2024-06-26 00:00:00+00:00
[2024-06-26T17:47:46.076+0000] {processor.py:183} INFO - Processing /home/airflow/.local/lib/python3.12/site-packages/airflow/example_dags/example_short_circuit_operator.py took 0.029 seconds
[2024-06-26T17:48:16.351+0000] {processor.py:161} INFO - Started process (PID=3910) to work on /home/airflow/.local/lib/python3.12/site-packages/airflow/example_dags/example_short_circuit_operator.py
[2024-06-26T17:48:16.352+0000] {processor.py:830} INFO - Processing file /home/airflow/.local/lib/python3.12/site-packages/airflow/example_dags/example_short_circuit_operator.py for tasks to queue
[2024-06-26T17:48:16.353+0000] {logging_mixin.py:188} INFO - [2024-06-26T17:48:16.353+0000] {dagbag.py:545} INFO - Filling up the DagBag from /home/airflow/.local/lib/python3.12/site-packages/airflow/example_dags/example_short_circuit_operator.py
[2024-06-26T17:48:16.355+0000] {processor.py:840} INFO - DAG(s) 'example_short_circuit_operator' retrieved from /home/airflow/.local/lib/python3.12/site-packages/airflow/example_dags/example_short_circuit_operator.py
[2024-06-26T17:48:16.363+0000] {logging_mixin.py:188} INFO - [2024-06-26T17:48:16.363+0000] {dag.py:3096} INFO - Sync 1 DAGs
[2024-06-26T17:48:16.371+0000] {logging_mixin.py:188} INFO - [2024-06-26T17:48:16.371+0000] {dag.py:3954} INFO - Setting next_dagrun for example_short_circuit_operator to 2024-06-25 00:00:00+00:00, run_after=2024-06-26 00:00:00+00:00
[2024-06-26T17:48:16.378+0000] {processor.py:183} INFO - Processing /home/airflow/.local/lib/python3.12/site-packages/airflow/example_dags/example_short_circuit_operator.py took 0.028 seconds
[2024-06-26T17:48:46.620+0000] {processor.py:161} INFO - Started process (PID=4199) to work on /home/airflow/.local/lib/python3.12/site-packages/airflow/example_dags/example_short_circuit_operator.py
[2024-06-26T17:48:46.621+0000] {processor.py:830} INFO - Processing file /home/airflow/.local/lib/python3.12/site-packages/airflow/example_dags/example_short_circuit_operator.py for tasks to queue
[2024-06-26T17:48:46.621+0000] {logging_mixin.py:188} INFO - [2024-06-26T17:48:46.621+0000] {dagbag.py:545} INFO - Filling up the DagBag from /home/airflow/.local/lib/python3.12/site-packages/airflow/example_dags/example_short_circuit_operator.py
[2024-06-26T17:48:46.624+0000] {processor.py:840} INFO - DAG(s) 'example_short_circuit_operator' retrieved from /home/airflow/.local/lib/python3.12/site-packages/airflow/example_dags/example_short_circuit_operator.py
[2024-06-26T17:48:46.632+0000] {logging_mixin.py:188} INFO - [2024-06-26T17:48:46.632+0000] {dag.py:3096} INFO - Sync 1 DAGs
[2024-06-26T17:48:46.639+0000] {logging_mixin.py:188} INFO - [2024-06-26T17:48:46.638+0000] {dag.py:3954} INFO - Setting next_dagrun for example_short_circuit_operator to 2024-06-25 00:00:00+00:00, run_after=2024-06-26 00:00:00+00:00
[2024-06-26T17:48:46.644+0000] {processor.py:183} INFO - Processing /home/airflow/.local/lib/python3.12/site-packages/airflow/example_dags/example_short_circuit_operator.py took 0.026 seconds
[2024-06-26T17:49:16.822+0000] {processor.py:161} INFO - Started process (PID=4461) to work on /home/airflow/.local/lib/python3.12/site-packages/airflow/example_dags/example_short_circuit_operator.py
[2024-06-26T17:49:16.823+0000] {processor.py:830} INFO - Processing file /home/airflow/.local/lib/python3.12/site-packages/airflow/example_dags/example_short_circuit_operator.py for tasks to queue
[2024-06-26T17:49:16.823+0000] {logging_mixin.py:188} INFO - [2024-06-26T17:49:16.823+0000] {dagbag.py:545} INFO - Filling up the DagBag from /home/airflow/.local/lib/python3.12/site-packages/airflow/example_dags/example_short_circuit_operator.py
[2024-06-26T17:49:16.826+0000] {processor.py:840} INFO - DAG(s) 'example_short_circuit_operator' retrieved from /home/airflow/.local/lib/python3.12/site-packages/airflow/example_dags/example_short_circuit_operator.py
[2024-06-26T17:49:16.835+0000] {logging_mixin.py:188} INFO - [2024-06-26T17:49:16.835+0000] {dag.py:3096} INFO - Sync 1 DAGs
[2024-06-26T17:49:16.842+0000] {logging_mixin.py:188} INFO - [2024-06-26T17:49:16.842+0000] {dag.py:3954} INFO - Setting next_dagrun for example_short_circuit_operator to 2024-06-25 00:00:00+00:00, run_after=2024-06-26 00:00:00+00:00
[2024-06-26T17:49:16.848+0000] {processor.py:183} INFO - Processing /home/airflow/.local/lib/python3.12/site-packages/airflow/example_dags/example_short_circuit_operator.py took 0.027 seconds
[2024-06-26T17:49:47.143+0000] {processor.py:161} INFO - Started process (PID=4723) to work on /home/airflow/.local/lib/python3.12/site-packages/airflow/example_dags/example_short_circuit_operator.py
[2024-06-26T17:49:47.143+0000] {processor.py:830} INFO - Processing file /home/airflow/.local/lib/python3.12/site-packages/airflow/example_dags/example_short_circuit_operator.py for tasks to queue
[2024-06-26T17:49:47.144+0000] {logging_mixin.py:188} INFO - [2024-06-26T17:49:47.144+0000] {dagbag.py:545} INFO - Filling up the DagBag from /home/airflow/.local/lib/python3.12/site-packages/airflow/example_dags/example_short_circuit_operator.py
[2024-06-26T17:49:47.147+0000] {processor.py:840} INFO - DAG(s) 'example_short_circuit_operator' retrieved from /home/airflow/.local/lib/python3.12/site-packages/airflow/example_dags/example_short_circuit_operator.py
[2024-06-26T17:49:47.155+0000] {logging_mixin.py:188} INFO - [2024-06-26T17:49:47.155+0000] {dag.py:3096} INFO - Sync 1 DAGs
[2024-06-26T17:49:47.163+0000] {logging_mixin.py:188} INFO - [2024-06-26T17:49:47.163+0000] {dag.py:3954} INFO - Setting next_dagrun for example_short_circuit_operator to 2024-06-25 00:00:00+00:00, run_after=2024-06-26 00:00:00+00:00
[2024-06-26T17:49:47.169+0000] {processor.py:183} INFO - Processing /home/airflow/.local/lib/python3.12/site-packages/airflow/example_dags/example_short_circuit_operator.py took 0.029 seconds
[2024-06-26T17:50:17.466+0000] {processor.py:161} INFO - Started process (PID=4983) to work on /home/airflow/.local/lib/python3.12/site-packages/airflow/example_dags/example_short_circuit_operator.py
[2024-06-26T17:50:17.466+0000] {processor.py:830} INFO - Processing file /home/airflow/.local/lib/python3.12/site-packages/airflow/example_dags/example_short_circuit_operator.py for tasks to queue
[2024-06-26T17:50:17.467+0000] {logging_mixin.py:188} INFO - [2024-06-26T17:50:17.467+0000] {dagbag.py:545} INFO - Filling up the DagBag from /home/airflow/.local/lib/python3.12/site-packages/airflow/example_dags/example_short_circuit_operator.py
[2024-06-26T17:50:17.470+0000] {processor.py:840} INFO - DAG(s) 'example_short_circuit_operator' retrieved from /home/airflow/.local/lib/python3.12/site-packages/airflow/example_dags/example_short_circuit_operator.py
[2024-06-26T17:50:17.479+0000] {logging_mixin.py:188} INFO - [2024-06-26T17:50:17.479+0000] {dag.py:3096} INFO - Sync 1 DAGs
[2024-06-26T17:50:17.487+0000] {logging_mixin.py:188} INFO - [2024-06-26T17:50:17.487+0000] {dag.py:3954} INFO - Setting next_dagrun for example_short_circuit_operator to 2024-06-25 00:00:00+00:00, run_after=2024-06-26 00:00:00+00:00
[2024-06-26T17:50:17.493+0000] {processor.py:183} INFO - Processing /home/airflow/.local/lib/python3.12/site-packages/airflow/example_dags/example_short_circuit_operator.py took 0.029 seconds
[2024-06-26T17:50:47.867+0000] {processor.py:161} INFO - Started process (PID=5245) to work on /home/airflow/.local/lib/python3.12/site-packages/airflow/example_dags/example_short_circuit_operator.py
[2024-06-26T17:50:47.867+0000] {processor.py:830} INFO - Processing file /home/airflow/.local/lib/python3.12/site-packages/airflow/example_dags/example_short_circuit_operator.py for tasks to queue
[2024-06-26T17:50:47.868+0000] {logging_mixin.py:188} INFO - [2024-06-26T17:50:47.868+0000] {dagbag.py:545} INFO - Filling up the DagBag from /home/airflow/.local/lib/python3.12/site-packages/airflow/example_dags/example_short_circuit_operator.py
[2024-06-26T17:50:47.870+0000] {processor.py:840} INFO - DAG(s) 'example_short_circuit_operator' retrieved from /home/airflow/.local/lib/python3.12/site-packages/airflow/example_dags/example_short_circuit_operator.py
[2024-06-26T17:50:47.880+0000] {logging_mixin.py:188} INFO - [2024-06-26T17:50:47.879+0000] {dag.py:3096} INFO - Sync 1 DAGs
[2024-06-26T17:50:47.887+0000] {logging_mixin.py:188} INFO - [2024-06-26T17:50:47.887+0000] {dag.py:3954} INFO - Setting next_dagrun for example_short_circuit_operator to 2024-06-25 00:00:00+00:00, run_after=2024-06-26 00:00:00+00:00
[2024-06-26T17:50:47.894+0000] {processor.py:183} INFO - Processing /home/airflow/.local/lib/python3.12/site-packages/airflow/example_dags/example_short_circuit_operator.py took 0.029 seconds
