[2024-06-26T17:41:12.189+0000] {processor.py:161} INFO - Started process (PID=359) to work on /home/airflow/.local/lib/python3.12/site-packages/airflow/example_dags/example_datasets.py
[2024-06-26T17:41:12.191+0000] {processor.py:830} INFO - Processing file /home/airflow/.local/lib/python3.12/site-packages/airflow/example_dags/example_datasets.py for tasks to queue
[2024-06-26T17:41:12.192+0000] {logging_mixin.py:188} INFO - [2024-06-26T17:41:12.191+0000] {dagbag.py:545} INFO - Filling up the DagBag from /home/airflow/.local/lib/python3.12/site-packages/airflow/example_dags/example_datasets.py
[2024-06-26T17:41:12.198+0000] {processor.py:840} INFO - DAG(s) 'dataset_consumes_1', 'consume_1_or_both_2_and_3_with_dataset_expressions', 'consume_1_or_2_with_dataset_expressions', 'dataset_consumes_1_never_scheduled', 'conditional_dataset_and_time_based_timetable', 'dataset_consumes_unknown_never_scheduled', 'consume_1_and_2_with_dataset_expressions', 'dataset_consumes_1_and_2', 'dataset_produces_1', 'dataset_produces_2' retrieved from /home/airflow/.local/lib/python3.12/site-packages/airflow/example_dags/example_datasets.py
[2024-06-26T17:41:12.203+0000] {logging_mixin.py:188} INFO - [2024-06-26T17:41:12.203+0000] {dag.py:3096} INFO - Sync 10 DAGs
[2024-06-26T17:41:12.214+0000] {logging_mixin.py:188} INFO - [2024-06-26T17:41:12.214+0000] {dag.py:3954} INFO - Setting next_dagrun for conditional_dataset_and_time_based_timetable to 2024-06-26 01:00:00+00:00, run_after=2024-06-26 01:00:00+00:00
[2024-06-26T17:41:12.216+0000] {logging_mixin.py:188} INFO - [2024-06-26T17:41:12.216+0000] {dag.py:3954} INFO - Setting next_dagrun for consume_1_and_2_with_dataset_expressions to None, run_after=None
[2024-06-26T17:41:12.217+0000] {logging_mixin.py:188} INFO - [2024-06-26T17:41:12.217+0000] {dag.py:3954} INFO - Setting next_dagrun for consume_1_or_2_with_dataset_expressions to None, run_after=None
[2024-06-26T17:41:12.218+0000] {logging_mixin.py:188} INFO - [2024-06-26T17:41:12.218+0000] {dag.py:3954} INFO - Setting next_dagrun for consume_1_or_both_2_and_3_with_dataset_expressions to None, run_after=None
[2024-06-26T17:41:12.218+0000] {logging_mixin.py:188} INFO - [2024-06-26T17:41:12.218+0000] {dag.py:3954} INFO - Setting next_dagrun for dataset_consumes_1 to None, run_after=None
[2024-06-26T17:41:12.219+0000] {logging_mixin.py:188} INFO - [2024-06-26T17:41:12.219+0000] {dag.py:3954} INFO - Setting next_dagrun for dataset_consumes_1_and_2 to None, run_after=None
[2024-06-26T17:41:12.219+0000] {logging_mixin.py:188} INFO - [2024-06-26T17:41:12.219+0000] {dag.py:3954} INFO - Setting next_dagrun for dataset_consumes_1_never_scheduled to None, run_after=None
[2024-06-26T17:41:12.220+0000] {logging_mixin.py:188} INFO - [2024-06-26T17:41:12.219+0000] {dag.py:3954} INFO - Setting next_dagrun for dataset_consumes_unknown_never_scheduled to None, run_after=None
[2024-06-26T17:41:12.220+0000] {logging_mixin.py:188} INFO - [2024-06-26T17:41:12.220+0000] {dag.py:3954} INFO - Setting next_dagrun for dataset_produces_1 to 2024-06-25 00:00:00+00:00, run_after=2024-06-26 00:00:00+00:00
[2024-06-26T17:41:12.221+0000] {logging_mixin.py:188} INFO - [2024-06-26T17:41:12.221+0000] {dag.py:3954} INFO - Setting next_dagrun for dataset_produces_2 to None, run_after=None
[2024-06-26T17:41:12.232+0000] {processor.py:183} INFO - Processing /home/airflow/.local/lib/python3.12/site-packages/airflow/example_dags/example_datasets.py took 0.045 seconds
[2024-06-26T17:41:42.830+0000] {processor.py:161} INFO - Started process (PID=619) to work on /home/airflow/.local/lib/python3.12/site-packages/airflow/example_dags/example_datasets.py
[2024-06-26T17:41:42.830+0000] {processor.py:830} INFO - Processing file /home/airflow/.local/lib/python3.12/site-packages/airflow/example_dags/example_datasets.py for tasks to queue
[2024-06-26T17:41:42.831+0000] {logging_mixin.py:188} INFO - [2024-06-26T17:41:42.830+0000] {dagbag.py:545} INFO - Filling up the DagBag from /home/airflow/.local/lib/python3.12/site-packages/airflow/example_dags/example_datasets.py
[2024-06-26T17:41:42.836+0000] {processor.py:840} INFO - DAG(s) 'conditional_dataset_and_time_based_timetable', 'dataset_consumes_1_never_scheduled', 'dataset_consumes_1_and_2', 'consume_1_and_2_with_dataset_expressions', 'consume_1_or_2_with_dataset_expressions', 'dataset_consumes_unknown_never_scheduled', 'consume_1_or_both_2_and_3_with_dataset_expressions', 'dataset_produces_2', 'dataset_produces_1', 'dataset_consumes_1' retrieved from /home/airflow/.local/lib/python3.12/site-packages/airflow/example_dags/example_datasets.py
[2024-06-26T17:41:42.901+0000] {logging_mixin.py:188} INFO - [2024-06-26T17:41:42.901+0000] {dag.py:3096} INFO - Sync 10 DAGs
[2024-06-26T17:41:42.910+0000] {logging_mixin.py:188} INFO - [2024-06-26T17:41:42.910+0000] {dag.py:3954} INFO - Setting next_dagrun for conditional_dataset_and_time_based_timetable to 2024-06-26 01:00:00+00:00, run_after=2024-06-26 01:00:00+00:00
[2024-06-26T17:41:42.911+0000] {logging_mixin.py:188} INFO - [2024-06-26T17:41:42.911+0000] {dag.py:3954} INFO - Setting next_dagrun for consume_1_and_2_with_dataset_expressions to None, run_after=None
[2024-06-26T17:41:42.912+0000] {logging_mixin.py:188} INFO - [2024-06-26T17:41:42.912+0000] {dag.py:3954} INFO - Setting next_dagrun for consume_1_or_2_with_dataset_expressions to None, run_after=None
[2024-06-26T17:41:42.912+0000] {logging_mixin.py:188} INFO - [2024-06-26T17:41:42.912+0000] {dag.py:3954} INFO - Setting next_dagrun for consume_1_or_both_2_and_3_with_dataset_expressions to None, run_after=None
[2024-06-26T17:41:42.913+0000] {logging_mixin.py:188} INFO - [2024-06-26T17:41:42.913+0000] {dag.py:3954} INFO - Setting next_dagrun for dataset_consumes_1 to None, run_after=None
[2024-06-26T17:41:42.913+0000] {logging_mixin.py:188} INFO - [2024-06-26T17:41:42.913+0000] {dag.py:3954} INFO - Setting next_dagrun for dataset_consumes_1_and_2 to None, run_after=None
[2024-06-26T17:41:42.913+0000] {logging_mixin.py:188} INFO - [2024-06-26T17:41:42.913+0000] {dag.py:3954} INFO - Setting next_dagrun for dataset_consumes_1_never_scheduled to None, run_after=None
[2024-06-26T17:41:42.914+0000] {logging_mixin.py:188} INFO - [2024-06-26T17:41:42.914+0000] {dag.py:3954} INFO - Setting next_dagrun for dataset_consumes_unknown_never_scheduled to None, run_after=None
[2024-06-26T17:41:42.915+0000] {logging_mixin.py:188} INFO - [2024-06-26T17:41:42.915+0000] {dag.py:3954} INFO - Setting next_dagrun for dataset_produces_1 to 2024-06-25 00:00:00+00:00, run_after=2024-06-26 00:00:00+00:00
[2024-06-26T17:41:42.915+0000] {logging_mixin.py:188} INFO - [2024-06-26T17:41:42.915+0000] {dag.py:3954} INFO - Setting next_dagrun for dataset_produces_2 to None, run_after=None
[2024-06-26T17:41:42.927+0000] {processor.py:183} INFO - Processing /home/airflow/.local/lib/python3.12/site-packages/airflow/example_dags/example_datasets.py took 0.100 seconds
[2024-06-26T17:42:13.208+0000] {processor.py:161} INFO - Started process (PID=881) to work on /home/airflow/.local/lib/python3.12/site-packages/airflow/example_dags/example_datasets.py
[2024-06-26T17:42:13.208+0000] {processor.py:830} INFO - Processing file /home/airflow/.local/lib/python3.12/site-packages/airflow/example_dags/example_datasets.py for tasks to queue
[2024-06-26T17:42:13.208+0000] {logging_mixin.py:188} INFO - [2024-06-26T17:42:13.208+0000] {dagbag.py:545} INFO - Filling up the DagBag from /home/airflow/.local/lib/python3.12/site-packages/airflow/example_dags/example_datasets.py
[2024-06-26T17:42:13.213+0000] {processor.py:840} INFO - DAG(s) 'dataset_produces_2', 'dataset_consumes_unknown_never_scheduled', 'dataset_consumes_1_and_2', 'dataset_produces_1', 'consume_1_or_2_with_dataset_expressions', 'conditional_dataset_and_time_based_timetable', 'consume_1_and_2_with_dataset_expressions', 'dataset_consumes_1', 'consume_1_or_both_2_and_3_with_dataset_expressions', 'dataset_consumes_1_never_scheduled' retrieved from /home/airflow/.local/lib/python3.12/site-packages/airflow/example_dags/example_datasets.py
[2024-06-26T17:42:13.231+0000] {logging_mixin.py:188} INFO - [2024-06-26T17:42:13.231+0000] {dag.py:3096} INFO - Sync 10 DAGs
[2024-06-26T17:42:13.241+0000] {logging_mixin.py:188} INFO - [2024-06-26T17:42:13.241+0000] {dag.py:3954} INFO - Setting next_dagrun for conditional_dataset_and_time_based_timetable to 2024-06-26 01:00:00+00:00, run_after=2024-06-26 01:00:00+00:00
[2024-06-26T17:42:13.242+0000] {logging_mixin.py:188} INFO - [2024-06-26T17:42:13.242+0000] {dag.py:3954} INFO - Setting next_dagrun for consume_1_and_2_with_dataset_expressions to None, run_after=None
[2024-06-26T17:42:13.243+0000] {logging_mixin.py:188} INFO - [2024-06-26T17:42:13.243+0000] {dag.py:3954} INFO - Setting next_dagrun for consume_1_or_2_with_dataset_expressions to None, run_after=None
[2024-06-26T17:42:13.243+0000] {logging_mixin.py:188} INFO - [2024-06-26T17:42:13.243+0000] {dag.py:3954} INFO - Setting next_dagrun for consume_1_or_both_2_and_3_with_dataset_expressions to None, run_after=None
[2024-06-26T17:42:13.244+0000] {logging_mixin.py:188} INFO - [2024-06-26T17:42:13.244+0000] {dag.py:3954} INFO - Setting next_dagrun for dataset_consumes_1 to None, run_after=None
[2024-06-26T17:42:13.244+0000] {logging_mixin.py:188} INFO - [2024-06-26T17:42:13.244+0000] {dag.py:3954} INFO - Setting next_dagrun for dataset_consumes_1_and_2 to None, run_after=None
[2024-06-26T17:42:13.245+0000] {logging_mixin.py:188} INFO - [2024-06-26T17:42:13.245+0000] {dag.py:3954} INFO - Setting next_dagrun for dataset_consumes_1_never_scheduled to None, run_after=None
[2024-06-26T17:42:13.245+0000] {logging_mixin.py:188} INFO - [2024-06-26T17:42:13.245+0000] {dag.py:3954} INFO - Setting next_dagrun for dataset_consumes_unknown_never_scheduled to None, run_after=None
[2024-06-26T17:42:13.246+0000] {logging_mixin.py:188} INFO - [2024-06-26T17:42:13.246+0000] {dag.py:3954} INFO - Setting next_dagrun for dataset_produces_1 to 2024-06-25 00:00:00+00:00, run_after=2024-06-26 00:00:00+00:00
[2024-06-26T17:42:13.246+0000] {logging_mixin.py:188} INFO - [2024-06-26T17:42:13.246+0000] {dag.py:3954} INFO - Setting next_dagrun for dataset_produces_2 to None, run_after=None
[2024-06-26T17:42:13.258+0000] {processor.py:183} INFO - Processing /home/airflow/.local/lib/python3.12/site-packages/airflow/example_dags/example_datasets.py took 0.053 seconds
[2024-06-26T17:42:43.520+0000] {processor.py:161} INFO - Started process (PID=1145) to work on /home/airflow/.local/lib/python3.12/site-packages/airflow/example_dags/example_datasets.py
[2024-06-26T17:42:43.520+0000] {processor.py:830} INFO - Processing file /home/airflow/.local/lib/python3.12/site-packages/airflow/example_dags/example_datasets.py for tasks to queue
[2024-06-26T17:42:43.521+0000] {logging_mixin.py:188} INFO - [2024-06-26T17:42:43.521+0000] {dagbag.py:545} INFO - Filling up the DagBag from /home/airflow/.local/lib/python3.12/site-packages/airflow/example_dags/example_datasets.py
[2024-06-26T17:42:43.526+0000] {processor.py:840} INFO - DAG(s) 'dataset_produces_1', 'dataset_consumes_1', 'dataset_consumes_1_and_2', 'dataset_consumes_1_never_scheduled', 'dataset_consumes_unknown_never_scheduled', 'consume_1_and_2_with_dataset_expressions', 'consume_1_or_2_with_dataset_expressions', 'consume_1_or_both_2_and_3_with_dataset_expressions', 'conditional_dataset_and_time_based_timetable', 'dataset_produces_2' retrieved from /home/airflow/.local/lib/python3.12/site-packages/airflow/example_dags/example_datasets.py
[2024-06-26T17:42:43.540+0000] {logging_mixin.py:188} INFO - [2024-06-26T17:42:43.540+0000] {dag.py:3096} INFO - Sync 10 DAGs
[2024-06-26T17:42:43.548+0000] {logging_mixin.py:188} INFO - [2024-06-26T17:42:43.548+0000] {dag.py:3954} INFO - Setting next_dagrun for conditional_dataset_and_time_based_timetable to 2024-06-26 01:00:00+00:00, run_after=2024-06-26 01:00:00+00:00
[2024-06-26T17:42:43.550+0000] {logging_mixin.py:188} INFO - [2024-06-26T17:42:43.550+0000] {dag.py:3954} INFO - Setting next_dagrun for consume_1_and_2_with_dataset_expressions to None, run_after=None
[2024-06-26T17:42:43.551+0000] {logging_mixin.py:188} INFO - [2024-06-26T17:42:43.551+0000] {dag.py:3954} INFO - Setting next_dagrun for consume_1_or_2_with_dataset_expressions to None, run_after=None
[2024-06-26T17:42:43.551+0000] {logging_mixin.py:188} INFO - [2024-06-26T17:42:43.551+0000] {dag.py:3954} INFO - Setting next_dagrun for consume_1_or_both_2_and_3_with_dataset_expressions to None, run_after=None
[2024-06-26T17:42:43.551+0000] {logging_mixin.py:188} INFO - [2024-06-26T17:42:43.551+0000] {dag.py:3954} INFO - Setting next_dagrun for dataset_consumes_1 to None, run_after=None
[2024-06-26T17:42:43.552+0000] {logging_mixin.py:188} INFO - [2024-06-26T17:42:43.552+0000] {dag.py:3954} INFO - Setting next_dagrun for dataset_consumes_1_and_2 to None, run_after=None
[2024-06-26T17:42:43.552+0000] {logging_mixin.py:188} INFO - [2024-06-26T17:42:43.552+0000] {dag.py:3954} INFO - Setting next_dagrun for dataset_consumes_1_never_scheduled to None, run_after=None
[2024-06-26T17:42:43.553+0000] {logging_mixin.py:188} INFO - [2024-06-26T17:42:43.553+0000] {dag.py:3954} INFO - Setting next_dagrun for dataset_consumes_unknown_never_scheduled to None, run_after=None
[2024-06-26T17:42:43.553+0000] {logging_mixin.py:188} INFO - [2024-06-26T17:42:43.553+0000] {dag.py:3954} INFO - Setting next_dagrun for dataset_produces_1 to 2024-06-25 00:00:00+00:00, run_after=2024-06-26 00:00:00+00:00
[2024-06-26T17:42:43.554+0000] {logging_mixin.py:188} INFO - [2024-06-26T17:42:43.554+0000] {dag.py:3954} INFO - Setting next_dagrun for dataset_produces_2 to None, run_after=None
[2024-06-26T17:42:43.564+0000] {processor.py:183} INFO - Processing /home/airflow/.local/lib/python3.12/site-packages/airflow/example_dags/example_datasets.py took 0.046 seconds
[2024-06-26T17:43:13.872+0000] {processor.py:161} INFO - Started process (PID=1407) to work on /home/airflow/.local/lib/python3.12/site-packages/airflow/example_dags/example_datasets.py
[2024-06-26T17:43:13.873+0000] {processor.py:830} INFO - Processing file /home/airflow/.local/lib/python3.12/site-packages/airflow/example_dags/example_datasets.py for tasks to queue
[2024-06-26T17:43:13.873+0000] {logging_mixin.py:188} INFO - [2024-06-26T17:43:13.873+0000] {dagbag.py:545} INFO - Filling up the DagBag from /home/airflow/.local/lib/python3.12/site-packages/airflow/example_dags/example_datasets.py
[2024-06-26T17:43:13.879+0000] {processor.py:840} INFO - DAG(s) 'dataset_consumes_1_never_scheduled', 'consume_1_or_both_2_and_3_with_dataset_expressions', 'dataset_produces_1', 'dataset_consumes_unknown_never_scheduled', 'conditional_dataset_and_time_based_timetable', 'dataset_consumes_1', 'dataset_produces_2', 'consume_1_and_2_with_dataset_expressions', 'dataset_consumes_1_and_2', 'consume_1_or_2_with_dataset_expressions' retrieved from /home/airflow/.local/lib/python3.12/site-packages/airflow/example_dags/example_datasets.py
[2024-06-26T17:43:13.894+0000] {logging_mixin.py:188} INFO - [2024-06-26T17:43:13.894+0000] {dag.py:3096} INFO - Sync 10 DAGs
[2024-06-26T17:43:13.903+0000] {logging_mixin.py:188} INFO - [2024-06-26T17:43:13.903+0000] {dag.py:3954} INFO - Setting next_dagrun for conditional_dataset_and_time_based_timetable to 2024-06-26 01:00:00+00:00, run_after=2024-06-26 01:00:00+00:00
[2024-06-26T17:43:13.904+0000] {logging_mixin.py:188} INFO - [2024-06-26T17:43:13.904+0000] {dag.py:3954} INFO - Setting next_dagrun for consume_1_and_2_with_dataset_expressions to None, run_after=None
[2024-06-26T17:43:13.905+0000] {logging_mixin.py:188} INFO - [2024-06-26T17:43:13.905+0000] {dag.py:3954} INFO - Setting next_dagrun for consume_1_or_2_with_dataset_expressions to None, run_after=None
[2024-06-26T17:43:13.905+0000] {logging_mixin.py:188} INFO - [2024-06-26T17:43:13.905+0000] {dag.py:3954} INFO - Setting next_dagrun for consume_1_or_both_2_and_3_with_dataset_expressions to None, run_after=None
[2024-06-26T17:43:13.906+0000] {logging_mixin.py:188} INFO - [2024-06-26T17:43:13.906+0000] {dag.py:3954} INFO - Setting next_dagrun for dataset_consumes_1 to None, run_after=None
[2024-06-26T17:43:13.906+0000] {logging_mixin.py:188} INFO - [2024-06-26T17:43:13.906+0000] {dag.py:3954} INFO - Setting next_dagrun for dataset_consumes_1_and_2 to None, run_after=None
[2024-06-26T17:43:13.907+0000] {logging_mixin.py:188} INFO - [2024-06-26T17:43:13.907+0000] {dag.py:3954} INFO - Setting next_dagrun for dataset_consumes_1_never_scheduled to None, run_after=None
[2024-06-26T17:43:13.907+0000] {logging_mixin.py:188} INFO - [2024-06-26T17:43:13.907+0000] {dag.py:3954} INFO - Setting next_dagrun for dataset_consumes_unknown_never_scheduled to None, run_after=None
[2024-06-26T17:43:13.908+0000] {logging_mixin.py:188} INFO - [2024-06-26T17:43:13.908+0000] {dag.py:3954} INFO - Setting next_dagrun for dataset_produces_1 to 2024-06-25 00:00:00+00:00, run_after=2024-06-26 00:00:00+00:00
[2024-06-26T17:43:13.908+0000] {logging_mixin.py:188} INFO - [2024-06-26T17:43:13.908+0000] {dag.py:3954} INFO - Setting next_dagrun for dataset_produces_2 to None, run_after=None
[2024-06-26T17:43:13.918+0000] {processor.py:183} INFO - Processing /home/airflow/.local/lib/python3.12/site-packages/airflow/example_dags/example_datasets.py took 0.049 seconds
[2024-06-26T17:43:44.289+0000] {processor.py:161} INFO - Started process (PID=1669) to work on /home/airflow/.local/lib/python3.12/site-packages/airflow/example_dags/example_datasets.py
[2024-06-26T17:43:44.290+0000] {processor.py:830} INFO - Processing file /home/airflow/.local/lib/python3.12/site-packages/airflow/example_dags/example_datasets.py for tasks to queue
[2024-06-26T17:43:44.290+0000] {logging_mixin.py:188} INFO - [2024-06-26T17:43:44.290+0000] {dagbag.py:545} INFO - Filling up the DagBag from /home/airflow/.local/lib/python3.12/site-packages/airflow/example_dags/example_datasets.py
[2024-06-26T17:43:44.296+0000] {processor.py:840} INFO - DAG(s) 'dataset_produces_1', 'dataset_consumes_1_never_scheduled', 'dataset_consumes_1', 'consume_1_or_both_2_and_3_with_dataset_expressions', 'conditional_dataset_and_time_based_timetable', 'dataset_produces_2', 'dataset_consumes_unknown_never_scheduled', 'consume_1_or_2_with_dataset_expressions', 'consume_1_and_2_with_dataset_expressions', 'dataset_consumes_1_and_2' retrieved from /home/airflow/.local/lib/python3.12/site-packages/airflow/example_dags/example_datasets.py
[2024-06-26T17:43:44.311+0000] {logging_mixin.py:188} INFO - [2024-06-26T17:43:44.311+0000] {dag.py:3096} INFO - Sync 10 DAGs
[2024-06-26T17:43:44.320+0000] {logging_mixin.py:188} INFO - [2024-06-26T17:43:44.320+0000] {dag.py:3954} INFO - Setting next_dagrun for conditional_dataset_and_time_based_timetable to 2024-06-26 01:00:00+00:00, run_after=2024-06-26 01:00:00+00:00
[2024-06-26T17:43:44.322+0000] {logging_mixin.py:188} INFO - [2024-06-26T17:43:44.322+0000] {dag.py:3954} INFO - Setting next_dagrun for consume_1_and_2_with_dataset_expressions to None, run_after=None
[2024-06-26T17:43:44.322+0000] {logging_mixin.py:188} INFO - [2024-06-26T17:43:44.322+0000] {dag.py:3954} INFO - Setting next_dagrun for consume_1_or_2_with_dataset_expressions to None, run_after=None
[2024-06-26T17:43:44.323+0000] {logging_mixin.py:188} INFO - [2024-06-26T17:43:44.323+0000] {dag.py:3954} INFO - Setting next_dagrun for consume_1_or_both_2_and_3_with_dataset_expressions to None, run_after=None
[2024-06-26T17:43:44.323+0000] {logging_mixin.py:188} INFO - [2024-06-26T17:43:44.323+0000] {dag.py:3954} INFO - Setting next_dagrun for dataset_consumes_1 to None, run_after=None
[2024-06-26T17:43:44.323+0000] {logging_mixin.py:188} INFO - [2024-06-26T17:43:44.323+0000] {dag.py:3954} INFO - Setting next_dagrun for dataset_consumes_1_and_2 to None, run_after=None
[2024-06-26T17:43:44.324+0000] {logging_mixin.py:188} INFO - [2024-06-26T17:43:44.324+0000] {dag.py:3954} INFO - Setting next_dagrun for dataset_consumes_1_never_scheduled to None, run_after=None
[2024-06-26T17:43:44.324+0000] {logging_mixin.py:188} INFO - [2024-06-26T17:43:44.324+0000] {dag.py:3954} INFO - Setting next_dagrun for dataset_consumes_unknown_never_scheduled to None, run_after=None
[2024-06-26T17:43:44.325+0000] {logging_mixin.py:188} INFO - [2024-06-26T17:43:44.325+0000] {dag.py:3954} INFO - Setting next_dagrun for dataset_produces_1 to 2024-06-25 00:00:00+00:00, run_after=2024-06-26 00:00:00+00:00
[2024-06-26T17:43:44.325+0000] {logging_mixin.py:188} INFO - [2024-06-26T17:43:44.325+0000] {dag.py:3954} INFO - Setting next_dagrun for dataset_produces_2 to None, run_after=None
[2024-06-26T17:43:44.335+0000] {processor.py:183} INFO - Processing /home/airflow/.local/lib/python3.12/site-packages/airflow/example_dags/example_datasets.py took 0.048 seconds
[2024-06-26T17:44:14.493+0000] {processor.py:161} INFO - Started process (PID=1936) to work on /home/airflow/.local/lib/python3.12/site-packages/airflow/example_dags/example_datasets.py
[2024-06-26T17:44:14.493+0000] {processor.py:830} INFO - Processing file /home/airflow/.local/lib/python3.12/site-packages/airflow/example_dags/example_datasets.py for tasks to queue
[2024-06-26T17:44:14.494+0000] {logging_mixin.py:188} INFO - [2024-06-26T17:44:14.494+0000] {dagbag.py:545} INFO - Filling up the DagBag from /home/airflow/.local/lib/python3.12/site-packages/airflow/example_dags/example_datasets.py
[2024-06-26T17:44:14.499+0000] {processor.py:840} INFO - DAG(s) 'dataset_produces_2', 'dataset_consumes_1_never_scheduled', 'consume_1_and_2_with_dataset_expressions', 'dataset_consumes_1', 'dataset_consumes_unknown_never_scheduled', 'dataset_consumes_1_and_2', 'dataset_produces_1', 'conditional_dataset_and_time_based_timetable', 'consume_1_or_both_2_and_3_with_dataset_expressions', 'consume_1_or_2_with_dataset_expressions' retrieved from /home/airflow/.local/lib/python3.12/site-packages/airflow/example_dags/example_datasets.py
[2024-06-26T17:44:14.514+0000] {logging_mixin.py:188} INFO - [2024-06-26T17:44:14.514+0000] {dag.py:3096} INFO - Sync 10 DAGs
[2024-06-26T17:44:14.522+0000] {logging_mixin.py:188} INFO - [2024-06-26T17:44:14.522+0000] {dag.py:3954} INFO - Setting next_dagrun for conditional_dataset_and_time_based_timetable to 2024-06-26 01:00:00+00:00, run_after=2024-06-26 01:00:00+00:00
[2024-06-26T17:44:14.524+0000] {logging_mixin.py:188} INFO - [2024-06-26T17:44:14.523+0000] {dag.py:3954} INFO - Setting next_dagrun for consume_1_and_2_with_dataset_expressions to None, run_after=None
[2024-06-26T17:44:14.524+0000] {logging_mixin.py:188} INFO - [2024-06-26T17:44:14.524+0000] {dag.py:3954} INFO - Setting next_dagrun for consume_1_or_2_with_dataset_expressions to None, run_after=None
[2024-06-26T17:44:14.524+0000] {logging_mixin.py:188} INFO - [2024-06-26T17:44:14.524+0000] {dag.py:3954} INFO - Setting next_dagrun for consume_1_or_both_2_and_3_with_dataset_expressions to None, run_after=None
[2024-06-26T17:44:14.525+0000] {logging_mixin.py:188} INFO - [2024-06-26T17:44:14.525+0000] {dag.py:3954} INFO - Setting next_dagrun for dataset_consumes_1 to None, run_after=None
[2024-06-26T17:44:14.525+0000] {logging_mixin.py:188} INFO - [2024-06-26T17:44:14.525+0000] {dag.py:3954} INFO - Setting next_dagrun for dataset_consumes_1_and_2 to None, run_after=None
[2024-06-26T17:44:14.526+0000] {logging_mixin.py:188} INFO - [2024-06-26T17:44:14.526+0000] {dag.py:3954} INFO - Setting next_dagrun for dataset_consumes_1_never_scheduled to None, run_after=None
[2024-06-26T17:44:14.526+0000] {logging_mixin.py:188} INFO - [2024-06-26T17:44:14.526+0000] {dag.py:3954} INFO - Setting next_dagrun for dataset_consumes_unknown_never_scheduled to None, run_after=None
[2024-06-26T17:44:14.527+0000] {logging_mixin.py:188} INFO - [2024-06-26T17:44:14.527+0000] {dag.py:3954} INFO - Setting next_dagrun for dataset_produces_1 to 2024-06-25 00:00:00+00:00, run_after=2024-06-26 00:00:00+00:00
[2024-06-26T17:44:14.527+0000] {logging_mixin.py:188} INFO - [2024-06-26T17:44:14.527+0000] {dag.py:3954} INFO - Setting next_dagrun for dataset_produces_2 to None, run_after=None
[2024-06-26T17:44:14.537+0000] {processor.py:183} INFO - Processing /home/airflow/.local/lib/python3.12/site-packages/airflow/example_dags/example_datasets.py took 0.046 seconds
[2024-06-26T17:44:44.784+0000] {processor.py:161} INFO - Started process (PID=2193) to work on /home/airflow/.local/lib/python3.12/site-packages/airflow/example_dags/example_datasets.py
[2024-06-26T17:44:44.784+0000] {processor.py:830} INFO - Processing file /home/airflow/.local/lib/python3.12/site-packages/airflow/example_dags/example_datasets.py for tasks to queue
[2024-06-26T17:44:44.785+0000] {logging_mixin.py:188} INFO - [2024-06-26T17:44:44.785+0000] {dagbag.py:545} INFO - Filling up the DagBag from /home/airflow/.local/lib/python3.12/site-packages/airflow/example_dags/example_datasets.py
[2024-06-26T17:44:44.790+0000] {processor.py:840} INFO - DAG(s) 'consume_1_or_both_2_and_3_with_dataset_expressions', 'dataset_produces_2', 'dataset_consumes_unknown_never_scheduled', 'dataset_consumes_1_never_scheduled', 'dataset_consumes_1_and_2', 'conditional_dataset_and_time_based_timetable', 'consume_1_and_2_with_dataset_expressions', 'dataset_produces_1', 'consume_1_or_2_with_dataset_expressions', 'dataset_consumes_1' retrieved from /home/airflow/.local/lib/python3.12/site-packages/airflow/example_dags/example_datasets.py
[2024-06-26T17:44:44.805+0000] {logging_mixin.py:188} INFO - [2024-06-26T17:44:44.805+0000] {dag.py:3096} INFO - Sync 10 DAGs
[2024-06-26T17:44:44.814+0000] {logging_mixin.py:188} INFO - [2024-06-26T17:44:44.814+0000] {dag.py:3954} INFO - Setting next_dagrun for conditional_dataset_and_time_based_timetable to 2024-06-26 01:00:00+00:00, run_after=2024-06-26 01:00:00+00:00
[2024-06-26T17:44:44.815+0000] {logging_mixin.py:188} INFO - [2024-06-26T17:44:44.815+0000] {dag.py:3954} INFO - Setting next_dagrun for consume_1_and_2_with_dataset_expressions to None, run_after=None
[2024-06-26T17:44:44.816+0000] {logging_mixin.py:188} INFO - [2024-06-26T17:44:44.816+0000] {dag.py:3954} INFO - Setting next_dagrun for consume_1_or_2_with_dataset_expressions to None, run_after=None
[2024-06-26T17:44:44.816+0000] {logging_mixin.py:188} INFO - [2024-06-26T17:44:44.816+0000] {dag.py:3954} INFO - Setting next_dagrun for consume_1_or_both_2_and_3_with_dataset_expressions to None, run_after=None
[2024-06-26T17:44:44.817+0000] {logging_mixin.py:188} INFO - [2024-06-26T17:44:44.817+0000] {dag.py:3954} INFO - Setting next_dagrun for dataset_consumes_1 to None, run_after=None
[2024-06-26T17:44:44.817+0000] {logging_mixin.py:188} INFO - [2024-06-26T17:44:44.817+0000] {dag.py:3954} INFO - Setting next_dagrun for dataset_consumes_1_and_2 to None, run_after=None
[2024-06-26T17:44:44.818+0000] {logging_mixin.py:188} INFO - [2024-06-26T17:44:44.818+0000] {dag.py:3954} INFO - Setting next_dagrun for dataset_consumes_1_never_scheduled to None, run_after=None
[2024-06-26T17:44:44.818+0000] {logging_mixin.py:188} INFO - [2024-06-26T17:44:44.818+0000] {dag.py:3954} INFO - Setting next_dagrun for dataset_consumes_unknown_never_scheduled to None, run_after=None
[2024-06-26T17:44:44.819+0000] {logging_mixin.py:188} INFO - [2024-06-26T17:44:44.819+0000] {dag.py:3954} INFO - Setting next_dagrun for dataset_produces_1 to 2024-06-25 00:00:00+00:00, run_after=2024-06-26 00:00:00+00:00
[2024-06-26T17:44:44.819+0000] {logging_mixin.py:188} INFO - [2024-06-26T17:44:44.819+0000] {dag.py:3954} INFO - Setting next_dagrun for dataset_produces_2 to None, run_after=None
[2024-06-26T17:44:44.829+0000] {processor.py:183} INFO - Processing /home/airflow/.local/lib/python3.12/site-packages/airflow/example_dags/example_datasets.py took 0.047 seconds
[2024-06-26T17:45:14.977+0000] {processor.py:161} INFO - Started process (PID=2455) to work on /home/airflow/.local/lib/python3.12/site-packages/airflow/example_dags/example_datasets.py
[2024-06-26T17:45:14.977+0000] {processor.py:830} INFO - Processing file /home/airflow/.local/lib/python3.12/site-packages/airflow/example_dags/example_datasets.py for tasks to queue
[2024-06-26T17:45:14.978+0000] {logging_mixin.py:188} INFO - [2024-06-26T17:45:14.978+0000] {dagbag.py:545} INFO - Filling up the DagBag from /home/airflow/.local/lib/python3.12/site-packages/airflow/example_dags/example_datasets.py
[2024-06-26T17:45:14.983+0000] {processor.py:840} INFO - DAG(s) 'dataset_produces_1', 'consume_1_or_2_with_dataset_expressions', 'dataset_consumes_1_never_scheduled', 'consume_1_or_both_2_and_3_with_dataset_expressions', 'dataset_consumes_1_and_2', 'consume_1_and_2_with_dataset_expressions', 'dataset_consumes_unknown_never_scheduled', 'dataset_produces_2', 'conditional_dataset_and_time_based_timetable', 'dataset_consumes_1' retrieved from /home/airflow/.local/lib/python3.12/site-packages/airflow/example_dags/example_datasets.py
[2024-06-26T17:45:14.998+0000] {logging_mixin.py:188} INFO - [2024-06-26T17:45:14.998+0000] {dag.py:3096} INFO - Sync 10 DAGs
[2024-06-26T17:45:15.006+0000] {logging_mixin.py:188} INFO - [2024-06-26T17:45:15.006+0000] {dag.py:3954} INFO - Setting next_dagrun for conditional_dataset_and_time_based_timetable to 2024-06-26 01:00:00+00:00, run_after=2024-06-26 01:00:00+00:00
[2024-06-26T17:45:15.008+0000] {logging_mixin.py:188} INFO - [2024-06-26T17:45:15.007+0000] {dag.py:3954} INFO - Setting next_dagrun for consume_1_and_2_with_dataset_expressions to None, run_after=None
[2024-06-26T17:45:15.008+0000] {logging_mixin.py:188} INFO - [2024-06-26T17:45:15.008+0000] {dag.py:3954} INFO - Setting next_dagrun for consume_1_or_2_with_dataset_expressions to None, run_after=None
[2024-06-26T17:45:15.008+0000] {logging_mixin.py:188} INFO - [2024-06-26T17:45:15.008+0000] {dag.py:3954} INFO - Setting next_dagrun for consume_1_or_both_2_and_3_with_dataset_expressions to None, run_after=None
[2024-06-26T17:45:15.009+0000] {logging_mixin.py:188} INFO - [2024-06-26T17:45:15.009+0000] {dag.py:3954} INFO - Setting next_dagrun for dataset_consumes_1 to None, run_after=None
[2024-06-26T17:45:15.009+0000] {logging_mixin.py:188} INFO - [2024-06-26T17:45:15.009+0000] {dag.py:3954} INFO - Setting next_dagrun for dataset_consumes_1_and_2 to None, run_after=None
[2024-06-26T17:45:15.010+0000] {logging_mixin.py:188} INFO - [2024-06-26T17:45:15.010+0000] {dag.py:3954} INFO - Setting next_dagrun for dataset_consumes_1_never_scheduled to None, run_after=None
[2024-06-26T17:45:15.010+0000] {logging_mixin.py:188} INFO - [2024-06-26T17:45:15.010+0000] {dag.py:3954} INFO - Setting next_dagrun for dataset_consumes_unknown_never_scheduled to None, run_after=None
[2024-06-26T17:45:15.011+0000] {logging_mixin.py:188} INFO - [2024-06-26T17:45:15.011+0000] {dag.py:3954} INFO - Setting next_dagrun for dataset_produces_1 to 2024-06-25 00:00:00+00:00, run_after=2024-06-26 00:00:00+00:00
[2024-06-26T17:45:15.011+0000] {logging_mixin.py:188} INFO - [2024-06-26T17:45:15.011+0000] {dag.py:3954} INFO - Setting next_dagrun for dataset_produces_2 to None, run_after=None
[2024-06-26T17:45:15.021+0000] {processor.py:183} INFO - Processing /home/airflow/.local/lib/python3.12/site-packages/airflow/example_dags/example_datasets.py took 0.047 seconds
[2024-06-26T17:45:45.410+0000] {processor.py:161} INFO - Started process (PID=2715) to work on /home/airflow/.local/lib/python3.12/site-packages/airflow/example_dags/example_datasets.py
[2024-06-26T17:45:45.411+0000] {processor.py:830} INFO - Processing file /home/airflow/.local/lib/python3.12/site-packages/airflow/example_dags/example_datasets.py for tasks to queue
[2024-06-26T17:45:45.411+0000] {logging_mixin.py:188} INFO - [2024-06-26T17:45:45.411+0000] {dagbag.py:545} INFO - Filling up the DagBag from /home/airflow/.local/lib/python3.12/site-packages/airflow/example_dags/example_datasets.py
[2024-06-26T17:45:45.417+0000] {processor.py:840} INFO - DAG(s) 'consume_1_and_2_with_dataset_expressions', 'dataset_consumes_1_never_scheduled', 'dataset_produces_1', 'conditional_dataset_and_time_based_timetable', 'dataset_consumes_unknown_never_scheduled', 'dataset_produces_2', 'dataset_consumes_1', 'consume_1_or_2_with_dataset_expressions', 'dataset_consumes_1_and_2', 'consume_1_or_both_2_and_3_with_dataset_expressions' retrieved from /home/airflow/.local/lib/python3.12/site-packages/airflow/example_dags/example_datasets.py
[2024-06-26T17:45:45.434+0000] {logging_mixin.py:188} INFO - [2024-06-26T17:45:45.434+0000] {dag.py:3096} INFO - Sync 10 DAGs
[2024-06-26T17:45:45.444+0000] {logging_mixin.py:188} INFO - [2024-06-26T17:45:45.444+0000] {dag.py:3954} INFO - Setting next_dagrun for conditional_dataset_and_time_based_timetable to 2024-06-26 01:00:00+00:00, run_after=2024-06-26 01:00:00+00:00
[2024-06-26T17:45:45.446+0000] {logging_mixin.py:188} INFO - [2024-06-26T17:45:45.446+0000] {dag.py:3954} INFO - Setting next_dagrun for consume_1_and_2_with_dataset_expressions to None, run_after=None
[2024-06-26T17:45:45.447+0000] {logging_mixin.py:188} INFO - [2024-06-26T17:45:45.447+0000] {dag.py:3954} INFO - Setting next_dagrun for consume_1_or_2_with_dataset_expressions to None, run_after=None
[2024-06-26T17:45:45.447+0000] {logging_mixin.py:188} INFO - [2024-06-26T17:45:45.447+0000] {dag.py:3954} INFO - Setting next_dagrun for consume_1_or_both_2_and_3_with_dataset_expressions to None, run_after=None
[2024-06-26T17:45:45.448+0000] {logging_mixin.py:188} INFO - [2024-06-26T17:45:45.448+0000] {dag.py:3954} INFO - Setting next_dagrun for dataset_consumes_1 to None, run_after=None
[2024-06-26T17:45:45.449+0000] {logging_mixin.py:188} INFO - [2024-06-26T17:45:45.449+0000] {dag.py:3954} INFO - Setting next_dagrun for dataset_consumes_1_and_2 to None, run_after=None
[2024-06-26T17:45:45.449+0000] {logging_mixin.py:188} INFO - [2024-06-26T17:45:45.449+0000] {dag.py:3954} INFO - Setting next_dagrun for dataset_consumes_1_never_scheduled to None, run_after=None
[2024-06-26T17:45:45.450+0000] {logging_mixin.py:188} INFO - [2024-06-26T17:45:45.450+0000] {dag.py:3954} INFO - Setting next_dagrun for dataset_consumes_unknown_never_scheduled to None, run_after=None
[2024-06-26T17:45:45.451+0000] {logging_mixin.py:188} INFO - [2024-06-26T17:45:45.451+0000] {dag.py:3954} INFO - Setting next_dagrun for dataset_produces_1 to 2024-06-25 00:00:00+00:00, run_after=2024-06-26 00:00:00+00:00
[2024-06-26T17:45:45.451+0000] {logging_mixin.py:188} INFO - [2024-06-26T17:45:45.451+0000] {dag.py:3954} INFO - Setting next_dagrun for dataset_produces_2 to None, run_after=None
[2024-06-26T17:45:45.463+0000] {processor.py:183} INFO - Processing /home/airflow/.local/lib/python3.12/site-packages/airflow/example_dags/example_datasets.py took 0.055 seconds
[2024-06-26T17:46:15.847+0000] {processor.py:161} INFO - Started process (PID=2979) to work on /home/airflow/.local/lib/python3.12/site-packages/airflow/example_dags/example_datasets.py
[2024-06-26T17:46:15.848+0000] {processor.py:830} INFO - Processing file /home/airflow/.local/lib/python3.12/site-packages/airflow/example_dags/example_datasets.py for tasks to queue
[2024-06-26T17:46:15.848+0000] {logging_mixin.py:188} INFO - [2024-06-26T17:46:15.848+0000] {dagbag.py:545} INFO - Filling up the DagBag from /home/airflow/.local/lib/python3.12/site-packages/airflow/example_dags/example_datasets.py
[2024-06-26T17:46:15.854+0000] {processor.py:840} INFO - DAG(s) 'consume_1_or_both_2_and_3_with_dataset_expressions', 'dataset_consumes_1', 'conditional_dataset_and_time_based_timetable', 'dataset_consumes_unknown_never_scheduled', 'dataset_produces_1', 'dataset_consumes_1_and_2', 'consume_1_and_2_with_dataset_expressions', 'dataset_produces_2', 'dataset_consumes_1_never_scheduled', 'consume_1_or_2_with_dataset_expressions' retrieved from /home/airflow/.local/lib/python3.12/site-packages/airflow/example_dags/example_datasets.py
[2024-06-26T17:46:15.869+0000] {logging_mixin.py:188} INFO - [2024-06-26T17:46:15.868+0000] {dag.py:3096} INFO - Sync 10 DAGs
[2024-06-26T17:46:15.877+0000] {logging_mixin.py:188} INFO - [2024-06-26T17:46:15.877+0000] {dag.py:3954} INFO - Setting next_dagrun for conditional_dataset_and_time_based_timetable to 2024-06-26 01:00:00+00:00, run_after=2024-06-26 01:00:00+00:00
[2024-06-26T17:46:15.879+0000] {logging_mixin.py:188} INFO - [2024-06-26T17:46:15.879+0000] {dag.py:3954} INFO - Setting next_dagrun for consume_1_and_2_with_dataset_expressions to None, run_after=None
[2024-06-26T17:46:15.879+0000] {logging_mixin.py:188} INFO - [2024-06-26T17:46:15.879+0000] {dag.py:3954} INFO - Setting next_dagrun for consume_1_or_2_with_dataset_expressions to None, run_after=None
[2024-06-26T17:46:15.880+0000] {logging_mixin.py:188} INFO - [2024-06-26T17:46:15.879+0000] {dag.py:3954} INFO - Setting next_dagrun for consume_1_or_both_2_and_3_with_dataset_expressions to None, run_after=None
[2024-06-26T17:46:15.880+0000] {logging_mixin.py:188} INFO - [2024-06-26T17:46:15.880+0000] {dag.py:3954} INFO - Setting next_dagrun for dataset_consumes_1 to None, run_after=None
[2024-06-26T17:46:15.881+0000] {logging_mixin.py:188} INFO - [2024-06-26T17:46:15.880+0000] {dag.py:3954} INFO - Setting next_dagrun for dataset_consumes_1_and_2 to None, run_after=None
[2024-06-26T17:46:15.881+0000] {logging_mixin.py:188} INFO - [2024-06-26T17:46:15.881+0000] {dag.py:3954} INFO - Setting next_dagrun for dataset_consumes_1_never_scheduled to None, run_after=None
[2024-06-26T17:46:15.881+0000] {logging_mixin.py:188} INFO - [2024-06-26T17:46:15.881+0000] {dag.py:3954} INFO - Setting next_dagrun for dataset_consumes_unknown_never_scheduled to None, run_after=None
[2024-06-26T17:46:15.882+0000] {logging_mixin.py:188} INFO - [2024-06-26T17:46:15.882+0000] {dag.py:3954} INFO - Setting next_dagrun for dataset_produces_1 to 2024-06-25 00:00:00+00:00, run_after=2024-06-26 00:00:00+00:00
[2024-06-26T17:46:15.883+0000] {logging_mixin.py:188} INFO - [2024-06-26T17:46:15.883+0000] {dag.py:3954} INFO - Setting next_dagrun for dataset_produces_2 to None, run_after=None
[2024-06-26T17:46:15.896+0000] {processor.py:183} INFO - Processing /home/airflow/.local/lib/python3.12/site-packages/airflow/example_dags/example_datasets.py took 0.050 seconds
[2024-06-26T17:46:46.044+0000] {processor.py:161} INFO - Started process (PID=3264) to work on /home/airflow/.local/lib/python3.12/site-packages/airflow/example_dags/example_datasets.py
[2024-06-26T17:46:46.044+0000] {processor.py:830} INFO - Processing file /home/airflow/.local/lib/python3.12/site-packages/airflow/example_dags/example_datasets.py for tasks to queue
[2024-06-26T17:46:46.045+0000] {logging_mixin.py:188} INFO - [2024-06-26T17:46:46.045+0000] {dagbag.py:545} INFO - Filling up the DagBag from /home/airflow/.local/lib/python3.12/site-packages/airflow/example_dags/example_datasets.py
[2024-06-26T17:46:46.049+0000] {processor.py:840} INFO - DAG(s) 'dataset_consumes_1_never_scheduled', 'consume_1_or_both_2_and_3_with_dataset_expressions', 'dataset_produces_2', 'consume_1_or_2_with_dataset_expressions', 'consume_1_and_2_with_dataset_expressions', 'dataset_produces_1', 'dataset_consumes_1', 'dataset_consumes_unknown_never_scheduled', 'conditional_dataset_and_time_based_timetable', 'dataset_consumes_1_and_2' retrieved from /home/airflow/.local/lib/python3.12/site-packages/airflow/example_dags/example_datasets.py
[2024-06-26T17:46:46.064+0000] {logging_mixin.py:188} INFO - [2024-06-26T17:46:46.064+0000] {dag.py:3096} INFO - Sync 10 DAGs
[2024-06-26T17:46:46.073+0000] {logging_mixin.py:188} INFO - [2024-06-26T17:46:46.073+0000] {dag.py:3954} INFO - Setting next_dagrun for conditional_dataset_and_time_based_timetable to 2024-06-26 01:00:00+00:00, run_after=2024-06-26 01:00:00+00:00
[2024-06-26T17:46:46.075+0000] {logging_mixin.py:188} INFO - [2024-06-26T17:46:46.074+0000] {dag.py:3954} INFO - Setting next_dagrun for consume_1_and_2_with_dataset_expressions to None, run_after=None
[2024-06-26T17:46:46.075+0000] {logging_mixin.py:188} INFO - [2024-06-26T17:46:46.075+0000] {dag.py:3954} INFO - Setting next_dagrun for consume_1_or_2_with_dataset_expressions to None, run_after=None
[2024-06-26T17:46:46.076+0000] {logging_mixin.py:188} INFO - [2024-06-26T17:46:46.076+0000] {dag.py:3954} INFO - Setting next_dagrun for consume_1_or_both_2_and_3_with_dataset_expressions to None, run_after=None
[2024-06-26T17:46:46.076+0000] {logging_mixin.py:188} INFO - [2024-06-26T17:46:46.076+0000] {dag.py:3954} INFO - Setting next_dagrun for dataset_consumes_1 to None, run_after=None
[2024-06-26T17:46:46.076+0000] {logging_mixin.py:188} INFO - [2024-06-26T17:46:46.076+0000] {dag.py:3954} INFO - Setting next_dagrun for dataset_consumes_1_and_2 to None, run_after=None
[2024-06-26T17:46:46.077+0000] {logging_mixin.py:188} INFO - [2024-06-26T17:46:46.077+0000] {dag.py:3954} INFO - Setting next_dagrun for dataset_consumes_1_never_scheduled to None, run_after=None
[2024-06-26T17:46:46.078+0000] {logging_mixin.py:188} INFO - [2024-06-26T17:46:46.077+0000] {dag.py:3954} INFO - Setting next_dagrun for dataset_consumes_unknown_never_scheduled to None, run_after=None
[2024-06-26T17:46:46.078+0000] {logging_mixin.py:188} INFO - [2024-06-26T17:46:46.078+0000] {dag.py:3954} INFO - Setting next_dagrun for dataset_produces_1 to 2024-06-25 00:00:00+00:00, run_after=2024-06-26 00:00:00+00:00
[2024-06-26T17:46:46.079+0000] {logging_mixin.py:188} INFO - [2024-06-26T17:46:46.079+0000] {dag.py:3954} INFO - Setting next_dagrun for dataset_produces_2 to None, run_after=None
[2024-06-26T17:46:46.090+0000] {processor.py:183} INFO - Processing /home/airflow/.local/lib/python3.12/site-packages/airflow/example_dags/example_datasets.py took 0.049 seconds
[2024-06-26T17:47:16.321+0000] {processor.py:161} INFO - Started process (PID=3528) to work on /home/airflow/.local/lib/python3.12/site-packages/airflow/example_dags/example_datasets.py
[2024-06-26T17:47:16.321+0000] {processor.py:830} INFO - Processing file /home/airflow/.local/lib/python3.12/site-packages/airflow/example_dags/example_datasets.py for tasks to queue
[2024-06-26T17:47:16.322+0000] {logging_mixin.py:188} INFO - [2024-06-26T17:47:16.322+0000] {dagbag.py:545} INFO - Filling up the DagBag from /home/airflow/.local/lib/python3.12/site-packages/airflow/example_dags/example_datasets.py
[2024-06-26T17:47:16.327+0000] {processor.py:840} INFO - DAG(s) 'consume_1_or_2_with_dataset_expressions', 'dataset_produces_2', 'consume_1_or_both_2_and_3_with_dataset_expressions', 'dataset_consumes_1', 'dataset_consumes_1_never_scheduled', 'dataset_consumes_unknown_never_scheduled', 'conditional_dataset_and_time_based_timetable', 'consume_1_and_2_with_dataset_expressions', 'dataset_produces_1', 'dataset_consumes_1_and_2' retrieved from /home/airflow/.local/lib/python3.12/site-packages/airflow/example_dags/example_datasets.py
[2024-06-26T17:47:16.341+0000] {logging_mixin.py:188} INFO - [2024-06-26T17:47:16.341+0000] {dag.py:3096} INFO - Sync 10 DAGs
[2024-06-26T17:47:16.349+0000] {logging_mixin.py:188} INFO - [2024-06-26T17:47:16.349+0000] {dag.py:3954} INFO - Setting next_dagrun for conditional_dataset_and_time_based_timetable to 2024-06-26 01:00:00+00:00, run_after=2024-06-26 01:00:00+00:00
[2024-06-26T17:47:16.350+0000] {logging_mixin.py:188} INFO - [2024-06-26T17:47:16.350+0000] {dag.py:3954} INFO - Setting next_dagrun for consume_1_and_2_with_dataset_expressions to None, run_after=None
[2024-06-26T17:47:16.351+0000] {logging_mixin.py:188} INFO - [2024-06-26T17:47:16.351+0000] {dag.py:3954} INFO - Setting next_dagrun for consume_1_or_2_with_dataset_expressions to None, run_after=None
[2024-06-26T17:47:16.351+0000] {logging_mixin.py:188} INFO - [2024-06-26T17:47:16.351+0000] {dag.py:3954} INFO - Setting next_dagrun for consume_1_or_both_2_and_3_with_dataset_expressions to None, run_after=None
[2024-06-26T17:47:16.352+0000] {logging_mixin.py:188} INFO - [2024-06-26T17:47:16.352+0000] {dag.py:3954} INFO - Setting next_dagrun for dataset_consumes_1 to None, run_after=None
[2024-06-26T17:47:16.352+0000] {logging_mixin.py:188} INFO - [2024-06-26T17:47:16.352+0000] {dag.py:3954} INFO - Setting next_dagrun for dataset_consumes_1_and_2 to None, run_after=None
[2024-06-26T17:47:16.352+0000] {logging_mixin.py:188} INFO - [2024-06-26T17:47:16.352+0000] {dag.py:3954} INFO - Setting next_dagrun for dataset_consumes_1_never_scheduled to None, run_after=None
[2024-06-26T17:47:16.353+0000] {logging_mixin.py:188} INFO - [2024-06-26T17:47:16.353+0000] {dag.py:3954} INFO - Setting next_dagrun for dataset_consumes_unknown_never_scheduled to None, run_after=None
[2024-06-26T17:47:16.354+0000] {logging_mixin.py:188} INFO - [2024-06-26T17:47:16.354+0000] {dag.py:3954} INFO - Setting next_dagrun for dataset_produces_1 to 2024-06-25 00:00:00+00:00, run_after=2024-06-26 00:00:00+00:00
[2024-06-26T17:47:16.354+0000] {logging_mixin.py:188} INFO - [2024-06-26T17:47:16.354+0000] {dag.py:3954} INFO - Setting next_dagrun for dataset_produces_2 to None, run_after=None
[2024-06-26T17:47:16.364+0000] {processor.py:183} INFO - Processing /home/airflow/.local/lib/python3.12/site-packages/airflow/example_dags/example_datasets.py took 0.045 seconds
[2024-06-26T17:47:46.543+0000] {processor.py:161} INFO - Started process (PID=3788) to work on /home/airflow/.local/lib/python3.12/site-packages/airflow/example_dags/example_datasets.py
[2024-06-26T17:47:46.543+0000] {processor.py:830} INFO - Processing file /home/airflow/.local/lib/python3.12/site-packages/airflow/example_dags/example_datasets.py for tasks to queue
[2024-06-26T17:47:46.544+0000] {logging_mixin.py:188} INFO - [2024-06-26T17:47:46.544+0000] {dagbag.py:545} INFO - Filling up the DagBag from /home/airflow/.local/lib/python3.12/site-packages/airflow/example_dags/example_datasets.py
[2024-06-26T17:47:46.549+0000] {processor.py:840} INFO - DAG(s) 'dataset_produces_1', 'conditional_dataset_and_time_based_timetable', 'dataset_consumes_unknown_never_scheduled', 'dataset_consumes_1_and_2', 'consume_1_or_both_2_and_3_with_dataset_expressions', 'consume_1_and_2_with_dataset_expressions', 'dataset_produces_2', 'consume_1_or_2_with_dataset_expressions', 'dataset_consumes_1', 'dataset_consumes_1_never_scheduled' retrieved from /home/airflow/.local/lib/python3.12/site-packages/airflow/example_dags/example_datasets.py
[2024-06-26T17:47:46.566+0000] {logging_mixin.py:188} INFO - [2024-06-26T17:47:46.566+0000] {dag.py:3096} INFO - Sync 10 DAGs
[2024-06-26T17:47:46.575+0000] {logging_mixin.py:188} INFO - [2024-06-26T17:47:46.574+0000] {dag.py:3954} INFO - Setting next_dagrun for conditional_dataset_and_time_based_timetable to 2024-06-26 01:00:00+00:00, run_after=2024-06-26 01:00:00+00:00
[2024-06-26T17:47:46.576+0000] {logging_mixin.py:188} INFO - [2024-06-26T17:47:46.576+0000] {dag.py:3954} INFO - Setting next_dagrun for consume_1_and_2_with_dataset_expressions to None, run_after=None
[2024-06-26T17:47:46.577+0000] {logging_mixin.py:188} INFO - [2024-06-26T17:47:46.577+0000] {dag.py:3954} INFO - Setting next_dagrun for consume_1_or_2_with_dataset_expressions to None, run_after=None
[2024-06-26T17:47:46.577+0000] {logging_mixin.py:188} INFO - [2024-06-26T17:47:46.577+0000] {dag.py:3954} INFO - Setting next_dagrun for consume_1_or_both_2_and_3_with_dataset_expressions to None, run_after=None
[2024-06-26T17:47:46.578+0000] {logging_mixin.py:188} INFO - [2024-06-26T17:47:46.578+0000] {dag.py:3954} INFO - Setting next_dagrun for dataset_consumes_1 to None, run_after=None
[2024-06-26T17:47:46.578+0000] {logging_mixin.py:188} INFO - [2024-06-26T17:47:46.578+0000] {dag.py:3954} INFO - Setting next_dagrun for dataset_consumes_1_and_2 to None, run_after=None
[2024-06-26T17:47:46.579+0000] {logging_mixin.py:188} INFO - [2024-06-26T17:47:46.579+0000] {dag.py:3954} INFO - Setting next_dagrun for dataset_consumes_1_never_scheduled to None, run_after=None
[2024-06-26T17:47:46.579+0000] {logging_mixin.py:188} INFO - [2024-06-26T17:47:46.579+0000] {dag.py:3954} INFO - Setting next_dagrun for dataset_consumes_unknown_never_scheduled to None, run_after=None
[2024-06-26T17:47:46.580+0000] {logging_mixin.py:188} INFO - [2024-06-26T17:47:46.580+0000] {dag.py:3954} INFO - Setting next_dagrun for dataset_produces_1 to 2024-06-25 00:00:00+00:00, run_after=2024-06-26 00:00:00+00:00
[2024-06-26T17:47:46.580+0000] {logging_mixin.py:188} INFO - [2024-06-26T17:47:46.580+0000] {dag.py:3954} INFO - Setting next_dagrun for dataset_produces_2 to None, run_after=None
[2024-06-26T17:47:46.590+0000] {processor.py:183} INFO - Processing /home/airflow/.local/lib/python3.12/site-packages/airflow/example_dags/example_datasets.py took 0.049 seconds
[2024-06-26T17:48:16.897+0000] {processor.py:161} INFO - Started process (PID=4052) to work on /home/airflow/.local/lib/python3.12/site-packages/airflow/example_dags/example_datasets.py
[2024-06-26T17:48:16.898+0000] {processor.py:830} INFO - Processing file /home/airflow/.local/lib/python3.12/site-packages/airflow/example_dags/example_datasets.py for tasks to queue
[2024-06-26T17:48:16.898+0000] {logging_mixin.py:188} INFO - [2024-06-26T17:48:16.898+0000] {dagbag.py:545} INFO - Filling up the DagBag from /home/airflow/.local/lib/python3.12/site-packages/airflow/example_dags/example_datasets.py
[2024-06-26T17:48:16.903+0000] {processor.py:840} INFO - DAG(s) 'dataset_consumes_unknown_never_scheduled', 'dataset_produces_2', 'consume_1_or_both_2_and_3_with_dataset_expressions', 'dataset_consumes_1_and_2', 'dataset_produces_1', 'consume_1_and_2_with_dataset_expressions', 'dataset_consumes_1', 'dataset_consumes_1_never_scheduled', 'conditional_dataset_and_time_based_timetable', 'consume_1_or_2_with_dataset_expressions' retrieved from /home/airflow/.local/lib/python3.12/site-packages/airflow/example_dags/example_datasets.py
[2024-06-26T17:48:16.917+0000] {logging_mixin.py:188} INFO - [2024-06-26T17:48:16.917+0000] {dag.py:3096} INFO - Sync 10 DAGs
[2024-06-26T17:48:16.925+0000] {logging_mixin.py:188} INFO - [2024-06-26T17:48:16.925+0000] {dag.py:3954} INFO - Setting next_dagrun for conditional_dataset_and_time_based_timetable to 2024-06-26 01:00:00+00:00, run_after=2024-06-26 01:00:00+00:00
[2024-06-26T17:48:16.927+0000] {logging_mixin.py:188} INFO - [2024-06-26T17:48:16.927+0000] {dag.py:3954} INFO - Setting next_dagrun for consume_1_and_2_with_dataset_expressions to None, run_after=None
[2024-06-26T17:48:16.927+0000] {logging_mixin.py:188} INFO - [2024-06-26T17:48:16.927+0000] {dag.py:3954} INFO - Setting next_dagrun for consume_1_or_2_with_dataset_expressions to None, run_after=None
[2024-06-26T17:48:16.928+0000] {logging_mixin.py:188} INFO - [2024-06-26T17:48:16.928+0000] {dag.py:3954} INFO - Setting next_dagrun for consume_1_or_both_2_and_3_with_dataset_expressions to None, run_after=None
[2024-06-26T17:48:16.928+0000] {logging_mixin.py:188} INFO - [2024-06-26T17:48:16.928+0000] {dag.py:3954} INFO - Setting next_dagrun for dataset_consumes_1 to None, run_after=None
[2024-06-26T17:48:16.928+0000] {logging_mixin.py:188} INFO - [2024-06-26T17:48:16.928+0000] {dag.py:3954} INFO - Setting next_dagrun for dataset_consumes_1_and_2 to None, run_after=None
[2024-06-26T17:48:16.929+0000] {logging_mixin.py:188} INFO - [2024-06-26T17:48:16.929+0000] {dag.py:3954} INFO - Setting next_dagrun for dataset_consumes_1_never_scheduled to None, run_after=None
[2024-06-26T17:48:16.929+0000] {logging_mixin.py:188} INFO - [2024-06-26T17:48:16.929+0000] {dag.py:3954} INFO - Setting next_dagrun for dataset_consumes_unknown_never_scheduled to None, run_after=None
[2024-06-26T17:48:16.930+0000] {logging_mixin.py:188} INFO - [2024-06-26T17:48:16.930+0000] {dag.py:3954} INFO - Setting next_dagrun for dataset_produces_1 to 2024-06-25 00:00:00+00:00, run_after=2024-06-26 00:00:00+00:00
[2024-06-26T17:48:16.930+0000] {logging_mixin.py:188} INFO - [2024-06-26T17:48:16.930+0000] {dag.py:3954} INFO - Setting next_dagrun for dataset_produces_2 to None, run_after=None
[2024-06-26T17:48:16.940+0000] {processor.py:183} INFO - Processing /home/airflow/.local/lib/python3.12/site-packages/airflow/example_dags/example_datasets.py took 0.045 seconds
[2024-06-26T17:48:47.119+0000] {processor.py:161} INFO - Started process (PID=4337) to work on /home/airflow/.local/lib/python3.12/site-packages/airflow/example_dags/example_datasets.py
[2024-06-26T17:48:47.119+0000] {processor.py:830} INFO - Processing file /home/airflow/.local/lib/python3.12/site-packages/airflow/example_dags/example_datasets.py for tasks to queue
[2024-06-26T17:48:47.120+0000] {logging_mixin.py:188} INFO - [2024-06-26T17:48:47.120+0000] {dagbag.py:545} INFO - Filling up the DagBag from /home/airflow/.local/lib/python3.12/site-packages/airflow/example_dags/example_datasets.py
[2024-06-26T17:48:47.125+0000] {processor.py:840} INFO - DAG(s) 'consume_1_and_2_with_dataset_expressions', 'dataset_produces_2', 'consume_1_or_2_with_dataset_expressions', 'dataset_consumes_unknown_never_scheduled', 'dataset_consumes_1', 'conditional_dataset_and_time_based_timetable', 'dataset_consumes_1_and_2', 'consume_1_or_both_2_and_3_with_dataset_expressions', 'dataset_produces_1', 'dataset_consumes_1_never_scheduled' retrieved from /home/airflow/.local/lib/python3.12/site-packages/airflow/example_dags/example_datasets.py
[2024-06-26T17:48:47.140+0000] {logging_mixin.py:188} INFO - [2024-06-26T17:48:47.140+0000] {dag.py:3096} INFO - Sync 10 DAGs
[2024-06-26T17:48:47.150+0000] {logging_mixin.py:188} INFO - [2024-06-26T17:48:47.150+0000] {dag.py:3954} INFO - Setting next_dagrun for conditional_dataset_and_time_based_timetable to 2024-06-26 01:00:00+00:00, run_after=2024-06-26 01:00:00+00:00
[2024-06-26T17:48:47.151+0000] {logging_mixin.py:188} INFO - [2024-06-26T17:48:47.151+0000] {dag.py:3954} INFO - Setting next_dagrun for consume_1_and_2_with_dataset_expressions to None, run_after=None
[2024-06-26T17:48:47.152+0000] {logging_mixin.py:188} INFO - [2024-06-26T17:48:47.152+0000] {dag.py:3954} INFO - Setting next_dagrun for consume_1_or_2_with_dataset_expressions to None, run_after=None
[2024-06-26T17:48:47.152+0000] {logging_mixin.py:188} INFO - [2024-06-26T17:48:47.152+0000] {dag.py:3954} INFO - Setting next_dagrun for consume_1_or_both_2_and_3_with_dataset_expressions to None, run_after=None
[2024-06-26T17:48:47.152+0000] {logging_mixin.py:188} INFO - [2024-06-26T17:48:47.152+0000] {dag.py:3954} INFO - Setting next_dagrun for dataset_consumes_1 to None, run_after=None
[2024-06-26T17:48:47.153+0000] {logging_mixin.py:188} INFO - [2024-06-26T17:48:47.153+0000] {dag.py:3954} INFO - Setting next_dagrun for dataset_consumes_1_and_2 to None, run_after=None
[2024-06-26T17:48:47.153+0000] {logging_mixin.py:188} INFO - [2024-06-26T17:48:47.153+0000] {dag.py:3954} INFO - Setting next_dagrun for dataset_consumes_1_never_scheduled to None, run_after=None
[2024-06-26T17:48:47.154+0000] {logging_mixin.py:188} INFO - [2024-06-26T17:48:47.154+0000] {dag.py:3954} INFO - Setting next_dagrun for dataset_consumes_unknown_never_scheduled to None, run_after=None
[2024-06-26T17:48:47.154+0000] {logging_mixin.py:188} INFO - [2024-06-26T17:48:47.154+0000] {dag.py:3954} INFO - Setting next_dagrun for dataset_produces_1 to 2024-06-25 00:00:00+00:00, run_after=2024-06-26 00:00:00+00:00
[2024-06-26T17:48:47.155+0000] {logging_mixin.py:188} INFO - [2024-06-26T17:48:47.155+0000] {dag.py:3954} INFO - Setting next_dagrun for dataset_produces_2 to None, run_after=None
[2024-06-26T17:48:47.166+0000] {processor.py:183} INFO - Processing /home/airflow/.local/lib/python3.12/site-packages/airflow/example_dags/example_datasets.py took 0.049 seconds
[2024-06-26T17:49:17.382+0000] {processor.py:161} INFO - Started process (PID=4601) to work on /home/airflow/.local/lib/python3.12/site-packages/airflow/example_dags/example_datasets.py
[2024-06-26T17:49:17.383+0000] {processor.py:830} INFO - Processing file /home/airflow/.local/lib/python3.12/site-packages/airflow/example_dags/example_datasets.py for tasks to queue
[2024-06-26T17:49:17.384+0000] {logging_mixin.py:188} INFO - [2024-06-26T17:49:17.383+0000] {dagbag.py:545} INFO - Filling up the DagBag from /home/airflow/.local/lib/python3.12/site-packages/airflow/example_dags/example_datasets.py
[2024-06-26T17:49:17.388+0000] {processor.py:840} INFO - DAG(s) 'dataset_produces_1', 'dataset_consumes_1_and_2', 'consume_1_and_2_with_dataset_expressions', 'dataset_produces_2', 'consume_1_or_2_with_dataset_expressions', 'conditional_dataset_and_time_based_timetable', 'dataset_consumes_unknown_never_scheduled', 'consume_1_or_both_2_and_3_with_dataset_expressions', 'dataset_consumes_1_never_scheduled', 'dataset_consumes_1' retrieved from /home/airflow/.local/lib/python3.12/site-packages/airflow/example_dags/example_datasets.py
[2024-06-26T17:49:17.403+0000] {logging_mixin.py:188} INFO - [2024-06-26T17:49:17.403+0000] {dag.py:3096} INFO - Sync 10 DAGs
[2024-06-26T17:49:17.412+0000] {logging_mixin.py:188} INFO - [2024-06-26T17:49:17.412+0000] {dag.py:3954} INFO - Setting next_dagrun for conditional_dataset_and_time_based_timetable to 2024-06-26 01:00:00+00:00, run_after=2024-06-26 01:00:00+00:00
[2024-06-26T17:49:17.413+0000] {logging_mixin.py:188} INFO - [2024-06-26T17:49:17.413+0000] {dag.py:3954} INFO - Setting next_dagrun for consume_1_and_2_with_dataset_expressions to None, run_after=None
[2024-06-26T17:49:17.413+0000] {logging_mixin.py:188} INFO - [2024-06-26T17:49:17.413+0000] {dag.py:3954} INFO - Setting next_dagrun for consume_1_or_2_with_dataset_expressions to None, run_after=None
[2024-06-26T17:49:17.414+0000] {logging_mixin.py:188} INFO - [2024-06-26T17:49:17.414+0000] {dag.py:3954} INFO - Setting next_dagrun for consume_1_or_both_2_and_3_with_dataset_expressions to None, run_after=None
[2024-06-26T17:49:17.414+0000] {logging_mixin.py:188} INFO - [2024-06-26T17:49:17.414+0000] {dag.py:3954} INFO - Setting next_dagrun for dataset_consumes_1 to None, run_after=None
[2024-06-26T17:49:17.415+0000] {logging_mixin.py:188} INFO - [2024-06-26T17:49:17.415+0000] {dag.py:3954} INFO - Setting next_dagrun for dataset_consumes_1_and_2 to None, run_after=None
[2024-06-26T17:49:17.415+0000] {logging_mixin.py:188} INFO - [2024-06-26T17:49:17.415+0000] {dag.py:3954} INFO - Setting next_dagrun for dataset_consumes_1_never_scheduled to None, run_after=None
[2024-06-26T17:49:17.416+0000] {logging_mixin.py:188} INFO - [2024-06-26T17:49:17.416+0000] {dag.py:3954} INFO - Setting next_dagrun for dataset_consumes_unknown_never_scheduled to None, run_after=None
[2024-06-26T17:49:17.416+0000] {logging_mixin.py:188} INFO - [2024-06-26T17:49:17.416+0000] {dag.py:3954} INFO - Setting next_dagrun for dataset_produces_1 to 2024-06-25 00:00:00+00:00, run_after=2024-06-26 00:00:00+00:00
[2024-06-26T17:49:17.417+0000] {logging_mixin.py:188} INFO - [2024-06-26T17:49:17.417+0000] {dag.py:3954} INFO - Setting next_dagrun for dataset_produces_2 to None, run_after=None
[2024-06-26T17:49:17.426+0000] {processor.py:183} INFO - Processing /home/airflow/.local/lib/python3.12/site-packages/airflow/example_dags/example_datasets.py took 0.046 seconds
[2024-06-26T17:49:47.661+0000] {processor.py:161} INFO - Started process (PID=4861) to work on /home/airflow/.local/lib/python3.12/site-packages/airflow/example_dags/example_datasets.py
[2024-06-26T17:49:47.661+0000] {processor.py:830} INFO - Processing file /home/airflow/.local/lib/python3.12/site-packages/airflow/example_dags/example_datasets.py for tasks to queue
[2024-06-26T17:49:47.662+0000] {logging_mixin.py:188} INFO - [2024-06-26T17:49:47.662+0000] {dagbag.py:545} INFO - Filling up the DagBag from /home/airflow/.local/lib/python3.12/site-packages/airflow/example_dags/example_datasets.py
[2024-06-26T17:49:47.667+0000] {processor.py:840} INFO - DAG(s) 'dataset_produces_1', 'dataset_produces_2', 'conditional_dataset_and_time_based_timetable', 'dataset_consumes_1_never_scheduled', 'dataset_consumes_unknown_never_scheduled', 'dataset_consumes_1_and_2', 'dataset_consumes_1', 'consume_1_or_both_2_and_3_with_dataset_expressions', 'consume_1_and_2_with_dataset_expressions', 'consume_1_or_2_with_dataset_expressions' retrieved from /home/airflow/.local/lib/python3.12/site-packages/airflow/example_dags/example_datasets.py
[2024-06-26T17:49:47.683+0000] {logging_mixin.py:188} INFO - [2024-06-26T17:49:47.682+0000] {dag.py:3096} INFO - Sync 10 DAGs
[2024-06-26T17:49:47.692+0000] {logging_mixin.py:188} INFO - [2024-06-26T17:49:47.692+0000] {dag.py:3954} INFO - Setting next_dagrun for conditional_dataset_and_time_based_timetable to 2024-06-26 01:00:00+00:00, run_after=2024-06-26 01:00:00+00:00
[2024-06-26T17:49:47.693+0000] {logging_mixin.py:188} INFO - [2024-06-26T17:49:47.693+0000] {dag.py:3954} INFO - Setting next_dagrun for consume_1_and_2_with_dataset_expressions to None, run_after=None
[2024-06-26T17:49:47.694+0000] {logging_mixin.py:188} INFO - [2024-06-26T17:49:47.694+0000] {dag.py:3954} INFO - Setting next_dagrun for consume_1_or_2_with_dataset_expressions to None, run_after=None
[2024-06-26T17:49:47.694+0000] {logging_mixin.py:188} INFO - [2024-06-26T17:49:47.694+0000] {dag.py:3954} INFO - Setting next_dagrun for consume_1_or_both_2_and_3_with_dataset_expressions to None, run_after=None
[2024-06-26T17:49:47.694+0000] {logging_mixin.py:188} INFO - [2024-06-26T17:49:47.694+0000] {dag.py:3954} INFO - Setting next_dagrun for dataset_consumes_1 to None, run_after=None
[2024-06-26T17:49:47.695+0000] {logging_mixin.py:188} INFO - [2024-06-26T17:49:47.695+0000] {dag.py:3954} INFO - Setting next_dagrun for dataset_consumes_1_and_2 to None, run_after=None
[2024-06-26T17:49:47.695+0000] {logging_mixin.py:188} INFO - [2024-06-26T17:49:47.695+0000] {dag.py:3954} INFO - Setting next_dagrun for dataset_consumes_1_never_scheduled to None, run_after=None
[2024-06-26T17:49:47.695+0000] {logging_mixin.py:188} INFO - [2024-06-26T17:49:47.695+0000] {dag.py:3954} INFO - Setting next_dagrun for dataset_consumes_unknown_never_scheduled to None, run_after=None
[2024-06-26T17:49:47.696+0000] {logging_mixin.py:188} INFO - [2024-06-26T17:49:47.696+0000] {dag.py:3954} INFO - Setting next_dagrun for dataset_produces_1 to 2024-06-25 00:00:00+00:00, run_after=2024-06-26 00:00:00+00:00
[2024-06-26T17:49:47.697+0000] {logging_mixin.py:188} INFO - [2024-06-26T17:49:47.696+0000] {dag.py:3954} INFO - Setting next_dagrun for dataset_produces_2 to None, run_after=None
[2024-06-26T17:49:47.708+0000] {processor.py:183} INFO - Processing /home/airflow/.local/lib/python3.12/site-packages/airflow/example_dags/example_datasets.py took 0.049 seconds
[2024-06-26T17:50:17.997+0000] {processor.py:161} INFO - Started process (PID=5125) to work on /home/airflow/.local/lib/python3.12/site-packages/airflow/example_dags/example_datasets.py
[2024-06-26T17:50:17.998+0000] {processor.py:830} INFO - Processing file /home/airflow/.local/lib/python3.12/site-packages/airflow/example_dags/example_datasets.py for tasks to queue
[2024-06-26T17:50:17.998+0000] {logging_mixin.py:188} INFO - [2024-06-26T17:50:17.998+0000] {dagbag.py:545} INFO - Filling up the DagBag from /home/airflow/.local/lib/python3.12/site-packages/airflow/example_dags/example_datasets.py
[2024-06-26T17:50:18.004+0000] {processor.py:840} INFO - DAG(s) 'consume_1_or_both_2_and_3_with_dataset_expressions', 'conditional_dataset_and_time_based_timetable', 'consume_1_and_2_with_dataset_expressions', 'dataset_consumes_1_never_scheduled', 'dataset_produces_2', 'consume_1_or_2_with_dataset_expressions', 'dataset_consumes_1', 'dataset_produces_1', 'dataset_consumes_1_and_2', 'dataset_consumes_unknown_never_scheduled' retrieved from /home/airflow/.local/lib/python3.12/site-packages/airflow/example_dags/example_datasets.py
[2024-06-26T17:50:18.020+0000] {logging_mixin.py:188} INFO - [2024-06-26T17:50:18.019+0000] {dag.py:3096} INFO - Sync 10 DAGs
[2024-06-26T17:50:18.028+0000] {logging_mixin.py:188} INFO - [2024-06-26T17:50:18.028+0000] {dag.py:3954} INFO - Setting next_dagrun for conditional_dataset_and_time_based_timetable to 2024-06-26 01:00:00+00:00, run_after=2024-06-26 01:00:00+00:00
[2024-06-26T17:50:18.029+0000] {logging_mixin.py:188} INFO - [2024-06-26T17:50:18.029+0000] {dag.py:3954} INFO - Setting next_dagrun for consume_1_and_2_with_dataset_expressions to None, run_after=None
[2024-06-26T17:50:18.030+0000] {logging_mixin.py:188} INFO - [2024-06-26T17:50:18.030+0000] {dag.py:3954} INFO - Setting next_dagrun for consume_1_or_2_with_dataset_expressions to None, run_after=None
[2024-06-26T17:50:18.030+0000] {logging_mixin.py:188} INFO - [2024-06-26T17:50:18.030+0000] {dag.py:3954} INFO - Setting next_dagrun for consume_1_or_both_2_and_3_with_dataset_expressions to None, run_after=None
[2024-06-26T17:50:18.031+0000] {logging_mixin.py:188} INFO - [2024-06-26T17:50:18.031+0000] {dag.py:3954} INFO - Setting next_dagrun for dataset_consumes_1 to None, run_after=None
[2024-06-26T17:50:18.031+0000] {logging_mixin.py:188} INFO - [2024-06-26T17:50:18.031+0000] {dag.py:3954} INFO - Setting next_dagrun for dataset_consumes_1_and_2 to None, run_after=None
[2024-06-26T17:50:18.031+0000] {logging_mixin.py:188} INFO - [2024-06-26T17:50:18.031+0000] {dag.py:3954} INFO - Setting next_dagrun for dataset_consumes_1_never_scheduled to None, run_after=None
[2024-06-26T17:50:18.032+0000] {logging_mixin.py:188} INFO - [2024-06-26T17:50:18.032+0000] {dag.py:3954} INFO - Setting next_dagrun for dataset_consumes_unknown_never_scheduled to None, run_after=None
[2024-06-26T17:50:18.033+0000] {logging_mixin.py:188} INFO - [2024-06-26T17:50:18.032+0000] {dag.py:3954} INFO - Setting next_dagrun for dataset_produces_1 to 2024-06-25 00:00:00+00:00, run_after=2024-06-26 00:00:00+00:00
[2024-06-26T17:50:18.033+0000] {logging_mixin.py:188} INFO - [2024-06-26T17:50:18.033+0000] {dag.py:3954} INFO - Setting next_dagrun for dataset_produces_2 to None, run_after=None
[2024-06-26T17:50:18.043+0000] {processor.py:183} INFO - Processing /home/airflow/.local/lib/python3.12/site-packages/airflow/example_dags/example_datasets.py took 0.048 seconds
[2024-06-26T17:50:48.483+0000] {processor.py:161} INFO - Started process (PID=5387) to work on /home/airflow/.local/lib/python3.12/site-packages/airflow/example_dags/example_datasets.py
[2024-06-26T17:50:48.484+0000] {processor.py:830} INFO - Processing file /home/airflow/.local/lib/python3.12/site-packages/airflow/example_dags/example_datasets.py for tasks to queue
[2024-06-26T17:50:48.484+0000] {logging_mixin.py:188} INFO - [2024-06-26T17:50:48.484+0000] {dagbag.py:545} INFO - Filling up the DagBag from /home/airflow/.local/lib/python3.12/site-packages/airflow/example_dags/example_datasets.py
[2024-06-26T17:50:48.490+0000] {processor.py:840} INFO - DAG(s) 'dataset_consumes_1_and_2', 'consume_1_or_2_with_dataset_expressions', 'consume_1_or_both_2_and_3_with_dataset_expressions', 'conditional_dataset_and_time_based_timetable', 'dataset_consumes_unknown_never_scheduled', 'dataset_produces_2', 'consume_1_and_2_with_dataset_expressions', 'dataset_consumes_1_never_scheduled', 'dataset_produces_1', 'dataset_consumes_1' retrieved from /home/airflow/.local/lib/python3.12/site-packages/airflow/example_dags/example_datasets.py
[2024-06-26T17:50:48.504+0000] {logging_mixin.py:188} INFO - [2024-06-26T17:50:48.504+0000] {dag.py:3096} INFO - Sync 10 DAGs
[2024-06-26T17:50:48.512+0000] {logging_mixin.py:188} INFO - [2024-06-26T17:50:48.512+0000] {dag.py:3954} INFO - Setting next_dagrun for conditional_dataset_and_time_based_timetable to 2024-06-26 01:00:00+00:00, run_after=2024-06-26 01:00:00+00:00
[2024-06-26T17:50:48.514+0000] {logging_mixin.py:188} INFO - [2024-06-26T17:50:48.514+0000] {dag.py:3954} INFO - Setting next_dagrun for consume_1_and_2_with_dataset_expressions to None, run_after=None
[2024-06-26T17:50:48.514+0000] {logging_mixin.py:188} INFO - [2024-06-26T17:50:48.514+0000] {dag.py:3954} INFO - Setting next_dagrun for consume_1_or_2_with_dataset_expressions to None, run_after=None
[2024-06-26T17:50:48.515+0000] {logging_mixin.py:188} INFO - [2024-06-26T17:50:48.515+0000] {dag.py:3954} INFO - Setting next_dagrun for consume_1_or_both_2_and_3_with_dataset_expressions to None, run_after=None
[2024-06-26T17:50:48.515+0000] {logging_mixin.py:188} INFO - [2024-06-26T17:50:48.515+0000] {dag.py:3954} INFO - Setting next_dagrun for dataset_consumes_1 to None, run_after=None
[2024-06-26T17:50:48.516+0000] {logging_mixin.py:188} INFO - [2024-06-26T17:50:48.516+0000] {dag.py:3954} INFO - Setting next_dagrun for dataset_consumes_1_and_2 to None, run_after=None
[2024-06-26T17:50:48.516+0000] {logging_mixin.py:188} INFO - [2024-06-26T17:50:48.516+0000] {dag.py:3954} INFO - Setting next_dagrun for dataset_consumes_1_never_scheduled to None, run_after=None
[2024-06-26T17:50:48.517+0000] {logging_mixin.py:188} INFO - [2024-06-26T17:50:48.517+0000] {dag.py:3954} INFO - Setting next_dagrun for dataset_consumes_unknown_never_scheduled to None, run_after=None
[2024-06-26T17:50:48.517+0000] {logging_mixin.py:188} INFO - [2024-06-26T17:50:48.517+0000] {dag.py:3954} INFO - Setting next_dagrun for dataset_produces_1 to 2024-06-25 00:00:00+00:00, run_after=2024-06-26 00:00:00+00:00
[2024-06-26T17:50:48.518+0000] {logging_mixin.py:188} INFO - [2024-06-26T17:50:48.518+0000] {dag.py:3954} INFO - Setting next_dagrun for dataset_produces_2 to None, run_after=None
[2024-06-26T17:50:48.528+0000] {processor.py:183} INFO - Processing /home/airflow/.local/lib/python3.12/site-packages/airflow/example_dags/example_datasets.py took 0.047 seconds
