[2024-06-26T17:41:11.570+0000] {processor.py:161} INFO - Started process (PID=234) to work on /home/airflow/.local/lib/python3.12/site-packages/airflow/example_dags/example_latest_only_with_trigger.py
[2024-06-26T17:41:11.571+0000] {processor.py:830} INFO - Processing file /home/airflow/.local/lib/python3.12/site-packages/airflow/example_dags/example_latest_only_with_trigger.py for tasks to queue
[2024-06-26T17:41:11.571+0000] {logging_mixin.py:188} INFO - [2024-06-26T17:41:11.571+0000] {dagbag.py:545} INFO - Filling up the DagBag from /home/airflow/.local/lib/python3.12/site-packages/airflow/example_dags/example_latest_only_with_trigger.py
[2024-06-26T17:41:11.575+0000] {processor.py:840} INFO - DAG(s) 'latest_only_with_trigger' retrieved from /home/airflow/.local/lib/python3.12/site-packages/airflow/example_dags/example_latest_only_with_trigger.py
[2024-06-26T17:41:11.579+0000] {logging_mixin.py:188} INFO - [2024-06-26T17:41:11.579+0000] {dag.py:3096} INFO - Sync 1 DAGs
[2024-06-26T17:41:11.589+0000] {logging_mixin.py:188} INFO - [2024-06-26T17:41:11.589+0000] {dag.py:3954} INFO - Setting next_dagrun for latest_only_with_trigger to 2024-06-26 12:00:00+00:00, run_after=2024-06-26 16:00:00+00:00
[2024-06-26T17:41:11.596+0000] {processor.py:183} INFO - Processing /home/airflow/.local/lib/python3.12/site-packages/airflow/example_dags/example_latest_only_with_trigger.py took 0.028 seconds
[2024-06-26T17:41:41.851+0000] {processor.py:161} INFO - Started process (PID=494) to work on /home/airflow/.local/lib/python3.12/site-packages/airflow/example_dags/example_latest_only_with_trigger.py
[2024-06-26T17:41:41.851+0000] {processor.py:830} INFO - Processing file /home/airflow/.local/lib/python3.12/site-packages/airflow/example_dags/example_latest_only_with_trigger.py for tasks to queue
[2024-06-26T17:41:41.852+0000] {logging_mixin.py:188} INFO - [2024-06-26T17:41:41.852+0000] {dagbag.py:545} INFO - Filling up the DagBag from /home/airflow/.local/lib/python3.12/site-packages/airflow/example_dags/example_latest_only_with_trigger.py
[2024-06-26T17:41:41.854+0000] {processor.py:840} INFO - DAG(s) 'latest_only_with_trigger' retrieved from /home/airflow/.local/lib/python3.12/site-packages/airflow/example_dags/example_latest_only_with_trigger.py
[2024-06-26T17:41:41.890+0000] {logging_mixin.py:188} INFO - [2024-06-26T17:41:41.890+0000] {dag.py:3096} INFO - Sync 1 DAGs
[2024-06-26T17:41:41.898+0000] {logging_mixin.py:188} INFO - [2024-06-26T17:41:41.898+0000] {dag.py:3954} INFO - Setting next_dagrun for latest_only_with_trigger to 2024-06-26 12:00:00+00:00, run_after=2024-06-26 16:00:00+00:00
[2024-06-26T17:41:41.904+0000] {processor.py:183} INFO - Processing /home/airflow/.local/lib/python3.12/site-packages/airflow/example_dags/example_latest_only_with_trigger.py took 0.056 seconds
[2024-06-26T17:42:12.745+0000] {processor.py:161} INFO - Started process (PID=756) to work on /home/airflow/.local/lib/python3.12/site-packages/airflow/example_dags/example_latest_only_with_trigger.py
[2024-06-26T17:42:12.745+0000] {processor.py:830} INFO - Processing file /home/airflow/.local/lib/python3.12/site-packages/airflow/example_dags/example_latest_only_with_trigger.py for tasks to queue
[2024-06-26T17:42:12.746+0000] {logging_mixin.py:188} INFO - [2024-06-26T17:42:12.746+0000] {dagbag.py:545} INFO - Filling up the DagBag from /home/airflow/.local/lib/python3.12/site-packages/airflow/example_dags/example_latest_only_with_trigger.py
[2024-06-26T17:42:12.748+0000] {processor.py:840} INFO - DAG(s) 'latest_only_with_trigger' retrieved from /home/airflow/.local/lib/python3.12/site-packages/airflow/example_dags/example_latest_only_with_trigger.py
[2024-06-26T17:42:12.757+0000] {logging_mixin.py:188} INFO - [2024-06-26T17:42:12.756+0000] {dag.py:3096} INFO - Sync 1 DAGs
[2024-06-26T17:42:12.764+0000] {logging_mixin.py:188} INFO - [2024-06-26T17:42:12.764+0000] {dag.py:3954} INFO - Setting next_dagrun for latest_only_with_trigger to 2024-06-26 12:00:00+00:00, run_after=2024-06-26 16:00:00+00:00
[2024-06-26T17:42:12.770+0000] {processor.py:183} INFO - Processing /home/airflow/.local/lib/python3.12/site-packages/airflow/example_dags/example_latest_only_with_trigger.py took 0.028 seconds
[2024-06-26T17:42:43.006+0000] {processor.py:161} INFO - Started process (PID=1018) to work on /home/airflow/.local/lib/python3.12/site-packages/airflow/example_dags/example_latest_only_with_trigger.py
[2024-06-26T17:42:43.006+0000] {processor.py:830} INFO - Processing file /home/airflow/.local/lib/python3.12/site-packages/airflow/example_dags/example_latest_only_with_trigger.py for tasks to queue
[2024-06-26T17:42:43.007+0000] {logging_mixin.py:188} INFO - [2024-06-26T17:42:43.006+0000] {dagbag.py:545} INFO - Filling up the DagBag from /home/airflow/.local/lib/python3.12/site-packages/airflow/example_dags/example_latest_only_with_trigger.py
[2024-06-26T17:42:43.009+0000] {processor.py:840} INFO - DAG(s) 'latest_only_with_trigger' retrieved from /home/airflow/.local/lib/python3.12/site-packages/airflow/example_dags/example_latest_only_with_trigger.py
[2024-06-26T17:42:43.016+0000] {logging_mixin.py:188} INFO - [2024-06-26T17:42:43.016+0000] {dag.py:3096} INFO - Sync 1 DAGs
[2024-06-26T17:42:43.023+0000] {logging_mixin.py:188} INFO - [2024-06-26T17:42:43.023+0000] {dag.py:3954} INFO - Setting next_dagrun for latest_only_with_trigger to 2024-06-26 12:00:00+00:00, run_after=2024-06-26 16:00:00+00:00
[2024-06-26T17:42:43.030+0000] {processor.py:183} INFO - Processing /home/airflow/.local/lib/python3.12/site-packages/airflow/example_dags/example_latest_only_with_trigger.py took 0.026 seconds
[2024-06-26T17:43:13.348+0000] {processor.py:161} INFO - Started process (PID=1280) to work on /home/airflow/.local/lib/python3.12/site-packages/airflow/example_dags/example_latest_only_with_trigger.py
[2024-06-26T17:43:13.348+0000] {processor.py:830} INFO - Processing file /home/airflow/.local/lib/python3.12/site-packages/airflow/example_dags/example_latest_only_with_trigger.py for tasks to queue
[2024-06-26T17:43:13.350+0000] {logging_mixin.py:188} INFO - [2024-06-26T17:43:13.350+0000] {dagbag.py:545} INFO - Filling up the DagBag from /home/airflow/.local/lib/python3.12/site-packages/airflow/example_dags/example_latest_only_with_trigger.py
[2024-06-26T17:43:13.352+0000] {processor.py:840} INFO - DAG(s) 'latest_only_with_trigger' retrieved from /home/airflow/.local/lib/python3.12/site-packages/airflow/example_dags/example_latest_only_with_trigger.py
[2024-06-26T17:43:13.360+0000] {logging_mixin.py:188} INFO - [2024-06-26T17:43:13.360+0000] {dag.py:3096} INFO - Sync 1 DAGs
[2024-06-26T17:43:13.368+0000] {logging_mixin.py:188} INFO - [2024-06-26T17:43:13.368+0000] {dag.py:3954} INFO - Setting next_dagrun for latest_only_with_trigger to 2024-06-26 12:00:00+00:00, run_after=2024-06-26 16:00:00+00:00
[2024-06-26T17:43:13.374+0000] {processor.py:183} INFO - Processing /home/airflow/.local/lib/python3.12/site-packages/airflow/example_dags/example_latest_only_with_trigger.py took 0.028 seconds
[2024-06-26T17:43:43.724+0000] {processor.py:161} INFO - Started process (PID=1542) to work on /home/airflow/.local/lib/python3.12/site-packages/airflow/example_dags/example_latest_only_with_trigger.py
[2024-06-26T17:43:43.724+0000] {processor.py:830} INFO - Processing file /home/airflow/.local/lib/python3.12/site-packages/airflow/example_dags/example_latest_only_with_trigger.py for tasks to queue
[2024-06-26T17:43:43.725+0000] {logging_mixin.py:188} INFO - [2024-06-26T17:43:43.725+0000] {dagbag.py:545} INFO - Filling up the DagBag from /home/airflow/.local/lib/python3.12/site-packages/airflow/example_dags/example_latest_only_with_trigger.py
[2024-06-26T17:43:43.727+0000] {processor.py:840} INFO - DAG(s) 'latest_only_with_trigger' retrieved from /home/airflow/.local/lib/python3.12/site-packages/airflow/example_dags/example_latest_only_with_trigger.py
[2024-06-26T17:43:43.734+0000] {logging_mixin.py:188} INFO - [2024-06-26T17:43:43.734+0000] {dag.py:3096} INFO - Sync 1 DAGs
[2024-06-26T17:43:43.744+0000] {logging_mixin.py:188} INFO - [2024-06-26T17:43:43.744+0000] {dag.py:3954} INFO - Setting next_dagrun for latest_only_with_trigger to 2024-06-26 12:00:00+00:00, run_after=2024-06-26 16:00:00+00:00
[2024-06-26T17:43:43.751+0000] {processor.py:183} INFO - Processing /home/airflow/.local/lib/python3.12/site-packages/airflow/example_dags/example_latest_only_with_trigger.py took 0.029 seconds
[2024-06-26T17:44:13.982+0000] {processor.py:161} INFO - Started process (PID=1804) to work on /home/airflow/.local/lib/python3.12/site-packages/airflow/example_dags/example_latest_only_with_trigger.py
[2024-06-26T17:44:13.982+0000] {processor.py:830} INFO - Processing file /home/airflow/.local/lib/python3.12/site-packages/airflow/example_dags/example_latest_only_with_trigger.py for tasks to queue
[2024-06-26T17:44:13.983+0000] {logging_mixin.py:188} INFO - [2024-06-26T17:44:13.983+0000] {dagbag.py:545} INFO - Filling up the DagBag from /home/airflow/.local/lib/python3.12/site-packages/airflow/example_dags/example_latest_only_with_trigger.py
[2024-06-26T17:44:13.985+0000] {processor.py:840} INFO - DAG(s) 'latest_only_with_trigger' retrieved from /home/airflow/.local/lib/python3.12/site-packages/airflow/example_dags/example_latest_only_with_trigger.py
[2024-06-26T17:44:13.993+0000] {logging_mixin.py:188} INFO - [2024-06-26T17:44:13.993+0000] {dag.py:3096} INFO - Sync 1 DAGs
[2024-06-26T17:44:14.001+0000] {logging_mixin.py:188} INFO - [2024-06-26T17:44:14.001+0000] {dag.py:3954} INFO - Setting next_dagrun for latest_only_with_trigger to 2024-06-26 12:00:00+00:00, run_after=2024-06-26 16:00:00+00:00
[2024-06-26T17:44:14.007+0000] {processor.py:183} INFO - Processing /home/airflow/.local/lib/python3.12/site-packages/airflow/example_dags/example_latest_only_with_trigger.py took 0.027 seconds
[2024-06-26T17:44:44.201+0000] {processor.py:161} INFO - Started process (PID=2066) to work on /home/airflow/.local/lib/python3.12/site-packages/airflow/example_dags/example_latest_only_with_trigger.py
[2024-06-26T17:44:44.202+0000] {processor.py:830} INFO - Processing file /home/airflow/.local/lib/python3.12/site-packages/airflow/example_dags/example_latest_only_with_trigger.py for tasks to queue
[2024-06-26T17:44:44.202+0000] {logging_mixin.py:188} INFO - [2024-06-26T17:44:44.202+0000] {dagbag.py:545} INFO - Filling up the DagBag from /home/airflow/.local/lib/python3.12/site-packages/airflow/example_dags/example_latest_only_with_trigger.py
[2024-06-26T17:44:44.204+0000] {processor.py:840} INFO - DAG(s) 'latest_only_with_trigger' retrieved from /home/airflow/.local/lib/python3.12/site-packages/airflow/example_dags/example_latest_only_with_trigger.py
[2024-06-26T17:44:44.211+0000] {logging_mixin.py:188} INFO - [2024-06-26T17:44:44.211+0000] {dag.py:3096} INFO - Sync 1 DAGs
[2024-06-26T17:44:44.218+0000] {logging_mixin.py:188} INFO - [2024-06-26T17:44:44.218+0000] {dag.py:3954} INFO - Setting next_dagrun for latest_only_with_trigger to 2024-06-26 12:00:00+00:00, run_after=2024-06-26 16:00:00+00:00
[2024-06-26T17:44:44.225+0000] {processor.py:183} INFO - Processing /home/airflow/.local/lib/python3.12/site-packages/airflow/example_dags/example_latest_only_with_trigger.py took 0.025 seconds
[2024-06-26T17:45:14.497+0000] {processor.py:161} INFO - Started process (PID=2328) to work on /home/airflow/.local/lib/python3.12/site-packages/airflow/example_dags/example_latest_only_with_trigger.py
[2024-06-26T17:45:14.498+0000] {processor.py:830} INFO - Processing file /home/airflow/.local/lib/python3.12/site-packages/airflow/example_dags/example_latest_only_with_trigger.py for tasks to queue
[2024-06-26T17:45:14.498+0000] {logging_mixin.py:188} INFO - [2024-06-26T17:45:14.498+0000] {dagbag.py:545} INFO - Filling up the DagBag from /home/airflow/.local/lib/python3.12/site-packages/airflow/example_dags/example_latest_only_with_trigger.py
[2024-06-26T17:45:14.500+0000] {processor.py:840} INFO - DAG(s) 'latest_only_with_trigger' retrieved from /home/airflow/.local/lib/python3.12/site-packages/airflow/example_dags/example_latest_only_with_trigger.py
[2024-06-26T17:45:14.508+0000] {logging_mixin.py:188} INFO - [2024-06-26T17:45:14.508+0000] {dag.py:3096} INFO - Sync 1 DAGs
[2024-06-26T17:45:14.516+0000] {logging_mixin.py:188} INFO - [2024-06-26T17:45:14.516+0000] {dag.py:3954} INFO - Setting next_dagrun for latest_only_with_trigger to 2024-06-26 12:00:00+00:00, run_after=2024-06-26 16:00:00+00:00
[2024-06-26T17:45:14.522+0000] {processor.py:183} INFO - Processing /home/airflow/.local/lib/python3.12/site-packages/airflow/example_dags/example_latest_only_with_trigger.py took 0.027 seconds
[2024-06-26T17:45:44.855+0000] {processor.py:161} INFO - Started process (PID=2590) to work on /home/airflow/.local/lib/python3.12/site-packages/airflow/example_dags/example_latest_only_with_trigger.py
[2024-06-26T17:45:44.855+0000] {processor.py:830} INFO - Processing file /home/airflow/.local/lib/python3.12/site-packages/airflow/example_dags/example_latest_only_with_trigger.py for tasks to queue
[2024-06-26T17:45:44.856+0000] {logging_mixin.py:188} INFO - [2024-06-26T17:45:44.856+0000] {dagbag.py:545} INFO - Filling up the DagBag from /home/airflow/.local/lib/python3.12/site-packages/airflow/example_dags/example_latest_only_with_trigger.py
[2024-06-26T17:45:44.858+0000] {processor.py:840} INFO - DAG(s) 'latest_only_with_trigger' retrieved from /home/airflow/.local/lib/python3.12/site-packages/airflow/example_dags/example_latest_only_with_trigger.py
[2024-06-26T17:45:44.868+0000] {logging_mixin.py:188} INFO - [2024-06-26T17:45:44.868+0000] {dag.py:3096} INFO - Sync 1 DAGs
[2024-06-26T17:45:44.878+0000] {logging_mixin.py:188} INFO - [2024-06-26T17:45:44.878+0000] {dag.py:3954} INFO - Setting next_dagrun for latest_only_with_trigger to 2024-06-26 12:00:00+00:00, run_after=2024-06-26 16:00:00+00:00
[2024-06-26T17:45:44.887+0000] {processor.py:183} INFO - Processing /home/airflow/.local/lib/python3.12/site-packages/airflow/example_dags/example_latest_only_with_trigger.py took 0.035 seconds
[2024-06-26T17:46:15.308+0000] {processor.py:161} INFO - Started process (PID=2852) to work on /home/airflow/.local/lib/python3.12/site-packages/airflow/example_dags/example_latest_only_with_trigger.py
[2024-06-26T17:46:15.308+0000] {processor.py:830} INFO - Processing file /home/airflow/.local/lib/python3.12/site-packages/airflow/example_dags/example_latest_only_with_trigger.py for tasks to queue
[2024-06-26T17:46:15.309+0000] {logging_mixin.py:188} INFO - [2024-06-26T17:46:15.309+0000] {dagbag.py:545} INFO - Filling up the DagBag from /home/airflow/.local/lib/python3.12/site-packages/airflow/example_dags/example_latest_only_with_trigger.py
[2024-06-26T17:46:15.311+0000] {processor.py:840} INFO - DAG(s) 'latest_only_with_trigger' retrieved from /home/airflow/.local/lib/python3.12/site-packages/airflow/example_dags/example_latest_only_with_trigger.py
[2024-06-26T17:46:15.320+0000] {logging_mixin.py:188} INFO - [2024-06-26T17:46:15.320+0000] {dag.py:3096} INFO - Sync 1 DAGs
[2024-06-26T17:46:15.330+0000] {logging_mixin.py:188} INFO - [2024-06-26T17:46:15.330+0000] {dag.py:3954} INFO - Setting next_dagrun for latest_only_with_trigger to 2024-06-26 12:00:00+00:00, run_after=2024-06-26 16:00:00+00:00
[2024-06-26T17:46:15.338+0000] {processor.py:183} INFO - Processing /home/airflow/.local/lib/python3.12/site-packages/airflow/example_dags/example_latest_only_with_trigger.py took 0.033 seconds
[2024-06-26T17:46:45.610+0000] {processor.py:161} INFO - Started process (PID=3139) to work on /home/airflow/.local/lib/python3.12/site-packages/airflow/example_dags/example_latest_only_with_trigger.py
[2024-06-26T17:46:45.611+0000] {processor.py:830} INFO - Processing file /home/airflow/.local/lib/python3.12/site-packages/airflow/example_dags/example_latest_only_with_trigger.py for tasks to queue
[2024-06-26T17:46:45.611+0000] {logging_mixin.py:188} INFO - [2024-06-26T17:46:45.611+0000] {dagbag.py:545} INFO - Filling up the DagBag from /home/airflow/.local/lib/python3.12/site-packages/airflow/example_dags/example_latest_only_with_trigger.py
[2024-06-26T17:46:45.613+0000] {processor.py:840} INFO - DAG(s) 'latest_only_with_trigger' retrieved from /home/airflow/.local/lib/python3.12/site-packages/airflow/example_dags/example_latest_only_with_trigger.py
[2024-06-26T17:46:45.621+0000] {logging_mixin.py:188} INFO - [2024-06-26T17:46:45.621+0000] {dag.py:3096} INFO - Sync 1 DAGs
[2024-06-26T17:46:45.629+0000] {logging_mixin.py:188} INFO - [2024-06-26T17:46:45.629+0000] {dag.py:3954} INFO - Setting next_dagrun for latest_only_with_trigger to 2024-06-26 12:00:00+00:00, run_after=2024-06-26 16:00:00+00:00
[2024-06-26T17:46:45.635+0000] {processor.py:183} INFO - Processing /home/airflow/.local/lib/python3.12/site-packages/airflow/example_dags/example_latest_only_with_trigger.py took 0.027 seconds
[2024-06-26T17:47:15.831+0000] {processor.py:161} INFO - Started process (PID=3401) to work on /home/airflow/.local/lib/python3.12/site-packages/airflow/example_dags/example_latest_only_with_trigger.py
[2024-06-26T17:47:15.832+0000] {processor.py:830} INFO - Processing file /home/airflow/.local/lib/python3.12/site-packages/airflow/example_dags/example_latest_only_with_trigger.py for tasks to queue
[2024-06-26T17:47:15.832+0000] {logging_mixin.py:188} INFO - [2024-06-26T17:47:15.832+0000] {dagbag.py:545} INFO - Filling up the DagBag from /home/airflow/.local/lib/python3.12/site-packages/airflow/example_dags/example_latest_only_with_trigger.py
[2024-06-26T17:47:15.834+0000] {processor.py:840} INFO - DAG(s) 'latest_only_with_trigger' retrieved from /home/airflow/.local/lib/python3.12/site-packages/airflow/example_dags/example_latest_only_with_trigger.py
[2024-06-26T17:47:15.843+0000] {logging_mixin.py:188} INFO - [2024-06-26T17:47:15.843+0000] {dag.py:3096} INFO - Sync 1 DAGs
[2024-06-26T17:47:15.850+0000] {logging_mixin.py:188} INFO - [2024-06-26T17:47:15.850+0000] {dag.py:3954} INFO - Setting next_dagrun for latest_only_with_trigger to 2024-06-26 12:00:00+00:00, run_after=2024-06-26 16:00:00+00:00
[2024-06-26T17:47:15.857+0000] {processor.py:183} INFO - Processing /home/airflow/.local/lib/python3.12/site-packages/airflow/example_dags/example_latest_only_with_trigger.py took 0.027 seconds
[2024-06-26T17:47:46.098+0000] {processor.py:161} INFO - Started process (PID=3663) to work on /home/airflow/.local/lib/python3.12/site-packages/airflow/example_dags/example_latest_only_with_trigger.py
[2024-06-26T17:47:46.098+0000] {processor.py:830} INFO - Processing file /home/airflow/.local/lib/python3.12/site-packages/airflow/example_dags/example_latest_only_with_trigger.py for tasks to queue
[2024-06-26T17:47:46.099+0000] {logging_mixin.py:188} INFO - [2024-06-26T17:47:46.099+0000] {dagbag.py:545} INFO - Filling up the DagBag from /home/airflow/.local/lib/python3.12/site-packages/airflow/example_dags/example_latest_only_with_trigger.py
[2024-06-26T17:47:46.101+0000] {processor.py:840} INFO - DAG(s) 'latest_only_with_trigger' retrieved from /home/airflow/.local/lib/python3.12/site-packages/airflow/example_dags/example_latest_only_with_trigger.py
[2024-06-26T17:47:46.110+0000] {logging_mixin.py:188} INFO - [2024-06-26T17:47:46.110+0000] {dag.py:3096} INFO - Sync 1 DAGs
[2024-06-26T17:47:46.119+0000] {logging_mixin.py:188} INFO - [2024-06-26T17:47:46.119+0000] {dag.py:3954} INFO - Setting next_dagrun for latest_only_with_trigger to 2024-06-26 12:00:00+00:00, run_after=2024-06-26 16:00:00+00:00
[2024-06-26T17:47:46.126+0000] {processor.py:183} INFO - Processing /home/airflow/.local/lib/python3.12/site-packages/airflow/example_dags/example_latest_only_with_trigger.py took 0.030 seconds
[2024-06-26T17:48:16.418+0000] {processor.py:161} INFO - Started process (PID=3925) to work on /home/airflow/.local/lib/python3.12/site-packages/airflow/example_dags/example_latest_only_with_trigger.py
[2024-06-26T17:48:16.419+0000] {processor.py:830} INFO - Processing file /home/airflow/.local/lib/python3.12/site-packages/airflow/example_dags/example_latest_only_with_trigger.py for tasks to queue
[2024-06-26T17:48:16.419+0000] {logging_mixin.py:188} INFO - [2024-06-26T17:48:16.419+0000] {dagbag.py:545} INFO - Filling up the DagBag from /home/airflow/.local/lib/python3.12/site-packages/airflow/example_dags/example_latest_only_with_trigger.py
[2024-06-26T17:48:16.421+0000] {processor.py:840} INFO - DAG(s) 'latest_only_with_trigger' retrieved from /home/airflow/.local/lib/python3.12/site-packages/airflow/example_dags/example_latest_only_with_trigger.py
[2024-06-26T17:48:16.429+0000] {logging_mixin.py:188} INFO - [2024-06-26T17:48:16.429+0000] {dag.py:3096} INFO - Sync 1 DAGs
[2024-06-26T17:48:16.437+0000] {logging_mixin.py:188} INFO - [2024-06-26T17:48:16.437+0000] {dag.py:3954} INFO - Setting next_dagrun for latest_only_with_trigger to 2024-06-26 12:00:00+00:00, run_after=2024-06-26 16:00:00+00:00
[2024-06-26T17:48:16.444+0000] {processor.py:183} INFO - Processing /home/airflow/.local/lib/python3.12/site-packages/airflow/example_dags/example_latest_only_with_trigger.py took 0.027 seconds
[2024-06-26T17:48:46.685+0000] {processor.py:161} INFO - Started process (PID=4212) to work on /home/airflow/.local/lib/python3.12/site-packages/airflow/example_dags/example_latest_only_with_trigger.py
[2024-06-26T17:48:46.685+0000] {processor.py:830} INFO - Processing file /home/airflow/.local/lib/python3.12/site-packages/airflow/example_dags/example_latest_only_with_trigger.py for tasks to queue
[2024-06-26T17:48:46.686+0000] {logging_mixin.py:188} INFO - [2024-06-26T17:48:46.686+0000] {dagbag.py:545} INFO - Filling up the DagBag from /home/airflow/.local/lib/python3.12/site-packages/airflow/example_dags/example_latest_only_with_trigger.py
[2024-06-26T17:48:46.688+0000] {processor.py:840} INFO - DAG(s) 'latest_only_with_trigger' retrieved from /home/airflow/.local/lib/python3.12/site-packages/airflow/example_dags/example_latest_only_with_trigger.py
[2024-06-26T17:48:46.696+0000] {logging_mixin.py:188} INFO - [2024-06-26T17:48:46.695+0000] {dag.py:3096} INFO - Sync 1 DAGs
[2024-06-26T17:48:46.703+0000] {logging_mixin.py:188} INFO - [2024-06-26T17:48:46.703+0000] {dag.py:3954} INFO - Setting next_dagrun for latest_only_with_trigger to 2024-06-26 12:00:00+00:00, run_after=2024-06-26 16:00:00+00:00
[2024-06-26T17:48:46.710+0000] {processor.py:183} INFO - Processing /home/airflow/.local/lib/python3.12/site-packages/airflow/example_dags/example_latest_only_with_trigger.py took 0.027 seconds
[2024-06-26T17:49:16.892+0000] {processor.py:161} INFO - Started process (PID=4474) to work on /home/airflow/.local/lib/python3.12/site-packages/airflow/example_dags/example_latest_only_with_trigger.py
[2024-06-26T17:49:16.893+0000] {processor.py:830} INFO - Processing file /home/airflow/.local/lib/python3.12/site-packages/airflow/example_dags/example_latest_only_with_trigger.py for tasks to queue
[2024-06-26T17:49:16.893+0000] {logging_mixin.py:188} INFO - [2024-06-26T17:49:16.893+0000] {dagbag.py:545} INFO - Filling up the DagBag from /home/airflow/.local/lib/python3.12/site-packages/airflow/example_dags/example_latest_only_with_trigger.py
[2024-06-26T17:49:16.896+0000] {processor.py:840} INFO - DAG(s) 'latest_only_with_trigger' retrieved from /home/airflow/.local/lib/python3.12/site-packages/airflow/example_dags/example_latest_only_with_trigger.py
[2024-06-26T17:49:16.904+0000] {logging_mixin.py:188} INFO - [2024-06-26T17:49:16.904+0000] {dag.py:3096} INFO - Sync 1 DAGs
[2024-06-26T17:49:16.913+0000] {logging_mixin.py:188} INFO - [2024-06-26T17:49:16.913+0000] {dag.py:3954} INFO - Setting next_dagrun for latest_only_with_trigger to 2024-06-26 12:00:00+00:00, run_after=2024-06-26 16:00:00+00:00
[2024-06-26T17:49:16.919+0000] {processor.py:183} INFO - Processing /home/airflow/.local/lib/python3.12/site-packages/airflow/example_dags/example_latest_only_with_trigger.py took 0.030 seconds
[2024-06-26T17:49:47.192+0000] {processor.py:161} INFO - Started process (PID=4736) to work on /home/airflow/.local/lib/python3.12/site-packages/airflow/example_dags/example_latest_only_with_trigger.py
[2024-06-26T17:49:47.192+0000] {processor.py:830} INFO - Processing file /home/airflow/.local/lib/python3.12/site-packages/airflow/example_dags/example_latest_only_with_trigger.py for tasks to queue
[2024-06-26T17:49:47.193+0000] {logging_mixin.py:188} INFO - [2024-06-26T17:49:47.193+0000] {dagbag.py:545} INFO - Filling up the DagBag from /home/airflow/.local/lib/python3.12/site-packages/airflow/example_dags/example_latest_only_with_trigger.py
[2024-06-26T17:49:47.195+0000] {processor.py:840} INFO - DAG(s) 'latest_only_with_trigger' retrieved from /home/airflow/.local/lib/python3.12/site-packages/airflow/example_dags/example_latest_only_with_trigger.py
[2024-06-26T17:49:47.203+0000] {logging_mixin.py:188} INFO - [2024-06-26T17:49:47.203+0000] {dag.py:3096} INFO - Sync 1 DAGs
[2024-06-26T17:49:47.211+0000] {logging_mixin.py:188} INFO - [2024-06-26T17:49:47.211+0000] {dag.py:3954} INFO - Setting next_dagrun for latest_only_with_trigger to 2024-06-26 12:00:00+00:00, run_after=2024-06-26 16:00:00+00:00
[2024-06-26T17:49:47.217+0000] {processor.py:183} INFO - Processing /home/airflow/.local/lib/python3.12/site-packages/airflow/example_dags/example_latest_only_with_trigger.py took 0.027 seconds
[2024-06-26T17:50:17.514+0000] {processor.py:161} INFO - Started process (PID=4998) to work on /home/airflow/.local/lib/python3.12/site-packages/airflow/example_dags/example_latest_only_with_trigger.py
[2024-06-26T17:50:17.515+0000] {processor.py:830} INFO - Processing file /home/airflow/.local/lib/python3.12/site-packages/airflow/example_dags/example_latest_only_with_trigger.py for tasks to queue
[2024-06-26T17:50:17.515+0000] {logging_mixin.py:188} INFO - [2024-06-26T17:50:17.515+0000] {dagbag.py:545} INFO - Filling up the DagBag from /home/airflow/.local/lib/python3.12/site-packages/airflow/example_dags/example_latest_only_with_trigger.py
[2024-06-26T17:50:17.517+0000] {processor.py:840} INFO - DAG(s) 'latest_only_with_trigger' retrieved from /home/airflow/.local/lib/python3.12/site-packages/airflow/example_dags/example_latest_only_with_trigger.py
[2024-06-26T17:50:17.525+0000] {logging_mixin.py:188} INFO - [2024-06-26T17:50:17.525+0000] {dag.py:3096} INFO - Sync 1 DAGs
[2024-06-26T17:50:17.534+0000] {logging_mixin.py:188} INFO - [2024-06-26T17:50:17.534+0000] {dag.py:3954} INFO - Setting next_dagrun for latest_only_with_trigger to 2024-06-26 12:00:00+00:00, run_after=2024-06-26 16:00:00+00:00
[2024-06-26T17:50:17.541+0000] {processor.py:183} INFO - Processing /home/airflow/.local/lib/python3.12/site-packages/airflow/example_dags/example_latest_only_with_trigger.py took 0.028 seconds
[2024-06-26T17:50:47.944+0000] {processor.py:161} INFO - Started process (PID=5260) to work on /home/airflow/.local/lib/python3.12/site-packages/airflow/example_dags/example_latest_only_with_trigger.py
[2024-06-26T17:50:47.944+0000] {processor.py:830} INFO - Processing file /home/airflow/.local/lib/python3.12/site-packages/airflow/example_dags/example_latest_only_with_trigger.py for tasks to queue
[2024-06-26T17:50:47.945+0000] {logging_mixin.py:188} INFO - [2024-06-26T17:50:47.944+0000] {dagbag.py:545} INFO - Filling up the DagBag from /home/airflow/.local/lib/python3.12/site-packages/airflow/example_dags/example_latest_only_with_trigger.py
[2024-06-26T17:50:47.946+0000] {processor.py:840} INFO - DAG(s) 'latest_only_with_trigger' retrieved from /home/airflow/.local/lib/python3.12/site-packages/airflow/example_dags/example_latest_only_with_trigger.py
[2024-06-26T17:50:47.954+0000] {logging_mixin.py:188} INFO - [2024-06-26T17:50:47.953+0000] {dag.py:3096} INFO - Sync 1 DAGs
[2024-06-26T17:50:47.961+0000] {logging_mixin.py:188} INFO - [2024-06-26T17:50:47.961+0000] {dag.py:3954} INFO - Setting next_dagrun for latest_only_with_trigger to 2024-06-26 12:00:00+00:00, run_after=2024-06-26 16:00:00+00:00
[2024-06-26T17:50:47.967+0000] {processor.py:183} INFO - Processing /home/airflow/.local/lib/python3.12/site-packages/airflow/example_dags/example_latest_only_with_trigger.py took 0.026 seconds
