[2024-06-26T17:41:11.608+0000] {processor.py:161} INFO - Started process (PID=244) to work on /home/airflow/.local/lib/python3.12/site-packages/airflow/example_dags/example_python_decorator.py
[2024-06-26T17:41:11.608+0000] {processor.py:830} INFO - Processing file /home/airflow/.local/lib/python3.12/site-packages/airflow/example_dags/example_python_decorator.py for tasks to queue
[2024-06-26T17:41:11.609+0000] {logging_mixin.py:188} INFO - [2024-06-26T17:41:11.609+0000] {dagbag.py:545} INFO - Filling up the DagBag from /home/airflow/.local/lib/python3.12/site-packages/airflow/example_dags/example_python_decorator.py
[2024-06-26T17:41:11.616+0000] {processor.py:840} INFO - DAG(s) 'example_python_decorator' retrieved from /home/airflow/.local/lib/python3.12/site-packages/airflow/example_dags/example_python_decorator.py
[2024-06-26T17:41:11.621+0000] {logging_mixin.py:188} INFO - [2024-06-26T17:41:11.621+0000] {dag.py:3096} INFO - Sync 1 DAGs
[2024-06-26T17:41:11.627+0000] {logging_mixin.py:188} INFO - [2024-06-26T17:41:11.627+0000] {dag.py:3954} INFO - Setting next_dagrun for example_python_decorator to None, run_after=None
[2024-06-26T17:41:11.634+0000] {processor.py:183} INFO - Processing /home/airflow/.local/lib/python3.12/site-packages/airflow/example_dags/example_python_decorator.py took 0.028 seconds
[2024-06-26T17:41:41.915+0000] {processor.py:161} INFO - Started process (PID=504) to work on /home/airflow/.local/lib/python3.12/site-packages/airflow/example_dags/example_python_decorator.py
[2024-06-26T17:41:41.916+0000] {processor.py:830} INFO - Processing file /home/airflow/.local/lib/python3.12/site-packages/airflow/example_dags/example_python_decorator.py for tasks to queue
[2024-06-26T17:41:41.916+0000] {logging_mixin.py:188} INFO - [2024-06-26T17:41:41.916+0000] {dagbag.py:545} INFO - Filling up the DagBag from /home/airflow/.local/lib/python3.12/site-packages/airflow/example_dags/example_python_decorator.py
[2024-06-26T17:41:41.921+0000] {processor.py:840} INFO - DAG(s) 'example_python_decorator' retrieved from /home/airflow/.local/lib/python3.12/site-packages/airflow/example_dags/example_python_decorator.py
[2024-06-26T17:41:41.957+0000] {logging_mixin.py:188} INFO - [2024-06-26T17:41:41.957+0000] {dag.py:3096} INFO - Sync 1 DAGs
[2024-06-26T17:41:41.961+0000] {logging_mixin.py:188} INFO - [2024-06-26T17:41:41.961+0000] {dag.py:3954} INFO - Setting next_dagrun for example_python_decorator to None, run_after=None
[2024-06-26T17:41:41.968+0000] {processor.py:183} INFO - Processing /home/airflow/.local/lib/python3.12/site-packages/airflow/example_dags/example_python_decorator.py took 0.055 seconds
[2024-06-26T17:42:12.779+0000] {processor.py:161} INFO - Started process (PID=766) to work on /home/airflow/.local/lib/python3.12/site-packages/airflow/example_dags/example_python_decorator.py
[2024-06-26T17:42:12.780+0000] {processor.py:830} INFO - Processing file /home/airflow/.local/lib/python3.12/site-packages/airflow/example_dags/example_python_decorator.py for tasks to queue
[2024-06-26T17:42:12.780+0000] {logging_mixin.py:188} INFO - [2024-06-26T17:42:12.780+0000] {dagbag.py:545} INFO - Filling up the DagBag from /home/airflow/.local/lib/python3.12/site-packages/airflow/example_dags/example_python_decorator.py
[2024-06-26T17:42:12.785+0000] {processor.py:840} INFO - DAG(s) 'example_python_decorator' retrieved from /home/airflow/.local/lib/python3.12/site-packages/airflow/example_dags/example_python_decorator.py
[2024-06-26T17:42:12.793+0000] {logging_mixin.py:188} INFO - [2024-06-26T17:42:12.793+0000] {dag.py:3096} INFO - Sync 1 DAGs
[2024-06-26T17:42:12.797+0000] {logging_mixin.py:188} INFO - [2024-06-26T17:42:12.797+0000] {dag.py:3954} INFO - Setting next_dagrun for example_python_decorator to None, run_after=None
[2024-06-26T17:42:12.803+0000] {processor.py:183} INFO - Processing /home/airflow/.local/lib/python3.12/site-packages/airflow/example_dags/example_python_decorator.py took 0.025 seconds
[2024-06-26T17:42:43.040+0000] {processor.py:161} INFO - Started process (PID=1028) to work on /home/airflow/.local/lib/python3.12/site-packages/airflow/example_dags/example_python_decorator.py
[2024-06-26T17:42:43.041+0000] {processor.py:830} INFO - Processing file /home/airflow/.local/lib/python3.12/site-packages/airflow/example_dags/example_python_decorator.py for tasks to queue
[2024-06-26T17:42:43.041+0000] {logging_mixin.py:188} INFO - [2024-06-26T17:42:43.041+0000] {dagbag.py:545} INFO - Filling up the DagBag from /home/airflow/.local/lib/python3.12/site-packages/airflow/example_dags/example_python_decorator.py
[2024-06-26T17:42:43.046+0000] {processor.py:840} INFO - DAG(s) 'example_python_decorator' retrieved from /home/airflow/.local/lib/python3.12/site-packages/airflow/example_dags/example_python_decorator.py
[2024-06-26T17:42:43.054+0000] {logging_mixin.py:188} INFO - [2024-06-26T17:42:43.054+0000] {dag.py:3096} INFO - Sync 1 DAGs
[2024-06-26T17:42:43.059+0000] {logging_mixin.py:188} INFO - [2024-06-26T17:42:43.059+0000] {dag.py:3954} INFO - Setting next_dagrun for example_python_decorator to None, run_after=None
[2024-06-26T17:42:43.065+0000] {processor.py:183} INFO - Processing /home/airflow/.local/lib/python3.12/site-packages/airflow/example_dags/example_python_decorator.py took 0.027 seconds
[2024-06-26T17:43:13.384+0000] {processor.py:161} INFO - Started process (PID=1290) to work on /home/airflow/.local/lib/python3.12/site-packages/airflow/example_dags/example_python_decorator.py
[2024-06-26T17:43:13.385+0000] {processor.py:830} INFO - Processing file /home/airflow/.local/lib/python3.12/site-packages/airflow/example_dags/example_python_decorator.py for tasks to queue
[2024-06-26T17:43:13.386+0000] {logging_mixin.py:188} INFO - [2024-06-26T17:43:13.386+0000] {dagbag.py:545} INFO - Filling up the DagBag from /home/airflow/.local/lib/python3.12/site-packages/airflow/example_dags/example_python_decorator.py
[2024-06-26T17:43:13.391+0000] {processor.py:840} INFO - DAG(s) 'example_python_decorator' retrieved from /home/airflow/.local/lib/python3.12/site-packages/airflow/example_dags/example_python_decorator.py
[2024-06-26T17:43:13.399+0000] {logging_mixin.py:188} INFO - [2024-06-26T17:43:13.399+0000] {dag.py:3096} INFO - Sync 1 DAGs
[2024-06-26T17:43:13.403+0000] {logging_mixin.py:188} INFO - [2024-06-26T17:43:13.403+0000] {dag.py:3954} INFO - Setting next_dagrun for example_python_decorator to None, run_after=None
[2024-06-26T17:43:13.409+0000] {processor.py:183} INFO - Processing /home/airflow/.local/lib/python3.12/site-packages/airflow/example_dags/example_python_decorator.py took 0.028 seconds
[2024-06-26T17:43:43.763+0000] {processor.py:161} INFO - Started process (PID=1552) to work on /home/airflow/.local/lib/python3.12/site-packages/airflow/example_dags/example_python_decorator.py
[2024-06-26T17:43:43.763+0000] {processor.py:830} INFO - Processing file /home/airflow/.local/lib/python3.12/site-packages/airflow/example_dags/example_python_decorator.py for tasks to queue
[2024-06-26T17:43:43.764+0000] {logging_mixin.py:188} INFO - [2024-06-26T17:43:43.764+0000] {dagbag.py:545} INFO - Filling up the DagBag from /home/airflow/.local/lib/python3.12/site-packages/airflow/example_dags/example_python_decorator.py
[2024-06-26T17:43:43.769+0000] {processor.py:840} INFO - DAG(s) 'example_python_decorator' retrieved from /home/airflow/.local/lib/python3.12/site-packages/airflow/example_dags/example_python_decorator.py
[2024-06-26T17:43:43.778+0000] {logging_mixin.py:188} INFO - [2024-06-26T17:43:43.778+0000] {dag.py:3096} INFO - Sync 1 DAGs
[2024-06-26T17:43:43.782+0000] {logging_mixin.py:188} INFO - [2024-06-26T17:43:43.782+0000] {dag.py:3954} INFO - Setting next_dagrun for example_python_decorator to None, run_after=None
[2024-06-26T17:43:43.788+0000] {processor.py:183} INFO - Processing /home/airflow/.local/lib/python3.12/site-packages/airflow/example_dags/example_python_decorator.py took 0.028 seconds
[2024-06-26T17:44:14.017+0000] {processor.py:161} INFO - Started process (PID=1814) to work on /home/airflow/.local/lib/python3.12/site-packages/airflow/example_dags/example_python_decorator.py
[2024-06-26T17:44:14.017+0000] {processor.py:830} INFO - Processing file /home/airflow/.local/lib/python3.12/site-packages/airflow/example_dags/example_python_decorator.py for tasks to queue
[2024-06-26T17:44:14.018+0000] {logging_mixin.py:188} INFO - [2024-06-26T17:44:14.018+0000] {dagbag.py:545} INFO - Filling up the DagBag from /home/airflow/.local/lib/python3.12/site-packages/airflow/example_dags/example_python_decorator.py
[2024-06-26T17:44:14.023+0000] {processor.py:840} INFO - DAG(s) 'example_python_decorator' retrieved from /home/airflow/.local/lib/python3.12/site-packages/airflow/example_dags/example_python_decorator.py
[2024-06-26T17:44:14.031+0000] {logging_mixin.py:188} INFO - [2024-06-26T17:44:14.031+0000] {dag.py:3096} INFO - Sync 1 DAGs
[2024-06-26T17:44:14.036+0000] {logging_mixin.py:188} INFO - [2024-06-26T17:44:14.036+0000] {dag.py:3954} INFO - Setting next_dagrun for example_python_decorator to None, run_after=None
[2024-06-26T17:44:14.042+0000] {processor.py:183} INFO - Processing /home/airflow/.local/lib/python3.12/site-packages/airflow/example_dags/example_python_decorator.py took 0.027 seconds
[2024-06-26T17:44:44.267+0000] {processor.py:161} INFO - Started process (PID=2078) to work on /home/airflow/.local/lib/python3.12/site-packages/airflow/example_dags/example_python_decorator.py
[2024-06-26T17:44:44.267+0000] {processor.py:830} INFO - Processing file /home/airflow/.local/lib/python3.12/site-packages/airflow/example_dags/example_python_decorator.py for tasks to queue
[2024-06-26T17:44:44.268+0000] {logging_mixin.py:188} INFO - [2024-06-26T17:44:44.268+0000] {dagbag.py:545} INFO - Filling up the DagBag from /home/airflow/.local/lib/python3.12/site-packages/airflow/example_dags/example_python_decorator.py
[2024-06-26T17:44:44.273+0000] {processor.py:840} INFO - DAG(s) 'example_python_decorator' retrieved from /home/airflow/.local/lib/python3.12/site-packages/airflow/example_dags/example_python_decorator.py
[2024-06-26T17:44:44.281+0000] {logging_mixin.py:188} INFO - [2024-06-26T17:44:44.281+0000] {dag.py:3096} INFO - Sync 1 DAGs
[2024-06-26T17:44:44.286+0000] {logging_mixin.py:188} INFO - [2024-06-26T17:44:44.285+0000] {dag.py:3954} INFO - Setting next_dagrun for example_python_decorator to None, run_after=None
[2024-06-26T17:44:44.292+0000] {processor.py:183} INFO - Processing /home/airflow/.local/lib/python3.12/site-packages/airflow/example_dags/example_python_decorator.py took 0.027 seconds
[2024-06-26T17:45:14.534+0000] {processor.py:161} INFO - Started process (PID=2338) to work on /home/airflow/.local/lib/python3.12/site-packages/airflow/example_dags/example_python_decorator.py
[2024-06-26T17:45:14.534+0000] {processor.py:830} INFO - Processing file /home/airflow/.local/lib/python3.12/site-packages/airflow/example_dags/example_python_decorator.py for tasks to queue
[2024-06-26T17:45:14.535+0000] {logging_mixin.py:188} INFO - [2024-06-26T17:45:14.535+0000] {dagbag.py:545} INFO - Filling up the DagBag from /home/airflow/.local/lib/python3.12/site-packages/airflow/example_dags/example_python_decorator.py
[2024-06-26T17:45:14.541+0000] {processor.py:840} INFO - DAG(s) 'example_python_decorator' retrieved from /home/airflow/.local/lib/python3.12/site-packages/airflow/example_dags/example_python_decorator.py
[2024-06-26T17:45:14.550+0000] {logging_mixin.py:188} INFO - [2024-06-26T17:45:14.550+0000] {dag.py:3096} INFO - Sync 1 DAGs
[2024-06-26T17:45:14.554+0000] {logging_mixin.py:188} INFO - [2024-06-26T17:45:14.554+0000] {dag.py:3954} INFO - Setting next_dagrun for example_python_decorator to None, run_after=None
[2024-06-26T17:45:14.561+0000] {processor.py:183} INFO - Processing /home/airflow/.local/lib/python3.12/site-packages/airflow/example_dags/example_python_decorator.py took 0.029 seconds
[2024-06-26T17:45:44.900+0000] {processor.py:161} INFO - Started process (PID=2600) to work on /home/airflow/.local/lib/python3.12/site-packages/airflow/example_dags/example_python_decorator.py
[2024-06-26T17:45:44.900+0000] {processor.py:830} INFO - Processing file /home/airflow/.local/lib/python3.12/site-packages/airflow/example_dags/example_python_decorator.py for tasks to queue
[2024-06-26T17:45:44.901+0000] {logging_mixin.py:188} INFO - [2024-06-26T17:45:44.901+0000] {dagbag.py:545} INFO - Filling up the DagBag from /home/airflow/.local/lib/python3.12/site-packages/airflow/example_dags/example_python_decorator.py
[2024-06-26T17:45:44.907+0000] {processor.py:840} INFO - DAG(s) 'example_python_decorator' retrieved from /home/airflow/.local/lib/python3.12/site-packages/airflow/example_dags/example_python_decorator.py
[2024-06-26T17:45:44.918+0000] {logging_mixin.py:188} INFO - [2024-06-26T17:45:44.918+0000] {dag.py:3096} INFO - Sync 1 DAGs
[2024-06-26T17:45:44.924+0000] {logging_mixin.py:188} INFO - [2024-06-26T17:45:44.924+0000] {dag.py:3954} INFO - Setting next_dagrun for example_python_decorator to None, run_after=None
[2024-06-26T17:45:44.932+0000] {processor.py:183} INFO - Processing /home/airflow/.local/lib/python3.12/site-packages/airflow/example_dags/example_python_decorator.py took 0.035 seconds
[2024-06-26T17:46:15.350+0000] {processor.py:161} INFO - Started process (PID=2862) to work on /home/airflow/.local/lib/python3.12/site-packages/airflow/example_dags/example_python_decorator.py
[2024-06-26T17:46:15.351+0000] {processor.py:830} INFO - Processing file /home/airflow/.local/lib/python3.12/site-packages/airflow/example_dags/example_python_decorator.py for tasks to queue
[2024-06-26T17:46:15.351+0000] {logging_mixin.py:188} INFO - [2024-06-26T17:46:15.351+0000] {dagbag.py:545} INFO - Filling up the DagBag from /home/airflow/.local/lib/python3.12/site-packages/airflow/example_dags/example_python_decorator.py
[2024-06-26T17:46:15.356+0000] {processor.py:840} INFO - DAG(s) 'example_python_decorator' retrieved from /home/airflow/.local/lib/python3.12/site-packages/airflow/example_dags/example_python_decorator.py
[2024-06-26T17:46:15.365+0000] {logging_mixin.py:188} INFO - [2024-06-26T17:46:15.365+0000] {dag.py:3096} INFO - Sync 1 DAGs
[2024-06-26T17:46:15.370+0000] {logging_mixin.py:188} INFO - [2024-06-26T17:46:15.370+0000] {dag.py:3954} INFO - Setting next_dagrun for example_python_decorator to None, run_after=None
[2024-06-26T17:46:15.376+0000] {processor.py:183} INFO - Processing /home/airflow/.local/lib/python3.12/site-packages/airflow/example_dags/example_python_decorator.py took 0.028 seconds
[2024-06-26T17:46:45.645+0000] {processor.py:161} INFO - Started process (PID=3149) to work on /home/airflow/.local/lib/python3.12/site-packages/airflow/example_dags/example_python_decorator.py
[2024-06-26T17:46:45.645+0000] {processor.py:830} INFO - Processing file /home/airflow/.local/lib/python3.12/site-packages/airflow/example_dags/example_python_decorator.py for tasks to queue
[2024-06-26T17:46:45.646+0000] {logging_mixin.py:188} INFO - [2024-06-26T17:46:45.646+0000] {dagbag.py:545} INFO - Filling up the DagBag from /home/airflow/.local/lib/python3.12/site-packages/airflow/example_dags/example_python_decorator.py
[2024-06-26T17:46:45.651+0000] {processor.py:840} INFO - DAG(s) 'example_python_decorator' retrieved from /home/airflow/.local/lib/python3.12/site-packages/airflow/example_dags/example_python_decorator.py
[2024-06-26T17:46:45.660+0000] {logging_mixin.py:188} INFO - [2024-06-26T17:46:45.660+0000] {dag.py:3096} INFO - Sync 1 DAGs
[2024-06-26T17:46:45.664+0000] {logging_mixin.py:188} INFO - [2024-06-26T17:46:45.664+0000] {dag.py:3954} INFO - Setting next_dagrun for example_python_decorator to None, run_after=None
[2024-06-26T17:46:45.670+0000] {processor.py:183} INFO - Processing /home/airflow/.local/lib/python3.12/site-packages/airflow/example_dags/example_python_decorator.py took 0.028 seconds
[2024-06-26T17:47:15.866+0000] {processor.py:161} INFO - Started process (PID=3411) to work on /home/airflow/.local/lib/python3.12/site-packages/airflow/example_dags/example_python_decorator.py
[2024-06-26T17:47:15.867+0000] {processor.py:830} INFO - Processing file /home/airflow/.local/lib/python3.12/site-packages/airflow/example_dags/example_python_decorator.py for tasks to queue
[2024-06-26T17:47:15.867+0000] {logging_mixin.py:188} INFO - [2024-06-26T17:47:15.867+0000] {dagbag.py:545} INFO - Filling up the DagBag from /home/airflow/.local/lib/python3.12/site-packages/airflow/example_dags/example_python_decorator.py
[2024-06-26T17:47:15.872+0000] {processor.py:840} INFO - DAG(s) 'example_python_decorator' retrieved from /home/airflow/.local/lib/python3.12/site-packages/airflow/example_dags/example_python_decorator.py
[2024-06-26T17:47:15.881+0000] {logging_mixin.py:188} INFO - [2024-06-26T17:47:15.881+0000] {dag.py:3096} INFO - Sync 1 DAGs
[2024-06-26T17:47:15.886+0000] {logging_mixin.py:188} INFO - [2024-06-26T17:47:15.886+0000] {dag.py:3954} INFO - Setting next_dagrun for example_python_decorator to None, run_after=None
[2024-06-26T17:47:15.892+0000] {processor.py:183} INFO - Processing /home/airflow/.local/lib/python3.12/site-packages/airflow/example_dags/example_python_decorator.py took 0.028 seconds
[2024-06-26T17:47:46.137+0000] {processor.py:161} INFO - Started process (PID=3673) to work on /home/airflow/.local/lib/python3.12/site-packages/airflow/example_dags/example_python_decorator.py
[2024-06-26T17:47:46.137+0000] {processor.py:830} INFO - Processing file /home/airflow/.local/lib/python3.12/site-packages/airflow/example_dags/example_python_decorator.py for tasks to queue
[2024-06-26T17:47:46.138+0000] {logging_mixin.py:188} INFO - [2024-06-26T17:47:46.138+0000] {dagbag.py:545} INFO - Filling up the DagBag from /home/airflow/.local/lib/python3.12/site-packages/airflow/example_dags/example_python_decorator.py
[2024-06-26T17:47:46.144+0000] {processor.py:840} INFO - DAG(s) 'example_python_decorator' retrieved from /home/airflow/.local/lib/python3.12/site-packages/airflow/example_dags/example_python_decorator.py
[2024-06-26T17:47:46.152+0000] {logging_mixin.py:188} INFO - [2024-06-26T17:47:46.152+0000] {dag.py:3096} INFO - Sync 1 DAGs
[2024-06-26T17:47:46.157+0000] {logging_mixin.py:188} INFO - [2024-06-26T17:47:46.157+0000] {dag.py:3954} INFO - Setting next_dagrun for example_python_decorator to None, run_after=None
[2024-06-26T17:47:46.163+0000] {processor.py:183} INFO - Processing /home/airflow/.local/lib/python3.12/site-packages/airflow/example_dags/example_python_decorator.py took 0.029 seconds
[2024-06-26T17:48:16.453+0000] {processor.py:161} INFO - Started process (PID=3935) to work on /home/airflow/.local/lib/python3.12/site-packages/airflow/example_dags/example_python_decorator.py
[2024-06-26T17:48:16.453+0000] {processor.py:830} INFO - Processing file /home/airflow/.local/lib/python3.12/site-packages/airflow/example_dags/example_python_decorator.py for tasks to queue
[2024-06-26T17:48:16.454+0000] {logging_mixin.py:188} INFO - [2024-06-26T17:48:16.454+0000] {dagbag.py:545} INFO - Filling up the DagBag from /home/airflow/.local/lib/python3.12/site-packages/airflow/example_dags/example_python_decorator.py
[2024-06-26T17:48:16.459+0000] {processor.py:840} INFO - DAG(s) 'example_python_decorator' retrieved from /home/airflow/.local/lib/python3.12/site-packages/airflow/example_dags/example_python_decorator.py
[2024-06-26T17:48:16.467+0000] {logging_mixin.py:188} INFO - [2024-06-26T17:48:16.467+0000] {dag.py:3096} INFO - Sync 1 DAGs
[2024-06-26T17:48:16.472+0000] {logging_mixin.py:188} INFO - [2024-06-26T17:48:16.472+0000] {dag.py:3954} INFO - Setting next_dagrun for example_python_decorator to None, run_after=None
[2024-06-26T17:48:16.478+0000] {processor.py:183} INFO - Processing /home/airflow/.local/lib/python3.12/site-packages/airflow/example_dags/example_python_decorator.py took 0.027 seconds
[2024-06-26T17:48:46.720+0000] {processor.py:161} INFO - Started process (PID=4222) to work on /home/airflow/.local/lib/python3.12/site-packages/airflow/example_dags/example_python_decorator.py
[2024-06-26T17:48:46.720+0000] {processor.py:830} INFO - Processing file /home/airflow/.local/lib/python3.12/site-packages/airflow/example_dags/example_python_decorator.py for tasks to queue
[2024-06-26T17:48:46.721+0000] {logging_mixin.py:188} INFO - [2024-06-26T17:48:46.721+0000] {dagbag.py:545} INFO - Filling up the DagBag from /home/airflow/.local/lib/python3.12/site-packages/airflow/example_dags/example_python_decorator.py
[2024-06-26T17:48:46.726+0000] {processor.py:840} INFO - DAG(s) 'example_python_decorator' retrieved from /home/airflow/.local/lib/python3.12/site-packages/airflow/example_dags/example_python_decorator.py
[2024-06-26T17:48:46.735+0000] {logging_mixin.py:188} INFO - [2024-06-26T17:48:46.735+0000] {dag.py:3096} INFO - Sync 1 DAGs
[2024-06-26T17:48:46.740+0000] {logging_mixin.py:188} INFO - [2024-06-26T17:48:46.740+0000] {dag.py:3954} INFO - Setting next_dagrun for example_python_decorator to None, run_after=None
[2024-06-26T17:48:46.746+0000] {processor.py:183} INFO - Processing /home/airflow/.local/lib/python3.12/site-packages/airflow/example_dags/example_python_decorator.py took 0.029 seconds
[2024-06-26T17:49:16.930+0000] {processor.py:161} INFO - Started process (PID=4484) to work on /home/airflow/.local/lib/python3.12/site-packages/airflow/example_dags/example_python_decorator.py
[2024-06-26T17:49:16.931+0000] {processor.py:830} INFO - Processing file /home/airflow/.local/lib/python3.12/site-packages/airflow/example_dags/example_python_decorator.py for tasks to queue
[2024-06-26T17:49:16.931+0000] {logging_mixin.py:188} INFO - [2024-06-26T17:49:16.931+0000] {dagbag.py:545} INFO - Filling up the DagBag from /home/airflow/.local/lib/python3.12/site-packages/airflow/example_dags/example_python_decorator.py
[2024-06-26T17:49:16.937+0000] {processor.py:840} INFO - DAG(s) 'example_python_decorator' retrieved from /home/airflow/.local/lib/python3.12/site-packages/airflow/example_dags/example_python_decorator.py
[2024-06-26T17:49:16.946+0000] {logging_mixin.py:188} INFO - [2024-06-26T17:49:16.946+0000] {dag.py:3096} INFO - Sync 1 DAGs
[2024-06-26T17:49:16.951+0000] {logging_mixin.py:188} INFO - [2024-06-26T17:49:16.951+0000] {dag.py:3954} INFO - Setting next_dagrun for example_python_decorator to None, run_after=None
[2024-06-26T17:49:16.957+0000] {processor.py:183} INFO - Processing /home/airflow/.local/lib/python3.12/site-packages/airflow/example_dags/example_python_decorator.py took 0.029 seconds
[2024-06-26T17:49:47.227+0000] {processor.py:161} INFO - Started process (PID=4746) to work on /home/airflow/.local/lib/python3.12/site-packages/airflow/example_dags/example_python_decorator.py
[2024-06-26T17:49:47.228+0000] {processor.py:830} INFO - Processing file /home/airflow/.local/lib/python3.12/site-packages/airflow/example_dags/example_python_decorator.py for tasks to queue
[2024-06-26T17:49:47.228+0000] {logging_mixin.py:188} INFO - [2024-06-26T17:49:47.228+0000] {dagbag.py:545} INFO - Filling up the DagBag from /home/airflow/.local/lib/python3.12/site-packages/airflow/example_dags/example_python_decorator.py
[2024-06-26T17:49:47.234+0000] {processor.py:840} INFO - DAG(s) 'example_python_decorator' retrieved from /home/airflow/.local/lib/python3.12/site-packages/airflow/example_dags/example_python_decorator.py
[2024-06-26T17:49:47.243+0000] {logging_mixin.py:188} INFO - [2024-06-26T17:49:47.242+0000] {dag.py:3096} INFO - Sync 1 DAGs
[2024-06-26T17:49:47.247+0000] {logging_mixin.py:188} INFO - [2024-06-26T17:49:47.247+0000] {dag.py:3954} INFO - Setting next_dagrun for example_python_decorator to None, run_after=None
[2024-06-26T17:49:47.253+0000] {processor.py:183} INFO - Processing /home/airflow/.local/lib/python3.12/site-packages/airflow/example_dags/example_python_decorator.py took 0.028 seconds
[2024-06-26T17:50:17.553+0000] {processor.py:161} INFO - Started process (PID=5008) to work on /home/airflow/.local/lib/python3.12/site-packages/airflow/example_dags/example_python_decorator.py
[2024-06-26T17:50:17.554+0000] {processor.py:830} INFO - Processing file /home/airflow/.local/lib/python3.12/site-packages/airflow/example_dags/example_python_decorator.py for tasks to queue
[2024-06-26T17:50:17.555+0000] {logging_mixin.py:188} INFO - [2024-06-26T17:50:17.555+0000] {dagbag.py:545} INFO - Filling up the DagBag from /home/airflow/.local/lib/python3.12/site-packages/airflow/example_dags/example_python_decorator.py
[2024-06-26T17:50:17.561+0000] {processor.py:840} INFO - DAG(s) 'example_python_decorator' retrieved from /home/airflow/.local/lib/python3.12/site-packages/airflow/example_dags/example_python_decorator.py
[2024-06-26T17:50:17.570+0000] {logging_mixin.py:188} INFO - [2024-06-26T17:50:17.570+0000] {dag.py:3096} INFO - Sync 1 DAGs
[2024-06-26T17:50:17.576+0000] {logging_mixin.py:188} INFO - [2024-06-26T17:50:17.576+0000] {dag.py:3954} INFO - Setting next_dagrun for example_python_decorator to None, run_after=None
[2024-06-26T17:50:17.583+0000] {processor.py:183} INFO - Processing /home/airflow/.local/lib/python3.12/site-packages/airflow/example_dags/example_python_decorator.py took 0.032 seconds
[2024-06-26T17:50:48.007+0000] {processor.py:161} INFO - Started process (PID=5272) to work on /home/airflow/.local/lib/python3.12/site-packages/airflow/example_dags/example_python_decorator.py
[2024-06-26T17:50:48.008+0000] {processor.py:830} INFO - Processing file /home/airflow/.local/lib/python3.12/site-packages/airflow/example_dags/example_python_decorator.py for tasks to queue
[2024-06-26T17:50:48.008+0000] {logging_mixin.py:188} INFO - [2024-06-26T17:50:48.008+0000] {dagbag.py:545} INFO - Filling up the DagBag from /home/airflow/.local/lib/python3.12/site-packages/airflow/example_dags/example_python_decorator.py
[2024-06-26T17:50:48.014+0000] {processor.py:840} INFO - DAG(s) 'example_python_decorator' retrieved from /home/airflow/.local/lib/python3.12/site-packages/airflow/example_dags/example_python_decorator.py
[2024-06-26T17:50:48.021+0000] {logging_mixin.py:188} INFO - [2024-06-26T17:50:48.021+0000] {dag.py:3096} INFO - Sync 1 DAGs
[2024-06-26T17:50:48.025+0000] {logging_mixin.py:188} INFO - [2024-06-26T17:50:48.025+0000] {dag.py:3954} INFO - Setting next_dagrun for example_python_decorator to None, run_after=None
[2024-06-26T17:50:48.032+0000] {processor.py:183} INFO - Processing /home/airflow/.local/lib/python3.12/site-packages/airflow/example_dags/example_python_decorator.py took 0.026 seconds
