[2024-06-26T17:41:11.797+0000] {processor.py:161} INFO - Started process (PID=277) to work on /home/airflow/.local/lib/python3.12/site-packages/airflow/example_dags/example_task_group.py
[2024-06-26T17:41:11.797+0000] {processor.py:830} INFO - Processing file /home/airflow/.local/lib/python3.12/site-packages/airflow/example_dags/example_task_group.py for tasks to queue
[2024-06-26T17:41:11.798+0000] {logging_mixin.py:188} INFO - [2024-06-26T17:41:11.798+0000] {dagbag.py:545} INFO - Filling up the DagBag from /home/airflow/.local/lib/python3.12/site-packages/airflow/example_dags/example_task_group.py
[2024-06-26T17:41:11.802+0000] {processor.py:840} INFO - DAG(s) 'example_task_group' retrieved from /home/airflow/.local/lib/python3.12/site-packages/airflow/example_dags/example_task_group.py
[2024-06-26T17:41:11.807+0000] {logging_mixin.py:188} INFO - [2024-06-26T17:41:11.807+0000] {dag.py:3096} INFO - Sync 1 DAGs
[2024-06-26T17:41:11.816+0000] {logging_mixin.py:188} INFO - [2024-06-26T17:41:11.815+0000] {dag.py:3954} INFO - Setting next_dagrun for example_task_group to 2024-06-25 00:00:00+00:00, run_after=2024-06-26 00:00:00+00:00
[2024-06-26T17:41:11.823+0000] {processor.py:183} INFO - Processing /home/airflow/.local/lib/python3.12/site-packages/airflow/example_dags/example_task_group.py took 0.028 seconds
[2024-06-26T17:41:42.164+0000] {processor.py:161} INFO - Started process (PID=539) to work on /home/airflow/.local/lib/python3.12/site-packages/airflow/example_dags/example_task_group.py
[2024-06-26T17:41:42.164+0000] {processor.py:830} INFO - Processing file /home/airflow/.local/lib/python3.12/site-packages/airflow/example_dags/example_task_group.py for tasks to queue
[2024-06-26T17:41:42.165+0000] {logging_mixin.py:188} INFO - [2024-06-26T17:41:42.164+0000] {dagbag.py:545} INFO - Filling up the DagBag from /home/airflow/.local/lib/python3.12/site-packages/airflow/example_dags/example_task_group.py
[2024-06-26T17:41:42.167+0000] {processor.py:840} INFO - DAG(s) 'example_task_group' retrieved from /home/airflow/.local/lib/python3.12/site-packages/airflow/example_dags/example_task_group.py
[2024-06-26T17:41:42.204+0000] {logging_mixin.py:188} INFO - [2024-06-26T17:41:42.204+0000] {dag.py:3096} INFO - Sync 1 DAGs
[2024-06-26T17:41:42.211+0000] {logging_mixin.py:188} INFO - [2024-06-26T17:41:42.211+0000] {dag.py:3954} INFO - Setting next_dagrun for example_task_group to 2024-06-25 00:00:00+00:00, run_after=2024-06-26 00:00:00+00:00
[2024-06-26T17:41:42.219+0000] {processor.py:183} INFO - Processing /home/airflow/.local/lib/python3.12/site-packages/airflow/example_dags/example_task_group.py took 0.057 seconds
[2024-06-26T17:42:12.905+0000] {processor.py:161} INFO - Started process (PID=803) to work on /home/airflow/.local/lib/python3.12/site-packages/airflow/example_dags/example_task_group.py
[2024-06-26T17:42:12.905+0000] {processor.py:830} INFO - Processing file /home/airflow/.local/lib/python3.12/site-packages/airflow/example_dags/example_task_group.py for tasks to queue
[2024-06-26T17:42:12.906+0000] {logging_mixin.py:188} INFO - [2024-06-26T17:42:12.906+0000] {dagbag.py:545} INFO - Filling up the DagBag from /home/airflow/.local/lib/python3.12/site-packages/airflow/example_dags/example_task_group.py
[2024-06-26T17:42:12.908+0000] {processor.py:840} INFO - DAG(s) 'example_task_group' retrieved from /home/airflow/.local/lib/python3.12/site-packages/airflow/example_dags/example_task_group.py
[2024-06-26T17:42:12.916+0000] {logging_mixin.py:188} INFO - [2024-06-26T17:42:12.916+0000] {dag.py:3096} INFO - Sync 1 DAGs
[2024-06-26T17:42:12.924+0000] {logging_mixin.py:188} INFO - [2024-06-26T17:42:12.924+0000] {dag.py:3954} INFO - Setting next_dagrun for example_task_group to 2024-06-25 00:00:00+00:00, run_after=2024-06-26 00:00:00+00:00
[2024-06-26T17:42:12.930+0000] {processor.py:183} INFO - Processing /home/airflow/.local/lib/python3.12/site-packages/airflow/example_dags/example_task_group.py took 0.027 seconds
[2024-06-26T17:42:43.190+0000] {processor.py:161} INFO - Started process (PID=1065) to work on /home/airflow/.local/lib/python3.12/site-packages/airflow/example_dags/example_task_group.py
[2024-06-26T17:42:43.190+0000] {processor.py:830} INFO - Processing file /home/airflow/.local/lib/python3.12/site-packages/airflow/example_dags/example_task_group.py for tasks to queue
[2024-06-26T17:42:43.191+0000] {logging_mixin.py:188} INFO - [2024-06-26T17:42:43.191+0000] {dagbag.py:545} INFO - Filling up the DagBag from /home/airflow/.local/lib/python3.12/site-packages/airflow/example_dags/example_task_group.py
[2024-06-26T17:42:43.194+0000] {processor.py:840} INFO - DAG(s) 'example_task_group' retrieved from /home/airflow/.local/lib/python3.12/site-packages/airflow/example_dags/example_task_group.py
[2024-06-26T17:42:43.202+0000] {logging_mixin.py:188} INFO - [2024-06-26T17:42:43.202+0000] {dag.py:3096} INFO - Sync 1 DAGs
[2024-06-26T17:42:43.210+0000] {logging_mixin.py:188} INFO - [2024-06-26T17:42:43.210+0000] {dag.py:3954} INFO - Setting next_dagrun for example_task_group to 2024-06-25 00:00:00+00:00, run_after=2024-06-26 00:00:00+00:00
[2024-06-26T17:42:43.217+0000] {processor.py:183} INFO - Processing /home/airflow/.local/lib/python3.12/site-packages/airflow/example_dags/example_task_group.py took 0.029 seconds
[2024-06-26T17:43:13.529+0000] {processor.py:161} INFO - Started process (PID=1327) to work on /home/airflow/.local/lib/python3.12/site-packages/airflow/example_dags/example_task_group.py
[2024-06-26T17:43:13.529+0000] {processor.py:830} INFO - Processing file /home/airflow/.local/lib/python3.12/site-packages/airflow/example_dags/example_task_group.py for tasks to queue
[2024-06-26T17:43:13.530+0000] {logging_mixin.py:188} INFO - [2024-06-26T17:43:13.530+0000] {dagbag.py:545} INFO - Filling up the DagBag from /home/airflow/.local/lib/python3.12/site-packages/airflow/example_dags/example_task_group.py
[2024-06-26T17:43:13.534+0000] {processor.py:840} INFO - DAG(s) 'example_task_group' retrieved from /home/airflow/.local/lib/python3.12/site-packages/airflow/example_dags/example_task_group.py
[2024-06-26T17:43:13.543+0000] {logging_mixin.py:188} INFO - [2024-06-26T17:43:13.542+0000] {dag.py:3096} INFO - Sync 1 DAGs
[2024-06-26T17:43:13.550+0000] {logging_mixin.py:188} INFO - [2024-06-26T17:43:13.550+0000] {dag.py:3954} INFO - Setting next_dagrun for example_task_group to 2024-06-25 00:00:00+00:00, run_after=2024-06-26 00:00:00+00:00
[2024-06-26T17:43:13.556+0000] {processor.py:183} INFO - Processing /home/airflow/.local/lib/python3.12/site-packages/airflow/example_dags/example_task_group.py took 0.030 seconds
[2024-06-26T17:43:43.944+0000] {processor.py:161} INFO - Started process (PID=1589) to work on /home/airflow/.local/lib/python3.12/site-packages/airflow/example_dags/example_task_group.py
[2024-06-26T17:43:43.944+0000] {processor.py:830} INFO - Processing file /home/airflow/.local/lib/python3.12/site-packages/airflow/example_dags/example_task_group.py for tasks to queue
[2024-06-26T17:43:43.945+0000] {logging_mixin.py:188} INFO - [2024-06-26T17:43:43.945+0000] {dagbag.py:545} INFO - Filling up the DagBag from /home/airflow/.local/lib/python3.12/site-packages/airflow/example_dags/example_task_group.py
[2024-06-26T17:43:43.948+0000] {processor.py:840} INFO - DAG(s) 'example_task_group' retrieved from /home/airflow/.local/lib/python3.12/site-packages/airflow/example_dags/example_task_group.py
[2024-06-26T17:43:43.957+0000] {logging_mixin.py:188} INFO - [2024-06-26T17:43:43.956+0000] {dag.py:3096} INFO - Sync 1 DAGs
[2024-06-26T17:43:43.965+0000] {logging_mixin.py:188} INFO - [2024-06-26T17:43:43.965+0000] {dag.py:3954} INFO - Setting next_dagrun for example_task_group to 2024-06-25 00:00:00+00:00, run_after=2024-06-26 00:00:00+00:00
[2024-06-26T17:43:43.971+0000] {processor.py:183} INFO - Processing /home/airflow/.local/lib/python3.12/site-packages/airflow/example_dags/example_task_group.py took 0.030 seconds
[2024-06-26T17:44:14.145+0000] {processor.py:161} INFO - Started process (PID=1849) to work on /home/airflow/.local/lib/python3.12/site-packages/airflow/example_dags/example_task_group.py
[2024-06-26T17:44:14.146+0000] {processor.py:830} INFO - Processing file /home/airflow/.local/lib/python3.12/site-packages/airflow/example_dags/example_task_group.py for tasks to queue
[2024-06-26T17:44:14.147+0000] {logging_mixin.py:188} INFO - [2024-06-26T17:44:14.147+0000] {dagbag.py:545} INFO - Filling up the DagBag from /home/airflow/.local/lib/python3.12/site-packages/airflow/example_dags/example_task_group.py
[2024-06-26T17:44:14.149+0000] {processor.py:840} INFO - DAG(s) 'example_task_group' retrieved from /home/airflow/.local/lib/python3.12/site-packages/airflow/example_dags/example_task_group.py
[2024-06-26T17:44:14.157+0000] {logging_mixin.py:188} INFO - [2024-06-26T17:44:14.157+0000] {dag.py:3096} INFO - Sync 1 DAGs
[2024-06-26T17:44:14.166+0000] {logging_mixin.py:188} INFO - [2024-06-26T17:44:14.165+0000] {dag.py:3954} INFO - Setting next_dagrun for example_task_group to 2024-06-25 00:00:00+00:00, run_after=2024-06-26 00:00:00+00:00
[2024-06-26T17:44:14.172+0000] {processor.py:183} INFO - Processing /home/airflow/.local/lib/python3.12/site-packages/airflow/example_dags/example_task_group.py took 0.029 seconds
[2024-06-26T17:44:44.405+0000] {processor.py:161} INFO - Started process (PID=2113) to work on /home/airflow/.local/lib/python3.12/site-packages/airflow/example_dags/example_task_group.py
[2024-06-26T17:44:44.406+0000] {processor.py:830} INFO - Processing file /home/airflow/.local/lib/python3.12/site-packages/airflow/example_dags/example_task_group.py for tasks to queue
[2024-06-26T17:44:44.406+0000] {logging_mixin.py:188} INFO - [2024-06-26T17:44:44.406+0000] {dagbag.py:545} INFO - Filling up the DagBag from /home/airflow/.local/lib/python3.12/site-packages/airflow/example_dags/example_task_group.py
[2024-06-26T17:44:44.409+0000] {processor.py:840} INFO - DAG(s) 'example_task_group' retrieved from /home/airflow/.local/lib/python3.12/site-packages/airflow/example_dags/example_task_group.py
[2024-06-26T17:44:44.417+0000] {logging_mixin.py:188} INFO - [2024-06-26T17:44:44.416+0000] {dag.py:3096} INFO - Sync 1 DAGs
[2024-06-26T17:44:44.424+0000] {logging_mixin.py:188} INFO - [2024-06-26T17:44:44.424+0000] {dag.py:3954} INFO - Setting next_dagrun for example_task_group to 2024-06-25 00:00:00+00:00, run_after=2024-06-26 00:00:00+00:00
[2024-06-26T17:44:44.429+0000] {processor.py:183} INFO - Processing /home/airflow/.local/lib/python3.12/site-packages/airflow/example_dags/example_task_group.py took 0.026 seconds
[2024-06-26T17:45:14.670+0000] {processor.py:161} INFO - Started process (PID=2373) to work on /home/airflow/.local/lib/python3.12/site-packages/airflow/example_dags/example_task_group.py
[2024-06-26T17:45:14.671+0000] {processor.py:830} INFO - Processing file /home/airflow/.local/lib/python3.12/site-packages/airflow/example_dags/example_task_group.py for tasks to queue
[2024-06-26T17:45:14.671+0000] {logging_mixin.py:188} INFO - [2024-06-26T17:45:14.671+0000] {dagbag.py:545} INFO - Filling up the DagBag from /home/airflow/.local/lib/python3.12/site-packages/airflow/example_dags/example_task_group.py
[2024-06-26T17:45:14.674+0000] {processor.py:840} INFO - DAG(s) 'example_task_group' retrieved from /home/airflow/.local/lib/python3.12/site-packages/airflow/example_dags/example_task_group.py
[2024-06-26T17:45:14.683+0000] {logging_mixin.py:188} INFO - [2024-06-26T17:45:14.683+0000] {dag.py:3096} INFO - Sync 1 DAGs
[2024-06-26T17:45:14.691+0000] {logging_mixin.py:188} INFO - [2024-06-26T17:45:14.691+0000] {dag.py:3954} INFO - Setting next_dagrun for example_task_group to 2024-06-25 00:00:00+00:00, run_after=2024-06-26 00:00:00+00:00
[2024-06-26T17:45:14.698+0000] {processor.py:183} INFO - Processing /home/airflow/.local/lib/python3.12/site-packages/airflow/example_dags/example_task_group.py took 0.030 seconds
[2024-06-26T17:45:45.063+0000] {processor.py:161} INFO - Started process (PID=2635) to work on /home/airflow/.local/lib/python3.12/site-packages/airflow/example_dags/example_task_group.py
[2024-06-26T17:45:45.063+0000] {processor.py:830} INFO - Processing file /home/airflow/.local/lib/python3.12/site-packages/airflow/example_dags/example_task_group.py for tasks to queue
[2024-06-26T17:45:45.064+0000] {logging_mixin.py:188} INFO - [2024-06-26T17:45:45.064+0000] {dagbag.py:545} INFO - Filling up the DagBag from /home/airflow/.local/lib/python3.12/site-packages/airflow/example_dags/example_task_group.py
[2024-06-26T17:45:45.068+0000] {processor.py:840} INFO - DAG(s) 'example_task_group' retrieved from /home/airflow/.local/lib/python3.12/site-packages/airflow/example_dags/example_task_group.py
[2024-06-26T17:45:45.077+0000] {logging_mixin.py:188} INFO - [2024-06-26T17:45:45.077+0000] {dag.py:3096} INFO - Sync 1 DAGs
[2024-06-26T17:45:45.087+0000] {logging_mixin.py:188} INFO - [2024-06-26T17:45:45.087+0000] {dag.py:3954} INFO - Setting next_dagrun for example_task_group to 2024-06-25 00:00:00+00:00, run_after=2024-06-26 00:00:00+00:00
[2024-06-26T17:45:45.094+0000] {processor.py:183} INFO - Processing /home/airflow/.local/lib/python3.12/site-packages/airflow/example_dags/example_task_group.py took 0.034 seconds
[2024-06-26T17:46:15.491+0000] {processor.py:161} INFO - Started process (PID=2899) to work on /home/airflow/.local/lib/python3.12/site-packages/airflow/example_dags/example_task_group.py
[2024-06-26T17:46:15.491+0000] {processor.py:830} INFO - Processing file /home/airflow/.local/lib/python3.12/site-packages/airflow/example_dags/example_task_group.py for tasks to queue
[2024-06-26T17:46:15.492+0000] {logging_mixin.py:188} INFO - [2024-06-26T17:46:15.492+0000] {dagbag.py:545} INFO - Filling up the DagBag from /home/airflow/.local/lib/python3.12/site-packages/airflow/example_dags/example_task_group.py
[2024-06-26T17:46:15.495+0000] {processor.py:840} INFO - DAG(s) 'example_task_group' retrieved from /home/airflow/.local/lib/python3.12/site-packages/airflow/example_dags/example_task_group.py
[2024-06-26T17:46:15.504+0000] {logging_mixin.py:188} INFO - [2024-06-26T17:46:15.504+0000] {dag.py:3096} INFO - Sync 1 DAGs
[2024-06-26T17:46:15.512+0000] {logging_mixin.py:188} INFO - [2024-06-26T17:46:15.512+0000] {dag.py:3954} INFO - Setting next_dagrun for example_task_group to 2024-06-25 00:00:00+00:00, run_after=2024-06-26 00:00:00+00:00
[2024-06-26T17:46:15.518+0000] {processor.py:183} INFO - Processing /home/airflow/.local/lib/python3.12/site-packages/airflow/example_dags/example_task_group.py took 0.030 seconds
[2024-06-26T17:46:45.766+0000] {processor.py:161} INFO - Started process (PID=3184) to work on /home/airflow/.local/lib/python3.12/site-packages/airflow/example_dags/example_task_group.py
[2024-06-26T17:46:45.766+0000] {processor.py:830} INFO - Processing file /home/airflow/.local/lib/python3.12/site-packages/airflow/example_dags/example_task_group.py for tasks to queue
[2024-06-26T17:46:45.767+0000] {logging_mixin.py:188} INFO - [2024-06-26T17:46:45.767+0000] {dagbag.py:545} INFO - Filling up the DagBag from /home/airflow/.local/lib/python3.12/site-packages/airflow/example_dags/example_task_group.py
[2024-06-26T17:46:45.770+0000] {processor.py:840} INFO - DAG(s) 'example_task_group' retrieved from /home/airflow/.local/lib/python3.12/site-packages/airflow/example_dags/example_task_group.py
[2024-06-26T17:46:45.778+0000] {logging_mixin.py:188} INFO - [2024-06-26T17:46:45.778+0000] {dag.py:3096} INFO - Sync 1 DAGs
[2024-06-26T17:46:45.786+0000] {logging_mixin.py:188} INFO - [2024-06-26T17:46:45.786+0000] {dag.py:3954} INFO - Setting next_dagrun for example_task_group to 2024-06-25 00:00:00+00:00, run_after=2024-06-26 00:00:00+00:00
[2024-06-26T17:46:45.792+0000] {processor.py:183} INFO - Processing /home/airflow/.local/lib/python3.12/site-packages/airflow/example_dags/example_task_group.py took 0.029 seconds
[2024-06-26T17:47:15.986+0000] {processor.py:161} INFO - Started process (PID=3446) to work on /home/airflow/.local/lib/python3.12/site-packages/airflow/example_dags/example_task_group.py
[2024-06-26T17:47:15.986+0000] {processor.py:830} INFO - Processing file /home/airflow/.local/lib/python3.12/site-packages/airflow/example_dags/example_task_group.py for tasks to queue
[2024-06-26T17:47:15.987+0000] {logging_mixin.py:188} INFO - [2024-06-26T17:47:15.987+0000] {dagbag.py:545} INFO - Filling up the DagBag from /home/airflow/.local/lib/python3.12/site-packages/airflow/example_dags/example_task_group.py
[2024-06-26T17:47:15.990+0000] {processor.py:840} INFO - DAG(s) 'example_task_group' retrieved from /home/airflow/.local/lib/python3.12/site-packages/airflow/example_dags/example_task_group.py
[2024-06-26T17:47:15.998+0000] {logging_mixin.py:188} INFO - [2024-06-26T17:47:15.998+0000] {dag.py:3096} INFO - Sync 1 DAGs
[2024-06-26T17:47:16.006+0000] {logging_mixin.py:188} INFO - [2024-06-26T17:47:16.006+0000] {dag.py:3954} INFO - Setting next_dagrun for example_task_group to 2024-06-25 00:00:00+00:00, run_after=2024-06-26 00:00:00+00:00
[2024-06-26T17:47:16.012+0000] {processor.py:183} INFO - Processing /home/airflow/.local/lib/python3.12/site-packages/airflow/example_dags/example_task_group.py took 0.029 seconds
[2024-06-26T17:47:46.259+0000] {processor.py:161} INFO - Started process (PID=3708) to work on /home/airflow/.local/lib/python3.12/site-packages/airflow/example_dags/example_task_group.py
[2024-06-26T17:47:46.259+0000] {processor.py:830} INFO - Processing file /home/airflow/.local/lib/python3.12/site-packages/airflow/example_dags/example_task_group.py for tasks to queue
[2024-06-26T17:47:46.260+0000] {logging_mixin.py:188} INFO - [2024-06-26T17:47:46.260+0000] {dagbag.py:545} INFO - Filling up the DagBag from /home/airflow/.local/lib/python3.12/site-packages/airflow/example_dags/example_task_group.py
[2024-06-26T17:47:46.263+0000] {processor.py:840} INFO - DAG(s) 'example_task_group' retrieved from /home/airflow/.local/lib/python3.12/site-packages/airflow/example_dags/example_task_group.py
[2024-06-26T17:47:46.272+0000] {logging_mixin.py:188} INFO - [2024-06-26T17:47:46.272+0000] {dag.py:3096} INFO - Sync 1 DAGs
[2024-06-26T17:47:46.280+0000] {logging_mixin.py:188} INFO - [2024-06-26T17:47:46.280+0000] {dag.py:3954} INFO - Setting next_dagrun for example_task_group to 2024-06-25 00:00:00+00:00, run_after=2024-06-26 00:00:00+00:00
[2024-06-26T17:47:46.286+0000] {processor.py:183} INFO - Processing /home/airflow/.local/lib/python3.12/site-packages/airflow/example_dags/example_task_group.py took 0.029 seconds
[2024-06-26T17:48:16.565+0000] {processor.py:161} INFO - Started process (PID=3970) to work on /home/airflow/.local/lib/python3.12/site-packages/airflow/example_dags/example_task_group.py
[2024-06-26T17:48:16.565+0000] {processor.py:830} INFO - Processing file /home/airflow/.local/lib/python3.12/site-packages/airflow/example_dags/example_task_group.py for tasks to queue
[2024-06-26T17:48:16.566+0000] {logging_mixin.py:188} INFO - [2024-06-26T17:48:16.566+0000] {dagbag.py:545} INFO - Filling up the DagBag from /home/airflow/.local/lib/python3.12/site-packages/airflow/example_dags/example_task_group.py
[2024-06-26T17:48:16.568+0000] {processor.py:840} INFO - DAG(s) 'example_task_group' retrieved from /home/airflow/.local/lib/python3.12/site-packages/airflow/example_dags/example_task_group.py
[2024-06-26T17:48:16.576+0000] {logging_mixin.py:188} INFO - [2024-06-26T17:48:16.576+0000] {dag.py:3096} INFO - Sync 1 DAGs
[2024-06-26T17:48:16.584+0000] {logging_mixin.py:188} INFO - [2024-06-26T17:48:16.584+0000] {dag.py:3954} INFO - Setting next_dagrun for example_task_group to 2024-06-25 00:00:00+00:00, run_after=2024-06-26 00:00:00+00:00
[2024-06-26T17:48:16.590+0000] {processor.py:183} INFO - Processing /home/airflow/.local/lib/python3.12/site-packages/airflow/example_dags/example_task_group.py took 0.027 seconds
[2024-06-26T17:48:46.837+0000] {processor.py:161} INFO - Started process (PID=4257) to work on /home/airflow/.local/lib/python3.12/site-packages/airflow/example_dags/example_task_group.py
[2024-06-26T17:48:46.837+0000] {processor.py:830} INFO - Processing file /home/airflow/.local/lib/python3.12/site-packages/airflow/example_dags/example_task_group.py for tasks to queue
[2024-06-26T17:48:46.838+0000] {logging_mixin.py:188} INFO - [2024-06-26T17:48:46.837+0000] {dagbag.py:545} INFO - Filling up the DagBag from /home/airflow/.local/lib/python3.12/site-packages/airflow/example_dags/example_task_group.py
[2024-06-26T17:48:46.840+0000] {processor.py:840} INFO - DAG(s) 'example_task_group' retrieved from /home/airflow/.local/lib/python3.12/site-packages/airflow/example_dags/example_task_group.py
[2024-06-26T17:48:46.848+0000] {logging_mixin.py:188} INFO - [2024-06-26T17:48:46.848+0000] {dag.py:3096} INFO - Sync 1 DAGs
[2024-06-26T17:48:46.855+0000] {logging_mixin.py:188} INFO - [2024-06-26T17:48:46.855+0000] {dag.py:3954} INFO - Setting next_dagrun for example_task_group to 2024-06-25 00:00:00+00:00, run_after=2024-06-26 00:00:00+00:00
[2024-06-26T17:48:46.862+0000] {processor.py:183} INFO - Processing /home/airflow/.local/lib/python3.12/site-packages/airflow/example_dags/example_task_group.py took 0.027 seconds
[2024-06-26T17:49:17.055+0000] {processor.py:161} INFO - Started process (PID=4519) to work on /home/airflow/.local/lib/python3.12/site-packages/airflow/example_dags/example_task_group.py
[2024-06-26T17:49:17.056+0000] {processor.py:830} INFO - Processing file /home/airflow/.local/lib/python3.12/site-packages/airflow/example_dags/example_task_group.py for tasks to queue
[2024-06-26T17:49:17.056+0000] {logging_mixin.py:188} INFO - [2024-06-26T17:49:17.056+0000] {dagbag.py:545} INFO - Filling up the DagBag from /home/airflow/.local/lib/python3.12/site-packages/airflow/example_dags/example_task_group.py
[2024-06-26T17:49:17.059+0000] {processor.py:840} INFO - DAG(s) 'example_task_group' retrieved from /home/airflow/.local/lib/python3.12/site-packages/airflow/example_dags/example_task_group.py
[2024-06-26T17:49:17.068+0000] {logging_mixin.py:188} INFO - [2024-06-26T17:49:17.067+0000] {dag.py:3096} INFO - Sync 1 DAGs
[2024-06-26T17:49:17.075+0000] {logging_mixin.py:188} INFO - [2024-06-26T17:49:17.075+0000] {dag.py:3954} INFO - Setting next_dagrun for example_task_group to 2024-06-25 00:00:00+00:00, run_after=2024-06-26 00:00:00+00:00
[2024-06-26T17:49:17.082+0000] {processor.py:183} INFO - Processing /home/airflow/.local/lib/python3.12/site-packages/airflow/example_dags/example_task_group.py took 0.029 seconds
[2024-06-26T17:49:47.359+0000] {processor.py:161} INFO - Started process (PID=4781) to work on /home/airflow/.local/lib/python3.12/site-packages/airflow/example_dags/example_task_group.py
[2024-06-26T17:49:47.359+0000] {processor.py:830} INFO - Processing file /home/airflow/.local/lib/python3.12/site-packages/airflow/example_dags/example_task_group.py for tasks to queue
[2024-06-26T17:49:47.360+0000] {logging_mixin.py:188} INFO - [2024-06-26T17:49:47.360+0000] {dagbag.py:545} INFO - Filling up the DagBag from /home/airflow/.local/lib/python3.12/site-packages/airflow/example_dags/example_task_group.py
[2024-06-26T17:49:47.363+0000] {processor.py:840} INFO - DAG(s) 'example_task_group' retrieved from /home/airflow/.local/lib/python3.12/site-packages/airflow/example_dags/example_task_group.py
[2024-06-26T17:49:47.372+0000] {logging_mixin.py:188} INFO - [2024-06-26T17:49:47.371+0000] {dag.py:3096} INFO - Sync 1 DAGs
[2024-06-26T17:49:47.380+0000] {logging_mixin.py:188} INFO - [2024-06-26T17:49:47.380+0000] {dag.py:3954} INFO - Setting next_dagrun for example_task_group to 2024-06-25 00:00:00+00:00, run_after=2024-06-26 00:00:00+00:00
[2024-06-26T17:49:47.386+0000] {processor.py:183} INFO - Processing /home/airflow/.local/lib/python3.12/site-packages/airflow/example_dags/example_task_group.py took 0.030 seconds
[2024-06-26T17:50:17.700+0000] {processor.py:161} INFO - Started process (PID=5043) to work on /home/airflow/.local/lib/python3.12/site-packages/airflow/example_dags/example_task_group.py
[2024-06-26T17:50:17.701+0000] {processor.py:830} INFO - Processing file /home/airflow/.local/lib/python3.12/site-packages/airflow/example_dags/example_task_group.py for tasks to queue
[2024-06-26T17:50:17.702+0000] {logging_mixin.py:188} INFO - [2024-06-26T17:50:17.701+0000] {dagbag.py:545} INFO - Filling up the DagBag from /home/airflow/.local/lib/python3.12/site-packages/airflow/example_dags/example_task_group.py
[2024-06-26T17:50:17.705+0000] {processor.py:840} INFO - DAG(s) 'example_task_group' retrieved from /home/airflow/.local/lib/python3.12/site-packages/airflow/example_dags/example_task_group.py
[2024-06-26T17:50:17.713+0000] {logging_mixin.py:188} INFO - [2024-06-26T17:50:17.713+0000] {dag.py:3096} INFO - Sync 1 DAGs
[2024-06-26T17:50:17.721+0000] {logging_mixin.py:188} INFO - [2024-06-26T17:50:17.721+0000] {dag.py:3954} INFO - Setting next_dagrun for example_task_group to 2024-06-25 00:00:00+00:00, run_after=2024-06-26 00:00:00+00:00
[2024-06-26T17:50:17.728+0000] {processor.py:183} INFO - Processing /home/airflow/.local/lib/python3.12/site-packages/airflow/example_dags/example_task_group.py took 0.030 seconds
[2024-06-26T17:50:48.140+0000] {processor.py:161} INFO - Started process (PID=5307) to work on /home/airflow/.local/lib/python3.12/site-packages/airflow/example_dags/example_task_group.py
[2024-06-26T17:50:48.140+0000] {processor.py:830} INFO - Processing file /home/airflow/.local/lib/python3.12/site-packages/airflow/example_dags/example_task_group.py for tasks to queue
[2024-06-26T17:50:48.141+0000] {logging_mixin.py:188} INFO - [2024-06-26T17:50:48.141+0000] {dagbag.py:545} INFO - Filling up the DagBag from /home/airflow/.local/lib/python3.12/site-packages/airflow/example_dags/example_task_group.py
[2024-06-26T17:50:48.143+0000] {processor.py:840} INFO - DAG(s) 'example_task_group' retrieved from /home/airflow/.local/lib/python3.12/site-packages/airflow/example_dags/example_task_group.py
[2024-06-26T17:50:48.151+0000] {logging_mixin.py:188} INFO - [2024-06-26T17:50:48.151+0000] {dag.py:3096} INFO - Sync 1 DAGs
[2024-06-26T17:50:48.158+0000] {logging_mixin.py:188} INFO - [2024-06-26T17:50:48.158+0000] {dag.py:3954} INFO - Setting next_dagrun for example_task_group to 2024-06-25 00:00:00+00:00, run_after=2024-06-26 00:00:00+00:00
[2024-06-26T17:50:48.164+0000] {processor.py:183} INFO - Processing /home/airflow/.local/lib/python3.12/site-packages/airflow/example_dags/example_task_group.py took 0.026 seconds
