[2024-06-26T17:41:11.961+0000] {processor.py:161} INFO - Started process (PID=312) to work on /home/airflow/.local/lib/python3.12/site-packages/airflow/example_dags/example_trigger_target_dag.py
[2024-06-26T17:41:11.962+0000] {processor.py:830} INFO - Processing file /home/airflow/.local/lib/python3.12/site-packages/airflow/example_dags/example_trigger_target_dag.py for tasks to queue
[2024-06-26T17:41:11.963+0000] {logging_mixin.py:188} INFO - [2024-06-26T17:41:11.962+0000] {dagbag.py:545} INFO - Filling up the DagBag from /home/airflow/.local/lib/python3.12/site-packages/airflow/example_dags/example_trigger_target_dag.py
[2024-06-26T17:41:11.965+0000] {processor.py:840} INFO - DAG(s) 'example_trigger_target_dag' retrieved from /home/airflow/.local/lib/python3.12/site-packages/airflow/example_dags/example_trigger_target_dag.py
[2024-06-26T17:41:11.971+0000] {logging_mixin.py:188} INFO - [2024-06-26T17:41:11.971+0000] {dag.py:3096} INFO - Sync 1 DAGs
[2024-06-26T17:41:11.978+0000] {logging_mixin.py:188} INFO - [2024-06-26T17:41:11.978+0000] {dag.py:3954} INFO - Setting next_dagrun for example_trigger_target_dag to None, run_after=None
[2024-06-26T17:41:11.987+0000] {processor.py:183} INFO - Processing /home/airflow/.local/lib/python3.12/site-packages/airflow/example_dags/example_trigger_target_dag.py took 0.028 seconds
[2024-06-26T17:41:42.442+0000] {processor.py:161} INFO - Started process (PID=574) to work on /home/airflow/.local/lib/python3.12/site-packages/airflow/example_dags/example_trigger_target_dag.py
[2024-06-26T17:41:42.442+0000] {processor.py:830} INFO - Processing file /home/airflow/.local/lib/python3.12/site-packages/airflow/example_dags/example_trigger_target_dag.py for tasks to queue
[2024-06-26T17:41:42.443+0000] {logging_mixin.py:188} INFO - [2024-06-26T17:41:42.443+0000] {dagbag.py:545} INFO - Filling up the DagBag from /home/airflow/.local/lib/python3.12/site-packages/airflow/example_dags/example_trigger_target_dag.py
[2024-06-26T17:41:42.445+0000] {processor.py:840} INFO - DAG(s) 'example_trigger_target_dag' retrieved from /home/airflow/.local/lib/python3.12/site-packages/airflow/example_dags/example_trigger_target_dag.py
[2024-06-26T17:41:42.479+0000] {logging_mixin.py:188} INFO - [2024-06-26T17:41:42.479+0000] {dag.py:3096} INFO - Sync 1 DAGs
[2024-06-26T17:41:42.483+0000] {logging_mixin.py:188} INFO - [2024-06-26T17:41:42.483+0000] {dag.py:3954} INFO - Setting next_dagrun for example_trigger_target_dag to None, run_after=None
[2024-06-26T17:41:42.490+0000] {processor.py:183} INFO - Processing /home/airflow/.local/lib/python3.12/site-packages/airflow/example_dags/example_trigger_target_dag.py took 0.051 seconds
[2024-06-26T17:42:13.046+0000] {processor.py:161} INFO - Started process (PID=838) to work on /home/airflow/.local/lib/python3.12/site-packages/airflow/example_dags/example_trigger_target_dag.py
[2024-06-26T17:42:13.046+0000] {processor.py:830} INFO - Processing file /home/airflow/.local/lib/python3.12/site-packages/airflow/example_dags/example_trigger_target_dag.py for tasks to queue
[2024-06-26T17:42:13.047+0000] {logging_mixin.py:188} INFO - [2024-06-26T17:42:13.046+0000] {dagbag.py:545} INFO - Filling up the DagBag from /home/airflow/.local/lib/python3.12/site-packages/airflow/example_dags/example_trigger_target_dag.py
[2024-06-26T17:42:13.049+0000] {processor.py:840} INFO - DAG(s) 'example_trigger_target_dag' retrieved from /home/airflow/.local/lib/python3.12/site-packages/airflow/example_dags/example_trigger_target_dag.py
[2024-06-26T17:42:13.055+0000] {logging_mixin.py:188} INFO - [2024-06-26T17:42:13.055+0000] {dag.py:3096} INFO - Sync 1 DAGs
[2024-06-26T17:42:13.060+0000] {logging_mixin.py:188} INFO - [2024-06-26T17:42:13.060+0000] {dag.py:3954} INFO - Setting next_dagrun for example_trigger_target_dag to None, run_after=None
[2024-06-26T17:42:13.066+0000] {processor.py:183} INFO - Processing /home/airflow/.local/lib/python3.12/site-packages/airflow/example_dags/example_trigger_target_dag.py took 0.022 seconds
[2024-06-26T17:42:43.313+0000] {processor.py:161} INFO - Started process (PID=1098) to work on /home/airflow/.local/lib/python3.12/site-packages/airflow/example_dags/example_trigger_target_dag.py
[2024-06-26T17:42:43.313+0000] {processor.py:830} INFO - Processing file /home/airflow/.local/lib/python3.12/site-packages/airflow/example_dags/example_trigger_target_dag.py for tasks to queue
[2024-06-26T17:42:43.314+0000] {logging_mixin.py:188} INFO - [2024-06-26T17:42:43.313+0000] {dagbag.py:545} INFO - Filling up the DagBag from /home/airflow/.local/lib/python3.12/site-packages/airflow/example_dags/example_trigger_target_dag.py
[2024-06-26T17:42:43.316+0000] {processor.py:840} INFO - DAG(s) 'example_trigger_target_dag' retrieved from /home/airflow/.local/lib/python3.12/site-packages/airflow/example_dags/example_trigger_target_dag.py
[2024-06-26T17:42:43.323+0000] {logging_mixin.py:188} INFO - [2024-06-26T17:42:43.322+0000] {dag.py:3096} INFO - Sync 1 DAGs
[2024-06-26T17:42:43.327+0000] {logging_mixin.py:188} INFO - [2024-06-26T17:42:43.327+0000] {dag.py:3954} INFO - Setting next_dagrun for example_trigger_target_dag to None, run_after=None
[2024-06-26T17:42:43.333+0000] {processor.py:183} INFO - Processing /home/airflow/.local/lib/python3.12/site-packages/airflow/example_dags/example_trigger_target_dag.py took 0.023 seconds
[2024-06-26T17:43:13.688+0000] {processor.py:161} INFO - Started process (PID=1360) to work on /home/airflow/.local/lib/python3.12/site-packages/airflow/example_dags/example_trigger_target_dag.py
[2024-06-26T17:43:13.689+0000] {processor.py:830} INFO - Processing file /home/airflow/.local/lib/python3.12/site-packages/airflow/example_dags/example_trigger_target_dag.py for tasks to queue
[2024-06-26T17:43:13.689+0000] {logging_mixin.py:188} INFO - [2024-06-26T17:43:13.689+0000] {dagbag.py:545} INFO - Filling up the DagBag from /home/airflow/.local/lib/python3.12/site-packages/airflow/example_dags/example_trigger_target_dag.py
[2024-06-26T17:43:13.692+0000] {processor.py:840} INFO - DAG(s) 'example_trigger_target_dag' retrieved from /home/airflow/.local/lib/python3.12/site-packages/airflow/example_dags/example_trigger_target_dag.py
[2024-06-26T17:43:13.698+0000] {logging_mixin.py:188} INFO - [2024-06-26T17:43:13.698+0000] {dag.py:3096} INFO - Sync 1 DAGs
[2024-06-26T17:43:13.703+0000] {logging_mixin.py:188} INFO - [2024-06-26T17:43:13.703+0000] {dag.py:3954} INFO - Setting next_dagrun for example_trigger_target_dag to None, run_after=None
[2024-06-26T17:43:13.709+0000] {processor.py:183} INFO - Processing /home/airflow/.local/lib/python3.12/site-packages/airflow/example_dags/example_trigger_target_dag.py took 0.023 seconds
[2024-06-26T17:43:44.095+0000] {processor.py:161} INFO - Started process (PID=1622) to work on /home/airflow/.local/lib/python3.12/site-packages/airflow/example_dags/example_trigger_target_dag.py
[2024-06-26T17:43:44.095+0000] {processor.py:830} INFO - Processing file /home/airflow/.local/lib/python3.12/site-packages/airflow/example_dags/example_trigger_target_dag.py for tasks to queue
[2024-06-26T17:43:44.096+0000] {logging_mixin.py:188} INFO - [2024-06-26T17:43:44.095+0000] {dagbag.py:545} INFO - Filling up the DagBag from /home/airflow/.local/lib/python3.12/site-packages/airflow/example_dags/example_trigger_target_dag.py
[2024-06-26T17:43:44.098+0000] {processor.py:840} INFO - DAG(s) 'example_trigger_target_dag' retrieved from /home/airflow/.local/lib/python3.12/site-packages/airflow/example_dags/example_trigger_target_dag.py
[2024-06-26T17:43:44.104+0000] {logging_mixin.py:188} INFO - [2024-06-26T17:43:44.104+0000] {dag.py:3096} INFO - Sync 1 DAGs
[2024-06-26T17:43:44.109+0000] {logging_mixin.py:188} INFO - [2024-06-26T17:43:44.108+0000] {dag.py:3954} INFO - Setting next_dagrun for example_trigger_target_dag to None, run_after=None
[2024-06-26T17:43:44.115+0000] {processor.py:183} INFO - Processing /home/airflow/.local/lib/python3.12/site-packages/airflow/example_dags/example_trigger_target_dag.py took 0.022 seconds
[2024-06-26T17:44:14.271+0000] {processor.py:161} INFO - Started process (PID=1884) to work on /home/airflow/.local/lib/python3.12/site-packages/airflow/example_dags/example_trigger_target_dag.py
[2024-06-26T17:44:14.272+0000] {processor.py:830} INFO - Processing file /home/airflow/.local/lib/python3.12/site-packages/airflow/example_dags/example_trigger_target_dag.py for tasks to queue
[2024-06-26T17:44:14.272+0000] {logging_mixin.py:188} INFO - [2024-06-26T17:44:14.272+0000] {dagbag.py:545} INFO - Filling up the DagBag from /home/airflow/.local/lib/python3.12/site-packages/airflow/example_dags/example_trigger_target_dag.py
[2024-06-26T17:44:14.275+0000] {processor.py:840} INFO - DAG(s) 'example_trigger_target_dag' retrieved from /home/airflow/.local/lib/python3.12/site-packages/airflow/example_dags/example_trigger_target_dag.py
[2024-06-26T17:44:14.281+0000] {logging_mixin.py:188} INFO - [2024-06-26T17:44:14.281+0000] {dag.py:3096} INFO - Sync 1 DAGs
[2024-06-26T17:44:14.286+0000] {logging_mixin.py:188} INFO - [2024-06-26T17:44:14.286+0000] {dag.py:3954} INFO - Setting next_dagrun for example_trigger_target_dag to None, run_after=None
[2024-06-26T17:44:14.292+0000] {processor.py:183} INFO - Processing /home/airflow/.local/lib/python3.12/site-packages/airflow/example_dags/example_trigger_target_dag.py took 0.023 seconds
[2024-06-26T17:44:44.580+0000] {processor.py:161} INFO - Started process (PID=2148) to work on /home/airflow/.local/lib/python3.12/site-packages/airflow/example_dags/example_trigger_target_dag.py
[2024-06-26T17:44:44.580+0000] {processor.py:830} INFO - Processing file /home/airflow/.local/lib/python3.12/site-packages/airflow/example_dags/example_trigger_target_dag.py for tasks to queue
[2024-06-26T17:44:44.581+0000] {logging_mixin.py:188} INFO - [2024-06-26T17:44:44.580+0000] {dagbag.py:545} INFO - Filling up the DagBag from /home/airflow/.local/lib/python3.12/site-packages/airflow/example_dags/example_trigger_target_dag.py
[2024-06-26T17:44:44.583+0000] {processor.py:840} INFO - DAG(s) 'example_trigger_target_dag' retrieved from /home/airflow/.local/lib/python3.12/site-packages/airflow/example_dags/example_trigger_target_dag.py
[2024-06-26T17:44:44.590+0000] {logging_mixin.py:188} INFO - [2024-06-26T17:44:44.590+0000] {dag.py:3096} INFO - Sync 1 DAGs
[2024-06-26T17:44:44.595+0000] {logging_mixin.py:188} INFO - [2024-06-26T17:44:44.595+0000] {dag.py:3954} INFO - Setting next_dagrun for example_trigger_target_dag to None, run_after=None
[2024-06-26T17:44:44.602+0000] {processor.py:183} INFO - Processing /home/airflow/.local/lib/python3.12/site-packages/airflow/example_dags/example_trigger_target_dag.py took 0.025 seconds
[2024-06-26T17:45:14.808+0000] {processor.py:161} INFO - Started process (PID=2408) to work on /home/airflow/.local/lib/python3.12/site-packages/airflow/example_dags/example_trigger_target_dag.py
[2024-06-26T17:45:14.808+0000] {processor.py:830} INFO - Processing file /home/airflow/.local/lib/python3.12/site-packages/airflow/example_dags/example_trigger_target_dag.py for tasks to queue
[2024-06-26T17:45:14.809+0000] {logging_mixin.py:188} INFO - [2024-06-26T17:45:14.809+0000] {dagbag.py:545} INFO - Filling up the DagBag from /home/airflow/.local/lib/python3.12/site-packages/airflow/example_dags/example_trigger_target_dag.py
[2024-06-26T17:45:14.811+0000] {processor.py:840} INFO - DAG(s) 'example_trigger_target_dag' retrieved from /home/airflow/.local/lib/python3.12/site-packages/airflow/example_dags/example_trigger_target_dag.py
[2024-06-26T17:45:14.820+0000] {logging_mixin.py:188} INFO - [2024-06-26T17:45:14.819+0000] {dag.py:3096} INFO - Sync 1 DAGs
[2024-06-26T17:45:14.824+0000] {logging_mixin.py:188} INFO - [2024-06-26T17:45:14.824+0000] {dag.py:3954} INFO - Setting next_dagrun for example_trigger_target_dag to None, run_after=None
[2024-06-26T17:45:14.830+0000] {processor.py:183} INFO - Processing /home/airflow/.local/lib/python3.12/site-packages/airflow/example_dags/example_trigger_target_dag.py took 0.025 seconds
[2024-06-26T17:45:45.206+0000] {processor.py:161} INFO - Started process (PID=2670) to work on /home/airflow/.local/lib/python3.12/site-packages/airflow/example_dags/example_trigger_target_dag.py
[2024-06-26T17:45:45.206+0000] {processor.py:830} INFO - Processing file /home/airflow/.local/lib/python3.12/site-packages/airflow/example_dags/example_trigger_target_dag.py for tasks to queue
[2024-06-26T17:45:45.207+0000] {logging_mixin.py:188} INFO - [2024-06-26T17:45:45.207+0000] {dagbag.py:545} INFO - Filling up the DagBag from /home/airflow/.local/lib/python3.12/site-packages/airflow/example_dags/example_trigger_target_dag.py
[2024-06-26T17:45:45.210+0000] {processor.py:840} INFO - DAG(s) 'example_trigger_target_dag' retrieved from /home/airflow/.local/lib/python3.12/site-packages/airflow/example_dags/example_trigger_target_dag.py
[2024-06-26T17:45:45.219+0000] {logging_mixin.py:188} INFO - [2024-06-26T17:45:45.219+0000] {dag.py:3096} INFO - Sync 1 DAGs
[2024-06-26T17:45:45.224+0000] {logging_mixin.py:188} INFO - [2024-06-26T17:45:45.224+0000] {dag.py:3954} INFO - Setting next_dagrun for example_trigger_target_dag to None, run_after=None
[2024-06-26T17:45:45.231+0000] {processor.py:183} INFO - Processing /home/airflow/.local/lib/python3.12/site-packages/airflow/example_dags/example_trigger_target_dag.py took 0.029 seconds
[2024-06-26T17:46:15.647+0000] {processor.py:161} INFO - Started process (PID=2932) to work on /home/airflow/.local/lib/python3.12/site-packages/airflow/example_dags/example_trigger_target_dag.py
[2024-06-26T17:46:15.647+0000] {processor.py:830} INFO - Processing file /home/airflow/.local/lib/python3.12/site-packages/airflow/example_dags/example_trigger_target_dag.py for tasks to queue
[2024-06-26T17:46:15.648+0000] {logging_mixin.py:188} INFO - [2024-06-26T17:46:15.647+0000] {dagbag.py:545} INFO - Filling up the DagBag from /home/airflow/.local/lib/python3.12/site-packages/airflow/example_dags/example_trigger_target_dag.py
[2024-06-26T17:46:15.650+0000] {processor.py:840} INFO - DAG(s) 'example_trigger_target_dag' retrieved from /home/airflow/.local/lib/python3.12/site-packages/airflow/example_dags/example_trigger_target_dag.py
[2024-06-26T17:46:15.656+0000] {logging_mixin.py:188} INFO - [2024-06-26T17:46:15.656+0000] {dag.py:3096} INFO - Sync 1 DAGs
[2024-06-26T17:46:15.661+0000] {logging_mixin.py:188} INFO - [2024-06-26T17:46:15.661+0000] {dag.py:3954} INFO - Setting next_dagrun for example_trigger_target_dag to None, run_after=None
[2024-06-26T17:46:15.668+0000] {processor.py:183} INFO - Processing /home/airflow/.local/lib/python3.12/site-packages/airflow/example_dags/example_trigger_target_dag.py took 0.023 seconds
[2024-06-26T17:46:45.906+0000] {processor.py:161} INFO - Started process (PID=3221) to work on /home/airflow/.local/lib/python3.12/site-packages/airflow/example_dags/example_trigger_target_dag.py
[2024-06-26T17:46:45.906+0000] {processor.py:830} INFO - Processing file /home/airflow/.local/lib/python3.12/site-packages/airflow/example_dags/example_trigger_target_dag.py for tasks to queue
[2024-06-26T17:46:45.907+0000] {logging_mixin.py:188} INFO - [2024-06-26T17:46:45.907+0000] {dagbag.py:545} INFO - Filling up the DagBag from /home/airflow/.local/lib/python3.12/site-packages/airflow/example_dags/example_trigger_target_dag.py
[2024-06-26T17:46:45.909+0000] {processor.py:840} INFO - DAG(s) 'example_trigger_target_dag' retrieved from /home/airflow/.local/lib/python3.12/site-packages/airflow/example_dags/example_trigger_target_dag.py
[2024-06-26T17:46:45.917+0000] {logging_mixin.py:188} INFO - [2024-06-26T17:46:45.917+0000] {dag.py:3096} INFO - Sync 1 DAGs
[2024-06-26T17:46:45.921+0000] {logging_mixin.py:188} INFO - [2024-06-26T17:46:45.921+0000] {dag.py:3954} INFO - Setting next_dagrun for example_trigger_target_dag to None, run_after=None
[2024-06-26T17:46:45.928+0000] {processor.py:183} INFO - Processing /home/airflow/.local/lib/python3.12/site-packages/airflow/example_dags/example_trigger_target_dag.py took 0.024 seconds
[2024-06-26T17:47:16.129+0000] {processor.py:161} INFO - Started process (PID=3483) to work on /home/airflow/.local/lib/python3.12/site-packages/airflow/example_dags/example_trigger_target_dag.py
[2024-06-26T17:47:16.129+0000] {processor.py:830} INFO - Processing file /home/airflow/.local/lib/python3.12/site-packages/airflow/example_dags/example_trigger_target_dag.py for tasks to queue
[2024-06-26T17:47:16.130+0000] {logging_mixin.py:188} INFO - [2024-06-26T17:47:16.130+0000] {dagbag.py:545} INFO - Filling up the DagBag from /home/airflow/.local/lib/python3.12/site-packages/airflow/example_dags/example_trigger_target_dag.py
[2024-06-26T17:47:16.132+0000] {processor.py:840} INFO - DAG(s) 'example_trigger_target_dag' retrieved from /home/airflow/.local/lib/python3.12/site-packages/airflow/example_dags/example_trigger_target_dag.py
[2024-06-26T17:47:16.140+0000] {logging_mixin.py:188} INFO - [2024-06-26T17:47:16.139+0000] {dag.py:3096} INFO - Sync 1 DAGs
[2024-06-26T17:47:16.144+0000] {logging_mixin.py:188} INFO - [2024-06-26T17:47:16.144+0000] {dag.py:3954} INFO - Setting next_dagrun for example_trigger_target_dag to None, run_after=None
[2024-06-26T17:47:16.149+0000] {processor.py:183} INFO - Processing /home/airflow/.local/lib/python3.12/site-packages/airflow/example_dags/example_trigger_target_dag.py took 0.023 seconds
[2024-06-26T17:47:46.394+0000] {processor.py:161} INFO - Started process (PID=3743) to work on /home/airflow/.local/lib/python3.12/site-packages/airflow/example_dags/example_trigger_target_dag.py
[2024-06-26T17:47:46.394+0000] {processor.py:830} INFO - Processing file /home/airflow/.local/lib/python3.12/site-packages/airflow/example_dags/example_trigger_target_dag.py for tasks to queue
[2024-06-26T17:47:46.395+0000] {logging_mixin.py:188} INFO - [2024-06-26T17:47:46.395+0000] {dagbag.py:545} INFO - Filling up the DagBag from /home/airflow/.local/lib/python3.12/site-packages/airflow/example_dags/example_trigger_target_dag.py
[2024-06-26T17:47:46.398+0000] {processor.py:840} INFO - DAG(s) 'example_trigger_target_dag' retrieved from /home/airflow/.local/lib/python3.12/site-packages/airflow/example_dags/example_trigger_target_dag.py
[2024-06-26T17:47:46.405+0000] {logging_mixin.py:188} INFO - [2024-06-26T17:47:46.405+0000] {dag.py:3096} INFO - Sync 1 DAGs
[2024-06-26T17:47:46.410+0000] {logging_mixin.py:188} INFO - [2024-06-26T17:47:46.410+0000] {dag.py:3954} INFO - Setting next_dagrun for example_trigger_target_dag to None, run_after=None
[2024-06-26T17:47:46.416+0000] {processor.py:183} INFO - Processing /home/airflow/.local/lib/python3.12/site-packages/airflow/example_dags/example_trigger_target_dag.py took 0.025 seconds
[2024-06-26T17:48:16.707+0000] {processor.py:161} INFO - Started process (PID=4007) to work on /home/airflow/.local/lib/python3.12/site-packages/airflow/example_dags/example_trigger_target_dag.py
[2024-06-26T17:48:16.707+0000] {processor.py:830} INFO - Processing file /home/airflow/.local/lib/python3.12/site-packages/airflow/example_dags/example_trigger_target_dag.py for tasks to queue
[2024-06-26T17:48:16.708+0000] {logging_mixin.py:188} INFO - [2024-06-26T17:48:16.708+0000] {dagbag.py:545} INFO - Filling up the DagBag from /home/airflow/.local/lib/python3.12/site-packages/airflow/example_dags/example_trigger_target_dag.py
[2024-06-26T17:48:16.710+0000] {processor.py:840} INFO - DAG(s) 'example_trigger_target_dag' retrieved from /home/airflow/.local/lib/python3.12/site-packages/airflow/example_dags/example_trigger_target_dag.py
[2024-06-26T17:48:16.717+0000] {logging_mixin.py:188} INFO - [2024-06-26T17:48:16.717+0000] {dag.py:3096} INFO - Sync 1 DAGs
[2024-06-26T17:48:16.722+0000] {logging_mixin.py:188} INFO - [2024-06-26T17:48:16.722+0000] {dag.py:3954} INFO - Setting next_dagrun for example_trigger_target_dag to None, run_after=None
[2024-06-26T17:48:16.729+0000] {processor.py:183} INFO - Processing /home/airflow/.local/lib/python3.12/site-packages/airflow/example_dags/example_trigger_target_dag.py took 0.024 seconds
[2024-06-26T17:48:46.977+0000] {processor.py:161} INFO - Started process (PID=4292) to work on /home/airflow/.local/lib/python3.12/site-packages/airflow/example_dags/example_trigger_target_dag.py
[2024-06-26T17:48:46.978+0000] {processor.py:830} INFO - Processing file /home/airflow/.local/lib/python3.12/site-packages/airflow/example_dags/example_trigger_target_dag.py for tasks to queue
[2024-06-26T17:48:46.979+0000] {logging_mixin.py:188} INFO - [2024-06-26T17:48:46.979+0000] {dagbag.py:545} INFO - Filling up the DagBag from /home/airflow/.local/lib/python3.12/site-packages/airflow/example_dags/example_trigger_target_dag.py
[2024-06-26T17:48:46.981+0000] {processor.py:840} INFO - DAG(s) 'example_trigger_target_dag' retrieved from /home/airflow/.local/lib/python3.12/site-packages/airflow/example_dags/example_trigger_target_dag.py
[2024-06-26T17:48:46.989+0000] {logging_mixin.py:188} INFO - [2024-06-26T17:48:46.989+0000] {dag.py:3096} INFO - Sync 1 DAGs
[2024-06-26T17:48:46.994+0000] {logging_mixin.py:188} INFO - [2024-06-26T17:48:46.994+0000] {dag.py:3954} INFO - Setting next_dagrun for example_trigger_target_dag to None, run_after=None
[2024-06-26T17:48:47.001+0000] {processor.py:183} INFO - Processing /home/airflow/.local/lib/python3.12/site-packages/airflow/example_dags/example_trigger_target_dag.py took 0.026 seconds
[2024-06-26T17:49:17.207+0000] {processor.py:161} INFO - Started process (PID=4556) to work on /home/airflow/.local/lib/python3.12/site-packages/airflow/example_dags/example_trigger_target_dag.py
[2024-06-26T17:49:17.208+0000] {processor.py:830} INFO - Processing file /home/airflow/.local/lib/python3.12/site-packages/airflow/example_dags/example_trigger_target_dag.py for tasks to queue
[2024-06-26T17:49:17.209+0000] {logging_mixin.py:188} INFO - [2024-06-26T17:49:17.208+0000] {dagbag.py:545} INFO - Filling up the DagBag from /home/airflow/.local/lib/python3.12/site-packages/airflow/example_dags/example_trigger_target_dag.py
[2024-06-26T17:49:17.211+0000] {processor.py:840} INFO - DAG(s) 'example_trigger_target_dag' retrieved from /home/airflow/.local/lib/python3.12/site-packages/airflow/example_dags/example_trigger_target_dag.py
[2024-06-26T17:49:17.219+0000] {logging_mixin.py:188} INFO - [2024-06-26T17:49:17.218+0000] {dag.py:3096} INFO - Sync 1 DAGs
[2024-06-26T17:49:17.223+0000] {logging_mixin.py:188} INFO - [2024-06-26T17:49:17.223+0000] {dag.py:3954} INFO - Setting next_dagrun for example_trigger_target_dag to None, run_after=None
[2024-06-26T17:49:17.228+0000] {processor.py:183} INFO - Processing /home/airflow/.local/lib/python3.12/site-packages/airflow/example_dags/example_trigger_target_dag.py took 0.023 seconds
[2024-06-26T17:49:47.492+0000] {processor.py:161} INFO - Started process (PID=4816) to work on /home/airflow/.local/lib/python3.12/site-packages/airflow/example_dags/example_trigger_target_dag.py
[2024-06-26T17:49:47.492+0000] {processor.py:830} INFO - Processing file /home/airflow/.local/lib/python3.12/site-packages/airflow/example_dags/example_trigger_target_dag.py for tasks to queue
[2024-06-26T17:49:47.493+0000] {logging_mixin.py:188} INFO - [2024-06-26T17:49:47.493+0000] {dagbag.py:545} INFO - Filling up the DagBag from /home/airflow/.local/lib/python3.12/site-packages/airflow/example_dags/example_trigger_target_dag.py
[2024-06-26T17:49:47.495+0000] {processor.py:840} INFO - DAG(s) 'example_trigger_target_dag' retrieved from /home/airflow/.local/lib/python3.12/site-packages/airflow/example_dags/example_trigger_target_dag.py
[2024-06-26T17:49:47.502+0000] {logging_mixin.py:188} INFO - [2024-06-26T17:49:47.502+0000] {dag.py:3096} INFO - Sync 1 DAGs
[2024-06-26T17:49:47.507+0000] {logging_mixin.py:188} INFO - [2024-06-26T17:49:47.507+0000] {dag.py:3954} INFO - Setting next_dagrun for example_trigger_target_dag to None, run_after=None
[2024-06-26T17:49:47.513+0000] {processor.py:183} INFO - Processing /home/airflow/.local/lib/python3.12/site-packages/airflow/example_dags/example_trigger_target_dag.py took 0.024 seconds
[2024-06-26T17:50:17.832+0000] {processor.py:161} INFO - Started process (PID=5078) to work on /home/airflow/.local/lib/python3.12/site-packages/airflow/example_dags/example_trigger_target_dag.py
[2024-06-26T17:50:17.832+0000] {processor.py:830} INFO - Processing file /home/airflow/.local/lib/python3.12/site-packages/airflow/example_dags/example_trigger_target_dag.py for tasks to queue
[2024-06-26T17:50:17.833+0000] {logging_mixin.py:188} INFO - [2024-06-26T17:50:17.833+0000] {dagbag.py:545} INFO - Filling up the DagBag from /home/airflow/.local/lib/python3.12/site-packages/airflow/example_dags/example_trigger_target_dag.py
[2024-06-26T17:50:17.835+0000] {processor.py:840} INFO - DAG(s) 'example_trigger_target_dag' retrieved from /home/airflow/.local/lib/python3.12/site-packages/airflow/example_dags/example_trigger_target_dag.py
[2024-06-26T17:50:17.843+0000] {logging_mixin.py:188} INFO - [2024-06-26T17:50:17.843+0000] {dag.py:3096} INFO - Sync 1 DAGs
[2024-06-26T17:50:17.848+0000] {logging_mixin.py:188} INFO - [2024-06-26T17:50:17.847+0000] {dag.py:3954} INFO - Setting next_dagrun for example_trigger_target_dag to None, run_after=None
[2024-06-26T17:50:17.854+0000] {processor.py:183} INFO - Processing /home/airflow/.local/lib/python3.12/site-packages/airflow/example_dags/example_trigger_target_dag.py took 0.024 seconds
[2024-06-26T17:50:48.292+0000] {processor.py:161} INFO - Started process (PID=5340) to work on /home/airflow/.local/lib/python3.12/site-packages/airflow/example_dags/example_trigger_target_dag.py
[2024-06-26T17:50:48.292+0000] {processor.py:830} INFO - Processing file /home/airflow/.local/lib/python3.12/site-packages/airflow/example_dags/example_trigger_target_dag.py for tasks to queue
[2024-06-26T17:50:48.293+0000] {logging_mixin.py:188} INFO - [2024-06-26T17:50:48.293+0000] {dagbag.py:545} INFO - Filling up the DagBag from /home/airflow/.local/lib/python3.12/site-packages/airflow/example_dags/example_trigger_target_dag.py
[2024-06-26T17:50:48.295+0000] {processor.py:840} INFO - DAG(s) 'example_trigger_target_dag' retrieved from /home/airflow/.local/lib/python3.12/site-packages/airflow/example_dags/example_trigger_target_dag.py
[2024-06-26T17:50:48.302+0000] {logging_mixin.py:188} INFO - [2024-06-26T17:50:48.302+0000] {dag.py:3096} INFO - Sync 1 DAGs
[2024-06-26T17:50:48.306+0000] {logging_mixin.py:188} INFO - [2024-06-26T17:50:48.306+0000] {dag.py:3954} INFO - Setting next_dagrun for example_trigger_target_dag to None, run_after=None
[2024-06-26T17:50:48.312+0000] {processor.py:183} INFO - Processing /home/airflow/.local/lib/python3.12/site-packages/airflow/example_dags/example_trigger_target_dag.py took 0.023 seconds
