[2024-06-26T17:41:11.335+0000] {processor.py:161} INFO - Started process (PID=199) to work on /home/airflow/.local/lib/python3.12/site-packages/airflow/example_dags/tutorial.py
[2024-06-26T17:41:11.336+0000] {processor.py:830} INFO - Processing file /home/airflow/.local/lib/python3.12/site-packages/airflow/example_dags/tutorial.py for tasks to queue
[2024-06-26T17:41:11.337+0000] {logging_mixin.py:188} INFO - [2024-06-26T17:41:11.336+0000] {dagbag.py:545} INFO - Filling up the DagBag from /home/airflow/.local/lib/python3.12/site-packages/airflow/example_dags/tutorial.py
[2024-06-26T17:41:11.341+0000] {processor.py:840} INFO - DAG(s) 'tutorial' retrieved from /home/airflow/.local/lib/python3.12/site-packages/airflow/example_dags/tutorial.py
[2024-06-26T17:41:11.346+0000] {logging_mixin.py:188} INFO - [2024-06-26T17:41:11.346+0000] {dag.py:3096} INFO - Sync 1 DAGs
[2024-06-26T17:41:11.355+0000] {logging_mixin.py:188} INFO - [2024-06-26T17:41:11.355+0000] {dag.py:3954} INFO - Setting next_dagrun for tutorial to 2024-06-25 00:00:00+00:00, run_after=2024-06-26 00:00:00+00:00
[2024-06-26T17:41:11.363+0000] {processor.py:183} INFO - Processing /home/airflow/.local/lib/python3.12/site-packages/airflow/example_dags/tutorial.py took 0.031 seconds
[2024-06-26T17:41:41.587+0000] {processor.py:161} INFO - Started process (PID=461) to work on /home/airflow/.local/lib/python3.12/site-packages/airflow/example_dags/tutorial.py
[2024-06-26T17:41:41.588+0000] {processor.py:830} INFO - Processing file /home/airflow/.local/lib/python3.12/site-packages/airflow/example_dags/tutorial.py for tasks to queue
[2024-06-26T17:41:41.589+0000] {logging_mixin.py:188} INFO - [2024-06-26T17:41:41.588+0000] {dagbag.py:545} INFO - Filling up the DagBag from /home/airflow/.local/lib/python3.12/site-packages/airflow/example_dags/tutorial.py
[2024-06-26T17:41:41.591+0000] {processor.py:840} INFO - DAG(s) 'tutorial' retrieved from /home/airflow/.local/lib/python3.12/site-packages/airflow/example_dags/tutorial.py
[2024-06-26T17:41:41.626+0000] {logging_mixin.py:188} INFO - [2024-06-26T17:41:41.626+0000] {dag.py:3096} INFO - Sync 1 DAGs
[2024-06-26T17:41:41.633+0000] {logging_mixin.py:188} INFO - [2024-06-26T17:41:41.632+0000] {dag.py:3954} INFO - Setting next_dagrun for tutorial to 2024-06-25 00:00:00+00:00, run_after=2024-06-26 00:00:00+00:00
[2024-06-26T17:41:41.639+0000] {processor.py:183} INFO - Processing /home/airflow/.local/lib/python3.12/site-packages/airflow/example_dags/tutorial.py took 0.053 seconds
[2024-06-26T17:42:12.617+0000] {processor.py:161} INFO - Started process (PID=721) to work on /home/airflow/.local/lib/python3.12/site-packages/airflow/example_dags/tutorial.py
[2024-06-26T17:42:12.618+0000] {processor.py:830} INFO - Processing file /home/airflow/.local/lib/python3.12/site-packages/airflow/example_dags/tutorial.py for tasks to queue
[2024-06-26T17:42:12.619+0000] {logging_mixin.py:188} INFO - [2024-06-26T17:42:12.619+0000] {dagbag.py:545} INFO - Filling up the DagBag from /home/airflow/.local/lib/python3.12/site-packages/airflow/example_dags/tutorial.py
[2024-06-26T17:42:12.622+0000] {processor.py:840} INFO - DAG(s) 'tutorial' retrieved from /home/airflow/.local/lib/python3.12/site-packages/airflow/example_dags/tutorial.py
[2024-06-26T17:42:12.629+0000] {logging_mixin.py:188} INFO - [2024-06-26T17:42:12.629+0000] {dag.py:3096} INFO - Sync 1 DAGs
[2024-06-26T17:42:12.638+0000] {logging_mixin.py:188} INFO - [2024-06-26T17:42:12.638+0000] {dag.py:3954} INFO - Setting next_dagrun for tutorial to 2024-06-25 00:00:00+00:00, run_after=2024-06-26 00:00:00+00:00
[2024-06-26T17:42:12.644+0000] {processor.py:183} INFO - Processing /home/airflow/.local/lib/python3.12/site-packages/airflow/example_dags/tutorial.py took 0.029 seconds
[2024-06-26T17:42:42.852+0000] {processor.py:161} INFO - Started process (PID=985) to work on /home/airflow/.local/lib/python3.12/site-packages/airflow/example_dags/tutorial.py
[2024-06-26T17:42:42.852+0000] {processor.py:830} INFO - Processing file /home/airflow/.local/lib/python3.12/site-packages/airflow/example_dags/tutorial.py for tasks to queue
[2024-06-26T17:42:42.853+0000] {logging_mixin.py:188} INFO - [2024-06-26T17:42:42.853+0000] {dagbag.py:545} INFO - Filling up the DagBag from /home/airflow/.local/lib/python3.12/site-packages/airflow/example_dags/tutorial.py
[2024-06-26T17:42:42.856+0000] {processor.py:840} INFO - DAG(s) 'tutorial' retrieved from /home/airflow/.local/lib/python3.12/site-packages/airflow/example_dags/tutorial.py
[2024-06-26T17:42:42.865+0000] {logging_mixin.py:188} INFO - [2024-06-26T17:42:42.865+0000] {dag.py:3096} INFO - Sync 1 DAGs
[2024-06-26T17:42:42.873+0000] {logging_mixin.py:188} INFO - [2024-06-26T17:42:42.873+0000] {dag.py:3954} INFO - Setting next_dagrun for tutorial to 2024-06-25 00:00:00+00:00, run_after=2024-06-26 00:00:00+00:00
[2024-06-26T17:42:42.879+0000] {processor.py:183} INFO - Processing /home/airflow/.local/lib/python3.12/site-packages/airflow/example_dags/tutorial.py took 0.029 seconds
[2024-06-26T17:43:13.211+0000] {processor.py:161} INFO - Started process (PID=1247) to work on /home/airflow/.local/lib/python3.12/site-packages/airflow/example_dags/tutorial.py
[2024-06-26T17:43:13.211+0000] {processor.py:830} INFO - Processing file /home/airflow/.local/lib/python3.12/site-packages/airflow/example_dags/tutorial.py for tasks to queue
[2024-06-26T17:43:13.212+0000] {logging_mixin.py:188} INFO - [2024-06-26T17:43:13.211+0000] {dagbag.py:545} INFO - Filling up the DagBag from /home/airflow/.local/lib/python3.12/site-packages/airflow/example_dags/tutorial.py
[2024-06-26T17:43:13.214+0000] {processor.py:840} INFO - DAG(s) 'tutorial' retrieved from /home/airflow/.local/lib/python3.12/site-packages/airflow/example_dags/tutorial.py
[2024-06-26T17:43:13.221+0000] {logging_mixin.py:188} INFO - [2024-06-26T17:43:13.221+0000] {dag.py:3096} INFO - Sync 1 DAGs
[2024-06-26T17:43:13.229+0000] {logging_mixin.py:188} INFO - [2024-06-26T17:43:13.229+0000] {dag.py:3954} INFO - Setting next_dagrun for tutorial to 2024-06-25 00:00:00+00:00, run_after=2024-06-26 00:00:00+00:00
[2024-06-26T17:43:13.235+0000] {processor.py:183} INFO - Processing /home/airflow/.local/lib/python3.12/site-packages/airflow/example_dags/tutorial.py took 0.027 seconds
[2024-06-26T17:43:43.556+0000] {processor.py:161} INFO - Started process (PID=1509) to work on /home/airflow/.local/lib/python3.12/site-packages/airflow/example_dags/tutorial.py
[2024-06-26T17:43:43.557+0000] {processor.py:830} INFO - Processing file /home/airflow/.local/lib/python3.12/site-packages/airflow/example_dags/tutorial.py for tasks to queue
[2024-06-26T17:43:43.558+0000] {logging_mixin.py:188} INFO - [2024-06-26T17:43:43.558+0000] {dagbag.py:545} INFO - Filling up the DagBag from /home/airflow/.local/lib/python3.12/site-packages/airflow/example_dags/tutorial.py
[2024-06-26T17:43:43.560+0000] {processor.py:840} INFO - DAG(s) 'tutorial' retrieved from /home/airflow/.local/lib/python3.12/site-packages/airflow/example_dags/tutorial.py
[2024-06-26T17:43:43.568+0000] {logging_mixin.py:188} INFO - [2024-06-26T17:43:43.568+0000] {dag.py:3096} INFO - Sync 1 DAGs
[2024-06-26T17:43:43.576+0000] {logging_mixin.py:188} INFO - [2024-06-26T17:43:43.576+0000] {dag.py:3954} INFO - Setting next_dagrun for tutorial to 2024-06-25 00:00:00+00:00, run_after=2024-06-26 00:00:00+00:00
[2024-06-26T17:43:43.582+0000] {processor.py:183} INFO - Processing /home/airflow/.local/lib/python3.12/site-packages/airflow/example_dags/tutorial.py took 0.028 seconds
[2024-06-26T17:44:13.860+0000] {processor.py:161} INFO - Started process (PID=1769) to work on /home/airflow/.local/lib/python3.12/site-packages/airflow/example_dags/tutorial.py
[2024-06-26T17:44:13.861+0000] {processor.py:830} INFO - Processing file /home/airflow/.local/lib/python3.12/site-packages/airflow/example_dags/tutorial.py for tasks to queue
[2024-06-26T17:44:13.862+0000] {logging_mixin.py:188} INFO - [2024-06-26T17:44:13.861+0000] {dagbag.py:545} INFO - Filling up the DagBag from /home/airflow/.local/lib/python3.12/site-packages/airflow/example_dags/tutorial.py
[2024-06-26T17:44:13.864+0000] {processor.py:840} INFO - DAG(s) 'tutorial' retrieved from /home/airflow/.local/lib/python3.12/site-packages/airflow/example_dags/tutorial.py
[2024-06-26T17:44:13.872+0000] {logging_mixin.py:188} INFO - [2024-06-26T17:44:13.872+0000] {dag.py:3096} INFO - Sync 1 DAGs
[2024-06-26T17:44:13.880+0000] {logging_mixin.py:188} INFO - [2024-06-26T17:44:13.880+0000] {dag.py:3954} INFO - Setting next_dagrun for tutorial to 2024-06-25 00:00:00+00:00, run_after=2024-06-26 00:00:00+00:00
[2024-06-26T17:44:13.887+0000] {processor.py:183} INFO - Processing /home/airflow/.local/lib/python3.12/site-packages/airflow/example_dags/tutorial.py took 0.029 seconds
[2024-06-26T17:44:44.052+0000] {processor.py:161} INFO - Started process (PID=2033) to work on /home/airflow/.local/lib/python3.12/site-packages/airflow/example_dags/tutorial.py
[2024-06-26T17:44:44.052+0000] {processor.py:830} INFO - Processing file /home/airflow/.local/lib/python3.12/site-packages/airflow/example_dags/tutorial.py for tasks to queue
[2024-06-26T17:44:44.053+0000] {logging_mixin.py:188} INFO - [2024-06-26T17:44:44.053+0000] {dagbag.py:545} INFO - Filling up the DagBag from /home/airflow/.local/lib/python3.12/site-packages/airflow/example_dags/tutorial.py
[2024-06-26T17:44:44.056+0000] {processor.py:840} INFO - DAG(s) 'tutorial' retrieved from /home/airflow/.local/lib/python3.12/site-packages/airflow/example_dags/tutorial.py
[2024-06-26T17:44:44.063+0000] {logging_mixin.py:188} INFO - [2024-06-26T17:44:44.063+0000] {dag.py:3096} INFO - Sync 1 DAGs
[2024-06-26T17:44:44.071+0000] {logging_mixin.py:188} INFO - [2024-06-26T17:44:44.071+0000] {dag.py:3954} INFO - Setting next_dagrun for tutorial to 2024-06-25 00:00:00+00:00, run_after=2024-06-26 00:00:00+00:00
[2024-06-26T17:44:44.078+0000] {processor.py:183} INFO - Processing /home/airflow/.local/lib/python3.12/site-packages/airflow/example_dags/tutorial.py took 0.029 seconds
[2024-06-26T17:45:14.372+0000] {processor.py:161} INFO - Started process (PID=2295) to work on /home/airflow/.local/lib/python3.12/site-packages/airflow/example_dags/tutorial.py
[2024-06-26T17:45:14.372+0000] {processor.py:830} INFO - Processing file /home/airflow/.local/lib/python3.12/site-packages/airflow/example_dags/tutorial.py for tasks to queue
[2024-06-26T17:45:14.373+0000] {logging_mixin.py:188} INFO - [2024-06-26T17:45:14.373+0000] {dagbag.py:545} INFO - Filling up the DagBag from /home/airflow/.local/lib/python3.12/site-packages/airflow/example_dags/tutorial.py
[2024-06-26T17:45:14.375+0000] {processor.py:840} INFO - DAG(s) 'tutorial' retrieved from /home/airflow/.local/lib/python3.12/site-packages/airflow/example_dags/tutorial.py
[2024-06-26T17:45:14.383+0000] {logging_mixin.py:188} INFO - [2024-06-26T17:45:14.383+0000] {dag.py:3096} INFO - Sync 1 DAGs
[2024-06-26T17:45:14.391+0000] {logging_mixin.py:188} INFO - [2024-06-26T17:45:14.391+0000] {dag.py:3954} INFO - Setting next_dagrun for tutorial to 2024-06-25 00:00:00+00:00, run_after=2024-06-26 00:00:00+00:00
[2024-06-26T17:45:14.397+0000] {processor.py:183} INFO - Processing /home/airflow/.local/lib/python3.12/site-packages/airflow/example_dags/tutorial.py took 0.028 seconds
[2024-06-26T17:45:44.687+0000] {processor.py:161} INFO - Started process (PID=2557) to work on /home/airflow/.local/lib/python3.12/site-packages/airflow/example_dags/tutorial.py
[2024-06-26T17:45:44.687+0000] {processor.py:830} INFO - Processing file /home/airflow/.local/lib/python3.12/site-packages/airflow/example_dags/tutorial.py for tasks to queue
[2024-06-26T17:45:44.688+0000] {logging_mixin.py:188} INFO - [2024-06-26T17:45:44.688+0000] {dagbag.py:545} INFO - Filling up the DagBag from /home/airflow/.local/lib/python3.12/site-packages/airflow/example_dags/tutorial.py
[2024-06-26T17:45:44.691+0000] {processor.py:840} INFO - DAG(s) 'tutorial' retrieved from /home/airflow/.local/lib/python3.12/site-packages/airflow/example_dags/tutorial.py
[2024-06-26T17:45:44.699+0000] {logging_mixin.py:188} INFO - [2024-06-26T17:45:44.699+0000] {dag.py:3096} INFO - Sync 1 DAGs
[2024-06-26T17:45:44.707+0000] {logging_mixin.py:188} INFO - [2024-06-26T17:45:44.707+0000] {dag.py:3954} INFO - Setting next_dagrun for tutorial to 2024-06-25 00:00:00+00:00, run_after=2024-06-26 00:00:00+00:00
[2024-06-26T17:45:44.714+0000] {processor.py:183} INFO - Processing /home/airflow/.local/lib/python3.12/site-packages/airflow/example_dags/tutorial.py took 0.030 seconds
[2024-06-26T17:46:15.157+0000] {processor.py:161} INFO - Started process (PID=2819) to work on /home/airflow/.local/lib/python3.12/site-packages/airflow/example_dags/tutorial.py
[2024-06-26T17:46:15.158+0000] {processor.py:830} INFO - Processing file /home/airflow/.local/lib/python3.12/site-packages/airflow/example_dags/tutorial.py for tasks to queue
[2024-06-26T17:46:15.158+0000] {logging_mixin.py:188} INFO - [2024-06-26T17:46:15.158+0000] {dagbag.py:545} INFO - Filling up the DagBag from /home/airflow/.local/lib/python3.12/site-packages/airflow/example_dags/tutorial.py
[2024-06-26T17:46:15.161+0000] {processor.py:840} INFO - DAG(s) 'tutorial' retrieved from /home/airflow/.local/lib/python3.12/site-packages/airflow/example_dags/tutorial.py
[2024-06-26T17:46:15.169+0000] {logging_mixin.py:188} INFO - [2024-06-26T17:46:15.169+0000] {dag.py:3096} INFO - Sync 1 DAGs
[2024-06-26T17:46:15.176+0000] {logging_mixin.py:188} INFO - [2024-06-26T17:46:15.176+0000] {dag.py:3954} INFO - Setting next_dagrun for tutorial to 2024-06-25 00:00:00+00:00, run_after=2024-06-26 00:00:00+00:00
[2024-06-26T17:46:15.182+0000] {processor.py:183} INFO - Processing /home/airflow/.local/lib/python3.12/site-packages/airflow/example_dags/tutorial.py took 0.027 seconds
[2024-06-26T17:46:45.482+0000] {processor.py:161} INFO - Started process (PID=3104) to work on /home/airflow/.local/lib/python3.12/site-packages/airflow/example_dags/tutorial.py
[2024-06-26T17:46:45.482+0000] {processor.py:830} INFO - Processing file /home/airflow/.local/lib/python3.12/site-packages/airflow/example_dags/tutorial.py for tasks to queue
[2024-06-26T17:46:45.483+0000] {logging_mixin.py:188} INFO - [2024-06-26T17:46:45.483+0000] {dagbag.py:545} INFO - Filling up the DagBag from /home/airflow/.local/lib/python3.12/site-packages/airflow/example_dags/tutorial.py
[2024-06-26T17:46:45.486+0000] {processor.py:840} INFO - DAG(s) 'tutorial' retrieved from /home/airflow/.local/lib/python3.12/site-packages/airflow/example_dags/tutorial.py
[2024-06-26T17:46:45.493+0000] {logging_mixin.py:188} INFO - [2024-06-26T17:46:45.493+0000] {dag.py:3096} INFO - Sync 1 DAGs
[2024-06-26T17:46:45.501+0000] {logging_mixin.py:188} INFO - [2024-06-26T17:46:45.501+0000] {dag.py:3954} INFO - Setting next_dagrun for tutorial to 2024-06-25 00:00:00+00:00, run_after=2024-06-26 00:00:00+00:00
[2024-06-26T17:46:45.508+0000] {processor.py:183} INFO - Processing /home/airflow/.local/lib/python3.12/site-packages/airflow/example_dags/tutorial.py took 0.028 seconds
[2024-06-26T17:47:15.700+0000] {processor.py:161} INFO - Started process (PID=3366) to work on /home/airflow/.local/lib/python3.12/site-packages/airflow/example_dags/tutorial.py
[2024-06-26T17:47:15.700+0000] {processor.py:830} INFO - Processing file /home/airflow/.local/lib/python3.12/site-packages/airflow/example_dags/tutorial.py for tasks to queue
[2024-06-26T17:47:15.701+0000] {logging_mixin.py:188} INFO - [2024-06-26T17:47:15.701+0000] {dagbag.py:545} INFO - Filling up the DagBag from /home/airflow/.local/lib/python3.12/site-packages/airflow/example_dags/tutorial.py
[2024-06-26T17:47:15.704+0000] {processor.py:840} INFO - DAG(s) 'tutorial' retrieved from /home/airflow/.local/lib/python3.12/site-packages/airflow/example_dags/tutorial.py
[2024-06-26T17:47:15.712+0000] {logging_mixin.py:188} INFO - [2024-06-26T17:47:15.711+0000] {dag.py:3096} INFO - Sync 1 DAGs
[2024-06-26T17:47:15.720+0000] {logging_mixin.py:188} INFO - [2024-06-26T17:47:15.720+0000] {dag.py:3954} INFO - Setting next_dagrun for tutorial to 2024-06-25 00:00:00+00:00, run_after=2024-06-26 00:00:00+00:00
[2024-06-26T17:47:15.726+0000] {processor.py:183} INFO - Processing /home/airflow/.local/lib/python3.12/site-packages/airflow/example_dags/tutorial.py took 0.029 seconds
[2024-06-26T17:47:45.966+0000] {processor.py:161} INFO - Started process (PID=3628) to work on /home/airflow/.local/lib/python3.12/site-packages/airflow/example_dags/tutorial.py
[2024-06-26T17:47:45.966+0000] {processor.py:830} INFO - Processing file /home/airflow/.local/lib/python3.12/site-packages/airflow/example_dags/tutorial.py for tasks to queue
[2024-06-26T17:47:45.967+0000] {logging_mixin.py:188} INFO - [2024-06-26T17:47:45.967+0000] {dagbag.py:545} INFO - Filling up the DagBag from /home/airflow/.local/lib/python3.12/site-packages/airflow/example_dags/tutorial.py
[2024-06-26T17:47:45.970+0000] {processor.py:840} INFO - DAG(s) 'tutorial' retrieved from /home/airflow/.local/lib/python3.12/site-packages/airflow/example_dags/tutorial.py
[2024-06-26T17:47:45.979+0000] {logging_mixin.py:188} INFO - [2024-06-26T17:47:45.979+0000] {dag.py:3096} INFO - Sync 1 DAGs
[2024-06-26T17:47:45.988+0000] {logging_mixin.py:188} INFO - [2024-06-26T17:47:45.988+0000] {dag.py:3954} INFO - Setting next_dagrun for tutorial to 2024-06-25 00:00:00+00:00, run_after=2024-06-26 00:00:00+00:00
[2024-06-26T17:47:45.996+0000] {processor.py:183} INFO - Processing /home/airflow/.local/lib/python3.12/site-packages/airflow/example_dags/tutorial.py took 0.033 seconds
[2024-06-26T17:48:16.278+0000] {processor.py:161} INFO - Started process (PID=3892) to work on /home/airflow/.local/lib/python3.12/site-packages/airflow/example_dags/tutorial.py
[2024-06-26T17:48:16.279+0000] {processor.py:830} INFO - Processing file /home/airflow/.local/lib/python3.12/site-packages/airflow/example_dags/tutorial.py for tasks to queue
[2024-06-26T17:48:16.279+0000] {logging_mixin.py:188} INFO - [2024-06-26T17:48:16.279+0000] {dagbag.py:545} INFO - Filling up the DagBag from /home/airflow/.local/lib/python3.12/site-packages/airflow/example_dags/tutorial.py
[2024-06-26T17:48:16.282+0000] {processor.py:840} INFO - DAG(s) 'tutorial' retrieved from /home/airflow/.local/lib/python3.12/site-packages/airflow/example_dags/tutorial.py
[2024-06-26T17:48:16.289+0000] {logging_mixin.py:188} INFO - [2024-06-26T17:48:16.289+0000] {dag.py:3096} INFO - Sync 1 DAGs
[2024-06-26T17:48:16.296+0000] {logging_mixin.py:188} INFO - [2024-06-26T17:48:16.296+0000] {dag.py:3954} INFO - Setting next_dagrun for tutorial to 2024-06-25 00:00:00+00:00, run_after=2024-06-26 00:00:00+00:00
[2024-06-26T17:48:16.302+0000] {processor.py:183} INFO - Processing /home/airflow/.local/lib/python3.12/site-packages/airflow/example_dags/tutorial.py took 0.026 seconds
[2024-06-26T17:48:46.545+0000] {processor.py:161} INFO - Started process (PID=4179) to work on /home/airflow/.local/lib/python3.12/site-packages/airflow/example_dags/tutorial.py
[2024-06-26T17:48:46.546+0000] {processor.py:830} INFO - Processing file /home/airflow/.local/lib/python3.12/site-packages/airflow/example_dags/tutorial.py for tasks to queue
[2024-06-26T17:48:46.547+0000] {logging_mixin.py:188} INFO - [2024-06-26T17:48:46.546+0000] {dagbag.py:545} INFO - Filling up the DagBag from /home/airflow/.local/lib/python3.12/site-packages/airflow/example_dags/tutorial.py
[2024-06-26T17:48:46.549+0000] {processor.py:840} INFO - DAG(s) 'tutorial' retrieved from /home/airflow/.local/lib/python3.12/site-packages/airflow/example_dags/tutorial.py
[2024-06-26T17:48:46.558+0000] {logging_mixin.py:188} INFO - [2024-06-26T17:48:46.557+0000] {dag.py:3096} INFO - Sync 1 DAGs
[2024-06-26T17:48:46.565+0000] {logging_mixin.py:188} INFO - [2024-06-26T17:48:46.565+0000] {dag.py:3954} INFO - Setting next_dagrun for tutorial to 2024-06-25 00:00:00+00:00, run_after=2024-06-26 00:00:00+00:00
[2024-06-26T17:48:46.572+0000] {processor.py:183} INFO - Processing /home/airflow/.local/lib/python3.12/site-packages/airflow/example_dags/tutorial.py took 0.029 seconds
[2024-06-26T17:49:16.744+0000] {processor.py:161} INFO - Started process (PID=4441) to work on /home/airflow/.local/lib/python3.12/site-packages/airflow/example_dags/tutorial.py
[2024-06-26T17:49:16.744+0000] {processor.py:830} INFO - Processing file /home/airflow/.local/lib/python3.12/site-packages/airflow/example_dags/tutorial.py for tasks to queue
[2024-06-26T17:49:16.745+0000] {logging_mixin.py:188} INFO - [2024-06-26T17:49:16.745+0000] {dagbag.py:545} INFO - Filling up the DagBag from /home/airflow/.local/lib/python3.12/site-packages/airflow/example_dags/tutorial.py
[2024-06-26T17:49:16.748+0000] {processor.py:840} INFO - DAG(s) 'tutorial' retrieved from /home/airflow/.local/lib/python3.12/site-packages/airflow/example_dags/tutorial.py
[2024-06-26T17:49:16.756+0000] {logging_mixin.py:188} INFO - [2024-06-26T17:49:16.756+0000] {dag.py:3096} INFO - Sync 1 DAGs
[2024-06-26T17:49:16.764+0000] {logging_mixin.py:188} INFO - [2024-06-26T17:49:16.764+0000] {dag.py:3954} INFO - Setting next_dagrun for tutorial to 2024-06-25 00:00:00+00:00, run_after=2024-06-26 00:00:00+00:00
[2024-06-26T17:49:16.771+0000] {processor.py:183} INFO - Processing /home/airflow/.local/lib/python3.12/site-packages/airflow/example_dags/tutorial.py took 0.029 seconds
[2024-06-26T17:49:47.067+0000] {processor.py:161} INFO - Started process (PID=4703) to work on /home/airflow/.local/lib/python3.12/site-packages/airflow/example_dags/tutorial.py
[2024-06-26T17:49:47.067+0000] {processor.py:830} INFO - Processing file /home/airflow/.local/lib/python3.12/site-packages/airflow/example_dags/tutorial.py for tasks to queue
[2024-06-26T17:49:47.068+0000] {logging_mixin.py:188} INFO - [2024-06-26T17:49:47.068+0000] {dagbag.py:545} INFO - Filling up the DagBag from /home/airflow/.local/lib/python3.12/site-packages/airflow/example_dags/tutorial.py
[2024-06-26T17:49:47.071+0000] {processor.py:840} INFO - DAG(s) 'tutorial' retrieved from /home/airflow/.local/lib/python3.12/site-packages/airflow/example_dags/tutorial.py
[2024-06-26T17:49:47.079+0000] {logging_mixin.py:188} INFO - [2024-06-26T17:49:47.079+0000] {dag.py:3096} INFO - Sync 1 DAGs
[2024-06-26T17:49:47.087+0000] {logging_mixin.py:188} INFO - [2024-06-26T17:49:47.087+0000] {dag.py:3954} INFO - Setting next_dagrun for tutorial to 2024-06-25 00:00:00+00:00, run_after=2024-06-26 00:00:00+00:00
[2024-06-26T17:49:47.093+0000] {processor.py:183} INFO - Processing /home/airflow/.local/lib/python3.12/site-packages/airflow/example_dags/tutorial.py took 0.028 seconds
[2024-06-26T17:50:17.386+0000] {processor.py:161} INFO - Started process (PID=4963) to work on /home/airflow/.local/lib/python3.12/site-packages/airflow/example_dags/tutorial.py
[2024-06-26T17:50:17.386+0000] {processor.py:830} INFO - Processing file /home/airflow/.local/lib/python3.12/site-packages/airflow/example_dags/tutorial.py for tasks to queue
[2024-06-26T17:50:17.387+0000] {logging_mixin.py:188} INFO - [2024-06-26T17:50:17.387+0000] {dagbag.py:545} INFO - Filling up the DagBag from /home/airflow/.local/lib/python3.12/site-packages/airflow/example_dags/tutorial.py
[2024-06-26T17:50:17.389+0000] {processor.py:840} INFO - DAG(s) 'tutorial' retrieved from /home/airflow/.local/lib/python3.12/site-packages/airflow/example_dags/tutorial.py
[2024-06-26T17:50:17.399+0000] {logging_mixin.py:188} INFO - [2024-06-26T17:50:17.399+0000] {dag.py:3096} INFO - Sync 1 DAGs
[2024-06-26T17:50:17.407+0000] {logging_mixin.py:188} INFO - [2024-06-26T17:50:17.407+0000] {dag.py:3954} INFO - Setting next_dagrun for tutorial to 2024-06-25 00:00:00+00:00, run_after=2024-06-26 00:00:00+00:00
[2024-06-26T17:50:17.414+0000] {processor.py:183} INFO - Processing /home/airflow/.local/lib/python3.12/site-packages/airflow/example_dags/tutorial.py took 0.031 seconds
[2024-06-26T17:50:47.791+0000] {processor.py:161} INFO - Started process (PID=5227) to work on /home/airflow/.local/lib/python3.12/site-packages/airflow/example_dags/tutorial.py
[2024-06-26T17:50:47.792+0000] {processor.py:830} INFO - Processing file /home/airflow/.local/lib/python3.12/site-packages/airflow/example_dags/tutorial.py for tasks to queue
[2024-06-26T17:50:47.792+0000] {logging_mixin.py:188} INFO - [2024-06-26T17:50:47.792+0000] {dagbag.py:545} INFO - Filling up the DagBag from /home/airflow/.local/lib/python3.12/site-packages/airflow/example_dags/tutorial.py
[2024-06-26T17:50:47.795+0000] {processor.py:840} INFO - DAG(s) 'tutorial' retrieved from /home/airflow/.local/lib/python3.12/site-packages/airflow/example_dags/tutorial.py
[2024-06-26T17:50:47.804+0000] {logging_mixin.py:188} INFO - [2024-06-26T17:50:47.804+0000] {dag.py:3096} INFO - Sync 1 DAGs
[2024-06-26T17:50:47.812+0000] {logging_mixin.py:188} INFO - [2024-06-26T17:50:47.812+0000] {dag.py:3954} INFO - Setting next_dagrun for tutorial to 2024-06-25 00:00:00+00:00, run_after=2024-06-26 00:00:00+00:00
[2024-06-26T17:50:47.818+0000] {processor.py:183} INFO - Processing /home/airflow/.local/lib/python3.12/site-packages/airflow/example_dags/tutorial.py took 0.030 seconds
